Rebuild target 'STC32G'
assembling START251.A51...
assembling stc32g_isr.asm...
compiling zf_common_clock.c...
compiling zf_common_debug.c...
compiling zf_common_fifo.c...
compiling zf_common_font.c...
compiling zf_common_function.c...
compiling zf_common_typedef.c...
compiling zf_common_interrupt.c...
compiling zf_driver_adc.c...
compiling zf_driver_delay.c...
compiling zf_driver_eeprom.c...
compiling zf_driver_encoder.c...
compiling zf_driver_exti.c...
compiling zf_driver_gpio.c...
compiling zf_driver_pit.c...
compiling zf_driver_pwm.c...
compiling zf_driver_soft_iic.c...
compiling zf_driver_soft_spi.c...
compiling zf_driver_spi.c...
compiling zf_driver_timer.c...
compiling zf_driver_uart.c...
compiling eeprom.c...
compiling voltage_warning.c...
compiling zf_device_ble6a20.c...
compiling zf_device_config.c...
compiling zf_device_dl1a.c...
compiling zf_device_dl1b.c...
compiling zf_device_gps_tau1201.c...
compiling zf_device_icm20602.c...
compiling zf_device_imu660ra.c...
compiling zf_device_imu660rb.c...
compiling zf_device_imu963ra.c...
compiling zf_device_ips114.c...
compiling zf_device_ips200.c...
compiling zf_device_ips200pro.c...
compiling zf_device_tft180.c...
compiling zf_device_tsl1401.c...
compiling zf_device_type.c...
compiling zf_device_wireless_uart.c...
compiling imu.c...
..\..\Libraries\zf_device\imu.c(165): warning C138: expression with possibly no effect
..\..\Libraries\zf_device\imu.c(289): warning C138: expression with possibly no effect
compiling seekfree_assistant.c...
compiling seekfree_assistant_interface.c...
compiling main.c...
..\user\main.c(22): warning C96: 'ips114_show_int32': too few actual parameters
compiling isr.c...
compiling all_init.c...
compiling encoder.c...
compiling moto.c...
compiling led.c...
compiling trank.c...
trank.c(81): warning C47: 'inductance_err': unreferenced local variable
trank.c(82): warning C47: 'pos_out': unreferenced local variable
trank.c(84): warning C47: 'left_target': unreferenced local variable
trank.c(85): warning C47: 'right_target': unreferenced local variable
trank.c(86): warning C47: 'left_speed': unreferenced local variable
trank.c(87): warning C47: 'right_speed': unreferenced local variable
trank.c(89): warning C47: 'left_pwm': unreferenced local variable
trank.c(90): warning C47: 'right_pwm': unreferenced local variable
compiling inductance.c...
inductance.c(150): warning C98: parameter 1: pointer to different objects
compiling menu.c...
linking...
Program Size: data=8.4 edata+hdata=2060 xdata=8049 const=4029 code=45728
creating hex file from ".\out_file\SEEKFREE"...
".\out_file\SEEKFREE" - 0 Error(s), 12 Warning(s).
Build Time Elapsed:  00:00:07
