C251 COMPILER V5.60.0,  zf_common_typedef                                                  19/05/26  19:24:57  PAGE 1   


C251 COMPILER V5.60.0, COMPILATION OF MODULE zf_common_typedef
OBJECT MODULE PLACED IN .\out_file\zf_common_typedef.obj
COMPILER INVOKED BY: E:\keil_v5\C251\BIN\C251.EXE ..\..\libraries\zf_common\zf_common_typedef.c LARGE NOALIAS WARNINGLEV
                    -EL(0) OPTIMIZE(0,SIZE) BROWSE INCDIR(..\..\libraries\zf_common;..\..\libraries\zf_components;..\..\libraries\zf_device;.
                    -.\..\libraries\zf_driver;..\user;..\code) DEBUG PRINT(.\out_file\zf_common_typedef.lst) OBJECT(.\out_file\zf_common_type
                    -def.obj) 

stmt  level    source

    1          #include "zf_common_typedef.h"
    2          #include "intrins.h"
    3          
    4          
    5          void (*uart1_irq_handler)(uint8 dat) = NULL;
    6          void (*uart2_irq_handler)(uint8 dat) = NULL;
    7          void (*uart3_irq_handler)(uint8 dat) = NULL;
    8          void (*uart4_irq_handler)(uint8 dat) = NULL;
    9          
   10          void (*tim0_irq_handler)(void) = NULL;
   11          void (*tim1_irq_handler)(void) = NULL;
   12          void (*tim2_irq_handler)(void) = NULL;
   13          void (*tim3_irq_handler)(void) = NULL;
   14          void (*tim4_irq_handler)(void) = NULL;
   15          void (*tim11_irq_handler)(void) = NULL;
   16          
   17          void (*int0_irq_handler)(void) = NULL;
   18          void (*int1_irq_handler)(void) = NULL;
   19          void (*int2_irq_handler)(void) = NULL;
   20          void (*int3_irq_handler)(void) = NULL;
   21          void (*int4_irq_handler)(void) = NULL;
   22          


Module Information          Static   Overlayable
------------------------------------------------
  code size            =    ------     ------
  ecode size           =    ------     ------
  data size            =    ------     ------
  idata size           =    ------     ------
  pdata size           =    ------     ------
  xdata size           =        30     ------
  xdata-const size     =    ------     ------
  edata size           =    ------     ------
  bit size             =    ------     ------
  ebit size            =    ------     ------
  bitaddressable size  =    ------     ------
  ebitaddressable size =    ------     ------
  far data size        =    ------     ------
  huge data size       =    ------     ------
  const size           =    ------     ------
  hconst size          =       105     ------
End of Module Information.


C251 COMPILATION COMPLETE.  0 WARNING(S),  0 ERROR(S)
