C251 COMPILER V5.60.0,  zf_common_function                                                 19/05/26  19:24:56  PAGE 1   


C251 COMPILER V5.60.0, COMPILATION OF MODULE zf_common_function
OBJECT MODULE PLACED IN .\out_file\zf_common_function.obj
COMPILER INVOKED BY: E:\keil_v5\C251\BIN\C251.EXE ..\..\libraries\zf_common\zf_common_function.c LARGE NOALIAS WARNINGLE
                    -VEL(0) OPTIMIZE(0,SIZE) BROWSE INCDIR(..\..\libraries\zf_common;..\..\libraries\zf_components;..\..\libraries\zf_device;
                    -..\..\libraries\zf_driver;..\user;..\code) DEBUG PRINT(.\out_file\zf_common_function.lst) OBJECT(.\out_file\zf_common_fu
                    -nction.obj) 

stmt  level    source

    1          #include "zf_common_debug.h"
    2          #include "zf_common_function.h"
    3          #include <stdarg.h>  // АќКЌБъзМПЩБфВЮЪ§КъЕФЭЗЮФМў
    4          #include <stdio.h>   // АќКЌБъзМЪфШыЪфГіЕФЭЗЮФМў
    5          
    6          //-------------------------------------------------------------------------------------------------------
             -------------
    7          // КЏЪ§МђНщ     ЛёШЁећаЭЪ§ЕФзюДѓЙЋдМЪ§ ОХеТЫуЪѕжЎИќЯрМѕЫ№Ъѕ
    8          // ВЮЪ§ЫЕУї     num1            Ъ§зж1
    9          // ВЮЪ§ЫЕУї     num2            Ъ§зж2
   10          // ЗЕЛиВЮЪ§     uint32          зюДѓЙЋдМЪ§
   11          // ЪЙгУЪОР§     return func_get_greatest_common_divisor(144, 36);               // ЛёШЁ 144 гы 36 ЕФзюДѓЙ
             -ЋдМЪ§
   12          // БИзЂаХЯЂ     
   13          //-------------------------------------------------------------------------------------------------------
             -------------
   14          uint32 func_get_greatest_common_divisor (uint32 num1, uint32 num2)
   15          {
   16   1          while(num1 != num2)
   17   1          {
   18   2              if(num1 > num2)
   19   2              {
   20   3                  num1 = num1 - num2;
   21   3              }
   22   2              if(num1 < num2)
   23   2              {
   24   3                  num2 = num2 - num1;
   25   3              }
   26   2          }
   27   1          return num1;
   28   1      }
   29          
   30          //-------------------------------------------------------------------------------------------------------
             -------------
   31          // КЏЪ§МђНщ     ШэМўбгЪБ
   32          // ВЮЪ§ЫЕУї     t               бгЪБЪБМф
   33          // ЗЕЛиВЮЪ§     void
   34          // ЪЙгУЪОР§     func_soft_delay(100);
   35          // БИзЂаХЯЂ     
   36          //-------------------------------------------------------------------------------------------------------
             -------------
   37          void func_soft_delay (volatile long t)
   38          {
   39   1          while(t --);
   40   1      }
   41          
   42          //-------------------------------------------------------------------------------------------------------
             -------------
   43          // КЏЪ§МђНщ     зжЗћДЎзЊећаЮЪ§зж Ъ§ОнЗЖЮЇЪЧ [-32768,32767]
   44          // ВЮЪ§ЫЕУї     *str            ДЋШызжЗћДЎ ПЩДјЗћКХ
   45          // ЗЕЛиВЮЪ§     int32           зЊЛЛКѓЕФЪ§Он          
   46          // ЪЙгУЪОР§     int32 dat = func_str_to_int("-100");
   47          // БИзЂаХЯЂ     
   48          //-------------------------------------------------------------------------------------------------------
             -------------
   49          int32 func_str_to_int (char *str)
C251 COMPILER V5.60.0,  zf_common_function                                                 19/05/26  19:24:56  PAGE 2   

   50          {
   51   1          uint8 sign = 0;                                                             // БъМЧЗћКХ 0-е§Ъ§ 1-ИКЪ§
   52   1          int32 temp = 0;                                                             // СйЪБМЦЫуБфСП
   53   1              zf_assert(str != NULL);
   54   1              do
   55   1          {
   56   2              if(NULL == str)
   57   2              {
   58   3                  break;
   59   3              }
   60   2      
   61   2              if('-' == *str)                                                         // ШчЙћЕквЛИізжЗћЪЧИККХ
   62   2              {
   63   3                  sign = 1;                                                           // БъМЧИКЪ§
   64   3                  str ++;
   65   3              }
   66   2              else if('+' == *str)                                                    // ШчЙћЕквЛИізжЗћЪЧе§КХ
   67   2              {
   68   3                  str ++;
   69   3              }
   70   2      
   71   2              while(('0' <= *str) && ('9' >= *str))                                   // ШЗЖЈетЪЧИіЪ§зж
   72   2              {
   73   3                  temp = temp * 10 + ((uint8)(*str) - 0x30);                          // МЦЫуЪ§жЕ
   74   3                  str ++;
   75   3              }
   76   2      
   77   2              if(sign)
   78   2              {
   79   3                  temp = -temp;
   80   3              }
   81   2          }while(0);
   82   1          return temp;
   83   1      }
   84          
   85          //-------------------------------------------------------------------------------------------------------
             -------------
   86          // КЏЪ§МђНщ     ећаЮЪ§зжзЊзжЗћДЎ Ъ§ОнЗЖЮЇЪЧ [-32768,32767]
   87          // ВЮЪ§ЫЕУї     *str            зжЗћДЎжИеы
   88          // ВЮЪ§ЫЕУї     number          ДЋШыЕФЪ§Он
   89          // ЗЕЛиВЮЪ§     void
   90          // ЪЙгУЪОР§     func_int_to_str(data_buffer, -300);
   91          // БИзЂаХЯЂ     
   92          //-------------------------------------------------------------------------------------------------------
             -------------
   93          void func_int_to_str (char *str, int32 number)
   94          {
   95   1          uint8 data_temp[16];                                                        // ЛКГхЧј
   96   1          uint8 temp_bit = 0;                                                              // Ъ§зжЮЛЪ§
   97   1          int32 number_temp = 0;
   98   1          zf_assert(str != NULL);
   99   1          do
  100   1          {
  101   2              if(NULL == str)
  102   2              {
  103   3                  break;
  104   3              }
  105   2      
  106   2              if(0 > number)                                                          // ИКЪ§
  107   2              {
  108   3                  *str ++ = '-';
  109   3                  number = -number;
  110   3              }
  111   2              else if(0 == number)                                                    // ЛђепетЪЧИі 0
  112   2              {
  113   3                  *str = '0';
C251 COMPILER V5.60.0,  zf_common_function                                                 19/05/26  19:24:56  PAGE 3   

  114   3                  break;
  115   3              }
  116   2      
  117   2              while(0 != number)                                                      // б­ЛЗжБЕНЪ§жЕЙщСу
  118   2              {
  119   3                  number_temp = number % 10;
  120   3                  data_temp[temp_bit ++] = func_abs(number_temp);                          // ЕЙађНЋЪ§жЕЬсШЁГіР
             -Д
  121   3                  number /= 10;                                                       // ЯїМѕБЛЬсШЁЕФИіЮЛЪ§
  122   3              }
  123   2              while(0 != temp_bit)                                                         // ЬсШЁЕФЪ§зжИіЪ§ЕнМ
             -ѕДІРэ
  124   2              {
  125   3                  *str ++ = (data_temp[temp_bit - 1] + 0x30);                              // НЋЪ§зжДгЕЙађЪ§зщж
             -аЕЙађШЁГі БфГЩе§ађЗХШызжЗћДЎ
  126   3                  temp_bit --;
  127   3              }
  128   2          }while(0);
  129   1      }
  130          
  131          //-------------------------------------------------------------------------------------------------------
             -------------
  132          // КЏЪ§МђНщ     зжЗћДЎзЊећаЮЪ§зж Ъ§ОнЗЖЮЇЪЧ [0,65535]
  133          // ВЮЪ§ЫЕУї     *str            ДЋШызжЗћДЎ ЮоЗћКХ
  134          // ЗЕЛиВЮЪ§     uint32          зЊЛЛКѓЕФЪ§Он          
  135          // ЪЙгУЪОР§     uint32 dat = func_str_to_uint("100");
  136          // БИзЂаХЯЂ     
  137          //-------------------------------------------------------------------------------------------------------
             -------------
  138          uint32 func_str_to_uint (char *str)
  139          {
  140   1              uint32 temp = 0;                                                            // СйЪБМЦЫуБфСП
  141   1          zf_assert(str != NULL);
  142   1      
  143   1          do
  144   1          {
  145   2              if(NULL == str)
  146   2              {
  147   3                  break;
  148   3              }
  149   2      
  150   2              while(('0' <= *str) && ('9' >= *str))                                  // ШЗЖЈетЪЧИіЪ§зж
  151   2              {
  152   3                  temp = temp * 10 + ((uint8)(*str) - 0x30);                         // МЦЫуЪ§жЕ
  153   3                  str ++;
  154   3              }
  155   2          }while(0);
  156   1      
  157   1          return temp;
  158   1      }
  159          
  160          //-------------------------------------------------------------------------------------------------------
             -------------
  161          // КЏЪ§МђНщ     ећаЮЪ§зжзЊзжЗћДЎ Ъ§ОнЗЖЮЇЪЧ [0,65535]
  162          // ВЮЪ§ЫЕУї     *str            зжЗћДЎжИеы
  163          // ВЮЪ§ЫЕУї     number          ДЋШыЕФЪ§Он
  164          // ЗЕЛиВЮЪ§     void
  165          // ЪЙгУЪОР§     func_uint_to_str(data_buffer, 300);
  166          // БИзЂаХЯЂ     
  167          //-------------------------------------------------------------------------------------------------------
             -------------
  168          void func_uint_to_str (char *str, uint32 number)
  169          {
  170   1          int8 data_temp[16];                                                         // ЛКГхЧј
  171   1          uint8 temp_bit = 0;                                                              // Ъ§зжЮЛЪ§
  172   1          
C251 COMPILER V5.60.0,  zf_common_function                                                 19/05/26  19:24:56  PAGE 4   

  173   1              zf_assert(str != NULL);
  174   1          
  175   1              do
  176   1          {
  177   2              if(NULL == str)
  178   2              {
  179   3                  break;
  180   3              }
  181   2      
  182   2              if(0 == number)                                                         // етЪЧИі 0
  183   2              {
  184   3                  *str = '0';
  185   3                  break;
  186   3              }
  187   2      
  188   2              while(0 != number)                                                      // б­ЛЗжБЕНЪ§жЕЙщСу
  189   2              {
  190   3                  data_temp[temp_bit ++] = (number % 10);                                  // ЕЙађНЋЪ§жЕЬсШЁГіР
             -Д
  191   3                  number /= 10;                                                       // ЯїМѕБЛЬсШЁЕФИіЮЛЪ§
  192   3              }
  193   2              while(0 != temp_bit)                                                         // ЬсШЁЕФЪ§зжИіЪ§ЕнМ
             -ѕДІРэ
  194   2              {
  195   3                  *str ++ = (data_temp[temp_bit - 1] + 0x30);                              // НЋЪ§зжДгЕЙађЪ§зщж
             -аЕЙађШЁГі БфГЩе§ађЗХШызжЗћДЎ
  196   3                  temp_bit --;
  197   3              }
  198   2          }while(0);
  199   1      }
  200          
  201          //-------------------------------------------------------------------------------------------------------
             -------------
  202          // КЏЪ§МђНщ     зжЗћДЎзЊИЁЕуЪ§ гааЇРлМЦОЋЖШЮЊаЁЪ§ЕуКѓСљЮЛ
  203          // ВЮЪ§ЫЕУї     *str            ДЋШызжЗћДЎ ПЩДјЗћКХ
  204          // ЗЕЛиВЮЪ§     float           зЊЛЛКѓЕФЪ§Он          
  205          // ЪЙгУЪОР§     float dat = func_str_to_float("-100.2");
  206          // БИзЂаХЯЂ     
  207          //-------------------------------------------------------------------------------------------------------
             -------------
  208          float func_str_to_float (char *str)
  209          {
  210   1          uint8 sign = 0;                                                             // БъМЧЗћКХ 0-е§Ъ§ 1-ИКЪ§
  211   1          float temp = 0.0;                                                           // СйЪБМЦЫуБфСП ећЪ§ВПЗж
  212   1          float temp_point = 0.0;                                                     // СйЪБМЦЫуБфСП аЁЪ§ВПЗж
  213   1          float point_bit = 1;                                                        // аЁЪ§РлМЦГ§Ъ§
  214   1          
  215   1              zf_assert(str != NULL);
  216   1          
  217   1              do
  218   1          {
  219   2              if(NULL == str)
  220   2              {
  221   3                  break;
  222   3              }
  223   2      
  224   2              if('-' == *str)                                                         // ИКЪ§
  225   2              {
  226   3                  sign = 1;                                                           // БъМЧИКЪ§
  227   3                  str ++;
  228   3              }
  229   2              else if('+' == *str)                                                    // ШчЙћЕквЛИізжЗћЪЧе§КХ
  230   2              {
  231   3                  str ++;
  232   3              }
  233   2      
C251 COMPILER V5.60.0,  zf_common_function                                                 19/05/26  19:24:56  PAGE 5   

  234   2              // ЬсШЁећЪ§ВПЗж
  235   2              while(('0' <= *str) && ('9' >= *str))                                   // ШЗЖЈетЪЧИіЪ§зж
  236   2              {
  237   3                  temp = temp * 10 + ((uint8)(*str) - 0x30);                          // НЋЪ§жЕЬсШЁГіРД
  238   3                  str ++;
  239   3              }
  240   2              if('.' == *str)
  241   2              {
  242   3                  str ++;
  243   3                  while(('0' <= *str) && ('9' >= *str) && point_bit < 1000000.0)      // ШЗШЯетЪЧИіЪ§зж ВЂЧвОЋЖ
             -ШПижЦЛЙУЛЕНСљЮЛ
  244   3                  {
  245   4                      temp_point = temp_point * 10 + ((uint8)(*str) - 0x30);          // ЬсШЁаЁЪ§ВПЗжЪ§жЕ
  246   4                      point_bit *= 10;                                                // МЦЫуетВПЗжаЁЪ§ЕФГ§Ъ§
  247   4                      str ++;
  248   4                  }
  249   3                  temp_point /= point_bit;                                            // МЦЫуаЁЪ§
  250   3              }
  251   2              temp += temp_point;                                                     // НЋЪ§жЕЦДКЯ
  252   2      
  253   2              if(sign)
  254   2              {
  255   3                  temp = -temp;
  256   3              }
  257   2          }while(0);
  258   1          return temp;
  259   1      }
  260          
  261          //-------------------------------------------------------------------------------------------------------
             -------------
  262          // КЏЪ§МђНщ     ИЁЕуЪ§зжзЊзжЗћДЎ
  263          // ВЮЪ§ЫЕУї     *str            зжЗћДЎжИеы
  264          // ВЮЪ§ЫЕУї     number          ДЋШыЕФЪ§Он
  265          // ВЮЪ§ЫЕУї     point_bit       аЁЪ§ЕуОЋЖШ
  266          // ЗЕЛиВЮЪ§     void
  267          // ЪЙгУЪОР§     func_float_to_str(data_buffer, 3.1415, 2);                      // НсЙћЪфГі data_buffer =
             - "3.14"
  268          // БИзЂаХЯЂ     
  269          //-------------------------------------------------------------------------------------------------------
             -------------
  270          void func_float_to_str (char *str, float number, uint8 point_bit)
  271          {
  272   1          int data_int = 0;                                                           // ећЪ§ВПЗж
  273   1          int data_float = 0.0;                                                       // аЁЪ§ВПЗж
  274   1          int data_temp[8];                                                           // ећЪ§зжЗћЛКГх
  275   1          int data_temp_point[6];                                                     // аЁЪ§зжЗћЛКГх
  276   1          uint8 temp_bit = point_bit;                                                      // зЊЛЛОЋЖШЮЛЪ§
  277   1          
  278   1              zf_assert(str != NULL);
  279   1          
  280   1              do
  281   1          {
  282   2              if(NULL == str)
  283   2              {
  284   3                  break;
  285   3              }
  286   2      
  287   2              // ЬсШЁећЪ§ВПЗж
  288   2              data_int = (int)number;                                                 // жБНгЧПжЦзЊЛЛЮЊ int
  289   2              if(0 > number)                                                          // ХаЖЯдДЪ§ОнЪЧе§Ъ§ЛЙЪЧИК
             -Ъ§
  290   2              {
  291   3                  *str ++ = '-';
  292   3              }
  293   2              else if(0.0 == number)                                                  // ШчЙћЪЧИі 0
  294   2              {
C251 COMPILER V5.60.0,  zf_common_function                                                 19/05/26  19:24:56  PAGE 6   

  295   3                  *str ++ = '0';
  296   3                  *str ++ = '.';
  297   3                  *str = '0';
  298   3                  break;
  299   3              }
  300   2      
  301   2              // ЬсШЁаЁЪ§ВПЗж
  302   2              number = number - data_int;                                             // МѕШЅећЪ§ВПЗжМДПЩ
  303   2              while(temp_bit --)
  304   2              {
  305   3                  number = number * 10;                                               // НЋашвЊЕФаЁЪ§ЮЛЪ§ЬсШЁЕН
             -ећЪ§ВПЗж
  306   3              }
  307   2              data_float = (int)number;                                               // ЛёШЁетВПЗжЪ§жЕ
  308   2      
  309   2              // ећЪ§ВПЗжзЊЮЊзжЗћДЎ
  310   2              temp_bit = 0;
  311   2              do
  312   2              {
  313   3                  data_temp[temp_bit ++] = data_int % 10;                                  // НЋећЪ§ВПЗжЕЙађаДШ
             -ызжЗћЛКГхЧј
  314   3                  data_int /= 10;
  315   3              }while(0 != data_int);
  316   2              while(0 != temp_bit)
  317   2              {
  318   3                  *str ++ = (func_abs(data_temp[temp_bit - 1]) + 0x30);                    // дйЕЙађНЋЕЙађЕФЪ§ж
             -ЕаДШызжЗћДЎ ЕУЕНе§ађЪ§жЕ
  319   3                  temp_bit --;
  320   3              }
  321   2      
  322   2              // аЁЪ§ВПЗжзЊЮЊзжЗћДЎ
  323   2              if(point_bit != 0)
  324   2              {
  325   3                  temp_bit = 0;
  326   3                  *str ++ = '.';
  327   3                  if(0 == data_float)
  328   3                  {
  329   4                      *str = '0';
  330   4                  }
  331   3                  else
  332   3                  {
  333   4                      while(0 != point_bit)                                           // ХаЖЯгааЇЮЛЪ§
  334   4                      {
  335   5                          data_temp_point[temp_bit ++] = data_float % 10;                  // ЕЙађаДШызжЗћЛКГхЧ
             -ј
  336   5                          data_float /= 10;
  337   5                          point_bit --;                                                
  338   5                      }
  339   4                      while(0 != temp_bit)
  340   4                      {
  341   5                          *str ++ = (func_abs(data_temp_point[temp_bit - 1]) + 0x30);      // дйЕЙађНЋЕЙађЕФЪ§ж
             -ЕаДШызжЗћДЎ ЕУЕНе§ађЪ§жЕ
  342   5                          temp_bit --;
  343   5                      }
  344   4                  }
  345   3              }
  346   2          }while(0);
  347   1      }
  348          
  349          //-------------------------------------------------------------------------------------------------------
             -------------
  350          // КЏЪ§МђНщ     зжЗћДЎзЊИЁЕуЪ§ гааЇРлМЦОЋЖШЮЊаЁЪ§ЕуКѓОХЮЛ
  351          // ВЮЪ§ЫЕУї     str             ДЋШызжЗћДЎ ПЩДјЗћКХ
  352          // ЗЕЛиВЮЪ§     double          зЊЛЛКѓЕФЪ§Он          
  353          // ЪЙгУЪОР§     double dat = func_str_to_double("-100.2");
  354          // БИзЂаХЯЂ     
C251 COMPILER V5.60.0,  zf_common_function                                                 19/05/26  19:24:56  PAGE 7   

  355          //-------------------------------------------------------------------------------------------------------
             -------------
  356          double func_str_to_double (char *str)
  357          {
  358   1          uint8 sign = 0;                                                             // БъМЧЗћКХ 0-е§Ъ§ 1-ИКЪ§
  359   1          double temp = 0.0;                                                          // СйЪБМЦЫуБфСП ећЪ§ВПЗж
  360   1          double temp_point = 0.0;                                                    // СйЪБМЦЫуБфСП аЁЪ§ВПЗж
  361   1          double point_bit = 1;                                                       // аЁЪ§РлМЦГ§Ъ§
  362   1          
  363   1              zf_assert(str != NULL);
  364   1          
  365   1              do
  366   1          {
  367   2              if(NULL == str)
  368   2              {
  369   3                  break;
  370   3              }
  371   2      
  372   2              if('-' == *str)                                                         // ИКЪ§
  373   2              {
  374   3                  sign = 1;                                                           // БъМЧИКЪ§
  375   3                  str ++;
  376   3              }
  377   2              else if('+' == *str)                                                    // ШчЙћЕквЛИізжЗћЪЧе§КХ
  378   2              {
  379   3                  str ++;
  380   3              }
  381   2      
  382   2              // ЬсШЁећЪ§ВПЗж
  383   2              while(('0' <= *str) && ('9' >= *str))                                   // ШЗЖЈетЪЧИіЪ§зж
  384   2              {
  385   3                  temp = temp * 10 + ((uint8)(*str) - 0x30);                          // НЋЪ§жЕЬсШЁГіРД
  386   3                  str ++;
  387   3              }
  388   2              if('.' == *str)
  389   2              {
  390   3                  str ++;
  391   3                  while(('0' <= *str) && ('9' >= *str) && point_bit < 1000000000.0)   // ШЗШЯетЪЧИіЪ§зж ВЂЧвОЋЖ
             -ШПижЦЛЙУЛЕНОХЮЛ
  392   3                  {
  393   4                      temp_point = temp_point * 10 + ((uint8)(*str) - 0x30);          // ЬсШЁаЁЪ§ВПЗжЪ§жЕ
  394   4                      point_bit *= 10;                                                // МЦЫуетВПЗжаЁЪ§ЕФГ§Ъ§
  395   4                      str ++;
  396   4                  }
  397   3                  temp_point /= point_bit;                                            // МЦЫуаЁЪ§
  398   3              }
  399   2              temp += temp_point;                                                     // НЋЪ§жЕЦДКЯ
  400   2      
  401   2              if(sign)
  402   2              {
  403   3                  temp = -temp;
  404   3              }
  405   2          }while(0);
  406   1          return temp;
  407   1      
  408   1      }
  409          
  410          //-------------------------------------------------------------------------------------------------------
             -------------
  411          // КЏЪ§МђНщ     ИЁЕуЪ§зжзЊзжЗћДЎ
  412          // ВЮЪ§ЫЕУї     *str            зжЗћДЎжИеы
  413          // ВЮЪ§ЫЕУї     number          ДЋШыЕФЪ§Он
  414          // ВЮЪ§ЫЕУї     point_bit       аЁЪ§ЕуОЋЖШ
  415          // ЗЕЛиВЮЪ§     void
  416          // ЪЙгУЪОР§     func_double_to_str(data_buffer, 3.1415, 2);                     // НсЙћЪфГі data_buffer =
             - "3.14"
C251 COMPILER V5.60.0,  zf_common_function                                                 19/05/26  19:24:56  PAGE 8   

  417          // БИзЂаХЯЂ     
  418          //-------------------------------------------------------------------------------------------------------
             -------------
  419          void func_double_to_str (char *str, double number, uint8 point_bit)
  420          {
  421   1          int data_int = 0;                                                           // ећЪ§ВПЗж
  422   1          int data_float = 0.0;                                                       // аЁЪ§ВПЗж
  423   1          int data_temp[12];                                                          // ећЪ§зжЗћЛКГх
  424   1          int data_temp_point[9];                                                     // аЁЪ§зжЗћЛКГх
  425   1          uint8 temp_bit = point_bit;                                                      // зЊЛЛОЋЖШЮЛЪ§
  426   1          
  427   1              zf_assert(str != NULL);
  428   1          
  429   1              do
  430   1          {
  431   2              if(NULL == str)
  432   2              {
  433   3                  break;
  434   3              }
  435   2      
  436   2              // ЬсШЁећЪ§ВПЗж
  437   2              data_int = (int)number;                                                 // жБНгЧПжЦзЊЛЛЮЊ int
  438   2              if(0 > number)                                                          // ХаЖЯдДЪ§ОнЪЧе§Ъ§ЛЙЪЧИК
             -Ъ§
  439   2              {
  440   3                  *str ++ = '-';
  441   3              }
  442   2              else if(0.0 == number)                                                  // ШчЙћЪЧИі 0
  443   2              {
  444   3                  *str ++ = '0';
  445   3                  *str ++ = '.';
  446   3                  *str = '0';
  447   3                  break;
  448   3              }
  449   2      
  450   2              // ЬсШЁаЁЪ§ВПЗж
  451   2              number = number - data_int;                                             // МѕШЅећЪ§ВПЗжМДПЩ
  452   2              while(temp_bit --)
  453   2              {
  454   3                  number = number * 10;                                               // НЋашвЊЕФаЁЪ§ЮЛЪ§ЬсШЁЕН
             -ећЪ§ВПЗж
  455   3              }
  456   2              data_float = (int)number;                                               // ЛёШЁетВПЗжЪ§жЕ
  457   2      
  458   2              // ећЪ§ВПЗжзЊЮЊзжЗћДЎ
  459   2              temp_bit = 0;
  460   2              do
  461   2              {
  462   3                  data_temp[temp_bit ++] = data_int % 10;                                  // НЋећЪ§ВПЗжЕЙађаДШ
             -ызжЗћЛКГхЧј
  463   3                  data_int /= 10;
  464   3              }while(0 != data_int);
  465   2              while(0 != temp_bit)
  466   2              {
  467   3                  *str ++ = (func_abs(data_temp[temp_bit - 1]) + 0x30);                    // дйЕЙађНЋЕЙађЕФЪ§ж
             -ЕаДШызжЗћДЎ ЕУЕНе§ађЪ§жЕ
  468   3                  temp_bit --;
  469   3              }
  470   2      
  471   2              // аЁЪ§ВПЗжзЊЮЊзжЗћДЎ
  472   2              if(point_bit != 0)
  473   2              {
  474   3                  temp_bit = 0;
  475   3                  *str ++ = '.';
  476   3                  if(0 == data_float)
  477   3                      *str = '0';
C251 COMPILER V5.60.0,  zf_common_function                                                 19/05/26  19:24:56  PAGE 9   

  478   3                  else
  479   3                  {
  480   4                      while(0 != point_bit)                                           // ХаЖЯгааЇЮЛЪ§
  481   4                      {
  482   5                          data_temp_point[temp_bit ++] = data_float % 10;                  // ЕЙађаДШызжЗћЛКГхЧ
             -ј
  483   5                          data_float /= 10;
  484   5                          point_bit --;                                                
  485   5                      }
  486   4                      while(0 != temp_bit)
  487   4                      {
  488   5                          *str ++ = (func_abs(data_temp_point[temp_bit - 1]) + 0x30);      // дйЕЙађНЋЕЙађЕФЪ§ж
             -ЕаДШызжЗћДЎ ЕУЕНе§ађЪ§жЕ
  489   5                          temp_bit --;
  490   5                      }
  491   4                  }
  492   3              }
  493   2          }while(0);
  494   1      }
  495          
  496          //-------------------------------------------------------------------------------------------------------
             -------------
  497          // КЏЪ§МђНщ     зжЗћДЎзЊ Hex
  498          // ВЮЪ§ЫЕУї     str             ДЋШызжЗћДЎ ЮоЗћКХ
  499          // ЗЕЛиВЮЪ§     uint32          зЊЛЛКѓЕФЪ§Он
  500          // ЪЙгУЪОР§     uint32 dat = func_str_to_hex("0x11");
  501          // БИзЂаХЯЂ     
  502          //-------------------------------------------------------------------------------------------------------
             -------------
  503          uint32 func_str_to_hex (char *str)
  504          {
  505   1          uint32 str_len = strlen(str);                                               // зжЗћДЎГЄ
  506   1          uint32 result_data = 0;                                                     // НсЙћЛКДц
  507   1          uint8 temp = 0;                                                             // МЦЫуБфСП
  508   1          uint8 flag = 0;                                                             // БъжОЮЛ
  509   1      
  510   1              zf_assert(str != NULL);
  511   1              
  512   1          do
  513   1          {
  514   2              if(NULL == str)
  515   2              {
  516   3                  break;
  517   3              }
  518   2      
  519   2              if(flag)
  520   2              {
  521   3                  if(('a' <= *str) && ('f' >= *str))
  522   3                  {
  523   4                      temp = (*str - 87);
  524   4                  }
  525   3                  else if(('A' <= *str) && ('F' >= *str))
  526   3                  {
  527   4                      temp = (*str - 55);
  528   4                  }
  529   3                  else if(('0' <= *str) && ('9' >= *str))
  530   3                  {
  531   4                      temp = (*str - 48);
  532   4                  }
  533   3                  else
  534   3                  {
  535   4                      break;
  536   4                  }
  537   3                  result_data = ((result_data << 4) | (temp & 0x0F));
  538   3              }
  539   2              else
C251 COMPILER V5.60.0,  zf_common_function                                                 19/05/26  19:24:56  PAGE 10  

  540   2              {
  541   3      //            if(strncmp("0x", str, 2))
  542   3                  if((*str == '0') && (*(str + 1) == 'x'))
  543   3                  {
  544   4                      str ++;
  545   4                      flag = 1;
  546   4                  }
  547   3              }
  548   2              str ++;
  549   2          }while(str_len --);
  550   1      
  551   1          return result_data;
  552   1      }
  553          
  554          //-------------------------------------------------------------------------------------------------------
             -------------
  555          // КЏЪ§МђНщ     Hex зЊзжЗћДЎ
  556          // ВЮЪ§ЫЕУї     *str            зжЗћДЎжИеы
  557          // ВЮЪ§ЫЕУї     number          ДЋШыЕФЪ§Он
  558          // ЗЕЛиВЮЪ§     void
  559          // ЪЙгУЪОР§     func_hex_to_str(data_buffer, 0x11);                             // НсЙћЪфГі data_buffer =
             - "0x11"
  560          // БИзЂаХЯЂ     
  561          //-------------------------------------------------------------------------------------------------------
             -------------
  562          void func_hex_to_str (char *str, uint32 number)
  563          {
  564   1          const char hex_index[16] = {
  565   1              '0', '1', '2', '3',
  566   1              '4', '5', '6', '7',
  567   1              '8', '9', 'A', 'B',
  568   1              'C', 'D', 'E', 'F'};
  569   1          int8 data_temp[12];                                                         // ЛКГхЧј
  570   1          uint8 temp_bit = 0;                                                              // Ъ§зжЮЛЪ§
  571   1      
  572   1          zf_assert(str != NULL);
  573   1                      
  574   1          *str++ = '0';
  575   1          *str++ = 'x';
  576   1          do
  577   1          {
  578   2              if(NULL == str)
  579   2              {
  580   3                  break;
  581   3              }
  582   2      
  583   2              if(0 == number)                                                         // етЪЧИі 0
  584   2              {
  585   3                  *str = '0';
  586   3                  break;
  587   3              }
  588   2      
  589   2              while(0 != number)                                                      // б­ЛЗжБЕНЪ§жЕЙщСу
  590   2              {
  591   3                  data_temp[temp_bit ++] = (number & 0xF);                                 // ЕЙађНЋЪ§жЕЬсШЁГіР
             -Д
  592   3                  number >>= 4;                                                       // ЯїМѕБЛЬсШЁЕФИіЮЛЪ§
  593   3              }
  594   2              while(0 != temp_bit)                                                         // ЬсШЁЕФЪ§зжИіЪ§ЕнМ
             -ѕДІРэ
  595   2              {
  596   3                  *str ++ = hex_index[data_temp[temp_bit - 1]];                            // НЋЪ§зжДгЕЙађЪ§зщж
             -аЕЙађШЁГі БфГЩе§ађЗХШызжЗћДЎ
  597   3                  temp_bit --;
  598   3              }
  599   2          }while(0);
C251 COMPILER V5.60.0,  zf_common_function                                                 19/05/26  19:24:56  PAGE 11  

  600   1      }
  601          
  602          //-------------------------------------------------------------------------------------------------------
             -------------
  603          // КЏЪ§МђНщ     Ъ§зжзЊЛЛЮЊ ASCII жЕ
  604          // ВЮЪ§ЫЕУї     dat             ДЋШыЕФЪ§Он
  605          // ВЮЪ§ЫЕУї     *p              Ъ§ОнЛКГх
  606          // ВЮЪ§ЫЕУї     neg_type        Ъ§ОнРраЭ
  607          // ВЮЪ§ЫЕУї     radix           НјжЦ
  608          // ЗЕЛиВЮЪ§     uint8           Ъ§Он
  609          // ЪЙгУЪОР§     number_conversion_ascii((uint32)ival, vstr, 1, 10);
  610          // БИзЂаХЯЂ     БОКЏЪ§дкЮФМўФкВПЕїгУ гУЛЇВЛгУЙизЂ вВВЛПЩаоИФ
  611          //-------------------------------------------------------------------------------------------------------
             -------------
  612          static uint8 number_conversion_ascii (uint32 dat, int8 *p, uint8 neg_type, uint8 radix)
  613          {
  614   1          int32   neg_dat;
  615   1          uint32  pos_dat;
  616   1          uint8   temp_data = 0;
  617   1          uint8   valid_num = 0;
  618   1      
  619   1          if(neg_type)
  620   1          {
  621   2              neg_dat = (int32)dat;
  622   2              if(0 > neg_dat)
  623   2              {
  624   3                  neg_dat = -neg_dat;
  625   3              }
  626   2              while(1)
  627   2              {
  628   3                  *p = neg_dat%radix + '0';
  629   3                  neg_dat = neg_dat/radix;
  630   3                  valid_num ++;
  631   3      
  632   3                  if(!neg_dat)
  633   3                  {
  634   4                      break;
  635   4                  }
  636   3                  p ++;
  637   3              }
  638   2          }
  639   1          else
  640   1          {
  641   2              pos_dat = dat;
  642   2              while(1)
  643   2              {
  644   3                  temp_data = pos_dat%radix;
  645   3                  if(10 <= temp_data)
  646   3                  {
  647   4                      temp_data += 'A'-10;
  648   4                  }
  649   3                  else
  650   3                  {
  651   4                      temp_data += '0';
  652   4                  }
  653   3      
  654   3                  *p = temp_data;
  655   3      
  656   3                  pos_dat = pos_dat/radix;
  657   3                  valid_num ++;
  658   3      
  659   3                  if(!pos_dat)
  660   3                  {
  661   4                      break;
  662   4                  }
  663   3                  p ++;
C251 COMPILER V5.60.0,  zf_common_function                                                 19/05/26  19:24:56  PAGE 12  

  664   3              }
  665   2          }
  666   1          return valid_num;
  667   1      }
  668          
  669          //-------------------------------------------------------------------------------------------------------
             -------------
  670          // КЏЪ§МђНщ     printf ЯдЪОзЊЛЛ
  671          // ВЮЪ§ЫЕУї     *d_buff         ЛКГхЧј
  672          // ВЮЪ§ЫЕУї     len             ГЄЖШ
  673          // ЗЕЛиВЮЪ§     void
  674          // ЪЙгУЪОР§     printf_reverse_order(vstr, vlen);
  675          // БИзЂаХЯЂ     БОКЏЪ§дкЮФМўФкВПЕїгУ гУЛЇВЛгУЙизЂ вВВЛПЩаоИФ
  676          //-------------------------------------------------------------------------------------------------------
             -------------
  677          static void printf_reverse_order (int8 *d_buff, uint32 len)
  678          {
  679   1          uint32 i;
  680   1          int8  temp_data;
  681   1          for(i = 0; len / 2 > i; i ++)
  682   1          {
  683   2              temp_data = d_buff[len - 1 - i];
  684   2              d_buff[len - 1 -i ] = d_buff[i];
  685   2              d_buff[i] = temp_data; 
  686   2          }
  687   1      }
  688          
  689          
  690          
  691          //-------------------------------------------------------------------------------------------------------
             -------------
  692          // КЏЪ§МђНщ     sprintf КЏЪ§ЪЕЯж
  693          // ВЮЪ§ЫЕУї     *buffer         ЛКГхЧј
  694          // ВЮЪ§ЫЕУї             siz                             ДѓаЁ
  695          // ВЮЪ§ЫЕУї     *format         дДзжЗћДЎ
  696          // ВЮЪ§ЫЕУї     args            ПЩБфВЮЪ§СаБэ
  697          // ЗЕЛиВЮЪ§     int32          ДІРэКѓЪ§ОнГЄ
  698          // ЪЙгУЪОР§     zf_sprintf(buff, "Data : %d", 100);
  699          // БИзЂаХЯЂ     БОКЏЪ§дкЮФМўФкВПЕїгУ гУЛЇВЛгУЙизЂ вВВЛПЩаоИФ
  700          //-------------------------------------------------------------------------------------------------------
             -------------
  701          int32 vsnprintf(char *buffer, uint32 siz, const char *format, va_list args) 
  702          {
  703   1          uint32 i;
  704   1          char *ptr;
  705   1          int j;
  706   1          int num;
  707   1          char temp[16];
  708   1          int len;
  709   1          int is_negative;
  710   1          char *str;
  711   1          uint32 num_x;
  712   1          char temp_x[9];
  713   1          const char hex_digits[] = "0123456789abcdef";
  714   1      
  715   1          i = 0;
  716   1          ptr = buffer;
  717   1          
  718   1          if (buffer == NULL || format == NULL || siz == 0)
  719   1              {
  720   2              return 0;
  721   2          }
  722   1                      
  723   1          while (*format != '\0' && i < siz - 1) 
  724   1              {
  725   2              if (*format != '%') 
C251 COMPILER V5.60.0,  zf_common_function                                                 19/05/26  19:24:56  PAGE 13  

  726   2                      {
  727   3                  *ptr++ = *format++;
  728   3                  i++;
  729   3                  continue;
  730   3              }
  731   2      
  732   2              /* ДІРэИёЪНЗћ */
  733   2              format++;
  734   2              switch (*format) 
  735   2                      {
  736   3                  case 'd':
  737   3                      num = va_arg(args, int);
  738   3                      len = 0;
  739   3                      is_negative = 0;
  740   3      
  741   3                      if (num < 0) 
  742   3                                      {
  743   4                          is_negative = 1;
  744   4                          num = -num;
  745   4                      }
  746   3      
  747   3                      /* Ъ§зжзЊзжЗћДЎ */
  748   3                      do {
  749   4                          temp[len++] = '0' + (num % 10);
  750   4                          num /= 10;
  751   4                      } while (num > 0 && len < (int)sizeof(temp) - 1);
  752   3      
  753   3                      /* ЬэМгИККХ */
  754   3                      if (is_negative) 
  755   3                                      {
  756   4                          temp[len++] = '-';
  757   4                      }
  758   3      
  759   3                      /* ЗДзЊзжЗћДЎ */
  760   3                      for (j = 0; j < len / 2; j++) 
  761   3                                      {
  762   4                          char t = temp[j];
  763   4                          temp[j] = temp[len - j - 1];
  764   4                          temp[len - j - 1] = t;
  765   4                      }
  766   3      
  767   3                      /* ИДжЦЕНЛКГхЧј */
  768   3                      for (j = 0; j < len && i < siz - 1; j++) 
  769   3                                      {
  770   4                          *ptr++ = temp[j];
  771   4                          i++;
  772   4                      }
  773   3                      break;
  774   3      
  775   3                  case 's':
  776   3                      str = va_arg(args, char*);
  777   3                      if (str == NULL) 
  778   3                                      {
  779   4                          str = "(null)";
  780   4                      }
  781   3                      
  782   3                      while (*str != '\0' && i < siz - 1) 
  783   3                                      {
  784   4                          *ptr++ = *str++;
  785   4                          i++;
  786   4                      }
  787   3                      break;
  788   3      
  789   3                  case 'c':
  790   3                      *ptr++ = (char)va_arg(args, int);
  791   3                      i++;
C251 COMPILER V5.60.0,  zf_common_function                                                 19/05/26  19:24:56  PAGE 14  

  792   3                      break;
  793   3      
  794   3                  case 'x':
  795   3                      num_x = va_arg(args, uint32);
  796   3                      len = 0;
  797   3      
  798   3                      do {
  799   4                          temp_x[len++] = hex_digits[num_x % 16];
  800   4                          num_x /= 16;
  801   4                      } while (num_x > 0 && len < (int)sizeof(temp_x) - 1);
  802   3      
  803   3                      /* ЗДзЊзжЗћДЎ */
  804   3                      for (j = 0; j < len / 2; j++) 
  805   3                                      {
  806   4                          char t = temp_x[j];
  807   4                          temp_x[j] = temp_x[len - j - 1];
  808   4                          temp_x[len - j - 1] = t;
  809   4                      }
  810   3      
  811   3                      /* ИДжЦЕНЛКГхЧј */
  812   3                      for (j = 0; j < len && i < siz - 1; j++) 
  813   3                                      {
  814   4                          *ptr++ = temp_x[j];
  815   4                          i++;
  816   4                      }
  817   3                      break;
  818   3      
  819   3                  default:
  820   3                      *ptr++ = *format;
  821   3                      i++;
  822   3                      break;
  823   3              }
  824   2              format++;
  825   2          }
  826   1      
  827   1          *ptr = '\0';  /* ШЗБЃзжЗћДЎНсЪј */
  828   1          return (int32)i;
  829   1      }
  830          
  831          //-------------------------------------------------------------------------------------------------------
             -------------
  832          // КЏЪ§МђНщ     sprintf КЏЪ§ЪЕЯж
  833          // ВЮЪ§ЫЕУї     *buff           ЛКГхЧј
  834          // ВЮЪ§ЫЕУї     *format         дДзжЗћДЎ
  835          // ВЮЪ§ЫЕУї     ...             ПЩБфВЮЪ§СаБэ
  836          // ЗЕЛиВЮЪ§     uint32          ДІРэКѓЪ§ОнГЄ
  837          // ЪЙгУЪОР§     zf_sprintf(buff, "Data : %d", 100);
  838          // БИзЂаХЯЂ     БОКЏЪ§дкЮФМўФкВПЕїгУ гУЛЇВЛгУЙизЂ вВВЛПЩаоИФ
  839          //-------------------------------------------------------------------------------------------------------
             -------------
  840          uint32 zf_sprintf (int8 *buff, const int8 *format, ...)
  841          {
  842   1          uint32 buff_len = 0;
  843   1              va_list arg;
  844   1              va_start(arg, format);
  845   1      
  846   1          while (*format)
  847   1          {
  848   2              int8 ret = *format;
  849   2              if ('%' == ret)
  850   2              {
  851   3                  switch (*++ format)
  852   3                  {
  853   4                      case 'a':// ЪЎСљНјжЦpМЦЪ§ЗЈЪфГіИЁЕуЪ§ днЮДЪЕЯж
  854   4                          {
  855   5                          }
C251 COMPILER V5.60.0,  zf_common_function                                                 19/05/26  19:24:56  PAGE 15  

  856   4                          break;
  857   4      
  858   4                      case 'c':// вЛИізжЗћ
  859   4                          {
  860   5                              int8 ch = (int8)va_arg(arg, uint32);
  861   5                              *buff = ch;
  862   5                              buff ++;
  863   5                              buff_len ++;
  864   5                          }
  865   4                          break;
  866   4      
  867   4                      case 'd':
  868   4                      case 'i':// гаЗћКХЪЎНјжЦећЪ§
  869   4                          {
  870   5                              int8 vstr[33];
  871   5                              int32 ival = (int32)va_arg(arg, int32);
  872   5                              uint8 vlen = number_conversion_ascii((uint32)ival, vstr, 1, 10);
  873   5      
  874   5                              if(0 > ival)  
  875   5                              {
  876   6                                  vstr[vlen] = '-';
  877   6                                  vlen ++;
  878   6                              }
  879   5                              printf_reverse_order(vstr, vlen);
  880   5                              memcpy(buff, vstr, vlen);
  881   5                              buff += vlen;
  882   5                              buff_len += vlen;
  883   5                          }
  884   4                          break;
  885   4      
  886   4                      case 'f':// ИЁЕуЪ§ЃЌЪфГіаЁЪ§ЕуКѓСљЮЛ  ВЛФмжИЖЈЪфГіОЋЖШ
  887   4                      case 'F':// ИЁЕуЪ§ЃЌЪфГіаЁЪ§ЕуКѓСљЮЛ  ВЛФмжИЖЈЪфГіОЋЖШ
  888   4                      {
  889   5                          int8 vstr[33];
  890   5                          double ival = (double)va_arg(arg, double);
  891   5                          uint8 vlen = number_conversion_ascii((uint32)(int32)ival, vstr, 1, 10);
  892   5      
  893   5                          if(0 > ival)  
  894   5                          {
  895   6                              vstr[vlen] = '-';
  896   6                              vlen ++;
  897   6                          }
  898   5                          printf_reverse_order(vstr, vlen);
  899   5                          memcpy(buff, vstr, vlen);
  900   5                          buff += vlen;
  901   5                          buff_len += vlen;
  902   5      
  903   5                          ival = ((double)ival - (int32)ival)*1000000;
  904   5                          if(ival)
  905   5                          {
  906   6                              vlen = number_conversion_ascii((uint32)(int32)ival, vstr, 1, 10);
  907   6                          }
  908   5                          else
  909   5                          {
  910   6                              vstr[0] = vstr[1] = vstr[2] = vstr[3] = vstr[4] = vstr[5] = '0';
  911   6                              vlen = 6;
  912   6                          }
  913   5      
  914   5                          while(6 > vlen)
  915   5                          {
  916   6                              vstr[vlen] = '0';
  917   6                              vlen ++;
  918   6                          }
  919   5      
  920   5                          vstr[vlen] = '.';
  921   5                          vlen ++;
C251 COMPILER V5.60.0,  zf_common_function                                                 19/05/26  19:24:56  PAGE 16  

  922   5      
  923   5                          printf_reverse_order(vstr, vlen);
  924   5                          memcpy(buff, vstr, vlen);
  925   5                          buff += vlen;
  926   5                          buff_len += vlen;
  927   5                      }
  928   4                      break;
  929   4      
  930   4                      case 'u':// ЮоЗћКХЪЎНјжЦећЪ§
  931   4                          {
  932   5                              int8 vstr[33];
  933   5                              uint32 ival = (uint32)va_arg(arg, uint32);
  934   5                              uint8 vlen = number_conversion_ascii(ival, vstr, 0, 10);
  935   5      
  936   5                              printf_reverse_order(vstr, vlen);
  937   5                              memcpy(buff, vstr, vlen);
  938   5                              buff += vlen;
  939   5                              buff_len += vlen;
  940   5                          }
  941   4                          break;
  942   4      
  943   4                      case 'o':// ЮоЗћКХАЫНјжЦећЪ§ 
  944   4                          {
  945   5                              int8 vstr[33];
  946   5                              uint32 ival = (uint32)va_arg(arg, uint32);
  947   5                              uint8 vlen = number_conversion_ascii(ival, vstr, 0, 8);
  948   5      
  949   5                              printf_reverse_order(vstr, vlen);
  950   5                              memcpy(buff, vstr, vlen);
  951   5                              buff += vlen;
  952   5                              buff_len += vlen;
  953   5      
  954   5                          }
  955   4                          break;
  956   4      
  957   4                      case 'x':// ЮоЗћКХЪЎСљНјжЦећЪ§
  958   4                      case 'X':// ЮоЗћКХЪЎСљНјжЦећЪ§
  959   4                          {
  960   5                              int8 vstr[33];
  961   5                              uint32 ival = (uint32)va_arg(arg, uint32);
  962   5                              uint8 vlen = number_conversion_ascii(ival, vstr, 0, 16);
  963   5      
  964   5                              printf_reverse_order(vstr, vlen);
  965   5                              memcpy(buff, vstr, vlen);
  966   5                              buff += vlen;
  967   5                              buff_len += vlen;
  968   5                          }
  969   4                          break;
  970   4      
  971   4                      case 's':// зжЗћДЎ
  972   4                          {
  973   5                              int8 *pc = va_arg(arg, int8 *);
  974   5                              while (*pc)
  975   5                              {
  976   6                                  *buff = *pc;
  977   6                                  buff ++;
  978   6                                  buff_len ++;
  979   6                                  pc ++;
  980   6                              }
  981   5                          }
  982   4                          break;
  983   4      
  984   4                      case 'p':// вд16НјжЦаЮЪНЪфГіжИеы
  985   4                          {
  986   5                              int8 vstr[33];
  987   5                              uint32 ival = (uint32)va_arg(arg, uint32);
C251 COMPILER V5.60.0,  zf_common_function                                                 19/05/26  19:24:56  PAGE 17  

  988   5                              //uint8 vlen = number_conversion_ascii(ival, vstr, 0, 16);
  989   5                              number_conversion_ascii(ival, vstr, 0, 16);
  990   5                              printf_reverse_order(vstr, 8);
  991   5                              memcpy(buff, vstr, 8);
  992   5                              buff += 8;
  993   5                              buff_len += 8;
  994   5                          }
  995   4                          break;
  996   4      
  997   4                      case '%':// ЪфГізжЗћ% 
  998   4                          {
  999   5                              *buff = '%';
 1000   5                              buff ++;
 1001   5                              buff_len ++;
 1002   5                          }
 1003   4                          break;
 1004   4      
 1005   4                      default:
 1006   4                          break;
 1007   4                  }
 1008   3              }
 1009   2              else
 1010   2              {
 1011   3                  *buff = (int8)(*format);
 1012   3                  buff ++;
 1013   3                  buff_len ++;
 1014   3              }
 1015   2              format ++;
 1016   2          }
 1017   1          va_end(arg);
 1018   1      
 1019   1          return buff_len;
 1020   1      }
 1021          
 1022          


Module Information          Static   Overlayable
------------------------------------------------
  code size            =     10220     ------
  ecode size           =    ------     ------
  data size            =    ------     ------
  idata size           =    ------     ------
  pdata size           =    ------     ------
  xdata size           =       477     ------
  xdata-const size     =    ------     ------
  edata size           =    ------     ------
  bit size             =    ------     ------
  ebit size            =    ------     ------
  bitaddressable size  =    ------     ------
  ebitaddressable size =    ------     ------
  far data size        =    ------     ------
  huge data size       =    ------     ------
  const size           =    ------     ------
  hconst size          =        87     ------
End of Module Information.


C251 COMPILATION COMPLETE.  0 WARNING(S),  0 ERROR(S)
