C251 COMPILER V5.60.0,  zf_common_debug                                                    19/05/26  19:24:56  PAGE 1   


C251 COMPILER V5.60.0, COMPILATION OF MODULE zf_common_debug
OBJECT MODULE PLACED IN .\out_file\zf_common_debug.obj
COMPILER INVOKED BY: E:\keil_v5\C251\BIN\C251.EXE ..\..\libraries\zf_common\zf_common_debug.c LARGE NOALIAS WARNINGLEVEL
                    -(0) OPTIMIZE(0,SIZE) BROWSE INCDIR(..\..\libraries\zf_common;..\..\libraries\zf_components;..\..\libraries\zf_device;..\
                    -..\libraries\zf_driver;..\user;..\code) DEBUG PRINT(.\out_file\zf_common_debug.lst) OBJECT(.\out_file\zf_common_debug.ob
                    -j) 

stmt  level    source

    1          #include "zf_common_fifo.h"
    2          #include "zf_common_debug.h"
    3          #include "zf_common_clock.h"
    4          #include "zf_common_interrupt.h"
    5          #include "zf_common_typedef.h"
    6          
    7          #include "zf_driver_uart.h"
    8          #include "zf_driver_delay.h"
    9          
   10          #pragma warning disable = 183
   11          #pragma warning disable = 177
   12          #pragma warning disable = 165
   13          #pragma warning disable = 287
   14          #pragma warning disable = 47
   15          #pragma warning disable = 98
   16          
   17          #if DEBUG_UART_USE_INTERRUPT                                                    // ШчЙћЦєгУ debug uart Нг
             -ЪежаЖЯ
   18          uint8                       debug_uart_buffer[DEBUG_RING_BUFFER_LEN];           // Ъ§ОнДцЗХЪ§зщ
   19          #endif
   20          
   21          fifo_struct                 debug_uart_fifo;
   22          
   23          //static debug_output_struct  debug_output_info;
   24          static volatile uint8       zf_debug_init_flag = 1;
   25          static volatile uint8       zf_debug_assert_enable = 1;
   26          
   27          ////-----------------------------------------------------------------------------------------------------
             ---------------
   28          //// КЏЪ§МђНщ      debug ШэбгЪБКЏЪ§ дк 120MHz ЯТЪЧвЛУыЖрЕФЪБМф ИїЕЅЦЌЛњашвЊИљОнИїздЪБжгЪдбщ
   29          //// ВЮЪ§ЫЕУї     pass        ХаЖЯЪЧЗёДЅЗЂЖЯбд
   30          //// ВЮЪ§ЫЕУї     *file       ЮФМўУћ
   31          //// ВЮЪ§ЫЕУї     line        ФПБъааЪ§
   32          //// ЗЕЛиВЮЪ§     void
   33          ////-----------------------------------------------------------------------------------------------------
             ---------------
   34          //static void debug_delay (void)
   35          //{
   36          //    vuint32 loop_1 = 0, loop_2 = 0;
   37          //    for(loop_1 = 0; loop_1 <= 0xFF; loop_1 ++)
   38          //        for(loop_2 = 0; loop_2 <= 0x1FF; loop_2 ++)
   39          //            _nop_();
   40          //}
   41          
   42          
   43          ////-----------------------------------------------------------------------------------------------------
             ---------------
   44          //// КЏЪ§МђНщ     debug БЃЛЄДІРэ жївЊЪЧЗРжЙЖЯбдКѓГіЯжаХКХЮЌГжЖјЕМжТгВМўЪЇПи
   45          //// ВЮЪ§ЫЕУї     void
   46          //// ЗЕЛиВЮЪ§     void
   47          //// ЪЙгУЪОР§     debug_protective_handler();
   48          //// БИзЂаХЯЂ     БОКЏЪ§дкЮФМўФкВПЕїгУ гУЛЇВЛгУЙизЂ вВВЛПЩаоИФ
   49          ////-----------------------------------------------------------------------------------------------------
             ---------------
   50          //static void debug_protective_handler (void)
   51          //{
C251 COMPILER V5.60.0,  zf_common_debug                                                    19/05/26  19:24:56  PAGE 2   

   52          //   // днЮДИќаТ
   53          //}
   54          
   55          ////-----------------------------------------------------------------------------------------------------
             ---------------
   56          //// КЏЪ§МђНщ      debug ДЎПкЪфГіНгПк ДЫВПЗжВЛдЪаэгУЛЇИќИФ
   57          //// ВЮЪ§ЫЕУї     *str        ашвЊЪфГіЕФзжЗћДЎ
   58          //// ЗЕЛиВЮЪ§     void
   59          //// ЪЙгУЪОР§     debug_uart_str_output("Log message");
   60          //// БИзЂаХЯЂ     БОКЏЪ§дкЮФМўФкВПЕїгУ гУЛЇВЛгУЙизЂ вВВЛПЩаоИФ
   61          ////-----------------------------------------------------------------------------------------------------
             ---------------
   62          //static void debug_uart_str_output (const char *str)
   63          //{
   64          //    uart_write_string(DEBUG_UART_INDEX, str);
   65          //}
   66          
   67          ////-----------------------------------------------------------------------------------------------------
             ---------------
   68          //// КЏЪ§МђНщ     debug ЪфГіНгПк
   69          //// ВЮЪ§ЫЕУї     *type       log РраЭ
   70          //// ВЮЪ§ЫЕУї     *file       ЮФМўУћ
   71          //// ВЮЪ§ЫЕУї     line        ФПБъааЪ§
   72          //// ВЮЪ§ЫЕУї     *str        аХЯЂ
   73          //// ЗЕЛиВЮЪ§     void
   74          //// ЪЙгУЪОР§     debug_output("Log message", file, line, str);
   75          //// БИзЂаХЯЂ     БОКЏЪ§дкЮФМўФкВПЕїгУ гУЛЇВЛгУЙизЂ вВВЛПЩаоИФ
   76          ////-----------------------------------------------------------------------------------------------------
             ---------------
   77          //static void debug_output (char *type, char *file, int line, char *str)
   78          //{
   79          //    char *file_str;
   80          
   81          //    vuint16 i = 0, j = 0;
   82          //    vint16 len_origin = 0;
   83          //    vuint16 show_len = 0;
   84          //    vint16 show_line_index = 0;
   85          //      
   86          //      volatile char output_buffer[256] = {0};
   87          //    volatile char file_path_buffer[64] = {0};
   88          
   89          //    len_origin = strlen(file);
   90          
   91          
   92          
   93          //    if(debug_output_info.type_index)
   94          //    {
   95          //        debug_output_info.output_screen_clear();
   96          //    }
   97          
   98          //    if(zf_debug_init_flag)
   99          //    {
  100          //        if(debug_output_info.type_index)
  101          //        {
  102          //            // ашвЊЗжааНЋЮФМўЕФТЗОЖКЭааЪ§ЪфГі
  103          //            // <ВЛЪфГіЭъећТЗОЖ жЛЪфГівЛМЖФПТМ Р§Шч src/main.c>
  104          //            // ЪфГі line : xxxx
  105          //            debug_output_info.output_screen(0, show_line_index ++, type);
  106          
  107          //            file_str = file;
  108          //            len_origin = strlen(file);
  109          //            show_len = (debug_output_info.display_x_max / debug_output_info.font_x_size);
  110          
  111          //            while(*file_str++ != '\0');
  112          
  113          //            // жЛШЁвЛМЖФПТМ ШчЙћЮФМўЗХдкХЬЗћИљФПТМ Лђеп MDK ЕФЙЄГЬИљФПТМ ОЭЛсжБНгЪфГіЕБЧАФПТМ
C251 COMPILER V5.60.0,  zf_common_debug                                                    19/05/26  19:24:56  PAGE 3   

  114          //            for(j = 0; (j < 2) && (len_origin >= 0); len_origin --)             // ВщевСНИі '/'
  115          //            {
  116          //                file_str --;
  117          //                if((*file_str == '/') || (*file_str == 0x5C))
  118          //                {
  119          //                    j ++;
  120          //                }
  121          //            }
  122          
  123          //            // ЮФМўТЗОЖБЃДцЕНЪ§зщжа
  124          //            if(len_origin >= 0)
  125          //            {
  126          //                file_str ++;
  127          //                sprintf(output_buffer, "file: %s", file_str);
  128          //            }
  129          //            else
  130          //            {
  131          //                if(0 == j)
  132          //                {
  133          //                    sprintf(output_buffer, "file: mdk/%s", file_str);
  134          //                }
  135          //                else
  136          //                {
  137          //                    sprintf(output_buffer, "file: %s", file_str);
  138          //                }
  139          //            }
  140          
  141          //            // ЦСФЛЯдЪОТЗОЖ
  142          //            for(i = 0; i < ((strlen(output_buffer) / show_len) + 1); i ++)
  143          //            {
  144          //                for(j = 0; j < show_len; j ++)
  145          //                {
  146          //                    if(strlen(output_buffer) < (j + i * show_len))
  147          //                    {
  148          //                        break;
  149          //                    }
  150          //                    file_path_buffer[j] = output_buffer[j + i * show_len];
  151          //                }
  152          
  153          //                file_path_buffer[j] = '\0';                                     // ФЉЮВЬэМг\0
  154          
  155          //                debug_output_info.output_screen(0, debug_output_info.font_y_size * show_line_index ++, 
             -file_path_buffer);
  156          //            }
  157          
  158          //            // ЦСФЛЯдЪОааКХ
  159          //            sprintf(output_buffer, "line: %d", line);
  160          //            debug_output_info.output_screen(0, debug_output_info.font_y_size * show_line_index ++, outp
             -ut_buffer);
  161          
  162          //            // ЦСФЛЯдЪО Log ШчЙћгаЕФЛА
  163          //            if(NULL != str)
  164          //            {
  165          //                for(i = 0; i < ((strlen(str) / show_len) + 1); i ++)
  166          //                {
  167          //                    for(j = 0; j < show_len; j ++)
  168          //                    {
  169          //                        if(strlen(str) < (j + i * show_len))
  170          //                        {
  171          //                            break;
  172          //                        }
  173          //                        file_path_buffer[j] = str[j + i * show_len];
  174          //                    }
  175          
  176          //                    file_path_buffer[j] = '\0';                                 // ФЉЮВЬэМг\0
  177          
C251 COMPILER V5.60.0,  zf_common_debug                                                    19/05/26  19:24:56  PAGE 4   

  178          //                    debug_output_info.output_screen(0, debug_output_info.font_y_size * show_line_index 
             -++, file_path_buffer);
  179          //                }
  180          //            }
  181          //        }
  182          //        else
  183          //        {
  184          //                      printf("\r\n %s file %s line %d\r\n", type, file, line);
  185          
  186          ////            memset(output_buffer, 0, 256);
  187          ////            debug_output_info.output_uart(type);
  188          ////            if(NULL != str)
  189          ////            {
  190          ////                sprintf(output_buffer, "\r\nfile %s line %d: %s.\r\n", file, line, str);
  191          ////            }
  192          ////            else
  193          ////            {
  194          ////                sprintf(output_buffer, "\r\nfile %s line %d.\r\n", file, line);
  195          ////            }
  196          ////            debug_output_info.output_uart(output_buffer);
  197          //        }
  198          //    }
  199          //}
  200          
  201          
  202          //-------------------------------------------------------------------------------------------------------
             -------------
  203          // КЏЪ§МђНщ     ЕїЪдДЎПкЗЂЫЭЛКГхЧј
  204          // ВЮЪ§ЫЕУї     *buff       ЖСГіЪ§ОнДцЗХЕФЪ§зщжИеы
  205          // ВЮЪ§ЫЕУї     len         ашвЊЗЂЫЭЕФГЄЖШ
  206          // ЗЕЛиВЮЪ§     uint32      ЪЃгрЮДЗЂЫЭЕФГЄЖШ
  207          // ЪЙгУЪОР§
  208          // БИзЂаХЯЂ     БОКЏЪ§ашвЊПЊЦє DEBUG_UART_USE_INTERRUPT КъЖЈвхВХПЩЪЙгУ
  209          //-------------------------------------------------------------------------------------------------------
             -------------
  210          uint32 debug_send_buffer(const uint8 *buff, uint32 len)
  211          {
  212   1              if(len > 0xFFFF)
  213   1              {
  214   2                      uart_write_buffer(DEBUG_UART_INDEX, buff, 0xFFFF);
  215   2                      return  len - 0xFFFF;
  216   2              }
  217   1              else
  218   1              {
  219   2                      uart_write_buffer(DEBUG_UART_INDEX, buff, (uint16)len);
  220   2              }
  221   1          
  222   1          return 0;
  223   1      }
  224          
  225          
  226          
  227          //-------------------------------------------------------------------------------------------------------
             -------------
  228          // КЏЪ§МђНщ     ЖСШЁ debug ЛЗаЮЛКГхЧјЪ§Он
  229          // ВЮЪ§ЫЕУї     *buff       ЖСГіЪ§ОнДцЗХЕФЪ§зщжИеы
  230          // ВЮЪ§ЫЕУї     len         ашвЊЖСШЁЕФГЄЖШ
  231          // ЗЕЛиВЮЪ§     uint32      ЖСГіЪ§ОнЕФЪЕМЪГЄЖШ
  232          // ЪЙгУЪОР§
  233          // БИзЂаХЯЂ     БОКЏЪ§ашвЊПЊЦє DEBUG_UART_USE_INTERRUPT КъЖЈвхВХПЩЪЙгУ
  234          //-------------------------------------------------------------------------------------------------------
             -------------
  235          uint32 debug_read_buffer (uint8 *buff, uint32 len)
  236          {
  237   1          fifo_read_buffer(&debug_uart_fifo, buff, &len, FIFO_READ_AND_CLEAN);
  238   1      
C251 COMPILER V5.60.0,  zf_common_debug                                                    19/05/26  19:24:56  PAGE 5   

  239   1          return len;
  240   1      }
  241          
  242          #if DEBUG_UART_USE_INTERRUPT                                                    // ЬѕМўБрвы жЛгадкЦєгУДЎП
             -кжаЖЯВХБрвы
  243          //-------------------------------------------------------------------------------------------------------
             -------------
  244          // КЏЪ§МђНщ     debug ДЎПкжаЖЯДІРэКЏЪ§ isr.c жаЖдгІДЎПкжаЖЯЗўЮёКЏЪ§ЕїгУ
  245          // ВЮЪ§ЫЕУї     void
  246          // ЗЕЛиВЮЪ§     void
  247          // ЪЙгУЪОР§     debug_interrupr_handler();
  248          // БИзЂаХЯЂ     БОКЏЪ§ашвЊПЊЦє DEBUG_UART_USE_INTERRUPT КъЖЈвхВХПЩЪЙгУ
  249          //              ВЂЧвБОКЏЪ§ФЌШЯЗХжУдк UART1 ЕФДЎПкНгЪежаЖЯДІРэДІ
  250          //-------------------------------------------------------------------------------------------------------
             -------------
  251          void debug_interrupr_handler (uint8 dat)
  252          {
  253   1              if(zf_debug_init_flag)
  254   1              {
  255   2                      uart_query_byte(DEBUG_UART_INDEX, &dat);                    // ЖСШЁДЎПкЪ§Он
  256   2                      fifo_write_buffer(&debug_uart_fifo, &dat, 1);               // ДцШы FIFO
  257   2              }
  258   1      
  259   1      }
  260          
  261          #endif
  262          
  263          //-------------------------------------------------------------------------     // printf жиЖЈЯђ ДЫВПЗжВЛ
             -дЪаэгУЛЇИќИФ
  264          //-------------------------------------------------------------------------------------------------------
             -------------
  265          // КЏЪ§МђНщ     printfжиЖЈЯђ
  266          // ВЮЪ§ЫЕУї     void
  267          // ЗЕЛиВЮЪ§     void
  268          //  @since      v1.0
  269          // БИзЂаХЯЂ              жиЖЈЯђprintfЕНDEBUGДЎПкЩЯ
  270          //-------------------------------------------------------------------------------------------------------
             -------------
  271          #if(1 == PRINTF_ENABLE)      //ГѕЪМЛЏЕїЪдДЎПк
  272          //жиЖЈвхprintf Ъ§зж жЛФмЪфГіuint16
  273          char putchar(char c)
  274          {
  275   1          uart_write_byte(DEBUG_UART_INDEX, c);//АбздМКЪЕЯжЕФДЎПкДђгЁвЛзжНкЪ§ОнЕФКЏЪ§ЬцЛЛЕНетРя
  276   1      
  277   1          return c;
  278   1      }
  279          #endif
  280          //-------------------------------------------------------------------------     // printf жиЖЈЯђ ДЫВПЗжВЛ
             -дЪаэгУЛЇИќИФ
  281          
  282          ////-----------------------------------------------------------------------------------------------------
             ---------------
  283          //// КЏЪ§МђНщ     ЦєгУЖЯбд
  284          //// ВЮЪ§ЫЕУї     void
  285          //// ЗЕЛиВЮЪ§     void
  286          //// ЪЙгУЪОР§     debug_assert_enable();
  287          //// БИзЂаХЯЂ     ЖЯбдФЌШЯПЊЦє НЈвщПЊЦєЖЯбд
  288          ////-----------------------------------------------------------------------------------------------------
             ---------------
  289          //void debug_assert_enable (void)
  290          //{
  291          //    zf_debug_assert_enable = 1;
  292          //}
  293          
  294          ////-----------------------------------------------------------------------------------------------------
             ---------------
C251 COMPILER V5.60.0,  zf_common_debug                                                    19/05/26  19:24:56  PAGE 6   

  295          //// КЏЪ§МђНщ      НћгУЖЯбд
  296          //// ВЮЪ§ЫЕУї     void
  297          //// ЗЕЛиВЮЪ§     void
  298          //// ЪЙгУЪОР§     debug_assert_disable();
  299          //// БИзЂаХЯЂ     ЖЯбдФЌШЯПЊЦє ВЛНЈвщНћгУЖЯбд
  300          ////-----------------------------------------------------------------------------------------------------
             ---------------
  301          //void debug_assert_disable (void)
  302          //{
  303          //    zf_debug_assert_enable = 0;
  304          //}
  305          
  306          //-------------------------------------------------------------------------------------------------------
             -------------
  307          // КЏЪ§МђНщ      debug ЖЯбдДІРэКЏЪ§ ДЫВПЗжВЛдЪаэгУЛЇИќИФ
  308          // ВЮЪ§ЫЕУї     pass        ХаЖЯЪЧЗёДЅЗЂЖЯбд
  309          // ВЮЪ§ЫЕУї     *file       ЮФМўУћ
  310          // ВЮЪ§ЫЕУї     line        ФПБъааЪ§
  311          // ЗЕЛиВЮЪ§     void
  312          // ЪЙгУЪОР§     zf_assert(0);
  313          // БИзЂаХЯЂ     етИіКЏЪ§ВЛЪЧжБНгЕїгУЕФ ДЫВПЗжВЛдЪаэгУЛЇИќИФ
  314          //              ЪЙгУ zf_commmon_debug.h жаЕФ zf_assert(x) НгПк
  315          //-------------------------------------------------------------------------------------------------------
             -------------
  316          void debug_assert_handler (uint8 pass, char *file, int line)
  317          {
  318   1              uint8 log_str[] = "Assert error";
  319   1      
  320   1              while(!pass)
  321   1              {
  322   2                      // ШчЙћДњТыЬјзЊЕНетРяЭЃзЁСЫ
  323   2                      // вЛАуФуЕФКЏЪ§ВЮЪ§ДЋЕнГіДэСЫ
  324   2                      // ЛђепФуздМКЕїгУЕФ zf_assert(x) НгПкДІБЈДэСЫ
  325   2      
  326   2                      // ШчЙћЕїгУСЫ debug_init ГѕЪМЛЏСЫ log ЪфГі
  327   2                      // ОЭдкЖдгІДЎПкЪфГіШЅВщПДЪЧФФИіЮФМўЕФФФвЛааБЈДэ
  328   2      
  329   2                      // ШчЙћУЛгаГѕЪМЛЏ debug
  330   2                      // ФЧОЭПДПДетИі file ЕФзжЗћДЎжЕКЭ line ЕФааЪ§
  331   2                      // ФЧДњБэБЈДэЕФЮФМўТЗОЖУћГЦКЭЖдгІБЈДэааЪ§
  332   2      
  333   2                      // дйШЅЕїЪдПДПДЪЧЮЊЪВУДВЮЪ§ГіДэ
  334   2      
  335   2      
  336   2                      printf("\r\n %s file %s line %d\r\n", log_str, file, line);
  337   2      
  338   2      
  339   2                      system_delay_ms(500);
  340   2              }
  341   1      }
  342          
  343          ////-----------------------------------------------------------------------------------------------------
             ---------------
  344          //// КЏЪ§МђНщ      debug ЕїЪдаХЯЂДІРэКЏЪ§ ДЫВПЗжВЛдЪаэгУЛЇИќИФ
  345          //// ВЮЪ§ЫЕУї     bool        ХаЖЯЪЧЗёДЅЗЂЖЯбд
  346          //// ВЮЪ§ЫЕУї     *str        вЊЪфГіЕФЕїЪдаХЯЂ
  347          //// ВЮЪ§ЫЕУї     *file       ЮФМўУћ
  348          //// ВЮЪ§ЫЕУї     line        ФПБъааЪ§
  349          //// ЗЕЛиВЮЪ§     void
  350          //// ЪЙгУЪОР§     printf( "Log Message");
  351          //// БИзЂаХЯЂ     етИіКЏЪ§ВЛЪЧжБНгЕїгУЕФ ДЫВПЗжВЛдЪаэгУЛЇИќИФ
  352          ////              ЪЙгУ zf_commmon_debug.h жаЕФ zf_log(x, str) НгПк
  353          ////-----------------------------------------------------------------------------------------------------
             ---------------
  354          //void debug_log_handler (uint8 pass, char *str, char *file, int line)
  355          //{
C251 COMPILER V5.60.0,  zf_common_debug                                                    19/05/26  19:24:56  PAGE 7   

  356          //      uint8 log_str[] = "Log message";
  357          //    do
  358          //    {
  359          //        if(pass)
  360          //        {
  361          //            break;
  362          //        }
  363          //        if(zf_debug_init_flag)
  364          //        {
  365          //            debug_output(log_str, file, line, str);
  366          ////            printf("Log message from %s line %d :\"%s\".\r\n", file, line, str);
  367          //        }
  368          //    }while(0);
  369          //}
  370          
  371          ////-----------------------------------------------------------------------------------------------------
             ---------------
  372          //// КЏЪ§МђНщ      debug ЪфГіАѓЖЈаХЯЂГѕЪМЛЏ ДЫВПЗжВЛдЪаэгУЛЇИќИФ
  373          //// ВЮЪ§ЫЕУї     *info       debug ЪфГіЕФаХЯЂНсЙЙЬх
  374          //// ЗЕЛиВЮЪ§     void
  375          //// ЪЙгУЪОР§            debug_output_struct_init(info);
  376          ////-----------------------------------------------------------------------------------------------------
             ---------------
  377          //void debug_output_struct_init (debug_output_struct *info)
  378          //{
  379          //    info->type_index            = 0;
  380          
  381          //    info->display_x_max         = 0xFFFF;
  382          //    info->display_y_max         = 0xFFFF;
  383          
  384          //    info->font_x_size           = 0xFF;
  385          //    info->font_y_size           = 0xFF;
  386          
  387          //    info->output_uart           = NULL;
  388          //    info->output_screen         = NULL;
  389          //    info->output_screen_clear   = NULL;
  390          //}
  391          
  392          ////-----------------------------------------------------------------------------------------------------
             ---------------
  393          //// КЏЪ§МђНщ      debug ЪфГіАѓЖЈГѕЪМЛЏ ДЫВПЗжВЛдЪаэгУЛЇИќИФ
  394          //// ВЮЪ§ЫЕУї     *info       debug ЪфГіЕФаХЯЂНсЙЙЬх
  395          //// ЗЕЛиВЮЪ§     void
  396          //// ЪЙгУЪОР§     debug_output_init(info);
  397          //// БИзЂаХЯЂ     етИіКЏЪ§вЛАуВЛгЩгУЛЇЕїгУ
  398          ////-----------------------------------------------------------------------------------------------------
             ---------------
  399          //void debug_output_init (debug_output_struct *info)
  400          //{
  401          //    debug_output_info.type_index            = info->type_index;
  402          
  403          //    debug_output_info.display_x_max         = info->display_x_max;
  404          //    debug_output_info.display_y_max         = info->display_y_max;
  405          
  406          //    debug_output_info.font_x_size           = info->font_x_size;
  407          //    debug_output_info.font_y_size           = info->font_y_size;
  408          
  409          //    debug_output_info.output_uart           = info->output_uart;
  410          //    debug_output_info.output_screen         = info->output_screen;
  411          //    debug_output_info.output_screen_clear   = info->output_screen_clear;
  412          
  413          //    zf_debug_init_flag = 1;
  414          //}
  415          
  416          //-------------------------------------------------------------------------------------------------------
             -------------
C251 COMPILER V5.60.0,  zf_common_debug                                                    19/05/26  19:24:56  PAGE 8   

  417          // КЏЪ§МђНщ      debug ДЎПкГѕЪМЛЏ ДЫВПЗжВЛдЪаэгУЛЇИќИФ
  418          // ВЮЪ§ЫЕУї     void
  419          // ЗЕЛиВЮЪ§     void
  420          // ЪЙгУЪОР§     debug_init();
  421          // БИзЂаХЯЂ     ПЊдДПтЪОР§ФЌШЯЕїгУ ЕЋФЌШЯНћгУжаЖЯНгЪе
  422          //-------------------------------------------------------------------------------------------------------
             -------------
  423          void debug_init (void)
  424          {
  425   1              uint8 uartx = DEBUG_UART_INDEX;
  426   1      //    debug_output_struct info;
  427   1      //    debug_output_struct_init(&info);
  428   1      //    info.output_uart = debug_uart_str_output;
  429   1      //    debug_output_init(&info);
  430   1      
  431   1          uart_init(
  432   1              DEBUG_UART_INDEX,                                                       // дк zf_common_debug.h ж
             -аВщПДЖдгІжЕ
  433   1              DEBUG_UART_BAUDRATE,                                                    // дк zf_common_debug.h ж
             -аВщПДЖдгІжЕ
  434   1              DEBUG_UART_TX_PIN,                                                      // дк zf_common_debug.h ж
             -аВщПДЖдгІжЕ
  435   1              DEBUG_UART_RX_PIN);                                                     // дк zf_common_debug.h ж
             -аВщПДЖдгІжЕ
  436   1      
  437   1      #if DEBUG_UART_USE_INTERRUPT                                                    // ЬѕМўБрвы жЛгадкЦєгУДЎП
             -кжаЖЯВХБрвы
  438   1          fifo_init(&debug_uart_fifo, FIFO_DATA_8BIT, debug_uart_buffer, DEBUG_RING_BUFFER_LEN);
  439   1          uart_rx_interrupt(DEBUG_UART_INDEX, 1);                                     // ЪЙФмЖдгІДЎПкНгЪежаЖЯ
  440   1      
  441   1              // ЩшжУДЎПкЛиЕїКЏЪ§
  442   1              if(uartx == UART_1)                             
  443   1          {
  444   2              uart1_irq_handler = debug_interrupr_handler;
  445   2          }
  446   1          else if(uartx == UART_2)
  447   1          {
  448   2              uart2_irq_handler = debug_interrupr_handler;
  449   2          }
  450   1          else if(uartx == UART_3)
  451   1          {
  452   2              uart3_irq_handler = debug_interrupr_handler;
  453   2          }
  454   1          else if(uartx == UART_4)
  455   1          {
  456   2              uart4_irq_handler = debug_interrupr_handler;
  457   2          }
  458   1      
  459   1      #endif
  460   1      
  461   1      }
  462          
  463          
  464          
  465          


Module Information          Static   Overlayable
------------------------------------------------
  code size            =       547     ------
  ecode size           =    ------     ------
  data size            =    ------     ------
  idata size           =    ------     ------
  pdata size           =    ------     ------
  xdata size           =       128     ------
  xdata-const size     =    ------     ------
  edata size           =    ------     ------
C251 COMPILER V5.60.0,  zf_common_debug                                                    19/05/26  19:24:56  PAGE 9   

  bit size             =    ------     ------
  ebit size            =    ------     ------
  bitaddressable size  =    ------     ------
  ebitaddressable size =    ------     ------
  far data size        =    ------     ------
  huge data size       =    ------     ------
  const size           =    ------     ------
  hconst size          =        49     ------
End of Module Information.


C251 COMPILATION COMPLETE.  0 WARNING(S),  0 ERROR(S)
