C251 COMPILER V5.60.0,  all_init                                                           24/05/26  16:52:55  PAGE 1   


C251 COMPILER V5.60.0, COMPILATION OF MODULE all_init
OBJECT MODULE PLACED IN .\out_file\all_init.obj
COMPILER INVOKED BY: E:\keil_v5\C251\BIN\C251.EXE all_init.c LARGE NOALIAS WARNINGLEVEL(0) OPTIMIZE(0,SIZE) BROWSE INCDI
                    -R(..\..\libraries\zf_common;..\..\libraries\zf_components;..\..\libraries\zf_device;..\..\libraries\zf_driver;..\user;..
                    -\code) DEBUG PRINT(.\out_file\all_init.lst) OBJECT(.\out_file\all_init.obj) 

stmt  level    source

    1          #include "zf_common_headfile.h"
    2          void ALL_init()
    3          {
    4   1              interrupt_global_disable();
    5   1              imu660ra_init();
    6   1              gyro_init();
    7   1      
    8   1              pwm_init(PWMA_CH1P_P60, 25000, 0);
    9   1              pwm_init(PWMA_CH2P_P62, 25000, 0);
   10   1              
   11   1              pwm_init(PWMA_CH4N_P27, 25000, 0);
   12   1              pwm_set_duty(PWMA_CH4N_P27, 7000);
   13   1              Inductance_Init();
   14   1              PID_Init(&left_spid,  22,0,2.55f,0,   SPEED_PID_MAX_OUT, SPEED_PID_MAX_I);
   15   1              PID_Init(&right_spid, 22,0,2.55f,0,   SPEED_PID_MAX_OUT, SPEED_PID_MAX_I);
   16   1              PID_Init(&Turn_PID,   0.17,0.0202020,0,35.997, SPEED_PID_MAX_OUT, SPEED_PID_MAX_I);
   17   1              PID_Init(&Gyro_PID,   0.118, 0,0,0.173, SPEED_PID_MAX_OUT, SPEED_PID_MAX_I);
   18   1      
   19   1              encoder_init();
   20   1              gpio_init(IO_P61, GPO, GPIO_HIGH, GPO_PUSH_PULL);
   21   1              gpio_init(IO_P63, GPO, GPIO_HIGH, GPO_PUSH_PULL);
   22   1              wireless_uart_init();
   23   1              Oscilloscope_Init();
   24   1              
   25   1              
   26   1              gpio_init(IO_P77, GPO, GPIO_LOW, GPO_PUSH_PULL);
   27   1              P77=1;
   28   1              system_delay_ms(1);
   29   1              P77=0;
   30   1              system_delay_us(5);
   31   1              P77=1;
   32   1              system_delay_ms(500);
   33   1              interrupt_global_enable();
   34   1      }


Module Information          Static   Overlayable
------------------------------------------------
  code size            =       575     ------
  ecode size           =    ------     ------
  data size            =    ------     ------
  idata size           =    ------     ------
  pdata size           =    ------     ------
  xdata size           =    ------     ------
  xdata-const size     =    ------     ------
  edata size           =    ------     ------
  bit size             =    ------     ------
  ebit size            =    ------     ------
  bitaddressable size  =    ------     ------
  ebitaddressable size =    ------     ------
  far data size        =    ------     ------
  huge data size       =    ------     ------
  const size           =    ------     ------
  hconst size          =    ------     ------
End of Module Information.


C251 COMPILATION COMPLETE.  0 WARNING(S),  0 ERROR(S)
