C251 COMPILER V5.60.0,  buzzer                                                             28/03/26  14:29:01  PAGE 1   


C251 COMPILER V5.60.0, COMPILATION OF MODULE buzzer
OBJECT MODULE PLACED IN .\out_file\buzzer.obj
COMPILER INVOKED BY: E:\keil_v5\C251\BIN\C251.EXE buzzer.c LARGE NOALIAS WARNINGLEVEL(1) OPTIMIZE(0,SIZE) BROWSE INCDIR(
                    -..\..\libraries\zf_common;..\..\libraries\zf_components;..\..\libraries\zf_device;..\..\libraries\zf_driver;..\user;..\c
                    -ode) DEBUG PRINT(.\out_file\buzzer.lst) OBJECT(.\out_file\buzzer.obj) 

stmt  level    source

    1          #include "zf_common_headfile.h"
    2          /**
    3            * @brief 初始化蜂鸣器,可根据头文件修改引脚
    4            * @param 无
    5            * @return 无
    6            */
    7          void Buzzer_Init(void)
    8          {
    9   1          gpio_init(Buzzer, GPO, 1, GPO_PUSH_PULL);
   10   1      }
   11          /**
   12           * @brief 打开蜂鸣器
   13           * @param pin：蜂鸣器引脚
   14           * @return 无
   15           */
   16          void Buzzer_On(void)
   17          {
   18   1          gpio_set_level(Buzzer, 0);
   19   1      }
   20          /**
   21           * @brief 关闭蜂鸣器
   22           * @param pin：蜂鸣器引脚
   23           * @return 无
   24           */
   25          void Buzzer_Off(void)
   26          {
   27   1          gpio_set_level(Buzzer, 1);
   28   1      }


Module Information          Static   Overlayable
------------------------------------------------
  code size            =        37     ------
  ecode size           =    ------     ------
  data size            =    ------     ------
  idata size           =    ------     ------
  pdata size           =    ------     ------
  xdata size           =    ------     ------
  xdata-const size     =    ------     ------
  edata size           =    ------     ------
  bit size             =    ------     ------
  ebit size            =    ------     ------
  bitaddressable size  =    ------     ------
  ebitaddressable size =    ------     ------
  far data size        =    ------     ------
  huge data size       =    ------     ------
  const size           =    ------     ------
  hconst size          =    ------     ------
End of Module Information.


C251 COMPILATION COMPLETE.  0 WARNING(S),  0 ERROR(S)
