C251 COMPILER V5.60.0,  encoder                                                            17/05/26  22:28:29  PAGE 1   


C251 COMPILER V5.60.0, COMPILATION OF MODULE encoder
OBJECT MODULE PLACED IN .\out_file\encoder.obj
COMPILER INVOKED BY: D:\Keil_v5\C251\BIN\C251.EXE encoder.c LARGE NOALIAS WARNINGLEVEL(0) OPTIMIZE(0,SIZE) BROWSE INCDIR
                    -(..\..\libraries\zf_common;..\..\libraries\zf_components;..\..\libraries\zf_device;..\..\libraries\zf_driver;..\user;..\
                    -code) DEBUG PRINT(.\out_file\encoder.lst) OBJECT(.\out_file\encoder.obj) 

stmt  level    source

    1          #include "zf_common_headfile.h"
    2          
    3          #define PIT_CH (TIM1_PIT)
    4          #define PIT_CH4 (TIM4_PIT)
    5          
    6          volatile uint16 adc_inductance[5] = {0};
    7          void pit_handler(void);
    8          void pit_handler4(void);
    9          
   10          #define ENCODER_DIR_LEFT (TIM0_ENCOEDER)
   11          #define ENCODER_DIR_DIR_LEFT (IO_P35)
   12          #define ENCODER_DIR_PULSE_LEFT (TIM0_ENCOEDER_P34)
   13          
   14          #define ENCODER_DIR_RIGHT (TIM3_ENCOEDER)
   15          #define ENCODER_DIR_DIR_RIGHT (IO_P53)
   16          #define ENCODER_DIR_PULSE_RIGHT (TIM3_ENCOEDER_P04)
   17          
   18          int encoder_L_R = 0;
   19          uint32 distance = 0;
   20          
   21          /* 작셕契넋：혤璘塘쫴醵없뚤令돨엇令깻속돕 distance */
   22          void Distance_Add(void)
   23          {
   24   1              encoder_L_R = (IABS((int32)speed_left) + IABS((int32)speed_right)) >> 1;
   25   1              distance += encoder_L_R;
   26   1      }
   27          
   28          volatile uint16 ind_10ms_flag = 0;
   29          static uint16 imu_cnt = 0;
   30          static uint8 ind_cnt = 0;
   31          
   32          /* 鬧꿍 TIM1 / TIM4 櫓뙤，놓迦뺏좃쨌긍쯤포 */
   33          void encoder_init()
   34          {
   35   1              tim1_irq_handler = pit_handler;
   36   1              tim4_irq_handler = pit_handler4;
   37   1              interrupt_set_priority(TIMER1_IRQn,3);
   38   1              pit_ms_init(PIT_CH, 2);
   39   1              pit_ms_init(PIT_CH4, 5);
   40   1      
   41   1              encoder_dir_init(ENCODER_DIR_LEFT, ENCODER_DIR_DIR_LEFT, ENCODER_DIR_PULSE_LEFT);
   42   1              encoder_dir_init(ENCODER_DIR_RIGHT, ENCODER_DIR_DIR_RIGHT, ENCODER_DIR_PULSE_RIGHT);
   43   1      }
   44          
   45          /* TIM1 2ms 쌘탠：獵契醵똑균뻔 */
   46          void pit_handler(void)
   47          {
   48   1      //      imu_cnt++;
   49   1      //      if(imu_cnt>300&&imu_cnt<550)
   50   1      //      {
   51   1      //      left_spid.target=100;
   52   1      //      right_spid.target=100;
   53   1      //      }
   54   1      //              
   55   1      //      if(imu_cnt>550&&imu_cnt<800)
   56   1      //              {
   57   1      //      left_spid.target=180;
C251 COMPILER V5.60.0,  encoder                                                            17/05/26  22:28:29  PAGE 2   

   58   1      //      right_spid.target=180;
   59   1      //              }
   60   1      //              
   61   1      //      if(imu_cnt>800)
   62   1      //              {
   63   1      //              imu_cnt=0;
   64   1      //              }
   65   1              Dual_Loop_Control();
   66   1      }
   67          
   68          /* TIM4 5ms 쌘탠：獵契 IMU + 렘蕨실醵똑뻔 + 뀌醵*/
   69          void pit_handler4(void)
   70          {
   71   1      
   72   1      //      if (++ind_cnt >= 2)
   73   1      //      {
   74   1      //              ind_cnt = 0;
   75   1              Inductance_Read(adc_inductance);
   76   1              elemid = Inductance_Count_Err2(adc_inductance[1], adc_inductance[2],adc_inductance[3], adc_inductance[4]
             -);
   77   1              Dir_Control();
   78   1              gyro_proc();
   79   1              Dir_Control_gyro();
   80   1              Calculate_Differential_Drive();
   81   1      
   82   1      //      }
   83   1      
   84   1      }


Module Information          Static   Overlayable
------------------------------------------------
  code size            =       321     ------
  ecode size           =    ------     ------
  data size            =    ------     ------
  idata size           =    ------     ------
  pdata size           =    ------     ------
  xdata size           =        21     ------
  xdata-const size     =    ------     ------
  edata size           =    ------     ------
  bit size             =    ------     ------
  ebit size            =    ------     ------
  bitaddressable size  =    ------     ------
  ebitaddressable size =    ------     ------
  far data size        =    ------     ------
  huge data size       =    ------     ------
  const size           =    ------     ------
  hconst size          =        51     ------
End of Module Information.


C251 COMPILATION COMPLETE.  0 WARNING(S),  0 ERROR(S)
