C251 COMPILER V5.60.0,  inductance                                                         24/05/26  16:50:25  PAGE 1   


C251 COMPILER V5.60.0, COMPILATION OF MODULE inductance
OBJECT MODULE PLACED IN .\out_file\inductance.obj
COMPILER INVOKED BY: E:\keil_v5\C251\BIN\C251.EXE inductance.c LARGE NOALIAS WARNINGLEVEL(0) OPTIMIZE(0,SIZE) BROWSE INC
                    -DIR(..\..\libraries\zf_common;..\..\libraries\zf_components;..\..\libraries\zf_device;..\..\libraries\zf_driver;..\user;
                    -..\code) DEBUG PRINT(.\out_file\inductance.lst) OBJECT(.\out_file\inductance.obj) 

stmt  level    source

    1          
    2          #include "zf_common_headfile.h"
    3          
    4          uint16 inductance_init_data[5][Filter_deepth];
    5          uint16 inductance_filter_data[5];
    6          int16 CUR_PARA_A =4, STR_PARA =3,CUR_PARA_B =1;
    7          
    8          /* Аб int16 ЯожЦдк [min, max] ЧјМф */
    9          int16 range_protect_int(int16 value, int16 min_value, int16 max_value)
   10          {
   11   1          return (value > max_value) ? max_value : ((value < min_value) ? min_value : value);
   12   1      }
   13          
   14          /* Аб float ЯожЦдк [min, max] ЧјМф */
   15          float range_protect_float(float value, float min_value, float max_value)
   16          {
   17   1          return (value > max_value) ? max_value : ((value < min_value) ? min_value : value);
   18   1      }
   19          
   20          /* Аб L1~L4 ЫФТЗ ADC ЭЈЕРГѕЪМЛЏЮЊ 12 ЮЛФЃЪН */
   21          void Inductance_Init(void)
   22          {
   23   1          adc_init(L1, ADC_12BIT);
   24   1          adc_init(L2, ADC_12BIT);
   25   1          adc_init(L3, ADC_12BIT);
   26   1          adc_init(L4, ADC_12BIT);
   27   1      }
   28          
   29          /* жажЕЦНОљЃКШЅЕєвЛИізюДѓжЕКЭвЛИізюаЁжЕЃЌЪЃгрШЁЦНОљ */
   30          int Median_Average_Filter(uint16 *arr, int times)
   31          {
   32   1          int min = arr[0], max = arr[0], sum = 0, i = 0;
   33   1      
   34   1          for (i = 0; i < times; i++)
   35   1          {
   36   2              if (arr[i] < min) min = arr[i];
   37   2              if (arr[i] > max) max = arr[i];
   38   2              sum += arr[i];
   39   2          }
   40   1      
   41   1          return (sum - min - max) / (times - 2);
   42   1      }
   43          
   44          /* Аб ADC жЕЯпадЙщвЛЛЏЕН [0,100]ЃЌдННчБЅКЭ */
   45          float ADC_Normalize_0_100(uint16 adc_val, uint16 adc_max, uint16 adc_min)
   46          {
   47   1          float temp;
   48   1      
   49   1          if (adc_val <= adc_min)
   50   1              return 0.0f;
   51   1      
   52   1          if (adc_val >= adc_max)
   53   1              return 100.0f;
   54   1      
   55   1          temp = ((adc_val - adc_min) * 100.0f / (adc_max - adc_min));
   56   1      
   57   1          return temp;
C251 COMPILER V5.60.0,  inductance                                                         24/05/26  16:50:25  PAGE 2   

   58   1      }
   59          
   60          /* ЗНЯђЦЋВюЃЈЛљДЁАцЃЌДПећЪ§МЦЫуКѓзЊ floatЃЉ */
   61          float Inductance_Count_Err(int16 L, int16 LM, int16 RM, int16 R)
   62          {
   63   1          int32 num = ((int32)(L - R) + (int32)CUR_PARA_A * (LM - RM)) * 10000;
   64   1          int32 den = (L + R) + IABS(LM - RM) + 1;
   65   1          int32 res = num / den;
   66   1          if (res >  10000) res =  10000;
   67   1          if (res < -10000) res = -10000;
   68   1          return (float)res;
   69   1      }
   70          
   71          /* ЗНЯђЦЋВюЃЈМгШЈАцЃЌгЩ STR_PARA / CUR_PARA ЕїжБЕРгыЭфЕРШЈжиЃЉ */
   72          float Inductance_Count_Err2(int16 L, int16 LM, int16 RM, int16 R)
   73          {
   74   1          float num = ((STR_PARA * (L - R))+ (CUR_PARA_A * (LM - RM))) * 1000.0f;
   75   1          float den = ((STR_PARA * (L + R)) +(CUR_PARA_B * IABS(LM - RM))) + 1.0f;
   76   1          float res = (num / den);
   77   1          if (res >  1000.0f) res =  1000.0f;
   78   1          if (res < -1000.0f) res = -1000.0f;
   79   1          return res;
   80   1      }
   81          
   82          /* ЫФТЗЕчИаИїВЩбљ Filter_deepth ДЮ Ёњ жажЕЦНОљ Ёњ ЙщвЛЛЏ */
   83          void Inductance_Read(uint16 *inductance_norm_data)
   84          {
   85   1          uint8 i;
   86   1      
   87   1          for (i = 0; i < Filter_deepth; i++)
   88   1          {
   89   2              inductance_init_data[1][i] = adc_convert(L1);
   90   2              inductance_init_data[2][i] = adc_convert(L2);
   91   2              inductance_init_data[3][i] = adc_convert(L3);
   92   2              inductance_init_data[4][i] = adc_convert(L4);
   93   2          }
   94   1      
   95   1          for (i = 1; i <= 4; i++)
   96   1          {
   97   2              inductance_filter_data[i] = Median_Average_Filter(inductance_init_data[i], Filter_deepth);
   98   2          }
   99   1      
  100   1          inductance_norm_data[1] = ADC_Normalize_0_100(inductance_filter_data[1], 3675, 1);
  101   1          inductance_norm_data[2] = ADC_Normalize_0_100(inductance_filter_data[2], 3673, 1);
  102   1          inductance_norm_data[3] = ADC_Normalize_0_100(inductance_filter_data[3], 3685, 1);
  103   1          inductance_norm_data[4] = ADC_Normalize_0_100(inductance_filter_data[4], 3676, 3);
  104   1      }


Module Information          Static   Overlayable
------------------------------------------------
  code size            =      1706     ------
  ecode size           =    ------     ------
  data size            =    ------     ------
  idata size           =    ------     ------
  pdata size           =    ------     ------
  xdata size           =       153     ------
  xdata-const size     =    ------     ------
  edata size           =    ------     ------
  bit size             =    ------     ------
  ebit size            =    ------     ------
  bitaddressable size  =    ------     ------
  ebitaddressable size =    ------     ------
  far data size        =    ------     ------
  huge data size       =    ------     ------
  const size           =    ------     ------
  hconst size          =        21     ------
C251 COMPILER V5.60.0,  inductance                                                         24/05/26  16:50:25  PAGE 3   

End of Module Information.


C251 COMPILATION COMPLETE.  0 WARNING(S),  0 ERROR(S)
