C251 COMPILER V5.60.0,  isr                                                                17/05/26  21:47:56  PAGE 1   


C251 COMPILER V5.60.0, COMPILATION OF MODULE isr
OBJECT MODULE PLACED IN .\out_file\isr.obj
COMPILER INVOKED BY: D:\Keil_v5\C251\BIN\C251.EXE ..\user\isr.c LARGE NOALIAS WARNINGLEVEL(0) OPTIMIZE(0,SIZE) BROWSE IN
                    -CDIR(..\..\libraries\zf_common;..\..\libraries\zf_components;..\..\libraries\zf_device;..\..\libraries\zf_driver;..\user
                    -;..\code) DEBUG PRINT(.\out_file\isr.lst) OBJECT(.\out_file\isr.obj) 

stmt  level    source

    1          
    2          
    3          #include "zf_common_headfile.h"
    4          
    5          void INT0_IRQHandler() interrupt 0
    6          {
    7   1              INT0_CLEAR_FLAG;
    8   1              if (int0_irq_handler != NULL)
    9   1          {
   10   2              int0_irq_handler();
   11   2          }
   12   1      }
   13          
   14          void INT1_IRQHandler(void) interrupt 2
   15          {
   16   1              INT1_CLEAR_FLAG;
   17   1              if (int1_irq_handler != NULL)
   18   1          {
   19   2                      int1_irq_handler();
   20   2          }
   21   1      }
   22          
   23          void INT2_IRQHandler(void) interrupt 10
   24          {
   25   1              INT2_CLEAR_FLAG;
   26   1              if (int2_irq_handler != NULL)
   27   1          {
   28   2                      int2_irq_handler();
   29   2          }
   30   1      }
   31          void INT3_IRQHandler(void) interrupt 11
   32          {
   33   1              INT3_CLEAR_FLAG;
   34   1              if (int3_irq_handler != NULL)
   35   1          {
   36   2                      int3_irq_handler();
   37   2          }
   38   1      }
   39          
   40          void INT4_IRQHandler(void) interrupt 16
   41          {
   42   1              INT4_CLEAR_FLAG;
   43   1              if (int4_irq_handler != NULL)
   44   1          {
   45   2                      int4_irq_handler();
   46   2          }
   47   1      }
   48          
   49          void DMA_UART1_IRQHandler(void) interrupt 4
   50          {
   51   1          static vuint8 dwon_count = 0;
   52   1      
   53   1          if (DMA_UR1R_STA & 0x01)
   54   1          {
   55   2              DMA_UR1R_STA &= ~0x01;
   56   2              uart_rx_start_buff(UART_1);
   57   2      
C251 COMPILER V5.60.0,  isr                                                                17/05/26  21:47:56  PAGE 2   

   58   2              if (uart_rx_buff[UART_1][0] == 0x7F)
   59   2              {
   60   3                  if (dwon_count++ > 20)
   61   3                  {
   62   4                      IAP_CONTR = 0x60;
   63   4                  }
   64   3              }
   65   2              else
   66   2              {
   67   3                  dwon_count = 0;
   68   3              }
   69   2      
   70   2              if (uart1_irq_handler != NULL)
   71   2              {
   72   3                  uart1_irq_handler(uart_rx_buff[UART_1][0]);
   73   3              }
   74   2          }
   75   1      
   76   1          if (DMA_UR1R_STA & 0x02)
   77   1          {
   78   2              DMA_UR1R_STA &= ~0x02;
   79   2              uart_rx_start_buff(UART_1);
   80   2      
   81   2      
   82   2          }
   83   1      }
   84          
   85          void DMA_UART2_IRQHandler(void) interrupt 8
   86          {
   87   1          if (DMA_UR2R_STA & 0x01)
   88   1          {
   89   2              DMA_UR2R_STA &= ~0x01;
   90   2              uart_rx_start_buff(UART_2);
   91   2      
   92   2              if (uart2_irq_handler != NULL)
   93   2              {
   94   3                  uart2_irq_handler(uart_rx_buff[UART_2][0]);
   95   3              }
   96   2          }
   97   1      
   98   1          if (DMA_UR2R_STA & 0x02)
   99   1          {
  100   2              DMA_UR2R_STA &= ~0x02;
  101   2              uart_rx_start_buff(UART_2);
  102   2      
  103   2      
  104   2          }
  105   1      }
  106          
  107          void DMA_UART3_IRQHandler(void) interrupt 17
  108          {
  109   1          if (DMA_UR3R_STA & 0x01)
  110   1          {
  111   2              DMA_UR3R_STA &= ~0x01;
  112   2              uart_rx_start_buff(UART_3);
  113   2      
  114   2              if (uart3_irq_handler != NULL)
  115   2              {
  116   3                  uart3_irq_handler(uart_rx_buff[UART_3][0]);
  117   3              }
  118   2          }
  119   1      
  120   1          if (DMA_UR3R_STA & 0x02)
  121   1          {
  122   2              DMA_UR3R_STA &= ~0x02;
  123   2              uart_rx_start_buff(UART_3);
C251 COMPILER V5.60.0,  isr                                                                17/05/26  21:47:56  PAGE 3   

  124   2      
  125   2      
  126   2          }
  127   1      }
  128          
  129          void DMA_UART4_IRQHandler(void) interrupt 18
  130          {
  131   1          if (DMA_UR4R_STA & 0x01)
  132   1          {
  133   2              DMA_UR4R_STA &= ~0x01;
  134   2              uart_rx_start_buff(UART_4);
  135   2      
  136   2              if (uart4_irq_handler != NULL)
  137   2              {
  138   3                  uart4_irq_handler(uart_rx_buff[UART_4][0]);
  139   3              }
  140   2          }
  141   1      
  142   1          if (DMA_UR4R_STA & 0x02)
  143   1          {
  144   2              DMA_UR4R_STA &= ~0x02;
  145   2              uart_rx_start_buff(UART_4);
  146   2      
  147   2      
  148   2          }
  149   1      }
  150          
  151          void TM0_IRQHandler() interrupt 1
  152          {
  153   1          TIM0_CLEAR_FLAG;
  154   1      
  155   1          if (tim0_irq_handler != NULL)
  156   1          {
  157   2              tim0_irq_handler();
  158   2          }
  159   1      }
  160          
  161          void TM1_IRQHandler() interrupt 3
  162          {
  163   1          TIM1_CLEAR_FLAG;
  164   1      
  165   1          if (tim1_irq_handler != NULL)
  166   1          {
  167   2              tim1_irq_handler();
  168   2          }
  169   1      }
  170          
  171          void TM2_IRQHandler() interrupt 12
  172          {
  173   1          TIM2_CLEAR_FLAG;
  174   1      
  175   1          if (tim2_irq_handler != NULL)
  176   1          {
  177   2              tim2_irq_handler();
  178   2          }
  179   1      }
  180          
  181          void TM3_IRQHandler() interrupt 19
  182          {
  183   1          TIM3_CLEAR_FLAG;
  184   1      
  185   1          if (tim3_irq_handler != NULL)
  186   1          {
  187   2              tim3_irq_handler();
  188   2          }
  189   1      }
C251 COMPILER V5.60.0,  isr                                                                17/05/26  21:47:56  PAGE 4   

  190          
  191          void TM4_IRQHandler() interrupt 20
  192          {
  193   1          TIM4_CLEAR_FLAG;
  194   1      
  195   1          if (tim4_irq_handler != NULL)
  196   1          {
  197   2              tim4_irq_handler();
  198   2          }
  199   1      }
  200          


Module Information          Static   Overlayable
------------------------------------------------
  code size            =      1287     ------
  ecode size           =    ------     ------
  data size            =    ------     ------
  idata size           =    ------     ------
  pdata size           =    ------     ------
  xdata size           =         1     ------
  xdata-const size     =    ------     ------
  edata size           =    ------     ------
  bit size             =    ------     ------
  ebit size            =    ------     ------
  bitaddressable size  =    ------     ------
  ebitaddressable size =    ------     ------
  far data size        =    ------     ------
  huge data size       =    ------     ------
  const size           =    ------     ------
  hconst size          =         6     ------
End of Module Information.


C251 COMPILATION COMPLETE.  0 WARNING(S),  0 ERROR(S)
