C251 COMPILER V5.60.0,  menu                                                               17/05/26  21:47:57  PAGE 1   


C251 COMPILER V5.60.0, COMPILATION OF MODULE menu
OBJECT MODULE PLACED IN .\out_file\menu.obj
COMPILER INVOKED BY: D:\Keil_v5\C251\BIN\C251.EXE menu.c LARGE NOALIAS WARNINGLEVEL(0) OPTIMIZE(0,SIZE) BROWSE INCDIR(..
                    -\..\libraries\zf_common;..\..\libraries\zf_components;..\..\libraries\zf_device;..\..\libraries\zf_driver;..\user;..\cod
                    -e) DEBUG PRINT(.\out_file\menu.lst) OBJECT(.\out_file\menu.obj) 

stmt  level    source

    1          #include "zf_common_headfile.h"
    2          #include <stdlib.h>
    3          #include <string.h>
    4          
    5          
    6          
    7          
    8          
    9          /* 把状态机和四路电感拼成字符串经无线串口上传 */
   10          void Send_Data_To_PC(void)
   11          {
   12   1      
   13   1              char send_buf[128];
   14   1      
   15   1          sprintf(send_buf, "state: %d %d %d %d %d %d %d \r\n",TrackState,adc_inductance[1],adc_inductance[2]
   16   1              ,adc_inductance[3],adc_inductance[4],speed_left,speed_right);
   17   1      
   18   1      
   19   1          wireless_uart_send_string(send_buf);
   20   1      }
   21          
   22          
   23          /* 初始化逐飞参数调试助手的接收回调 */
   24          void Parameter_Debug_Init(void)
   25          {
   26   1          seekfree_assistant_receive_callback = wireless_uart_read_buffer;
   27   1          seekfree_assistant_init();
   28   1      }
   29          
   30          
   31          /* 把上位机下发的参数解析到外部变量 */
   32          void Parameter_Debug(float *param1, float *param2,float *param3, float *param4, int32 *target1, int32 *ta
             -rget2)
   33          {
   34   1          uint8 i;
   35   1          seekfree_assistant_data_analysis();
   36   1          seekfree_assistant_parameter_update_flag[i] = 0;
   37   1          *param1 = seekfree_assistant_parameter[0] * 0.01f;
   38   1          *param2 = seekfree_assistant_parameter[1] * 0.01f;
   39   1          *param3 = seekfree_assistant_parameter[2] * 0.01f;
   40   1              *param4 = seekfree_assistant_parameter[3] * 0.01f;
   41   1          *target1 = seekfree_assistant_parameter[4];
   42   1              *target2 = *target1;
   43   1                 
   44   1      }
   45          
   46          
   47          /* 注册逐飞示波器的发送回调 */
   48          void Oscilloscope_Init(void)
   49          {
   50   1          seekfree_assistant_transfer_callback = wireless_uart_send_buffer;
   51   1      }
   52          
   53          
   54          /* 8 通道波形上传 */
   55          void Oscilloscope_Display(float num1, float num2,float num3,float num4,int16 num5,float num6,float num7,i
             -nt16 num8)
C251 COMPILER V5.60.0,  menu                                                               17/05/26  21:47:57  PAGE 2   

   56          {
   57   1          seekfree_assistant_oscilloscope_data.dat[0] = num1;
   58   1          seekfree_assistant_oscilloscope_data.dat[1] = num2;
   59   1          seekfree_assistant_oscilloscope_data.dat[2] = num3;
   60   1              seekfree_assistant_oscilloscope_data.dat[3] = num4;
   61   1          seekfree_assistant_oscilloscope_data.dat[4] = num5;
   62   1              seekfree_assistant_oscilloscope_data.dat[5] = num6;
   63   1              seekfree_assistant_oscilloscope_data.dat[6] = num7;
   64   1          seekfree_assistant_oscilloscope_data.dat[7] = num8;
   65   1          seekfree_assistant_oscilloscope_data.channel_num =8;
   66   1          seekfree_assistant_oscilloscope_send(&seekfree_assistant_oscilloscope_data);
   67   1      }


Module Information          Static   Overlayable
------------------------------------------------
  code size            =       613     ------
  ecode size           =    ------     ------
  data size            =    ------     ------
  idata size           =    ------     ------
  pdata size           =    ------     ------
  xdata size           =       181     ------
  xdata-const size     =    ------     ------
  edata size           =    ------     ------
  bit size             =    ------     ------
  ebit size            =    ------     ------
  bitaddressable size  =    ------     ------
  ebitaddressable size =    ------     ------
  far data size        =    ------     ------
  huge data size       =    ------     ------
  const size           =    ------     ------
  hconst size          =        31     ------
End of Module Information.


C251 COMPILATION COMPLETE.  0 WARNING(S),  0 ERROR(S)
