C251 COMPILER V5.60.0,  moto                                                               17/05/26  21:47:56  PAGE 1   


C251 COMPILER V5.60.0, COMPILATION OF MODULE moto
OBJECT MODULE PLACED IN .\out_file\moto.obj
COMPILER INVOKED BY: D:\Keil_v5\C251\BIN\C251.EXE moto.c LARGE NOALIAS WARNINGLEVEL(0) OPTIMIZE(0,SIZE) BROWSE INCDIR(..
                    -\..\libraries\zf_common;..\..\libraries\zf_components;..\..\libraries\zf_device;..\..\libraries\zf_driver;..\user;..\cod
                    -e) DEBUG PRINT(.\out_file\moto.lst) OBJECT(.\out_file\moto.obj) 

stmt  level    source

    1          #include "zf_common_headfile.h"
    2          
    3          /* 取绝对值 */
    4          uint16 ABS(int16 P)
    5          {
    6   1          if (P > 0)
    7   1              return P;
    8   1          else
    9   1              return -P;
   10   1      }
   11          
   12          /* 由速度符号决定方向引脚电平，由幅值决定 PWM 占空比 */
   13          void Motor_SetSpeed(int16 speed_left, int16 speed_right)
   14          {
   15   1          if (speed_left < 0)
   16   1          {
   17   2              gpio_set_level(IO_P63, 0);
   18   2          }
   19   1          else if (speed_left > 0)
   20   1          {
   21   2              gpio_set_level(IO_P63, 1);
   22   2          }
   23   1      
   24   1          if (speed_right < 0)
   25   1          {
   26   2              gpio_set_level(IO_P61, 0);
   27   2          }
   28   1          else if (speed_right > 0)
   29   1          {
   30   2              gpio_set_level(IO_P61, 1);
   31   2          }
   32   1      
   33   1          pwm_set_duty(PWMA_CH2P_P62, ABS(speed_left));
   34   1          pwm_set_duty(PWMA_CH1P_P60, ABS(speed_right));
   35   1      }
   36          
   37          /* 脱线保护：四路电感归一化值之和过低则停车（当前未挂入主流程） */
   38          void Motor_Protect(uint16 *inductance_norm_data)
   39          {
   40   1          uint16 sum = inductance_norm_data[1] + inductance_norm_data[2] + inductance_norm_data[3] + inductance
             -_norm_data[4];
   41   1          if (sum < 10)
   42   1          {
   43   2              Motor_SetSpeed(0, 0);
   44   2              interrupt_global_disable();
   45   2          }
   46   1      }


Module Information          Static   Overlayable
------------------------------------------------
  code size            =       289     ------
  ecode size           =    ------     ------
  data size            =    ------     ------
  idata size           =    ------     ------
  pdata size           =    ------     ------
  xdata size           =        12     ------
  xdata-const size     =    ------     ------
C251 COMPILER V5.60.0,  moto                                                               17/05/26  21:47:56  PAGE 2   

  edata size           =    ------     ------
  bit size             =    ------     ------
  ebit size            =    ------     ------
  bitaddressable size  =    ------     ------
  ebitaddressable size =    ------     ------
  far data size        =    ------     ------
  huge data size       =    ------     ------
  const size           =    ------     ------
  hconst size          =    ------     ------
End of Module Information.


C251 COMPILATION COMPLETE.  0 WARNING(S),  0 ERROR(S)
