C251 COMPILER V5.60.0,  seekfree_assistant                                                 21/05/26  21:00:44  PAGE 1   


C251 COMPILER V5.60.0, COMPILATION OF MODULE seekfree_assistant
OBJECT MODULE PLACED IN .\out_file\seekfree_assistant.obj
COMPILER INVOKED BY: E:\keil_v5\C251\BIN\C251.EXE ..\..\libraries\zf_components\seekfree_assistant.c LARGE NOALIAS WARNI
                    -NGLEVEL(0) OPTIMIZE(0,SIZE) BROWSE INCDIR(..\..\libraries\zf_common;..\..\libraries\zf_components;..\..\libraries\zf_dev
                    -ice;..\..\libraries\zf_driver;..\user;..\code) DEBUG PRINT(.\out_file\seekfree_assistant.lst) OBJECT(.\out_file\seekfree
                    -_assistant.obj) 

stmt  level    source

    1          #include "seekfree_assistant.h"
    2          
    3          #pragma warning disable = 183
    4          
    5          static seekfree_assistant_camera_struct         seekfree_assistant_camera_data = {0};   
    6          seekfree_assistant_oscilloscope_struct          seekfree_assistant_oscilloscope_data = {0};              
             -          // РйДвКҫІЁЖчКэҫЭ
    7          static seekfree_assistant_camera_dot_struct      seekfree_assistant_camera_dot_data = {0};               
             -           // НјПсЙПО»»ъҙтөгРӯТйКэҫЭ
    8          static seekfree_assistant_camera_buffer_struct   seekfree_assistant_camera_buffer = {0};                 
             -           // НјПсТФј°ұЯҪз»әіеЗшРЕПў
    9          
   10          static fifo_struct      seekfree_assistant_fifo = {0};
   11          static uint8            seekfree_assistant_buffer[SEEKFREE_ASSISTANT_BUFFER_SIZE] = {0};                        /
             -/ КэҫЭҙж·ЕКэЧй
   12          float                   seekfree_assistant_parameter[SEEKFREE_ASSISTANT_SET_PARAMETR_COUNT] = {0};      //
             - ұЈҙжҪУКХөҪөДІОКэ
   13          vuint8                                  seekfree_assistant_parameter_update_flag[SEEKFREE_ASSISTANT_SET_PARAMETR_COUNT] = {0};
   14          //-------------------------------------------------------------------------------------------------------
             -------------
   15          // әҜКэјтҪй     Цр·ЙЦъКЦЗуәНәҜКэ
   16          // ІОКэЛөГч     *buffer         РиТӘРЈСйөДКэҫЭөШЦ·
   17          // ІОКэЛөГч     length          РЈСйіӨ¶И
   18          // ·ө»ШІОКэ     uint8           әНЦө
   19          // К№УГКҫАэ
   20          //-------------------------------------------------------------------------------------------------------
             -------------
   21          static uint8 seekfree_assistant_sum (uint8 *buffer, uint32 length)
   22          {
   23   1          uint8 temp_sum = 0;
   24   1      
   25   1          while(length--)
   26   1          {
   27   2              temp_sum += *buffer++;
   28   2          }
   29   1      
   30   1          return temp_sum;
   31   1      }
   32          
   33          //-------------------------------------------------------------------------------------------------------
             -------------
   34          // әҜКэјтҪй     Цр·ЙЦъКЦ НјПс·ўЛНәҜКэ
   35          // ІОКэЛөГч     camera_type     ЙгПсН·АаРН
   36          // ІОКэЛөГч     *image_addr     НјПсКЧөШЦ·
   37          // ІОКэЛөГч     boundary_num    НјПсЦР°ьә¬ұЯҪзКэБҝ
   38          // ІОКэЛөГч     width           НјПсҝн¶И
   39          // ІОКэЛөГч     height          НјПсёЯ¶И
   40          // ·ө»ШІОКэ     void
   41          // К№УГКҫАэ
   42          //-------------------------------------------------------------------------------------------------------
             -------------
   43          void seekfree_assistant_camera_data_send (seekfree_assistant_image_type_enum camera_type, void *image_add
             -r, uint8 boundary_num, uint16 width, uint16 height)
   44          {
   45   1          uint32 image_size = 0;
   46   1      
C251 COMPILER V5.60.0,  seekfree_assistant                                                 21/05/26  21:00:44  PAGE 2   

   47   1          seekfree_assistant_camera_data.head           = SEEKFREE_ASSISTANT_SEND_HEAD;
   48   1          seekfree_assistant_camera_data.function       = SEEKFREE_ASSISTANT_CAMERA_FUNCTION;
   49   1          seekfree_assistant_camera_data.camera_type    = (camera_type << 5) | ((image_addr != NULL ? 0 : 1) <<
             - 4) | boundary_num;
   50   1          // РҙИл°ьіӨ¶ИРЕПўЈ¬Ҫц°ьә¬РӯТйІҝ·Ц
   51   1          seekfree_assistant_camera_data.length         = sizeof(seekfree_assistant_camera_struct);
   52   1          seekfree_assistant_camera_data.image_width    = ((((uint16)width << 8)&0xFF00) | ((uint16)width >> 8)
             -);
   53   1          seekfree_assistant_camera_data.image_height   = ((((uint16)height << 8)&0xFF00) | ((uint16)height >> 
             -8));
   54   1      
   55   1          // КЧПИ·ўЛНЦЎН·Ўў№ҰДЬЎўЙгПсН·АаРНЎўТФј°ҝн¶ИёЯ¶ИөИРЕПў
   56   1          seekfree_assistant_transfer_callback((const uint8 *)&seekfree_assistant_camera_data, sizeof(seekfree_
             -assistant_camera_struct));
   57   1      
   58   1          // ёщҫЭЙгПсН·АаРНјЖЛгНјПсҙуРЎ
   59   1          switch(camera_type)
   60   1          {
   61   2              case SEEKFREE_ASSISTANT_OV7725_BIN:
   62   2              {
   63   3                  image_size = width * height / 8;
   64   3              }break;
   65   2      
   66   2              case SEEKFREE_ASSISTANT_MT9V03X:
   67   2              {
   68   3                  image_size = width * height;
   69   3              }break;
   70   2      
   71   2              case SEEKFREE_ASSISTANT_SCC8660:
   72   2              {
   73   3                  image_size = width * height * 2;
   74   3              }break;
   75   2          }
   76   1      
   77   1          // ·ўЛННјПсКэҫЭ
   78   1          if(NULL != image_addr)
   79   1          {
   80   2              seekfree_assistant_transfer_callback(image_addr, image_size);
   81   2          }
   82   1      }
   83          
   84          //-------------------------------------------------------------------------------------------------------
             -------------
   85          // әҜКэјтҪй     Цр·ЙЦъКЦНјПсРЕПўЕдЦГәҜКэ
   86          // ІОКэЛөГч     camera_type     НјПсАаРН
   87          // ІОКэЛөГч     image_addr      НјПсөШЦ·    Из№ыҙ«өЭNULLІОКэФтұнКҫЦ»·ўЛНұЯПЯРЕПўөҪЙПО»»ъ
   88          // ІОКэЛөГч     width           НјПсҝн¶И
   89          // ІОКэЛөГч     height          НјПсёЯ¶И
   90          // ·ө»ШІОКэ     void
   91          // К№УГКҫАэ                     seekfree_assistant_camera_information_config(SEEKFREE_ASSISTANT_MT9V03X, 
             -mt9v03x_image[0], MT9V03X_W, MT9V03X_H);
   92          // ұёЧўРЕПў
   93          //-------------------------------------------------------------------------------------------------------
             -------------
   94          void seekfree_assistant_camera_information_config (seekfree_assistant_image_type_enum camera_type, void *
             -image_addr, uint16 width, uint16 height)
   95          {
   96   1          seekfree_assistant_camera_dot_data.head       = SEEKFREE_ASSISTANT_SEND_HEAD;
   97   1          seekfree_assistant_camera_dot_data.function   = SEEKFREE_ASSISTANT_CAMERA_DOT_FUNCTION;
   98   1          // РҙИл°ьіӨ¶ИРЕПў
   99   1          seekfree_assistant_camera_dot_data.length     = sizeof(seekfree_assistant_camera_dot_struct);
  100   1      
  101   1          seekfree_assistant_camera_buffer.camera_type  = camera_type;
  102   1          seekfree_assistant_camera_buffer.image_addr   = image_addr;
  103   1          seekfree_assistant_camera_buffer.width        = width;
  104   1          seekfree_assistant_camera_buffer.height       = height;
C251 COMPILER V5.60.0,  seekfree_assistant                                                 21/05/26  21:00:44  PAGE 3   

  105   1      }
  106          
  107          //-------------------------------------------------------------------------------------------------------
             -------------
  108          // әҜКэјтҪй     Цр·ЙЦъКЦ РйДвКҫІЁЖч·ўЛНәҜКэ
  109          // ІОКэЛөГч     *seekfree_assistant_oscilloscope  КҫІЁЖчКэҫЭҪб№№Ме
  110          // ·ө»ШІОКэ     void
  111          // К№УГКҫАэ     seekfree_assistant_oscilloscope_send(&seekfree_assistant_oscilloscope_data);
  112          //-------------------------------------------------------------------------------------------------------
             -------------
  113          void seekfree_assistant_oscilloscope_send (seekfree_assistant_oscilloscope_struct *seekfree_assistant_osc
             -illoscope)
  114          {
  115   1          uint8 packet_size = 0;
  116   1              uint8 i = 0;
  117   1              seekfree_assistant_oscilloscope_struct temp_oscilloscope = {0};
  118   1              
  119   1              temp_oscilloscope.channel_num = seekfree_assistant_oscilloscope->channel_num & 0x0f;
  120   1              
  121   1              // УЙУЪҙуРЎ¶ЛІ»ЖҘЕдЈ¬ЛщТФРиТӘҪ»»»ЎЈ
  122   1              for(i = 0; i < temp_oscilloscope.channel_num; i++)
  123   1              {
  124   2                      ((uint8 *)&temp_oscilloscope.dat[i])[0] = ((uint8 *)&seekfree_assistant_oscilloscope->dat[i])[3];
  125   2                      ((uint8 *)&temp_oscilloscope.dat[i])[1] = ((uint8 *)&seekfree_assistant_oscilloscope->dat[i])[2];
  126   2                      ((uint8 *)&temp_oscilloscope.dat[i])[2] = ((uint8 *)&seekfree_assistant_oscilloscope->dat[i])[1];
  127   2                      ((uint8 *)&temp_oscilloscope.dat[i])[3] = ((uint8 *)&seekfree_assistant_oscilloscope->dat[i])[0];
  128   2              }
  129   1      
  130   1          // ЦЎН·
  131   1          temp_oscilloscope.head         = SEEKFREE_ASSISTANT_SEND_HEAD;
  132   1      
  133   1          // РҙИл°ьіӨ¶ИРЕПў
  134   1          packet_size                     = sizeof(temp_oscilloscope) - (SEEKFREE_ASSISTANT_SET_OSCILLOSCOPE_CO
             -UNT - temp_oscilloscope.channel_num) * 4;
  135   1          temp_oscilloscope.length       = packet_size;
  136   1      
  137   1          // РҙИл№ҰДЬЧЦУлНЁөАКэБҝ
  138   1          temp_oscilloscope.channel_num |= SEEKFREE_ASSISTANT_CAMERA_OSCILLOSCOPE;
  139   1      
  140   1          // әНРЈСйјЖЛг
  141   1          temp_oscilloscope.check_sum    = 0;
  142   1          temp_oscilloscope.check_sum    = seekfree_assistant_sum((uint8 *)&temp_oscilloscope, packet_size);
  143   1      
  144   1          // КэҫЭФЪөчУГұҫәҜКэЦ®З°Ј¬УЙУГ»§Ҫ«РиТӘ·ўЛНөДКэҫЭРҙИлtemp_oscilloscope.data[]
  145   1      
  146   1          seekfree_assistant_transfer_callback((const uint8 *)&temp_oscilloscope, packet_size);
  147   1      }
  148          
  149          void seekfree_assistant_camera_dot_send (seekfree_assistant_camera_buffer_struct *buffer)
  150          {
  151   1          uint8  i;
  152   1          uint16 dot_bytes = 0;   // өгЧЦҪЪКэБҝ
  153   1      
  154   1          dot_bytes = seekfree_assistant_camera_dot_data.dot_num;
  155   1              dot_bytes = ((((uint16)dot_bytes << 8)&0xFF00) | ((uint16)dot_bytes >> 8));
  156   1          if(seekfree_assistant_camera_dot_data.dot_type & (1 << 5))
  157   1          {
  158   2              dot_bytes *= 2;
  159   2          }
  160   1      
  161   1          // КЧПИ·ўЛНЦЎН·Ўў№ҰДЬЎўұЯҪзұаәЕЎўЧшұкіӨ¶ИЎўөгёцКэ
  162   1          seekfree_assistant_transfer_callback((const uint8 *)&seekfree_assistant_camera_dot_data, sizeof(seekf
             -ree_assistant_camera_dot_struct));
  163   1      
  164   1          for(i=0; i < SEEKFREE_ASSISTANT_CAMERA_MAX_BOUNDARY; i++)
  165   1          {
C251 COMPILER V5.60.0,  seekfree_assistant                                                 21/05/26  21:00:44  PAGE 4   

  166   2              // ЕР¶ПКЗ·с·ўЛНәбЧшұкКэҫЭ
  167   2              if(NULL != buffer->boundary_x[i])
  168   2              {
  169   3                  seekfree_assistant_transfer_callback((const uint8 *)buffer->boundary_x[i], dot_bytes);
  170   3              }
  171   2      
  172   2              // ЕР¶ПКЗ·с·ўЛНЧЭЧшұкКэҫЭ
  173   2              if(NULL != buffer->boundary_y[i])
  174   2              {
  175   3                  // Из№ыГ»УРЧЭЧшұкКэҫЭЈ¬ФтұнКҫГҝТ»РРЦ»УРТ»ёцұЯҪз
  176   3                  // Цё¶ЁБЛәбЧЭЧшұкКэҫЭЈ¬ХвЦЦ·ҪКҪҝЙТФКөПЦН¬Т»РР¶аёцұЯҪзөДЗйҝцЈ¬АэИзЛСПЯЛг·ЁДЬ№»ЛСЛчіц»ШНдЎЈ
  177   3                  seekfree_assistant_transfer_callback((const uint8 *)buffer->boundary_y[i], dot_bytes);
  178   3              }
  179   2          }
  180   1      }
  181          
  182          //-------------------------------------------------------------------------------------------------------
             -------------
  183          // әҜКэјтҪй     Цр·ЙЦъКЦНјПсұЯПЯ·ўЛНЕдЦГәҜКэ
  184          // ІОКэЛөГч     boundary_type   ұЯҪзАаРН
  185          // ІОКэЛөГч     dot_num         Т»МхұЯҪзУР¶аЙЩёцөг
  186          // ІОКэЛөГч     dot_x1          ҙж·ЕұЯПЯ1әбЧшұкөДөШЦ·  Из№ыҙ«өЭNULLІОКэФтұнКҫІ»·ўЛНұЯПЯ1
  187          // ІОКэЛөГч     dot_x2          ҙж·ЕұЯПЯ2әбЧшұкөДөШЦ·  Из№ыҙ«өЭNULLІОКэФтұнКҫІ»·ўЛНұЯПЯ2
  188          // ІОКэЛөГч     dot_x3          ҙж·ЕұЯПЯ3әбЧшұкөДөШЦ·  Из№ыҙ«өЭNULLІОКэФтұнКҫІ»·ўЛНұЯПЯ3
  189          // ІОКэЛөГч     dot_y1          ҙж·ЕұЯПЯ1ЧЭЧшұкөДөШЦ·  Из№ыҙ«өЭNULLІОКэФтұнКҫІ»·ўЛНұЯПЯ1
  190          // ІОКэЛөГч     dot_y2          ҙж·ЕұЯПЯ2ЧЭЧшұкөДөШЦ·  Из№ыҙ«өЭNULLІОКэФтұнКҫІ»·ўЛНұЯПЯ2
  191          // ІОКэЛөГч     dot_y3          ҙж·ЕұЯПЯ3ЧЭЧшұкөДөШЦ·  Из№ыҙ«өЭNULLІОКэФтұнКҫІ»·ўЛНұЯПЯ3
  192          // ·ө»ШІОКэ     void
  193          // К№УГКҫАэ                     seekfree_assistant_camera_config(X_BOUNDARY, MT9V03X_H, x1_boundary, x2_b
             -oundary, x3_boundary, NULL, NULL, NULL);     // НјПс·ўЛНКұ°ьә¬ИэМхұЯПЯЈ¬ұЯПЯЦ»УРәбЧшұк
  194          // К№УГКҫАэ                     seekfree_assistant_camera_config(Y_BOUNDARY, MT9V03X_W, NULL, NULL, NULL,
             - y1_boundary, y2_boundary, y3_boundary);     // НјПс·ўЛНКұ°ьә¬ИэМхұЯПЯЈ¬ұЯПЯЦ»УРЧЭЧшұк
  195          // К№УГКҫАэ                     seekfree_assistant_camera_config(XY_BOUNDARY, 160, xy_x1_boundary, xy_x2_
             -boundary, xy_x3_boundary, xy_y1_boundary, xy_y2_boundary, xy_y3_boundary);   // НјПс·ўЛНКұ°ьә¬ИэМхұЯПЯЈ¬ұЯПЯ°ьә¬әбЧЭЧшұк
  196          // ұёЧўРЕПў
  197          //-------------------------------------------------------------------------------------------------------
             -------------
  198          void seekfree_assistant_camera_boundary_config (seekfree_assistant_boundary_type_enum boundary_type, uint
             -16 dot_num, void *dot_x1, void *dot_x2, void *dot_x3, void *dot_y1, void *dot_y2, void *dot_y3)
  199          {
  200   1          uint8 i = 0;
  201   1          uint8 boundary_num = 0;
  202   1          uint8 boundary_data_type = 0;
  203   1      
  204   1          seekfree_assistant_camera_dot_data.dot_num    = ((((uint16)dot_num << 8)&0xFF00) | ((uint16)dot_num >
             -> 8));;
  205   1          seekfree_assistant_camera_dot_data.valid_flag = 0;
  206   1          for(i = 0; i < 3; i++)
  207   1          {
  208   2              seekfree_assistant_camera_buffer.boundary_x[i] = NULL;
  209   2              seekfree_assistant_camera_buffer.boundary_y[i] = NULL;
  210   2          }
  211   1      
  212   1          switch(boundary_type)
  213   1          {
  214   2              case X_BOUNDARY:
  215   2              {
  216   3                  if(NULL != dot_x1)
  217   3                  {
  218   4                      boundary_num++;
  219   4                      seekfree_assistant_camera_dot_data.valid_flag |= 1 << 0;
  220   4                      seekfree_assistant_camera_buffer.boundary_x[i++] = dot_x1;
  221   4                  }
  222   3                  if(NULL != dot_x2)
  223   3                  {
  224   4                      boundary_num++;
C251 COMPILER V5.60.0,  seekfree_assistant                                                 21/05/26  21:00:44  PAGE 5   

  225   4                      seekfree_assistant_camera_dot_data.valid_flag |= 1 << 1;
  226   4                      seekfree_assistant_camera_buffer.boundary_x[i++] = dot_x2;
  227   4                  }
  228   3                  if(NULL != dot_x3)
  229   3                  {
  230   4                      boundary_num++;
  231   4                      seekfree_assistant_camera_dot_data.valid_flag |= 1 << 2;
  232   4                      seekfree_assistant_camera_buffer.boundary_x[i++] = dot_x3;
  233   4                  }
  234   3      
  235   3                  if(255 < seekfree_assistant_camera_buffer.height)
  236   3                  {
  237   4                      boundary_data_type = 1;
  238   4                  }
  239   3              }break;
  240   2      
  241   2              case Y_BOUNDARY:
  242   2              {
  243   3                  if(NULL != dot_y1)
  244   3                  {
  245   4                      boundary_num++;
  246   4                      seekfree_assistant_camera_dot_data.valid_flag |= 1 << 0;
  247   4                      seekfree_assistant_camera_buffer.boundary_y[i++] = dot_y1;
  248   4                  }
  249   3                  if(NULL != dot_y2)
  250   3                  {
  251   4                      boundary_num++;
  252   4                      seekfree_assistant_camera_dot_data.valid_flag |= 1 << 1;
  253   4                      seekfree_assistant_camera_buffer.boundary_y[i++] = dot_y2;
  254   4                  }
  255   3                  if(NULL != dot_y3)
  256   3                  {
  257   4                      boundary_num++;
  258   4                      seekfree_assistant_camera_dot_data.valid_flag |= 1 << 2;
  259   4                      seekfree_assistant_camera_buffer.boundary_y[i++] = dot_y3;
  260   4                  }
  261   3      
  262   3                  if(255 < seekfree_assistant_camera_buffer.width)
  263   3                  {
  264   4                      boundary_data_type = 1;
  265   4                  }
  266   3              }break;
  267   2      
  268   2              case XY_BOUNDARY:
  269   2              {
  270   3                  if((NULL != dot_x1) && (NULL != dot_y1))
  271   3                  {
  272   4                      boundary_num++;
  273   4                      seekfree_assistant_camera_dot_data.valid_flag |= 1 << 0;
  274   4                      seekfree_assistant_camera_buffer.boundary_x[i]   = dot_x1;
  275   4                      seekfree_assistant_camera_buffer.boundary_y[i++] = dot_y1;
  276   4                  }
  277   3                  if((NULL != dot_x2) && (NULL != dot_y2))
  278   3                  {
  279   4                      boundary_num++;
  280   4                      seekfree_assistant_camera_dot_data.valid_flag |= 1 << 1;
  281   4                      seekfree_assistant_camera_buffer.boundary_x[i]   = dot_x2;
  282   4                      seekfree_assistant_camera_buffer.boundary_y[i++] = dot_y2;
  283   4                  }
  284   3                  if((NULL != dot_x3) && (NULL != dot_y3))
  285   3                  {
  286   4                      boundary_num++;
  287   4                      seekfree_assistant_camera_dot_data.valid_flag |= 1 << 2;
  288   4                      seekfree_assistant_camera_buffer.boundary_x[i]   = dot_x3;
  289   4                      seekfree_assistant_camera_buffer.boundary_y[i++] = dot_y3;
  290   4                  }
C251 COMPILER V5.60.0,  seekfree_assistant                                                 21/05/26  21:00:44  PAGE 6   

  291   3      
  292   3                  if((255 < seekfree_assistant_camera_buffer.width) || (255 < seekfree_assistant_camera_buffer.
             -height))
  293   3                  {
  294   4                      boundary_data_type = 1;
  295   4                  }
  296   3              }break;
  297   2      
  298   2              case NO_BOUNDARY:break;
  299   2          }
  300   1      
  301   1          seekfree_assistant_camera_dot_data.dot_type   = (boundary_type << 6) | (boundary_data_type << 5) | bo
             -undary_num;
  302   1      }
  303          //-------------------------------------------------------------------------------------------------------
             -------------
  304          // әҜКэјтҪй     Цр·ЙЦъКЦҪвОцҪУКХөҪөДКэҫЭ
  305          // ІОКэЛөГч     void
  306          // ·ө»ШІОКэ     void
  307          // К№УГКҫАэ     әҜКэЦ»РиТӘ·ЕөҪЦЬЖЪФЛРРөДPITЦР¶П»тХЯЦчСӯ»·јҙҝЙ
  308          //-------------------------------------------------------------------------------------------------------
             -------------
  309          void seekfree_assistant_data_analysis (void)
  310          {
  311   1      
  312   1          uint8  temp_sum = 0;
  313   1          uint32 read_length = 0;
  314   1              uint16 struct_len = sizeof(seekfree_assistant_parameter_struct);
  315   1          seekfree_assistant_parameter_struct *receive_packet;
  316   1              
  317   1          // ХвАпК№УГuint32ҪшРР¶ЁТеЈ¬ДҝөДКЗОӘБЛұЈЦӨКэЧйЛДЧЦҪЪ¶ФЖл
  318   1          uint32  temp_buffer[SEEKFREE_ASSISTANT_BUFFER_SIZE / 4] = {0};
  319   1      
  320   1              uint32 i = 0;
  321   1              
  322   1              bit flag = 0;
  323   1              flag = EA;
  324   1              // ·АЦ№fifoФЪ¶БИЎөДН¬КұЈ¬УЦНЁ№эЦР¶ПРҙИл¶шКэҫЭҙнВТЎЈ
  325   1              EA = 0;
  326   1              
  327   1          // іўКФ¶БИЎКэҫЭ, Из№ыІ»КЗЧФ¶ЁТеөДҙ«Кд·ҪКҪФтҙУҪУКХ»ШөчЦР¶БИЎКэҫЭ
  328   1          read_length = seekfree_assistant_receive_callback((uint8 *)temp_buffer, SEEKFREE_ASSISTANT_BUFFER_SIZ
             -E);
  329   1              
  330   1          if(read_length)
  331   1          {
  332   2              // Ҫ«¶БИЎөҪөДКэҫЭРҙИлFIFO
  333   2              fifo_write_buffer(&seekfree_assistant_fifo, (uint8 *)temp_buffer, read_length);
  334   2          }
  335   1              
  336   1          while(struct_len <= fifo_used(&seekfree_assistant_fifo))
  337   1          {
  338   2      
  339   2              read_length = sizeof(seekfree_assistant_parameter_struct);
  340   2              fifo_read_buffer(&seekfree_assistant_fifo, (uint8 *)temp_buffer, &read_length, FIFO_READ_ONLY);
  341   2              if(SEEKFREE_ASSISTANT_RECEIVE_HEAD != ((uint8 *)temp_buffer)[0])
  342   2              {
  343   3                  // Г»УРЦЎН·ФтҙУFIFOЦРИҘөфөЪТ»ёцКэҫЭ
  344   3                  read_length = 1;
  345   3              }
  346   2              else
  347   2              {
  348   3      
  349   3                  // ХТөҪЦЎН·
  350   3                  receive_packet = (seekfree_assistant_parameter_struct *)temp_buffer;
  351   3                  temp_sum = receive_packet->check_sum;
C251 COMPILER V5.60.0,  seekfree_assistant                                                 21/05/26  21:00:44  PAGE 7   

  352   3                  receive_packet->check_sum = 0;
  353   3      
  354   3                  if(temp_sum == seekfree_assistant_sum((uint8 *)temp_buffer, sizeof(seekfree_assistant_paramet
             -er_struct)))
  355   3                  {
  356   4                      // әНРЈСйіЙ№ҰұЈҙжКэҫЭ
  357   4                              
  358   4                                      // УЙУЪҙуРЎ¶ЛІ»ЖҘЕдЈ¬ЛщТФРиТӘҪ»»»ЎЈ
  359   4                                      ((uint8 *)&seekfree_assistant_parameter[receive_packet->channel - 1])[3] = ((uint8 *)&receive_packet-
             ->dat)[0];
  360   4                                      ((uint8 *)&seekfree_assistant_parameter[receive_packet->channel - 1])[2] = ((uint8 *)&receive_packet-
             ->dat)[1];
  361   4                                      ((uint8 *)&seekfree_assistant_parameter[receive_packet->channel - 1])[1] = ((uint8 *)&receive_packet-
             ->dat)[2];
  362   4                                      ((uint8 *)&seekfree_assistant_parameter[receive_packet->channel - 1])[0] = ((uint8 *)&receive_packet-
             ->dat)[3];
  363   4                                      seekfree_assistant_parameter_update_flag[receive_packet->channel - 1] = 1;
  364   4                  }
  365   3                  else
  366   3                  {
  367   4                      read_length = 1;
  368   4                  }
  369   3              }
  370   2              
  371   2              // ¶ӘЖъОЮРиК№УГөДКэҫЭ
  372   2              fifo_read_buffer(&seekfree_assistant_fifo, (uint8 *)temp_buffer, &read_length, FIFO_READ_AND_CLEA
             -N);
  373   2          }
  374   1              EA = flag;
  375   1      }
  376          //-------------------------------------------------------------------------------------------------------
             -------------
  377          // әҜКэјтҪй     Цр·ЙЦъКЦ·ўЛНЙгПсН·НјПс
  378          // ІОКэЛөГч     void
  379          // ·ө»ШІОКэ     void
  380          // К№УГКҫАэ
  381          // ұёЧўРЕПў     ФЪөчУГНјПс·ўЛНәҜКэЦ®З°Ј¬ЗлОсұШөчУГТ»ҙОseekfree_assistant_camera_configәҜКэЈ¬Ҫ«¶ФУҰөДІОКэЙ
             -иЦГәГ
  382          //-------------------------------------------------------------------------------------------------------
             -------------
  383          void seekfree_assistant_camera_send (void)
  384          {
  385   1      
  386   1          seekfree_assistant_camera_data_send(seekfree_assistant_camera_buffer.camera_type, seekfree_assistant_
             -camera_buffer.image_addr, seekfree_assistant_camera_dot_data.dot_type & 0x0f, seekfree_assistant_camera_buffer.width, se
             -ekfree_assistant_camera_buffer.height);
  387   1      
  388   1          if(seekfree_assistant_camera_dot_data.dot_type & 0x0f)
  389   1          {
  390   2              seekfree_assistant_camera_dot_send(&seekfree_assistant_camera_buffer);
  391   2          }
  392   1      }
  393          
  394          //-------------------------------------------------------------------------------------------------------
             -------------
  395          // әҜКэјтҪй     Цр·ЙЦъКЦ іхКј»Ҝ
  396          // ІОКэЛөГч
  397          // ·ө»ШІОКэ     void
  398          // К№УГКҫАэ
  399          //-------------------------------------------------------------------------------------------------------
             -------------
  400          void seekfree_assistant_init ()
  401          {
  402   1          fifo_init(&seekfree_assistant_fifo,  FIFO_DATA_8BIT, seekfree_assistant_buffer, SEEKFREE_ASSISTANT_BU
             -FFER_SIZE);
  403   1      }
C251 COMPILER V5.60.0,  seekfree_assistant                                                 21/05/26  21:00:44  PAGE 8   

  404          
  405          


Module Information          Static   Overlayable
------------------------------------------------
  code size            =      3271     ------
  ecode size           =    ------     ------
  data size            =    ------     ------
  idata size           =    ------     ------
  pdata size           =    ------     ------
  xdata size           =       574     ------
  xdata-const size     =    ------     ------
  edata size           =    ------     ------
  bit size             =         1     ------
  ebit size            =    ------     ------
  bitaddressable size  =    ------     ------
  ebitaddressable size =    ------     ------
  far data size        =    ------     ------
  huge data size       =    ------     ------
  const size           =    ------     ------
  hconst size          =       521     ------
End of Module Information.


C251 COMPILATION COMPLETE.  0 WARNING(S),  0 ERROR(S)
