C251 COMPILER V5.60.0,  seekfree_assistant_interface                                       17/05/26  21:47:55  PAGE 1   


C251 COMPILER V5.60.0, COMPILATION OF MODULE seekfree_assistant_interface
OBJECT MODULE PLACED IN .\out_file\seekfree_assistant_interface.obj
COMPILER INVOKED BY: D:\Keil_v5\C251\BIN\C251.EXE ..\..\libraries\zf_components\seekfree_assistant_interface.c LARGE NOA
                    -LIAS WARNINGLEVEL(0) OPTIMIZE(0,SIZE) BROWSE INCDIR(..\..\libraries\zf_common;..\..\libraries\zf_components;..\..\librar
                    -ies\zf_device;..\..\libraries\zf_driver;..\user;..\code) DEBUG PRINT(.\out_file\seekfree_assistant_interface.lst) OBJECT
                    -(.\out_file\seekfree_assistant_interface.obj) 

stmt  level    source

    1          #include "seekfree_assistant.h"
    2          
    3          //-------------------------------------------------------------------------------------------------------
             -------------
    4          // КЏЪ§МђНщ     ж№ЗЩжњЪжЗЂЫЭКЏЪ§
    5          // ВЮЪ§ЫЕУї     *buff           ашвЊЗЂЫЭЕФЪ§ОнЕижЗ
    6          // ВЮЪ§ЫЕУї     length          ашвЊЗЂЫЭЕФГЄЖШ
    7          // ЗЕЛиВЮЪ§     uint32          ЪЃгрЮДЗЂЫЭЪ§ОнГЄЖШ
    8          // ЪЙгУЪОР§
    9          //-------------------------------------------------------------------------------------------------------
             -------------
   10          uint32 (*seekfree_assistant_transfer_callback)   (const uint8 *buff, uint32 length);
   11          
   12          
   13          //-------------------------------------------------------------------------------------------------------
             -------------
   14          // КЏЪ§МђНщ     ж№ЗЩжњЪжНгЪеЪ§ОнКЏЪ§
   15          // ВЮЪ§ЫЕУї     *buff           ашвЊНгЪеЕФЪ§ОнЕижЗ
   16          // ВЮЪ§ЫЕУї     length          вЊНгЪеЕФЪ§ОнзюДѓГЄЖШ
   17          // ЗЕЛиВЮЪ§     uint32          НгЪеЕНЕФЪ§ОнГЄЖШ
   18          // ЪЙгУЪОР§
   19          //-------------------------------------------------------------------------------------------------------
             -------------
   20          uint32 (*seekfree_assistant_receive_callback)    (uint8 *buff, uint32 length);
   21          
   22          
   23          //-------------------------------------------------------------------------------------------------------
             -------------
   24          // КЏЪ§МђНщ     ж№ЗЩжњЪжНгПк ГѕЪМЛЏ
   25          // ВЮЪ§ЫЕУї
   26          // ЗЕЛиВЮЪ§     void
   27          // ЪЙгУЪОР§     seekfree_assistant_interface_init(SEEKFREE_ASSISTANT_WIFI_SPI); ЪЙгУИпЫйWIFI SPIФЃПщНјааЪ
             -§ОнЪеЗЂ
   28          // БИзЂ         ашвЊздааЕїгУЩшБИЕФГѕЪМЛЏЃЌР§ШчЪЙгУЮоЯпзЊДЎПкНјааЪ§ОнЕФЪеЗЂЃЌдђашвЊздааЕїгУЮоЯпзЊДЎПкЕФГѕЪ
             -МЛЏЃЌШЛКѓдйЕїгУseekfree_assistant_interface_initЭъГЩж№ЗЩжњЪжЕФНгПкГѕЪМЛЏ
   29          //-------------------------------------------------------------------------------------------------------
             -------------
   30          void seekfree_assistant_interface_init (seekfree_assistant_transfer_device_enum transfer_device)
   31          {
   32   1          switch(transfer_device)
   33   1          {
   34   2              case SEEKFREE_ASSISTANT_DEBUG_UART:
   35   2              {
   36   3                  seekfree_assistant_transfer_callback = debug_send_buffer;
   37   3                  seekfree_assistant_receive_callback = debug_read_buffer;
   38   3              }break;
   39   2              
   40   2              case SEEKFREE_ASSISTANT_WIRELESS_UART:
   41   2              {
   42   3                  seekfree_assistant_transfer_callback = wireless_uart_send_buffer;
   43   3                  seekfree_assistant_receive_callback = wireless_uart_read_buffer;
   44   3              }break;
   45   2              
   46   2              case SEEKFREE_ASSISTANT_CUSTOM:
   47   2              {         
   48   3                  // ИљОнздМКЕФашЧѓ здааЪЕЯжseekfree_assistant_transferгыseekfree_assistant_receiveКЏЪ§ЃЌЭъГЩЪ§
C251 COMPILER V5.60.0,  seekfree_assistant_interface                                       17/05/26  21:47:55  PAGE 2   

             -ОнЕФЪеЗЂ
   49   3                  
   50   3              }break;
   51   2          }
   52   1      }
   53          
   54          


Module Information          Static   Overlayable
------------------------------------------------
  code size            =        63     ------
  ecode size           =    ------     ------
  data size            =    ------     ------
  idata size           =    ------     ------
  pdata size           =    ------     ------
  xdata size           =         6     ------
  xdata-const size     =    ------     ------
  edata size           =    ------     ------
  bit size             =    ------     ------
  ebit size            =    ------     ------
  bitaddressable size  =    ------     ------
  ebitaddressable size =    ------     ------
  far data size        =    ------     ------
  huge data size       =    ------     ------
  const size           =    ------     ------
  hconst size          =    ------     ------
End of Module Information.


C251 COMPILATION COMPLETE.  0 WARNING(S),  0 ERROR(S)
