<<<<<<< HEAD:Project/mdk/out_file/stc32g_isr.lst
A251 MACRO ASSEMBLER  stc32g_isr                                                            17/05/26 17:30:58 PAGE     1
=======
A251 MACRO ASSEMBLER  stc32g_isr                                                            19/05/26 19:24:56 PAGE     1
>>>>>>> 10dfd61f563e4089327466c874f18a479a7ee334:21-smartcar-main/Project/mdk/out_file/stc32g_isr.lst


MACRO ASSEMBLER A251 V4.69.13.0
OBJECT MODULE PLACED IN .\out_file\stc32g_isr.obj
ASSEMBLER INVOKED BY: D:\Keil_v5\C251\BIN\A251.EXE ..\..\libraries\zf_common\stc32g_isr.asm MODSRC INCDIR(..\..\librarie
                      s\zf_common) SET(LARGE) DEBUG PRINT(.\out_file\stc32g_isr.lst) OBJECT(.\out_file\stc32g_isr.obj) EP

LOC    OBJ             LINE     SOURCE

00019B                    1             CSEG AT 019BH   ;UART1 DMA RXÖĐ¶Ď
00019B 020023             2             LJMP 0023H              ;UART1 ÖĐ¶Ď
                          3             
0001AB                    4             CSEG AT 01ABH   ;UART2 DMA RXÖĐ¶Ď
0001AB 020043             5             LJMP 0043H              ;UART2 ÖĐ¶Ď
                          6             
0001BB                    7             CSEG AT 01BBH   ;UART3 DMA RXÖĐ¶Ď
0001BB 02008B             8             LJMP 008BH              ;UART3 ÖĐ¶Ď
                          9             
0001CB                   10             CSEG AT 01CBH   ;UART4 DMA RXÖĐ¶Ď
0001CB 020093            11             LJMP 0093H              ;UART4 ÖĐ¶Ď
                         12             END
<<<<<<< HEAD:Project/mdk/out_file/stc32g_isr.lst
A251 MACRO ASSEMBLER  stc32g_isr                                                            17/05/26 17:30:58 PAGE     2
=======
A251 MACRO ASSEMBLER  stc32g_isr                                                            19/05/26 19:24:56 PAGE     2
>>>>>>> 10dfd61f563e4089327466c874f18a479a7ee334:21-smartcar-main/Project/mdk/out_file/stc32g_isr.lst

SYMBOL TABLE LISTING
------ ----- -------


N A MT Y P E  V A L U E     ATTRIBUTES



REGISTER BANK(S) USED: 


ASSEMBLY COMPLETE.  0 WARNING(S), 0 ERROR(S).
