C251 COMPILER V5.60.0,  trank                                                              24/05/26  22:08:55  PAGE 1   


C251 COMPILER V5.60.0, COMPILATION OF MODULE trank
OBJECT MODULE PLACED IN .\out_file\trank.obj
COMPILER INVOKED BY: E:\keil_v5\C251\BIN\C251.EXE trank.c LARGE NOALIAS WARNINGLEVEL(0) OPTIMIZE(0,SIZE) BROWSE INCDIR(.
                    -.\..\libraries\zf_common;..\..\libraries\zf_components;..\..\libraries\zf_device;..\..\libraries\zf_driver;..\user;..\co
                    -de) DEBUG PRINT(.\out_file\trank.lst) OBJECT(.\out_file\trank.obj) 

stmt  level    source

    1          #include "zf_common_headfile.h"
    2          
    3          PID_TypeDef Turn_PID, Gyro_PID;
    4          PID_TypeDef left_spid;
    5          PID_TypeDef right_spid;
    6          
    7          #define ENCODER_DIR_LEFT                        (TIM0_ENCOEDER)
    8          #define ENCODER_DIR_DIR_LEFT                    (IO_P35)
    9          #define ENCODER_DIR_PULSE_LEFT                  (TIM0_ENCOEDER_P34)
   10          
   11          #define ENCODER_DIR_RIGHT                       (TIM3_ENCOEDER)
   12          #define ENCODER_DIR_DIR_RIGHT                   (IO_P53)
   13          #define ENCODER_DIR_PULSE_RIGHT                 (TIM3_ENCOEDER_P04)
   14          #define MAX_INC 150.0
   15          #define GYRO_TARGET_MAX 10000.0f
   16          
   17          volatile int16 speed_left = 0;
   18          volatile int16 speed_right = 0;
   19          
   20          float elemid = 0;
   21          float eleOut_0 = 0;
   22          float eleOut_1 = 0;
   23          float BASE_SPEED =375;
   24          volatile float Turn_target = 0;
   25          volatile uint8 control_ready = 0;        /* ┐покЙ═лэ├┼НбБ║0 = ╦┘Х╚╗ийч│ШБг1 = мЛМлМллД─┐▒Ж╦┘Х╚┐╔о┤лл */
   26          
   27          /* ═еМ├ PID │ш╩╝╗»Б║Кт┴сО┤╠г┴┐▓бл┤╚внШмТМв¤яищ */
   28          void PID_Init(PID_TypeDef *pid, float kp, float kp2, float ki, float kd, float max_out, float max_i)
   29          {
   30   1          pid->Kp = kp;
   31   1          pid->Kp2 = kp2;
   32   1      
   33   1          pid->Ki = ki;
   34   1          pid->Kd = kd;
   35   1          pid->max_out = max_out;
   36   1          pid->max_i = max_i;
   37   1      
   38   1          pid->target =0;
   39   1          pid->measure = 0;
   40   1          pid->err = 0;
   41   1          pid->last_err = 0;
   42   1          pid->prev_err = 0;
   43   1          pid->P = 0;
   44   1          pid->P2 = 0;
   45   1          pid->I = 0;
   46   1          pid->D = 0;
   47   1          pid->out = 0;
   48   1              pid->inc_out=0;
   49   1      }
   50          
   51          /* ╬╗о├╩й PIDБ║║г Kp2 иК¤▀лн▒╚└§¤ЬМв Kd м╗йО▓Ьио╬био */
   52          float PID_Calc(PID_TypeDef *pid, float target, float measure)
   53          {
   54   1          pid->target = target;
   55   1          pid->measure = measure;
   56   1      
   57   1          pid->err = pid->target - pid->measure;
C251 COMPILER V5.60.0,  trank                                                              24/05/26  22:08:55  PAGE 2   

   58   1      
   59   1          pid->P  = pid->Kp  * pid->err;
   60   1          pid->P2 = pid->Kp2 * pid->err * My_abs(pid->err);
   61   1      
   62   1          pid->D  = pid->Kd  * (pid->err - pid->last_err);
   63   1      
   64   1          pid->out = pid->P + pid->P2 + pid->D;
   65   1      
   66   1          pid->last_err = pid->err;
   67   1          return pid->out;
   68   1      }
   69          
   70          /* ий¤Ы╬╗о├╗иБ║│Б╠гМ├ Turn_PID ИЩО┘ elemidБг╗и─┌К┐ок▓Ь╦┘ */
   71          void Dir_Control()
   72          {
   73   1          if (TrackState == NORMAL || TrackState == ROUNDIN || TrackState == RIGHT_ROUNDAPPROCH || TrackState =
             -= LEFT_ROUNDAPPROCH)
   74   1          {
   75   2              eleOut_0 = PID_Calc(&Turn_PID, 0, elemid);
   76   2          }
   77   1              else if (TrackState == CROSS)
   78   1          {
   79   2                      elemid = Inductance_Count_Err2(adc_inductance[1], 0,0,adc_inductance[4]);
   80   2              eleOut_0 = PID_Calc(&Turn_PID, 0, elemid);
   81   2          }
   82   1          else if (TrackState == RIGHT_ROUND)
   83   1          {
   84   2              eleOut_0 = 6000;
   85   2          }
   86   1          else if (TrackState == LEFT_ROUND)
   87   1          {
   88   2              eleOut_0 = -6000;
   89   2          }
   90   1          else if (TrackState == ROUNDOUT)
   91   1          {
   92   2                      if(ring_dir == 1)
   93   2                      {
   94   3                              elemid = Inductance_Count_Err2(1.5*adc_inductance[1], 0,0,adc_inductance[4]);
   95   3                      }               
   96   2                      else if(ring_dir == 2)
   97   2                      {
   98   3                              elemid = Inductance_Count_Err2(adc_inductance[1], 0,0,1.5*adc_inductance[4]);
   99   3                      }
  100   2                              eleOut_0 = PID_Calc(&Turn_PID, 0, elemid);
  101   2              }
  102   1                  eleOut_0 = range_protect_float(eleOut_0, -GYRO_TARGET_MAX, GYRO_TARGET_MAX);
  103   1      
  104   1      }
  105          
  106          /* ий¤ЫйК╦┘Х╚╗иБ║и┤└А╩╣М├ (нГ╩╝ LSB - ┴ск»)БгМв Kp/Kd НчХе┴┐╝ХкЦ┼С */
  107          void Dir_Control_gyro()
  108          {
  109   1          eleOut_1 = PID_Calc(&Gyro_PID, eleOut_0, imu660ra_gyro_z - Gyro_Offset.Zdata);
  110   1              eleOut_1 = eleOut_1 +0.70*eleOut_0;
  111   1              eleOut_1 = range_protect_float(eleOut_1, -9000.0f, 9000.0f);
  112   1      }
  113          
  114          /* ░Л eleOut_1 М│╔С│╔ОзМм┬о─┐▒Ж╦┘Х╚Бе═Р▓ЯКр╝М╦┘Аб─┌▓Я╝ш╦┘БЕ */
  115          void Calculate_Differential_Drive() // ▓Ь╦┘╝к╦с
  116          {
  117   1              float k = 0; // ▓Ь╦┘▒╚└§¤х╩§
  118   1          k = eleOut_1 * 0.0001f;                  // ╦ши┼│╔ -1 ~ 1
  119   1          k = range_protect_float(k, -0.7, 0.7); // ¤яокхй -0.65 ~ 0.65Бг╩х¤о▓Ь╦┘¤яищ
  120   1              // ╝к╦сОзМм┬о─┐▒Ж╦┘Х╚
  121   1              if(k >= 0) // МмОф
  122   1              {
C251 COMPILER V5.60.0,  trank                                                              24/05/26  22:08:55  PAGE 3   

  123   2                      left_spid.target = BASE_SPEED *(1+k*0.25);
  124   2                      right_spid.target  = BASE_SPEED *(1-k) ; // ╝М╔┘╝шХЯ
  125   2              }
  126   1              if(k < 0) // ОзОф
  127   1              {
  128   2                      k *= -1;
  129   2                      left_spid.target = BASE_SPEED * (1 - k); // ╝М╔┘╝шХЯ
  130   2                      right_spid.target = BASE_SPEED * (1+k*0.25);
  131   2              }
  132   1      }
  133          
  134          
  135          /* нШ┴┐╩й╦┘Х╚ PIDБе┤Э╠ш╝■╗§ио anti-windupБЕ                                 */
  136          /*   кН═енШ┴┐╩йБ║dU = Kp*(e - e_prev) + Ki*eБг├┐о▄к┌└█╝Мхй out               */
  137          /*   ╬╩╠РБ║out Хцн┌▒Ц║═ох╩▒╚З╬з▓Ь╚н═г¤ЫБгKi │олЭ└█╝МБ╗ОУ┴д¤ч╩Д║з╬яие┴б┐╠═╦▒Ц║═ */
  138          /*   ОШиеБ║х▒ out мЛ▒Ц║═Км╬з▓Ь╚нн┌═к╦Ч╝╠лЭ▒Ц║═ий¤Ы╩▒Бг▒Йо▄к┌░Л╗§ио¤Ьо├ 0        */
  139          void IncPID_Calc(PID_TypeDef *pid, int16 current_speed)
  140          {
  141   1          pid->err = pid->target - current_speed;                                /* ▒Йо▄к┌╦┘Х╚╬з▓Ь e(k) = targe
             -t - ╩х╝╩ */                                                                  /* иынЫН§│Б╝к╦с╗§ионШ┴┐ */
  142   1          pid->I = pid->Ki * pid->err;                                       /*   хЦ▓й╗§ио¤Ь = Ki * e(k) */
  143   1              pid->P=pid->Kp * (pid->err - pid->last_err) ;
  144   1          pid->inc_out = pid->P + pid->I;          /* хЦ▓йнШ┴┐ dU = Kp*de + Ki*e */
  145   1          pid->out += pid->inc_out;                                              /* └█╝Мхйх▒К░╩С│Ш */
  146   1      
  147   1          if (pid->out >  pid->max_out) pid->out =  pid->max_out;                /* Н§¤ЫМ▓¤яищБеи└ PWM му│ШБЕ *
             -/
  148   1          if (pid->out < -pid->max_out) pid->out = -pid->max_out;                /* и┤¤ЫМ▓¤яищ */
  149   1      
  150   1          pid->last_err = pid->err;                                              /* ▒Б┤Т▒Й┤╬╬з▓ЬБг╣Е¤┬┤╬▓Ьио╩╣М
             -├ */
  151   1      }
  152          
  153          /* ╦┘Х╚▒Н╗иБеTIM4 / 2ms й┌┼─БЕ                                            */
  154          /* Х┴ОзМм▒Я┬вкэАбКт┴сБг┼▄┴й┬инШ┴┐╩й PIDБгл┤ PWM                          */
  155          void Dual_Loop_Control(void)
  156          {
  157   1          speed_left  = -encoder_get_count(TIM0_ENCOEDER);                       /* Оз┬о┬Ш│тБе░┤╬№└ь░▓О░ий¤Ы╚Аи
             -┤БЕ */
  158   1          speed_right = encoder_get_count(TIM3_ENCOEDER);                       /* Мм┬о┬Ш│т */
  159   1      
  160   1          encoder_clear_count(TIM0_ENCOEDER);                                    /* Кт┴сБгО╝▒И¤┬м╗о▄к┌└█╝к */
  161   1          encoder_clear_count(TIM3_ENCOEDER);
  162   1      
  163   1          IncPID_Calc(&left_spid,  speed_left);                                  /* Оз┬о╦┘Х╚╗и */
  164   1          IncPID_Calc(&right_spid, speed_right);                                 /* Мм┬о╦┘Х╚╗и */
  165   1      
  166   1              Motor_SetSpeed((int16)left_spid.out,(int16)right_spid.out);           /* л┤╚в PWM ╩С│Ш */
  167   1      }


Module Information          Static   Overlayable
------------------------------------------------
  code size            =      2717     ------
  ecode size           =    ------     ------
  data size            =    ------     ------
  idata size           =    ------     ------
  pdata size           =    ------     ------
  xdata size           =       347     ------
  xdata-const size     =    ------     ------
  edata size           =    ------     ------
  bit size             =    ------     ------
  ebit size            =    ------     ------
  bitaddressable size  =    ------     ------
  ebitaddressable size =    ------     ------
  far data size        =    ------     ------
  huge data size       =    ------     ------
C251 COMPILER V5.60.0,  trank                                                              24/05/26  22:08:55  PAGE 4   

  const size           =    ------     ------
  hconst size          =        65     ------
End of Module Information.


C251 COMPILATION COMPLETE.  0 WARNING(S),  0 ERROR(S)
