C251 COMPILER V5.60.0,  wireless_uart                                                      23/03/26  21:05:41  PAGE 1   


C251 COMPILER V5.60.0, COMPILATION OF MODULE wireless_uart
OBJECT MODULE PLACED IN .\out_file\wireless_uart.obj
COMPILER INVOKED BY: D:\Keil_v5\C251\BIN\C251.EXE ..\..\Libraries\code_c\wireless_uart.c LARGE NOALIAS WARNINGLEVEL(3) O
                    -PTIMIZE(0,SIZE) BROWSE INCDIR(..\..\libraries\zf_common;..\..\libraries\zf_components;..\..\libraries\zf_device;..\..\li
                    -braries\zf_driver;..\user;..\code;..\..\Libraries\code_c;..\..\Libraries\code_h) DEBUG PRINT(.\out_file\wireless_uart.ls
                    -t) OBJECT(.\out_file\wireless_uart.obj) 

stmt  level    source

*** WARNING C38 IN LINE 1 OF ..\..\Libraries\code_c\wireless_uart.c: empty translation unit


Module Information          Static   Overlayable
------------------------------------------------
  code size            =    ------     ------
  ecode size           =    ------     ------
  data size            =    ------     ------
  idata size           =    ------     ------
  pdata size           =    ------     ------
  xdata size           =    ------     ------
  xdata-const size     =    ------     ------
  edata size           =    ------     ------
  bit size             =    ------     ------
  ebit size            =    ------     ------
  bitaddressable size  =    ------     ------
  ebitaddressable size =    ------     ------
  far data size        =    ------     ------
  huge data size       =    ------     ------
  const size           =    ------     ------
  hconst size          =    ------     ------
End of Module Information.


C251 COMPILATION COMPLETE.  1 WARNING(S),  0 ERROR(S)
