C251 COMPILER V5.60.0,  zf_common_fifo                                                     17/05/26  17:30:58  PAGE 1   


C251 COMPILER V5.60.0, COMPILATION OF MODULE zf_common_fifo
OBJECT MODULE PLACED IN .\out_file\zf_common_fifo.obj
COMPILER INVOKED BY: D:\Keil_v5\C251\BIN\C251.EXE ..\..\libraries\zf_common\zf_common_fifo.c LARGE NOALIAS WARNINGLEVEL(
                    -0) OPTIMIZE(0,SIZE) BROWSE INCDIR(..\..\libraries\zf_common;..\..\libraries\zf_components;..\..\libraries\zf_device;..\.
                    -.\libraries\zf_driver;..\user;..\code) DEBUG PRINT(.\out_file\zf_common_fifo.lst) OBJECT(.\out_file\zf_common_fifo.obj) 

stmt  level    source

    1          #include "zf_common_fifo.h"
    2          #include "zf_common_debug.h"
    3          
    4          #pragma warning disable = 188
    5          
    6          //-------------------------------------------------------------------------------------------------------
             -------------
    7          // КЏЪ§МђНщ     FIFO ЭЗжИеыЮЛвЦ
    8          // ВЮЪ§ЫЕУї     *fifo               FIFO ЖдЯѓжИеы
    9          // ВЮЪ§ЫЕУї     offset              ЦЋвЦСП
   10          // ЗЕЛиВЮЪ§     void
   11          // ЪЙгУЪОР§     fifo_head_offset(fifo, 1);
   12          // БИзЂаХЯЂ     БОКЏЪ§дкЮФМўФкВПЕїгУ гУЛЇВЛгУЙизЂ вВВЛПЩаоИФ
   13          //-------------------------------------------------------------------------------------------------------
             -------------
   14          static void fifo_head_offset (fifo_struct *fifo, uint32 offset)
   15          {
   16   1          fifo->head += offset;
   17   1          
   18   1          while(fifo->max <= fifo->head)                                              // ШчЙћЗЖЮЇГЌЙ§дђМѕЛКГхЧј
             -ДѓаЁ жБЕНаЁгкзюДѓЛКГхЧјДѓаЁ
   19   1          {
   20   2              fifo->head -= fifo->max;
   21   2          }
   22   1      }
   23          
   24          //-------------------------------------------------------------------------------------------------------
             -------------
   25          // КЏЪ§МђНщ     FIFO ЮВжИеыЮЛвЦ
   26          // ВЮЪ§ЫЕУї     *fifo               FIFO ЖдЯѓжИеы
   27          // ВЮЪ§ЫЕУї     offset              ЦЋвЦСП
   28          // ЗЕЛиВЮЪ§     void
   29          // ЪЙгУЪОР§     fifo_end_offset(fifo, 1);
   30          // БИзЂаХЯЂ     БОКЏЪ§дкЮФМўФкВПЕїгУ гУЛЇВЛгУЙизЂ вВВЛПЩаоИФ
   31          //-------------------------------------------------------------------------------------------------------
             -------------
   32          static void fifo_end_offset (fifo_struct *fifo, uint32 offset)
   33          {
   34   1          fifo->end += offset;
   35   1          
   36   1          while(fifo->max <= fifo->end)                                               // ШчЙћЗЖЮЇГЌЙ§дђМѕЛКГхЧј
             -ДѓаЁ жБЕНаЁгкзюДѓЛКГхЧјДѓаЁ
   37   1          {
   38   2              fifo->end -= fifo->max;
   39   2          }
   40   1      }
   41          
   42          //-------------------------------------------------------------------------------------------------------
             -------------
   43          // КЏЪ§МђНщ     FIFO жижУЛКГхЦї
   44          // ВЮЪ§ЫЕУї     *fifo               FIFO ЖдЯѓжИеы
   45          // ЗЕЛиВЮЪ§     void
   46          // ЪЙгУЪОР§     fifo_clear(fifo);
   47          // БИзЂаХЯЂ     ЧхПеЕБЧА FIFO ЖдЯѓЕФФкДц
   48          //-------------------------------------------------------------------------------------------------------
             -------------
   49          fifo_state_enum fifo_clear (fifo_struct *fifo)
C251 COMPILER V5.60.0,  zf_common_fifo                                                     17/05/26  17:30:58  PAGE 2   

   50          {
   51   1              fifo_state_enum return_state = FIFO_SUCCESS;                                // ВйзїНсЙћГѕжЕ
   52   1          zf_assert(NULL != fifo);
   53   1              
   54   1          do
   55   1          {
   56   2              if(FIFO_IDLE != fifo->execution)                                        // ХаЖЯЪЧЗёЕБЧА FIFO ЪЧЗё
             -ПеЯа
   57   2              {
   58   3                  return_state = FIFO_RESET_UNDO;                                     // жижУВйзїЮДЭъГЩ
   59   3                  break;
   60   3              }
   61   2              fifo->execution |= FIFO_RESET;                                          // жижУВйзїжУЮЛ
   62   2              fifo->head      = 0;                                                    // жижУ FIFO ЫљгаЪ§жЕИДЮЛ
   63   2              fifo->end       = 0;                                                    // жижУ FIFO ЫљгаЪ§жЕИДЮЛ
   64   2              fifo->siz      = fifo->max;                                            // жижУ FIFO ЫљгаЪ§жЕИДЮЛ
   65   2              switch(fifo->type)
   66   2              {
   67   3                  case FIFO_DATA_8BIT:    memset(fifo->buffer, 0, fifo->max);     break;
   68   3                  case FIFO_DATA_16BIT:   memset(fifo->buffer, 0, fifo->max * 2); break;
   69   3                  case FIFO_DATA_32BIT:   memset(fifo->buffer, 0, fifo->max * 4); break;
   70   3              }
   71   2              fifo->execution = FIFO_IDLE;                                            // ВйзїзДЬЌИДЮЛ
   72   2          }while(0);
   73   1          return return_state;
   74   1      }
   75          
   76          //-------------------------------------------------------------------------------------------------------
             -------------
   77          // КЏЪ§МђНщ     FIFO ВщбЏЕБЧАЪ§ОнИіЪ§
   78          // ВЮЪ§ЫЕУї     *fifo               FIFO ЖдЯѓжИеы
   79          // ЗЕЛиВЮЪ§     uint32              вбЪЙгУГЄЖШ
   80          // ЪЙгУЪОР§     uint32 len = fifo_used(fifo);
   81          // БИзЂаХЯЂ
   82          //-------------------------------------------------------------------------------------------------------
             -------------
   83          uint32 fifo_used (fifo_struct *fifo)
   84          {
   85   1          zf_assert(fifo != NULL);
   86   1          return (fifo->max - fifo->siz);                                            // ЗЕЛиЕБЧА FIFO ЛКГхЧјжаЪ
             -§ОнИіЪ§
   87   1      }
   88          
   89          ////-----------------------------------------------------------------------------------------------------
             ---------------
   90          //// КЏЪ§МђНщ     Яђ FIFO жааДШыЪ§Он
   91          //// ВЮЪ§ЫЕУї     *fifo               FIFO ЖдЯѓжИеы
   92          //// ВЮЪ§ЫЕУї     dat                 Ъ§Он
   93          //// ЗЕЛиВЮЪ§     fifo_state_enum     ВйзїзДЬЌ
   94          //// ЪЙгУЪОР§     zf_log(fifo_write_element(&fifo, data) == FIFO_SUCCESS, "fifo_write_byte error");
   95          //// БИзЂаХЯЂ
   96          ////-----------------------------------------------------------------------------------------------------
             ---------------
   97          //fifo_state_enum fifo_write_element (fifo_struct *fifo, uint32 dat)
   98          //{
   99          //    zf_assert(NULL != fifo);
  100          //    fifo_state_enum return_state = FIFO_SUCCESS;                                // ВйзїНсЙћГѕжЕ
  101          
  102          //    do
  103          //    {
  104          //        if((FIFO_RESET | FIFO_WRITE) & fifo->execution)                         // ВЛдкаДШыгыжижУзДЬЌ Б
             -мУтаДШыОКељгыжИЯђДэЮѓ
  105          //        {
  106          //            return_state = FIFO_WRITE_UNDO;                                     // аДШыВйзїЮДЭъГЩ
  107          //            break;
  108          //        }
C251 COMPILER V5.60.0,  zf_common_fifo                                                     17/05/26  17:30:58  PAGE 3   

  109          //        fifo->execution |= FIFO_WRITE;                                          // аДШыВйзїжУЮЛ
  110          
  111          //        if(1 <= fifo->siz)                                                     // ЪЃгрПеМфзуЙЛзАЯТБОДЮЪ
             -§Он
  112          //        {
  113          //            switch(fifo->type)
  114          //            {
  115          //                case FIFO_DATA_8BIT:    ((uint8 *)fifo->buffer)[fifo->head]  = dat;  break;
  116          //                case FIFO_DATA_16BIT:   ((uint16 *)fifo->buffer)[fifo->head] = dat; break;
  117          //                case FIFO_DATA_32BIT:   ((uint32 *)fifo->buffer)[fifo->head] = dat; break;
  118          //            }
  119          //            fifo_head_offset(fifo, 1);                                          // ЭЗжИеыЦЋвЦ
  120          //            fifo->siz -= 1;                                                    // ЛКГхЧјЪЃгрГЄЖШМѕаЁ
  121          //        }
  122          //        else
  123          //        {
  124          //            return_state = FIFO_SPACE_NO_ENOUGH;                                // ЕБЧА FIFO ЛКГхЧјТњ В
             -ЛФмдйаДШыЪ§Он ЗЕЛиПеМфВЛзу
  125          //        }
  126          //        fifo->execution &= ~FIFO_WRITE;                                         // аДШыВйзїИДЮЛ
  127          //    }while(0);
  128          
  129          //    return return_state;
  130          //}
  131          
  132          //-------------------------------------------------------------------------------------------------------
             -------------
  133          // КЏЪ§МђНщ     Яђ FIFO жааДШыЪ§Он
  134          // ВЮЪ§ЫЕУї     *fifo               FIFO ЖдЯѓжИеы
  135          // ВЮЪ§ЫЕУї     *dat                Ъ§ОнРДдДЛКГхЧјжИеы
  136          // ВЮЪ§ЫЕУї     length              ашвЊаДШыЕФЪ§ОнГЄЖШ
  137          // ЗЕЛиВЮЪ§     fifo_state_enum     ВйзїзДЬЌ
  138          // ЪЙгУЪОР§     zf_log(fifo_write_buffer(&fifo, data, 32) == FIFO_SUCCESS, "fifo_write_buffer error");
  139          // БИзЂаХЯЂ
  140          //-------------------------------------------------------------------------------------------------------
             -------------
  141          fifo_state_enum fifo_write_buffer (fifo_struct *fifo, void *dat, uint32 length)
  142          {
  143   1          fifo_state_enum return_state = FIFO_SUCCESS;                                // ВйзїНсЙћГѕжЕ
  144   1          uint32 temp_length = 0;
  145   1              zf_assert(NULL != fifo);
  146   1              
  147   1          do
  148   1          {
  149   2              if(NULL == dat)
  150   2              {
  151   3                  return_state = FIFO_BUFFER_NULL;                                    // гУЛЇЛКГхЧјвьГЃ
  152   3                  break;
  153   3              }
  154   2              if((FIFO_RESET | FIFO_WRITE) & fifo->execution)                         // ВЛдкаДШыгыжижУзДЬЌ БмУ
             -таДШыОКељгыжИЯђДэЮѓ
  155   2              {
  156   3                  return_state = FIFO_WRITE_UNDO;                                     // аДШыВйзїЮДЭъГЩ
  157   3                  break;
  158   3              }
  159   2              fifo->execution |= FIFO_WRITE;                                          // аДШыВйзїжУЮЛ
  160   2      
  161   2              if(length <= fifo->siz)                                                // ЪЃгрПеМфзуЙЛзАЯТБОДЮЪ§О
             -н
  162   2              {
  163   3                  temp_length = fifo->max - fifo->head;                               // МЦЫуЭЗжИеыОрРыЛКГхЧјЮВ
             -ЛЙгаЖрЩйПеМф
  164   3      
  165   3                  if(length > temp_length)                                            // ОрРыЛКГхЧјЮВГЄЖШВЛзуаД
             -ШыЪ§Он ЛЗаЮЛКГхЧјЗжЖЮВйзї
  166   3                  {
C251 COMPILER V5.60.0,  zf_common_fifo                                                     17/05/26  17:30:58  PAGE 4   

  167   4                      switch(fifo->type)
  168   4                      {
  169   5                          case FIFO_DATA_8BIT:
  170   5                          {
  171   6                              memcpy(
  172   6                                  &(((uint8 *)fifo->buffer)[fifo->head]),
  173   6                                  dat, temp_length);                                  // ПНБДЕквЛЖЮЪ§Он
  174   6                              fifo_head_offset(fifo, temp_length);                    // ЭЗжИеыЦЋвЦ
  175   6                              memcpy(
  176   6                                  &(((uint8 *)fifo->buffer)[fifo->head]),
  177   6                                  &(((uint8 *)dat)[temp_length]),
  178   6                                  length - temp_length);                              // ПНБДЕкЖўЖЮЪ§Он
  179   6                              fifo_head_offset(fifo, length - temp_length);           // ЭЗжИеыЦЋвЦ
  180   6                          }break;
  181   5                          case FIFO_DATA_16BIT:
  182   5                          {
  183   6                              memcpy(
  184   6                                  &(((uint16 *)fifo->buffer)[fifo->head]),
  185   6                                  dat, temp_length * 2);                              // ПНБДЕквЛЖЮЪ§Он
  186   6                              fifo_head_offset(fifo, temp_length);                    // ЭЗжИеыЦЋвЦ
  187   6                              memcpy(
  188   6                                  &(((uint16 *)fifo->buffer)[fifo->head]),
  189   6                                  &(((uint16 *)dat)[temp_length]),
  190   6                                  (length - temp_length) * 2);                        // ПНБДЕкЖўЖЮЪ§Он
  191   6                              fifo_head_offset(fifo, length - temp_length);           // ЭЗжИеыЦЋвЦ
  192   6                          }break;
  193   5                          case FIFO_DATA_32BIT:
  194   5                          {
  195   6                              memcpy(
  196   6                                  &(((uint32 *)fifo->buffer)[fifo->head]),
  197   6                                  dat, temp_length * 4);                              // ПНБДЕквЛЖЮЪ§Он
  198   6                              fifo_head_offset(fifo, temp_length);                    // ЭЗжИеыЦЋвЦ
  199   6                              memcpy(
  200   6                                  &(((uint32 *)fifo->buffer)[fifo->head]),
  201   6                                  &(((uint32 *)dat)[temp_length]),
  202   6                                  (length - temp_length) * 4);                        // ПНБДЕкЖўЖЮЪ§Он
  203   6                              fifo_head_offset(fifo, length - temp_length);           // ЭЗжИеыЦЋвЦ
  204   6                          }break;
  205   5                      }
  206   4                  }
  207   3                  else
  208   3                  {
  209   4                      switch(fifo->type)
  210   4                      {
  211   5                          case FIFO_DATA_8BIT:
  212   5                          {
  213   6                              memcpy(
  214   6                                  &(((uint8 *)fifo->buffer)[fifo->head]),
  215   6                                  dat, length);                                       // вЛДЮЭъећаДШы
  216   6                              fifo_head_offset(fifo, length);                         // ЭЗжИеыЦЋвЦ
  217   6                          }break;
  218   5                          case FIFO_DATA_16BIT:
  219   5                          {
  220   6                              memcpy(
  221   6                                  &(((uint16 *)fifo->buffer)[fifo->head]),
  222   6                                  dat, length * 2);                                   // вЛДЮЭъећаДШы
  223   6                              fifo_head_offset(fifo, length);                         // ЭЗжИеыЦЋвЦ
  224   6                          }break;
  225   5                          case FIFO_DATA_32BIT:
  226   5                          {
  227   6                              memcpy(
  228   6                                  &(((uint32 *)fifo->buffer)[fifo->head]),
  229   6                                  dat, length * 4);                                   // вЛДЮЭъећаДШы
  230   6                              fifo_head_offset(fifo, length);                         // ЭЗжИеыЦЋвЦ
  231   6                          }break;
  232   5                      }
C251 COMPILER V5.60.0,  zf_common_fifo                                                     17/05/26  17:30:58  PAGE 5   

  233   4                  }
  234   3      
  235   3                  fifo->siz -= length;                                               // ЛКГхЧјЪЃгрГЄЖШМѕаЁ
  236   3              }
  237   2              else
  238   2              {
  239   3                  return_state = FIFO_SPACE_NO_ENOUGH;                                // ЕБЧА FIFO ЛКГхЧјТњ ВЛФ
             -мдйаДШыЪ§Он ЗЕЛиПеМфВЛзу
  240   3              }
  241   2              fifo->execution &= ~FIFO_WRITE;                                         // аДШыВйзїИДЮЛ
  242   2          }while(0);
  243   1      
  244   1          return return_state;
  245   1      }
  246          
  247          ////-----------------------------------------------------------------------------------------------------
             ---------------
  248          //// КЏЪ§МђНщ     Дг FIFO ЖСШЁЪ§Он
  249          //// ВЮЪ§ЫЕУї     *fifo               FIFO ЖдЯѓжИеы
  250          //// ВЮЪ§ЫЕУї     *dat                ФПБъЛКГхЧјжИеы
  251          //// ВЮЪ§ЫЕУї     flag                ЪЧЗёБфИќ FIFO зДЬЌ ПЩбЁдёЪЧЗёЧхПеЖСШЁЕФЪ§Он
  252          //// ЗЕЛиВЮЪ§     fifo_state_enum     ВйзїзДЬЌ
  253          //// ЪЙгУЪОР§     zf_log(fifo_read_element(&fifo, data, FIFO_READ_ONLY) == FIFO_SUCCESS, "fifo_read_byte 
             -error");
  254          //// БИзЂаХЯЂ
  255          ////-----------------------------------------------------------------------------------------------------
             ---------------
  256          //fifo_state_enum fifo_read_element (fifo_struct *fifo, void *dat, fifo_operation_enum flag)
  257          //{
  258          //    zf_assert(NULL != fifo);
  259          //    fifo_state_enum return_state = FIFO_SUCCESS;                                // ВйзїНсЙћГѕжЕ
  260          
  261          //    do
  262          //    {
  263          //        if(NULL == dat)
  264          //        {
  265          //            return_state = FIFO_BUFFER_NULL;                                    // гУЛЇЛКГхЧјвьГЃ
  266          //        }
  267          //        else
  268          //        {
  269          //            if((FIFO_RESET | FIFO_CLEAR) & fifo->execution)                     // ХаЖЯЪЧЗёЕБЧА FIFO ЪЧ
             -ЗёдкжДааЧхПеЛђжижУВйзї
  270          //            {
  271          //                return_state = FIFO_READ_UNDO;                                  // ЖСШЁВйзїЮДЭъГЩ
  272          //                break;
  273          //            }
  274          
  275          //            if(1 > fifo_used(fifo))
  276          //            {
  277          //                return_state = FIFO_DATA_NO_ENOUGH;                             // ЛКГхЧјУЛгаЪ§Он ЗЕЛиЪ
             -§ОнГЄЖШВЛзу
  278          //                break;                                                          // жБНгЭЫГіВйзї
  279          //            }
  280          
  281          //            fifo->execution |= FIFO_READ;                                       // ЖСВйзїжУЮЛ
  282          //            switch(fifo->type)
  283          //            {
  284          //                case FIFO_DATA_8BIT:    *((uint8 *)dat) = ((uint8 *)fifo->buffer)[fifo->end];   break;
  285          //                case FIFO_DATA_16BIT:   *((uint16 *)dat) = ((uint16 *)fifo->buffer)[fifo->end]; break;
  286          //                case FIFO_DATA_32BIT:   *((uint32 *)dat) = ((uint32 *)fifo->buffer)[fifo->end]; break;
  287          //            }
  288          //            fifo->execution &= ~FIFO_READ;                                      // ЖСВйзїИДЮЛ
  289          //        }
  290          
  291          //        if(FIFO_READ_AND_CLEAN == flag)                                         // ШчЙћбЁдёЖСШЁВЂИќИФ F
             -IFO зДЬЌ
C251 COMPILER V5.60.0,  zf_common_fifo                                                     17/05/26  17:30:58  PAGE 6   

  292          //        {
  293          //            if((FIFO_RESET | FIFO_CLEAR | FIFO_READ) == fifo->execution)        // ВЛдк жижУ ЧхПе ЖСШЁ 
             -зДЬЌ БмУтвьГЃ
  294          //            {
  295          //                return_state = FIFO_CLEAR_UNDO;                                 // ЧхПеВйзїЮДЭъГЩ
  296          //                break;
  297          //            }
  298          //            fifo->execution |= FIFO_CLEAR;                                      // ЧхПезїжУЮЛ
  299          //            fifo_end_offset(fifo, 1);                                           // вЦЖЏ FIFO ЭЗжИеы
  300          //            fifo->siz += 1;                                                    // ЪЭЗХЖдгІГЄЖШПеМф
  301          //            fifo->execution &= ~FIFO_CLEAR;                                     // ЧхПезїИДЮЛ
  302          //        }
  303          //    }while(0);
  304          
  305          //    return return_state;
  306          //}
  307          
  308          //-------------------------------------------------------------------------------------------------------
             -------------
  309          // КЏЪ§МђНщ     Дг FIFO ЖСШЁЪ§Он
  310          // ВЮЪ§ЫЕУї     *fifo               FIFO ЖдЯѓжИеы
  311          // ВЮЪ§ЫЕУї     *dat                ФПБъЛКГхЧјжИеы
  312          // ВЮЪ§ЫЕУї     *length             ЖСШЁЕФЪ§ОнГЄЖШ ШчЙћУЛгаетУДЖрЪ§ОнетРяЛсБЛаоИФ
  313          // ВЮЪ§ЫЕУї     flag                ЪЧЗёБфИќ FIFO зДЬЌ ПЩбЁдёЪЧЗёЧхПеЖСШЁЕФЪ§Он
  314          // ЗЕЛиВЮЪ§     fifo_state_enum     ВйзїзДЬЌ
  315          // ЪЙгУЪОР§     zf_log(fifo_read_buffer(&fifo, data, &length, FIFO_READ_ONLY) == FIFO_SUCCESS, "fifo_read
             -_buffer error");
  316          // БИзЂаХЯЂ
  317          //-------------------------------------------------------------------------------------------------------
             -------------
  318          fifo_state_enum fifo_read_buffer (fifo_struct *fifo, void *dat, uint32 *length, fifo_operation_enum flag)
  319          {
  320   1          fifo_state_enum return_state = FIFO_SUCCESS;                                // ВйзїНсЙћГѕжЕ
  321   1          uint32 temp_length = 0;
  322   1          uint32 fifo_data_length = 0;
  323   1              
  324   1          zf_assert(NULL != fifo);
  325   1          zf_assert(NULL != length);
  326   1              
  327   1          do
  328   1          {
  329   2              if(NULL == dat)
  330   2              {
  331   3                  return_state = FIFO_BUFFER_NULL;
  332   3              }
  333   2              else
  334   2              {
  335   3                  if((FIFO_RESET | FIFO_CLEAR) & fifo->execution)                     // ХаЖЯЪЧЗёЕБЧА FIFO ЪЧЗё
             -дкжДааЧхПеЛђжижУВйзї
  336   3                  {
  337   4                      *length = fifo_data_length;                                     // ОРе§ЖСШЁЕФГЄЖШ
  338   4                      return_state = FIFO_READ_UNDO;                                  // ЖСШЁВйзїЮДЭъГЩ
  339   4                      break;
  340   4                  }
  341   3      
  342   3                  fifo_data_length = fifo_used(fifo);                                 // ЛёШЁЕБЧАЪ§ОнгаЖрЩй
  343   3                  if(*length > fifo_data_length)                                      // ХаЖЯГЄЖШЪЧЗёзуЙЛ
  344   3                  {
  345   4                      *length = fifo_data_length;                                     // ОРе§ЖСШЁЕФГЄЖШ
  346   4                      return_state = FIFO_DATA_NO_ENOUGH;                             // БъжОЪ§ОнВЛЙЛ
  347   4                      if(0 == fifo_data_length)                                       // ШчЙћУЛгаЪ§Он ОЭжБНгЭЫГ
             -і
  348   4                      {
  349   5                          fifo->execution &= ~FIFO_READ;                              // ЖСВйзїИДЮЛ
  350   5                          break;
  351   5                      }
C251 COMPILER V5.60.0,  zf_common_fifo                                                     17/05/26  17:30:58  PAGE 7   

  352   4                  }
  353   3      
  354   3                  fifo->execution |= FIFO_READ;                                       // ЖСВйзїжУЮЛ
  355   3                  temp_length = fifo->max - fifo->end;                                // МЦЫуЮВжИеыОрРыЛКГхЧјЮВ
             -ЛЙгаЖрЩйПеМф
  356   3                  if(*length <= temp_length)                                          // зуЙЛвЛДЮадЖСШЁЭъБЯ
  357   3                  {
  358   4                      switch(fifo->type)
  359   4                      {
  360   5                          case FIFO_DATA_8BIT:    memcpy(dat, &(((uint8 *)fifo->buffer)[fifo->end]), *length); 
             -       break;
  361   5                          case FIFO_DATA_16BIT:   memcpy(dat, &(((uint16 *)fifo->buffer)[fifo->end]), *length *
             - 2);   break;
  362   5                          case FIFO_DATA_32BIT:   memcpy(dat, &(((uint32 *)fifo->buffer)[fifo->end]), *length *
             - 4);   break;
  363   5                      }
  364   4                  }
  365   3                  else
  366   3                  {
  367   4                      switch(fifo->type)
  368   4                      {
  369   5                          case FIFO_DATA_8BIT:
  370   5                          {
  371   6                              memcpy(dat, &(((uint8 *)fifo->buffer)[fifo->end]), temp_length);
  372   6                              memcpy(&(((uint8 *)dat)[temp_length]), fifo->buffer, *length - temp_length);
  373   6                          }break;
  374   5                          case FIFO_DATA_16BIT:
  375   5                          {
  376   6                              memcpy(dat, &(((uint16 *)fifo->buffer)[fifo->end]), temp_length * 2);
  377   6                              memcpy(&(((uint16 *)dat)[temp_length]), fifo->buffer, (*length - temp_length) * 2
             -);
  378   6                          }break;
  379   5                          case FIFO_DATA_32BIT:
  380   5                          {
  381   6                              memcpy(dat, &(((uint32 *)fifo->buffer)[fifo->end]), temp_length * 4);
  382   6                              memcpy(&(((uint32 *)dat)[temp_length]), fifo->buffer, (*length - temp_length) * 4
             -);
  383   6                          }break;
  384   5                      }
  385   4                  }
  386   3                  fifo->execution &= ~FIFO_READ;                                      // ЖСВйзїИДЮЛ
  387   3              }
  388   2      
  389   2              if(FIFO_READ_AND_CLEAN == flag)                                         // ШчЙћбЁдёЖСШЁВЂИќИФ FIF
             -O зДЬЌ
  390   2              {
  391   3                  if((FIFO_RESET | FIFO_CLEAR | FIFO_READ) == fifo->execution)        // ВЛдк жижУ ЧхПе ЖСШЁ зД
             -ЬЌ БмУтвьГЃ
  392   3                  {
  393   4                      return_state = FIFO_CLEAR_UNDO;                                 // ЧхПеВйзїЮДЭъГЩ
  394   4                      break;
  395   4                  }
  396   3                  fifo->execution |= FIFO_CLEAR;                                      // ЧхПезїжУЮЛ
  397   3                  fifo_end_offset(fifo, *length);                                     // вЦЖЏ FIFO ЭЗжИеы
  398   3                  fifo->siz += *length;                                              // ЪЭЗХЖдгІГЄЖШПеМф
  399   3                  fifo->execution &= ~FIFO_CLEAR;                                     // ЧхПезїИДЮЛ
  400   3              }
  401   2          }while(0);
  402   1      
  403   1          return return_state;
  404   1      }
  405          
  406          ////-----------------------------------------------------------------------------------------------------
             ---------------
  407          //// КЏЪ§МђНщ     Дг FIFO ЮВВПЖСШЁжИЖЈГЄЖШ buffer
  408          //// ВЮЪ§ЫЕУї     *fifo               FIFO ЖдЯѓжИеы
C251 COMPILER V5.60.0,  zf_common_fifo                                                     17/05/26  17:30:58  PAGE 8   

  409          //// ВЮЪ§ЫЕУї     *dat                ФПБъЛКГхЧјжИеы
  410          //// ВЮЪ§ЫЕУї     *length             ЖСШЁЕФЪ§ОнГЄЖШ ШчЙћУЛгаетУДЖрЪ§ОнетРяЛсБЛаоИФ
  411          //// ВЮЪ§ЫЕУї     flag                ЪЧЗёБфИќ FIFO зДЬЌ ПЩбЁдёЪЧЗёЧхПеЖСШЁЕФЪ§Он
  412          //// ЗЕЛиВЮЪ§     fifo_state_enum     ВйзїзДЬЌ
  413          //// ЪЙгУЪОР§     zf_log(fifo_read_tail_buffer(&fifo, data, &length, FIFO_READ_ONLY) == FIFO_SUCCESS, "fi
             -fo_read_buffer error");
  414          //// БИзЂаХЯЂ     ШчЙћЪЙгУ FIFO_READ_AND_CLEAN Вйзї НЋЛсЖЊЦњЫљгаЪ§ОнВЂЧхПеећИі FIFO
  415          ////              ШчЙћЪЙгУ FIFO_READ_AND_CLEAN Вйзї НЋЛсЖЊЦњЫљгаЪ§ОнВЂЧхПеећИі FIFO
  416          ////              ШчЙћЪЙгУ FIFO_READ_AND_CLEAN Вйзї НЋЛсЖЊЦњЫљгаЪ§ОнВЂЧхПеећИі FIFO
  417          ////-----------------------------------------------------------------------------------------------------
             ---------------
  418          //fifo_state_enum fifo_read_tail_buffer (fifo_struct *fifo, void *dat, uint32 *length, fifo_operation_enu
             -m flag)
  419          //{
  420          //    zf_assert(NULL != fifo);
  421          //    zf_assert(NULL != length);
  422          //    fifo_state_enum return_state = FIFO_SUCCESS;                                // ВйзїНсЙћГѕжЕ
  423          //    uint32 temp_length = 0;
  424          //    uint32 fifo_data_length = 0;
  425          
  426          //    do
  427          //    {
  428          //        if(NULL == dat)
  429          //        {
  430          //            return_state = FIFO_BUFFER_NULL;
  431          //        }
  432          //        else
  433          //        {
  434          //            if((FIFO_RESET | FIFO_CLEAR | FIFO_WRITE) & fifo->execution)        // ХаЖЯЪЧЗёЕБЧА FIFO ЪЧ
             -ЗёдкжДааЧхПеЛђжижУВйзї
  435          //            {
  436          //                *length = fifo_data_length;                                     // ОРе§ЖСШЁЕФГЄЖШ
  437          //                return_state = FIFO_READ_UNDO;                                  // ЖСШЁВйзїЮДЭъГЩ
  438          //                break;
  439          //            }
  440          
  441          //            fifo_data_length = fifo_used(fifo);                                 // ЛёШЁЕБЧАЪ§ОнгаЖрЩй
  442          //            if(*length > fifo_data_length)                                      // ХаЖЯГЄЖШЪЧЗёзуЙЛ
  443          //            {
  444          //                *length = fifo_data_length;                                     // ОРе§ЖСШЁЕФГЄЖШ
  445          //                return_state = FIFO_DATA_NO_ENOUGH;                             // БъжОЪ§ОнВЛЙЛ
  446          //                if(0 == fifo_data_length)                                       // ШчЙћУЛгаЪ§Он ОЭжБНгЭ
             -ЫГі
  447          //                {
  448          //                    fifo->execution &= ~FIFO_READ;                              // ЖСВйзїИДЮЛ
  449          //                    break;
  450          //                }
  451          //            }
  452          
  453          //            fifo->execution |= FIFO_READ;                                       // ЖСВйзїжУЮЛ
  454          //            if((fifo->head > fifo->end) || (fifo->head >= *length))
  455          //            {
  456          //                switch(fifo->type)
  457          //                {
  458          //                    case FIFO_DATA_8BIT:    memcpy(dat, &(((uint8 *)fifo->buffer)[fifo->head - *length]
             -), *length);     break;
  459          //                    case FIFO_DATA_16BIT:   memcpy(dat, &(((uint16 *)fifo->buffer)[fifo->head - *length
             -]), *length * 2);break;
  460          //                    case FIFO_DATA_32BIT:   memcpy(dat, &(((uint32 *)fifo->buffer)[fifo->head - *length
             -]), *length * 4);break;
  461          //                }
  462          //            }
  463          //            else
  464          //            {
  465          //                temp_length = *length - fifo->head;                             // МЦЫуЮВжИеыОрРыЛКГхЧј
             -ЮВЛЙгаЖрЩйПеМф
C251 COMPILER V5.60.0,  zf_common_fifo                                                     17/05/26  17:30:58  PAGE 9   

  466          //                switch(fifo->type)
  467          //                {
  468          //                    case FIFO_DATA_8BIT:
  469          //                    {
  470          //                        memcpy(dat, &(((uint8 *)fifo->buffer)[fifo->max - temp_length]), temp_length);
  471          //                        memcpy(&(((uint8 *)dat)[temp_length]), &(((uint8 *)fifo->buffer)[fifo->head - *
             -length]), (*length - temp_length));
  472          //                    }break;
  473          //                    case FIFO_DATA_16BIT:
  474          //                    {
  475          //                        memcpy(dat, &(((uint16 *)fifo->buffer)[fifo->max - temp_length]), temp_length *
             - 2);
  476          //                        memcpy(&(((uint16 *)dat)[temp_length]), &(((uint16 *)fifo->buffer)[fifo->head -
             - *length]), (*length - temp_length) * 2);
  477          //                    }break;
  478          //                    case FIFO_DATA_32BIT:
  479          //                    {
  480          //                        memcpy(dat, &(((uint32 *)fifo->buffer)[fifo->max - temp_length]), temp_length *
             - 4);
  481          //                        memcpy(&(((uint32 *)dat)[temp_length]), &(((uint32 *)fifo->buffer)[fifo->head -
             - *length]), (*length - temp_length) * 4);
  482          //                    }break;
  483          //                }
  484          //            }
  485          //            fifo->execution &= ~FIFO_READ;                                      // ЖСВйзїИДЮЛ
  486          //        }
  487          
  488          //        if(FIFO_READ_AND_CLEAN == flag)                                         // ШчЙћбЁдёЖСШЁВЂИќИФ F
             -IFO зДЬЌ
  489          //        {
  490          //            if((FIFO_RESET | FIFO_CLEAR | FIFO_READ) == fifo->execution)        // ВЛдк жижУ ЧхПе ЖСШЁ 
             -зДЬЌ БмУтвьГЃ
  491          //            {
  492          //                return_state = FIFO_CLEAR_UNDO;                                 // ЧхПеВйзїЮДЭъГЩ
  493          //                break;
  494          //            }
  495          //            fifo_clear(fifo);
  496          //        }
  497          //    }while(0);
  498          
  499          //    return return_state;
  500          //}
  501          
  502          //-------------------------------------------------------------------------------------------------------
             -------------
  503          // КЏЪ§МђНщ     FIFO ГѕЪМЛЏ ЙвдиЖдгІЛКГхЧј
  504          // ВЮЪ§ЫЕУї     *fifo               FIFO ЖдЯѓжИеы
  505          // ВЮЪ§ЫЕУї     type                FIFO Ъ§ОнЮЛЪ§
  506          // ВЮЪ§ЫЕУї     *buffer_addr        вЊЙвдиЕФЛКГхЧј
  507          // ВЮЪ§ЫЕУї     siz                ЛКГхЧјДѓаЁ
  508          // ЗЕЛиВЮЪ§     fifo_state_enum     ВйзїзДЬЌ
  509          // ЪЙгУЪОР§     fifo_init(&user_fifo, user_buffer, 64);
  510          // БИзЂаХЯЂ
  511          //-------------------------------------------------------------------------------------------------------
             -------------
  512          fifo_state_enum fifo_init (fifo_struct *fifo, fifo_data_type_enum type, void *buffer_addr, uint32 siz)
  513          {
  514   1          zf_assert(NULL != fifo);
  515   1          do
  516   1          {
  517   2              fifo->buffer    = buffer_addr;
  518   2              fifo->execution = FIFO_IDLE;
  519   2              fifo->type      = type;
  520   2              fifo->head      = 0;
  521   2              fifo->end       = 0;
  522   2              fifo->siz      = siz;
C251 COMPILER V5.60.0,  zf_common_fifo                                                     17/05/26  17:30:58  PAGE 10  

  523   2              fifo->max       = siz;
  524   2          }while(0);
  525   1          return FIFO_SUCCESS;
  526   1      }


Module Information          Static   Overlayable
------------------------------------------------
  code size            =      3931     ------
  ecode size           =    ------     ------
  data size            =    ------     ------
  idata size           =    ------     ------
  pdata size           =    ------     ------
  xdata size           =        82     ------
  xdata-const size     =    ------     ------
  edata size           =    ------     ------
  bit size             =    ------     ------
  ebit size            =    ------     ------
  bitaddressable size  =    ------     ------
  ebitaddressable size =    ------     ------
  far data size        =    ------     ------
  huge data size       =    ------     ------
  const size           =    ------     ------
  hconst size          =        43     ------
End of Module Information.


C251 COMPILATION COMPLETE.  0 WARNING(S),  0 ERROR(S)
