C251 COMPILER V5.60.0,  zf_common_font                                                     17/05/26  17:30:58  PAGE 1   


C251 COMPILER V5.60.0, COMPILATION OF MODULE zf_common_font
OBJECT MODULE PLACED IN .\out_file\zf_common_font.obj
COMPILER INVOKED BY: D:\Keil_v5\C251\BIN\C251.EXE ..\..\libraries\zf_common\zf_common_font.c LARGE NOALIAS WARNINGLEVEL(
                    -0) OPTIMIZE(0,SIZE) BROWSE INCDIR(..\..\libraries\zf_common;..\..\libraries\zf_components;..\..\libraries\zf_device;..\.
                    -.\libraries\zf_driver;..\user;..\code) DEBUG PRINT(.\out_file\zf_common_font.lst) OBJECT(.\out_file\zf_common_font.obj) 

stmt  level    source

    1          #include "zf_common_font.h"
    2          
    3          const uint8 code ascii_font_8x16[][16]=
    4          {
    5                  //ŇőÂë ÖđĐĐĘ˝ ×Öżí16 ×Ö¸ß16 ÄćĎň
    6              {0x00,0x00,0x00,0x00,0x00,0x00,0x00,0x00,0x00,0x00,0x00,0x00,0x00,0x00,0x00,0x00}, //   0
    7              {0x00,0x00,0x00,0x08,0x08,0x08,0x08,0x08,0x08,0x08,0x00,0x00,0x08,0x08,0x00,0x00}, // ! 1
    8              {0x00,0x48,0x24,0x24,0x12,0x00,0x00,0x00,0x00,0x00,0x00,0x00,0x00,0x00,0x00,0x00}, // " 2
    9              {0x00,0x00,0x00,0x48,0x48,0x48,0x7E,0x24,0x24,0x24,0x7E,0x24,0x24,0x24,0x00,0x00}, // # 3
   10              {0x00,0x00,0x10,0x3C,0x52,0x52,0x12,0x1C,0x30,0x50,0x50,0x52,0x52,0x3C,0x10,0x10}, // $ 4
   11              {0x00,0x00,0x00,0x22,0x25,0x15,0x15,0x0D,0x2A,0x58,0x54,0x54,0x52,0x22,0x00,0x00}, // % 5
   12              {0x00,0x00,0x00,0x0C,0x12,0x12,0x12,0x0A,0x76,0x25,0x29,0x19,0x91,0x6E,0x00,0x00}, // & 6
   13              {0x00,0x06,0x04,0x04,0x02,0x00,0x00,0x00,0x00,0x00,0x00,0x00,0x00,0x00,0x00,0x00}, // ' 7
   14              {0x00,0x40,0x20,0x10,0x10,0x08,0x08,0x08,0x08,0x08,0x08,0x10,0x10,0x20,0x40,0x00}, // ( 8
   15              {0x00,0x02,0x04,0x08,0x08,0x10,0x10,0x10,0x10,0x10,0x10,0x08,0x08,0x04,0x02,0x00}, // ) 9
   16              {0x00,0x00,0x00,0x00,0x08,0x08,0x6B,0x1C,0x1C,0x6B,0x08,0x08,0x00,0x00,0x00,0x00}, // * 10
   17              {0x00,0x00,0x00,0x00,0x00,0x10,0x10,0x10,0xFE,0x10,0x10,0x10,0x00,0x00,0x00,0x00}, // + 11
   18              {0x00,0x00,0x00,0x00,0x00,0x00,0x00,0x00,0x00,0x00,0x00,0x00,0x06,0x04,0x04,0x02}, // , 12
   19              {0x00,0x00,0x00,0x00,0x00,0x00,0x00,0x00,0x7E,0x00,0x00,0x00,0x00,0x00,0x00,0x00}, // - 13
   20              {0x00,0x00,0x00,0x00,0x00,0x00,0x00,0x00,0x00,0x00,0x00,0x00,0x06,0x06,0x00,0x00}, // . 14
   21              {0x00,0x00,0x40,0x20,0x20,0x20,0x10,0x10,0x08,0x08,0x08,0x04,0x04,0x02,0x02,0x00}, // / 15
   22              {0x00,0x00,0x00,0x18,0x24,0x42,0x42,0x42,0x42,0x42,0x42,0x42,0x24,0x18,0x00,0x00}, // 0 16
   23              {0x00,0x00,0x00,0x10,0x1C,0x10,0x10,0x10,0x10,0x10,0x10,0x10,0x10,0x7C,0x00,0x00}, // 1 17
   24              {0x00,0x00,0x00,0x3C,0x42,0x42,0x42,0x40,0x20,0x10,0x08,0x04,0x42,0x7E,0x00,0x00}, // 2 18
   25              {0x00,0x00,0x00,0x3C,0x42,0x42,0x40,0x20,0x18,0x20,0x40,0x42,0x42,0x3C,0x00,0x00}, // 3 19
   26              {0x00,0x00,0x00,0x20,0x30,0x30,0x28,0x24,0x24,0x22,0xFE,0x20,0x20,0xF8,0x00,0x00}, // 4 20
   27              {0x00,0x00,0x00,0x7E,0x02,0x02,0x02,0x1E,0x22,0x40,0x40,0x42,0x22,0x1C,0x00,0x00}, // 5 21
   28              {0x00,0x00,0x00,0x18,0x24,0x02,0x02,0x3A,0x46,0x42,0x42,0x42,0x44,0x38,0x00,0x00}, // 6 22
   29              {0x00,0x00,0x00,0x7E,0x42,0x20,0x20,0x10,0x10,0x08,0x08,0x08,0x08,0x08,0x00,0x00}, // 7 23
   30              {0x00,0x00,0x00,0x3C,0x42,0x42,0x42,0x24,0x18,0x24,0x42,0x42,0x42,0x3C,0x00,0x00}, // 8 24
   31              {0x00,0x00,0x00,0x1C,0x22,0x42,0x42,0x42,0x62,0x5C,0x40,0x40,0x24,0x18,0x00,0x00}, // 9 25
   32              {0x00,0x00,0x00,0x00,0x00,0x00,0x18,0x18,0x00,0x00,0x00,0x00,0x18,0x18,0x00,0x00}, // : 26
   33              {0x00,0x00,0x00,0x00,0x00,0x00,0x00,0x08,0x00,0x00,0x00,0x00,0x00,0x08,0x08,0x08}, // ; 27
   34              {0x00,0x00,0x00,0x40,0x20,0x10,0x08,0x04,0x02,0x04,0x08,0x10,0x20,0x40,0x00,0x00}, // < 28
   35              {0x00,0x00,0x00,0x00,0x00,0x00,0x7E,0x00,0x00,0x7E,0x00,0x00,0x00,0x00,0x00,0x00}, // = 29
   36              {0x00,0x00,0x00,0x02,0x04,0x08,0x10,0x20,0x40,0x20,0x10,0x08,0x04,0x02,0x00,0x00}, // > 30
   37              {0x00,0x00,0x00,0x3C,0x42,0x42,0x46,0x20,0x10,0x10,0x10,0x00,0x18,0x18,0x00,0x00}, // ? 31
   38              {0x00,0x00,0x00,0x1C,0x22,0x5A,0x55,0x55,0x55,0x55,0x55,0x3A,0x42,0x3C,0x00,0x00}, // @ 32
   39              {0x00,0x00,0x00,0x08,0x08,0x18,0x14,0x14,0x24,0x3C,0x22,0x42,0x42,0xE7,0x00,0x00}, // A 33
   40              {0x00,0x00,0x00,0x1F,0x22,0x22,0x22,0x1E,0x22,0x42,0x42,0x42,0x22,0x1F,0x00,0x00}, // B 34
   41              {0x00,0x00,0x00,0x7C,0x42,0x42,0x01,0x01,0x01,0x01,0x01,0x42,0x22,0x1C,0x00,0x00}, // C 35
   42              {0x00,0x00,0x00,0x1F,0x22,0x42,0x42,0x42,0x42,0x42,0x42,0x42,0x22,0x1F,0x00,0x00}, // D 36
   43              {0x00,0x00,0x00,0x3F,0x42,0x12,0x12,0x1E,0x12,0x12,0x02,0x42,0x42,0x3F,0x00,0x00}, // E 37
   44              {0x00,0x00,0x00,0x3F,0x42,0x12,0x12,0x1E,0x12,0x12,0x02,0x02,0x02,0x07,0x00,0x00}, // F 38
   45              {0x00,0x00,0x00,0x3C,0x22,0x22,0x01,0x01,0x01,0x71,0x21,0x22,0x22,0x1C,0x00,0x00}, // G 39
   46              {0x00,0x00,0x00,0xE7,0x42,0x42,0x42,0x42,0x7E,0x42,0x42,0x42,0x42,0xE7,0x00,0x00}, // H 40
   47              {0x00,0x00,0x00,0x3E,0x08,0x08,0x08,0x08,0x08,0x08,0x08,0x08,0x08,0x3E,0x00,0x00}, // I 41
   48              {0x00,0x00,0x00,0x7C,0x10,0x10,0x10,0x10,0x10,0x10,0x10,0x10,0x10,0x10,0x11,0x0F}, // J 42
   49              {0x00,0x00,0x00,0x77,0x22,0x12,0x0A,0x0E,0x0A,0x12,0x12,0x22,0x22,0x77,0x00,0x00}, // K 43
   50              {0x00,0x00,0x00,0x07,0x02,0x02,0x02,0x02,0x02,0x02,0x02,0x02,0x42,0x7F,0x00,0x00}, // L 44
   51              {0x00,0x00,0x00,0x77,0x36,0x36,0x36,0x36,0x36,0x2A,0x2A,0x2A,0x2A,0x6B,0x00,0x00}, // M 45
   52              {0x00,0x00,0x00,0xE3,0x46,0x46,0x4A,0x4A,0x52,0x52,0x52,0x62,0x62,0x47,0x00,0x00}, // N 46
   53              {0x00,0x00,0x00,0x1C,0x22,0x41,0x41,0x41,0x41,0x41,0x41,0x41,0x22,0x1C,0x00,0x00}, // O 47
   54              {0x00,0x00,0x00,0x3F,0x42,0x42,0x42,0x42,0x3E,0x02,0x02,0x02,0x02,0x07,0x00,0x00}, // P 48
   55              {0x00,0x00,0x00,0x1C,0x22,0x41,0x41,0x41,0x41,0x41,0x41,0x4D,0x32,0x1C,0x60,0x00}, // Q 49
   56              {0x00,0x00,0x00,0x3F,0x42,0x42,0x42,0x3E,0x12,0x12,0x22,0x22,0x42,0xC7,0x00,0x00}, // R 50
   57              {0x00,0x00,0x00,0x7C,0x42,0x42,0x02,0x04,0x18,0x20,0x40,0x42,0x42,0x3E,0x00,0x00}, // S 51
C251 COMPILER V5.60.0,  zf_common_font                                                     17/05/26  17:30:58  PAGE 2   

   58              {0x00,0x00,0x00,0x7F,0x49,0x08,0x08,0x08,0x08,0x08,0x08,0x08,0x08,0x1C,0x00,0x00}, // T 52
   59              {0x00,0x00,0x00,0xE7,0x42,0x42,0x42,0x42,0x42,0x42,0x42,0x42,0x42,0x3C,0x00,0x00}, // U 53
   60              {0x00,0x00,0x00,0xE7,0x42,0x42,0x22,0x24,0x24,0x14,0x14,0x18,0x08,0x08,0x00,0x00}, // V 54
   61              {0x00,0x00,0x00,0x6B,0x2A,0x2A,0x2A,0x2A,0x2A,0x36,0x14,0x14,0x14,0x14,0x00,0x00}, // W 55
   62              {0x00,0x00,0x00,0xE7,0x42,0x24,0x24,0x18,0x18,0x18,0x24,0x24,0x42,0xE7,0x00,0x00}, // X 56
   63              {0x00,0x00,0x00,0x77,0x22,0x22,0x14,0x14,0x08,0x08,0x08,0x08,0x08,0x1C,0x00,0x00}, // Y 57
   64              {0x00,0x00,0x00,0x7E,0x21,0x20,0x10,0x10,0x08,0x04,0x04,0x42,0x42,0x3F,0x00,0x00}, // Z 58
   65              {0x00,0x78,0x08,0x08,0x08,0x08,0x08,0x08,0x08,0x08,0x08,0x08,0x08,0x08,0x78,0x00}, // [ 59
   66              {0x00,0x00,0x02,0x04,0x04,0x04,0x08,0x08,0x08,0x10,0x10,0x20,0x20,0x20,0x40,0x40}, // \ 60
   67              {0x00,0x1E,0x10,0x10,0x10,0x10,0x10,0x10,0x10,0x10,0x10,0x10,0x10,0x10,0x1E,0x00}, // ] 61
   68              {0x00,0x18,0x24,0x00,0x00,0x00,0x00,0x00,0x00,0x00,0x00,0x00,0x00,0x00,0x00,0x00}, // ^ 62
   69              {0x00,0x00,0x00,0x00,0x00,0x00,0x00,0x00,0x00,0x00,0x00,0x00,0x00,0x00,0x00,0xFF}, // _ 63
   70              {0x00,0x06,0x08,0x00,0x00,0x00,0x00,0x00,0x00,0x00,0x00,0x00,0x00,0x00,0x00,0x00}, // ` 64
   71              {0x00,0x00,0x00,0x00,0x00,0x00,0x00,0x1C,0x22,0x30,0x2C,0x22,0x32,0x6C,0x00,0x00}, // a 65
   72              {0x00,0x00,0x00,0x00,0x03,0x02,0x02,0x1A,0x26,0x42,0x42,0x42,0x26,0x1A,0x00,0x00}, // b 66
   73              {0x00,0x00,0x00,0x00,0x00,0x00,0x00,0x38,0x44,0x02,0x02,0x02,0x44,0x38,0x00,0x00}, // c 67
   74              {0x00,0x00,0x00,0x00,0x60,0x40,0x40,0x7C,0x42,0x42,0x42,0x42,0x62,0xDC,0x00,0x00}, // d 68
   75              {0x00,0x00,0x00,0x00,0x00,0x00,0x00,0x3C,0x42,0x42,0x7E,0x02,0x42,0x3C,0x00,0x00}, // e 69
   76              {0x00,0x00,0x00,0x00,0x30,0x48,0x08,0x3E,0x08,0x08,0x08,0x08,0x08,0x3E,0x00,0x00}, // f 70
   77              {0x00,0x00,0x00,0x00,0x00,0x00,0x00,0x7C,0x22,0x22,0x1C,0x02,0x3C,0x42,0x42,0x3C}, // g 71
   78              {0x00,0x00,0x00,0x00,0x03,0x02,0x02,0x3A,0x46,0x42,0x42,0x42,0x42,0xE7,0x00,0x00}, // h 72
   79              {0x00,0x00,0x00,0x0C,0x0C,0x00,0x00,0x0E,0x08,0x08,0x08,0x08,0x08,0x3E,0x00,0x00}, // i 73
   80              {0x00,0x00,0x00,0x30,0x30,0x00,0x00,0x38,0x20,0x20,0x20,0x20,0x20,0x20,0x22,0x1E}, // j 74
   81              {0x00,0x00,0x00,0x00,0x03,0x02,0x02,0x72,0x12,0x0A,0x0E,0x12,0x22,0x77,0x00,0x00}, // k 75
   82              {0x00,0x00,0x00,0x08,0x0E,0x08,0x08,0x08,0x08,0x08,0x08,0x08,0x08,0x3E,0x00,0x00}, // l 76
   83              {0x00,0x00,0x00,0x00,0x00,0x00,0x00,0x7F,0x92,0x92,0x92,0x92,0x92,0xB7,0x00,0x00}, // m 77
   84              {0x00,0x00,0x00,0x00,0x00,0x00,0x00,0x3B,0x46,0x42,0x42,0x42,0x42,0xE7,0x00,0x00}, // n 78
   85              {0x00,0x00,0x00,0x00,0x00,0x00,0x00,0x3C,0x42,0x42,0x42,0x42,0x42,0x3C,0x00,0x00}, // o 79
   86              {0x00,0x00,0x00,0x00,0x00,0x00,0x00,0x1B,0x26,0x42,0x42,0x42,0x26,0x1A,0x02,0x07}, // p 80
   87              {0x00,0x00,0x00,0x00,0x00,0x00,0x00,0x58,0x64,0x42,0x42,0x42,0x64,0x58,0x40,0xE0}, // q 81
   88              {0x00,0x00,0x00,0x00,0x00,0x00,0x00,0x77,0x4C,0x04,0x04,0x04,0x04,0x1F,0x00,0x00}, // r 82
   89              {0x00,0x00,0x00,0x00,0x00,0x00,0x00,0x7C,0x42,0x02,0x3C,0x40,0x42,0x3E,0x00,0x00}, // s 83
   90              {0x00,0x00,0x00,0x00,0x00,0x08,0x08,0x3E,0x08,0x08,0x08,0x08,0x48,0x30,0x00,0x00}, // t 84
   91              {0x00,0x00,0x00,0x00,0x00,0x00,0x00,0x63,0x42,0x42,0x42,0x42,0x62,0xDC,0x00,0x00}, // u 85
   92              {0x00,0x00,0x00,0x00,0x00,0x00,0x00,0x77,0x22,0x22,0x14,0x14,0x08,0x08,0x00,0x00}, // v 86
   93              {0x00,0x00,0x00,0x00,0x00,0x00,0x00,0xDB,0x91,0x52,0x5A,0x2A,0x24,0x24,0x00,0x00}, // w 87
   94              {0x00,0x00,0x00,0x00,0x00,0x00,0x00,0x6E,0x24,0x18,0x18,0x18,0x24,0x76,0x00,0x00}, // x 88
   95              {0x00,0x00,0x00,0x00,0x00,0x00,0x00,0xE7,0x42,0x24,0x24,0x18,0x18,0x08,0x08,0x06}, // y 89
   96              {0x00,0x00,0x00,0x00,0x00,0x00,0x00,0x7E,0x22,0x10,0x08,0x08,0x44,0x7E,0x00,0x00}, // z 90
   97              {0x00,0xC0,0x20,0x20,0x20,0x20,0x20,0x20,0x10,0x20,0x20,0x20,0x20,0x20,0xC0,0x00}, // { 91
   98              {0x10,0x10,0x10,0x10,0x10,0x10,0x10,0x10,0x10,0x10,0x10,0x10,0x10,0x10,0x10,0x10}, // | 92
   99              {0x00,0x03,0x04,0x04,0x04,0x04,0x04,0x04,0x08,0x04,0x04,0x04,0x04,0x04,0x03,0x00}, // } 93
  100              {0x04,0x5A,0x20,0x00,0x00,0x00,0x00,0x00,0x00,0x00,0x00,0x00,0x00,0x00,0x00,0x00}, // ~ 94
  101          };
  102          
  103          //const uint8 code ascii_font_6x8[][6] =
  104          //{
  105          //    // <ŇőÂë> <ÁĐĐĐĘ˝> <ÄćĎň> <6*8>
  106          //    // <×ÝĎň 8bit ÎŞŇ»¸öĘýľÝÄŁĐÍ> <şáĎňČˇÄŁ>
  107          
  108          //    // ×ÖÄŁĘýľÝ´˘´ć¸ńĘ˝ÎŞŁş{byte1, byte2,....byte6}
  109          
  110          //    // ×ÖÄŁĘýľÝÓëĎńËŘ¶ÔÓ¦ąŘĎµ
  111          //    // byte 1      2      3      4      5      6
  112          //    // bit  [  0]  [  8]  [ 16]  [ 24]  [ 32]  [ 40]
  113          //    // bit  [  1]  [  9]  [ 17]  [ 25]  [ 33]  [ 41]
  114          //    // bit  [  2]  [ 10]  [ 18]  [ 26]  [ 34]  [ 42]
  115          //    // bit  [  3]  [ 11]  [ 19]  [ 37]  [ 35]  [ 43]
  116          //    // bit  [  4]  [ 12]  [ 20]  [ 38]  [ 36]  [ 44]
  117          //    // bit  [  5]  [ 13]  [ 21]  [ 39]  [ 37]  [ 45]
  118          //    // bit  [  6]  [ 14]  [ 22]  [ 30]  [ 38]  [ 46]
  119          //    // bit  [  7]  [ 15]  [ 23]  [ 31]  [ 39]  [ 47]
  120          
  121          
  122          //    { 0x00, 0x00, 0x00, 0x00, 0x00, 0x00 },     //    0
  123          //    { 0x00, 0x00, 0x00, 0x2f, 0x00, 0x00 },     // !  1
C251 COMPILER V5.60.0,  zf_common_font                                                     17/05/26  17:30:58  PAGE 3   

  124          //    { 0x00, 0x00, 0x07, 0x00, 0x07, 0x00 },     // "  2
  125          //    { 0x00, 0x14, 0x7f, 0x14, 0x7f, 0x14 },     // #  3
  126          //    { 0x00, 0x24, 0x2a, 0x7f, 0x2a, 0x12 },     // $  4
  127          //    { 0x00, 0x62, 0x64, 0x08, 0x13, 0x23 },     // %  5
  128          //    { 0x00, 0x36, 0x49, 0x55, 0x22, 0x50 },     // &  6
  129          //    { 0x00, 0x00, 0x05, 0x03, 0x00, 0x00 },     // '  7
  130          //    { 0x00, 0x00, 0x1c, 0x22, 0x41, 0x00 },     // (  8
  131          //    { 0x00, 0x00, 0x41, 0x22, 0x1c, 0x00 },     // )  9
  132          //    { 0x00, 0x14, 0x08, 0x3E, 0x08, 0x14 },     // * 10
  133          //    { 0x00, 0x08, 0x08, 0x3E, 0x08, 0x08 },     // + 11
  134          //    { 0x00, 0x00, 0x00, 0xA0, 0x60, 0x00 },     // , 12
  135          //    { 0x00, 0x08, 0x08, 0x08, 0x08, 0x08 },     // - 13
  136          //    { 0x00, 0x00, 0x60, 0x60, 0x00, 0x00 },     // . 14
  137          //    { 0x40, 0x20, 0x10, 0x08, 0x04, 0x02 },     // / 15
  138          //    { 0x00, 0x3E, 0x51, 0x49, 0x45, 0x3E },     // 0 16
  139          //    { 0x00, 0x00, 0x42, 0x7F, 0x40, 0x00 },     // 1 17
  140          //    { 0x00, 0x42, 0x61, 0x51, 0x49, 0x46 },     // 2 18
  141          //    { 0x00, 0x21, 0x41, 0x45, 0x4B, 0x31 },     // 3 19
  142          //    { 0x00, 0x18, 0x14, 0x12, 0x7F, 0x10 },     // 4 20
  143          //    { 0x00, 0x27, 0x45, 0x45, 0x45, 0x39 },     // 5 21
  144          //    { 0x00, 0x3C, 0x4A, 0x49, 0x49, 0x30 },     // 6 22
  145          //    { 0x00, 0x01, 0x71, 0x09, 0x05, 0x03 },     // 7 23
  146          //    { 0x00, 0x36, 0x49, 0x49, 0x49, 0x36 },     // 8 24
  147          //    { 0x00, 0x06, 0x49, 0x49, 0x29, 0x1E },     // 9 25
  148          //    { 0x00, 0x00, 0x36, 0x36, 0x00, 0x00 },     // : 26
  149          //    { 0x00, 0x00, 0x56, 0x36, 0x00, 0x00 },     // ; 27
  150          //    { 0x00, 0x08, 0x14, 0x22, 0x41, 0x00 },     // < 28
  151          //    { 0x00, 0x14, 0x14, 0x14, 0x14, 0x14 },     // = 29
  152          //    { 0x00, 0x00, 0x41, 0x22, 0x14, 0x08 },     // > 30
  153          //    { 0x00, 0x02, 0x01, 0x51, 0x09, 0x06 },     // ? 31
  154          //    { 0x00, 0x32, 0x49, 0x59, 0x51, 0x3E },     // @ 32
  155          //    { 0x00, 0x7C, 0x12, 0x11, 0x12, 0x7C },     // A 33
  156          //    { 0x00, 0x7F, 0x49, 0x49, 0x49, 0x36 },     // B 34
  157          //    { 0x00, 0x3E, 0x41, 0x41, 0x41, 0x22 },     // C 35
  158          //    { 0x00, 0x7F, 0x41, 0x41, 0x22, 0x1C },     // D 36
  159          //    { 0x00, 0x7F, 0x49, 0x49, 0x49, 0x41 },     // E 37
  160          //    { 0x00, 0x7F, 0x09, 0x09, 0x09, 0x01 },     // F 38
  161          //    { 0x00, 0x3E, 0x41, 0x49, 0x49, 0x7A },     // G 39
  162          //    { 0x00, 0x7F, 0x08, 0x08, 0x08, 0x7F },     // H 40
  163          //    { 0x00, 0x00, 0x41, 0x7F, 0x41, 0x00 },     // I 41
  164          //    { 0x00, 0x20, 0x40, 0x41, 0x3F, 0x01 },     // J 42
  165          //    { 0x00, 0x7F, 0x08, 0x14, 0x22, 0x41 },     // K 43
  166          //    { 0x00, 0x7F, 0x40, 0x40, 0x40, 0x40 },     // L 44
  167          //    { 0x00, 0x7F, 0x02, 0x0C, 0x02, 0x7F },     // M 45
  168          //    { 0x00, 0x7F, 0x04, 0x08, 0x10, 0x7F },     // N 46
  169          //    { 0x00, 0x3E, 0x41, 0x41, 0x41, 0x3E },     // O 47
  170          //    { 0x00, 0x7F, 0x09, 0x09, 0x09, 0x06 },     // P 48
  171          //    { 0x00, 0x3E, 0x41, 0x51, 0x21, 0x5E },     // Q 49
  172          //    { 0x00, 0x7F, 0x09, 0x19, 0x29, 0x46 },     // R 50
  173          //    { 0x00, 0x46, 0x49, 0x49, 0x49, 0x31 },     // S 51
  174          //    { 0x00, 0x01, 0x01, 0x7F, 0x01, 0x01 },     // T 52
  175          //    { 0x00, 0x3F, 0x40, 0x40, 0x40, 0x3F },     // U 53
  176          //    { 0x00, 0x1F, 0x20, 0x40, 0x20, 0x1F },     // V 54
  177          //    { 0x00, 0x3F, 0x40, 0x38, 0x40, 0x3F },     // W 55
  178          //    { 0x00, 0x63, 0x14, 0x08, 0x14, 0x63 },     // X 56
  179          //    { 0x00, 0x07, 0x08, 0x70, 0x08, 0x07 },     // Y 57
  180          //    { 0x00, 0x61, 0x51, 0x49, 0x45, 0x43 },     // Z 58
  181          //    { 0x00, 0x00, 0x7F, 0x41, 0x41, 0x00 },     // [ 59
  182          //    { 0x02, 0x04, 0x08, 0x10, 0x20, 0x40 },     // \ 60
  183          //    { 0x00, 0x00, 0x41, 0x41, 0x7F, 0x00 },     // ] 61
  184          //    { 0x00, 0x04, 0x02, 0x01, 0x02, 0x04 },     // ^ 62
  185          //    { 0x00, 0x40, 0x40, 0x40, 0x40, 0x40 },     // _ 63
  186          //    { 0x00, 0x00, 0x01, 0x02, 0x04, 0x00 },     // ` 64
  187          //    { 0x00, 0x20, 0x54, 0x54, 0x54, 0x78 },     // a 65
  188          //    { 0x00, 0x7F, 0x48, 0x44, 0x44, 0x38 },     // b 66
  189          //    { 0x00, 0x38, 0x44, 0x44, 0x44, 0x20 },     // c 67
C251 COMPILER V5.60.0,  zf_common_font                                                     17/05/26  17:30:58  PAGE 4   

  190          //    { 0x00, 0x38, 0x44, 0x44, 0x48, 0x7F },     // d 68
  191          //    { 0x00, 0x38, 0x54, 0x54, 0x54, 0x18 },     // e 69
  192          //    { 0x00, 0x08, 0x7E, 0x09, 0x01, 0x02 },     // f 70
  193          //    { 0x00, 0x18, 0xA4, 0xA4, 0xA4, 0x7C },     // g 71
  194          //    { 0x00, 0x7F, 0x08, 0x04, 0x04, 0x78 },     // h 72
  195          //    { 0x00, 0x00, 0x44, 0x7D, 0x40, 0x00 },     // i 73
  196          //    { 0x00, 0x40, 0x80, 0x84, 0x7D, 0x00 },     // j 74
  197          //    { 0x00, 0x7F, 0x10, 0x28, 0x44, 0x00 },     // k 75
  198          //    { 0x00, 0x00, 0x41, 0x7F, 0x40, 0x00 },     // l 76
  199          //    { 0x00, 0x7C, 0x04, 0x18, 0x04, 0x78 },     // m 77
  200          //    { 0x00, 0x7C, 0x08, 0x04, 0x04, 0x78 },     // n 78
  201          //    { 0x00, 0x38, 0x44, 0x44, 0x44, 0x38 },     // o 79
  202          //    { 0x00, 0xFC, 0x24, 0x24, 0x24, 0x18 },     // p 80
  203          //    { 0x00, 0x18, 0x24, 0x24, 0x18, 0xFC },     // q 81
  204          //    { 0x00, 0x7C, 0x08, 0x04, 0x04, 0x08 },     // r 82
  205          //    { 0x00, 0x48, 0x54, 0x54, 0x54, 0x20 },     // s 83
  206          //    { 0x00, 0x04, 0x3F, 0x44, 0x40, 0x20 },     // t 84
  207          //    { 0x00, 0x3C, 0x40, 0x40, 0x20, 0x7C },     // u 85
  208          //    { 0x00, 0x1C, 0x20, 0x40, 0x20, 0x1C },     // v 86
  209          //    { 0x00, 0x3C, 0x40, 0x30, 0x40, 0x3C },     // w 87
  210          //    { 0x00, 0x44, 0x28, 0x10, 0x28, 0x44 },     // x 88
  211          //    { 0x00, 0x1C, 0xA0, 0xA0, 0xA0, 0x7C },     // y 89
  212          //    { 0x00, 0x44, 0x64, 0x54, 0x4C, 0x44 },     // z 90
  213          //    { 0x14, 0x14, 0x14, 0x14, 0x14, 0x14 }      // horiz lines
  214          //};
  215          


Module Information          Static   Overlayable
------------------------------------------------
  code size            =      1520     ------
  ecode size           =    ------     ------
  data size            =    ------     ------
  idata size           =    ------     ------
  pdata size           =    ------     ------
  xdata size           =    ------     ------
  xdata-const size     =    ------     ------
  edata size           =    ------     ------
  bit size             =    ------     ------
  ebit size            =    ------     ------
  bitaddressable size  =    ------     ------
  ebitaddressable size =    ------     ------
  far data size        =    ------     ------
  huge data size       =    ------     ------
  const size           =    ------     ------
  hconst size          =    ------     ------
End of Module Information.


C251 COMPILATION COMPLETE.  0 WARNING(S),  0 ERROR(S)
