C251 COMPILER V5.60.0,  zf_common_clock                                                    24/05/26  16:50:20  PAGE 1   


C251 COMPILER V5.60.0, COMPILATION OF MODULE zf_common_clock
OBJECT MODULE PLACED IN .\out_file\zf_common_clock.obj
COMPILER INVOKED BY: E:\keil_v5\C251\BIN\C251.EXE ..\..\libraries\zf_common\zf_common_clock.c LARGE NOALIAS WARNINGLEVEL
                    -(0) OPTIMIZE(0,SIZE) BROWSE INCDIR(..\..\libraries\zf_common;..\..\libraries\zf_components;..\..\libraries\zf_device;..\
                    -..\libraries\zf_driver;..\user;..\code) DEBUG PRINT(.\out_file\zf_common_clock.lst) OBJECT(.\out_file\zf_common_clock.ob
                    -j) 

stmt  level    source

    1          #include "zf_common_typedef.h"
    2          #include "zf_common_clock.h"
    3          #include "zf_common_debug.h"
    4          #include "zf_common_interrupt.h"
    5          
    6          #include "zf_driver_delay.h"
    7          
    8          //е†…ж ёйў‘зЋ‡
    9          int32 system_clock = SYSTEM_CLOCK_30M;
   10          
   11          
   12          
   13          //-------------------------------------------------------------------------------------------------------
             -------------
   14          //  @brief      STC32Gи®ѕзЅ®зі»з»џйў‘зЋ‡
   15          //  @param      NULL            з©єеЂј
   16          //  @return     void            зі»з»џйў‘зЋ‡
   17          //  Sample usage:               
   18          //-------------------------------------------------------------------------------------------------------
             -------------
   19          uint32 set_sys_clk(uint32 sys_clk)
   20          {
   21   1              
   22   1              P_SW2 |= 0x80;
   23   1                      
   24   1              switch(sys_clk) 
   25   1              {
   26   2                      case SYSTEM_CLOCK_22_1184M:
   27   2                              // йЂ‰ж‹© 22.1184MHz
   28   2                              CLKDIV = 0x04;
   29   2                              IRTRIM = T22M_ADDR;
   30   2                              VRTRIM = VRT27M_ADDR;
   31   2                              IRCBAND = 0x02;
   32   2                              CLKDIV = 0x00;
   33   2                      break;
   34   2                              
   35   2                      case SYSTEM_CLOCK_24M:
   36   2                              // йЂ‰ж‹© 24MHz
   37   2                              CLKDIV = 0x04;
   38   2                              IRTRIM = T24M_ADDR;
   39   2                              VRTRIM = VRT27M_ADDR;
   40   2                              IRCBAND = 0x02;
   41   2                              CLKDIV = 0x00;
   42   2                      break;
   43   2                              
   44   2                      case SYSTEM_CLOCK_27M:
   45   2                              // йЂ‰ж‹© 27MHz
   46   2                              CLKDIV = 0x04;
   47   2                              IRTRIM = T27M_ADDR;
   48   2                              VRTRIM = VRT27M_ADDR;
   49   2                              IRCBAND = 0x02;
   50   2                              CLKDIV = 0x00;
   51   2                      break;
   52   2                              
   53   2                      case SYSTEM_CLOCK_30M:
   54   2                              // йЂ‰ж‹© 30MHz
C251 COMPILER V5.60.0,  zf_common_clock                                                    24/05/26  16:50:20  PAGE 2   

   55   2                              CLKDIV = 0x04;
   56   2                              IRTRIM = T30M_ADDR;
   57   2                              VRTRIM = VRT27M_ADDR;
   58   2                              IRCBAND = 0x02;
   59   2                              CLKDIV = 0x00;
   60   2                      break;
   61   2                              
   62   2                      case SYSTEM_CLOCK_33_1776M:
   63   2                              // йЂ‰ж‹© 33.1776MHz
   64   2                              CLKDIV = 0x04;
   65   2                              IRTRIM = T33M_ADDR;
   66   2                              VRTRIM = VRT27M_ADDR;
   67   2                              IRCBAND = 0x02;
   68   2                              CLKDIV = 0x00;
   69   2                      break;
   70   2                              
   71   2                      case SYSTEM_CLOCK_35M:
   72   2                              // йЂ‰ж‹© 35MHz
   73   2                              CLKDIV = 0x04;
   74   2                              IRTRIM = T35M_ADDR;
   75   2                              VRTRIM = VRT44M_ADDR;
   76   2                              IRCBAND = 0x03;
   77   2                              CLKDIV = 0x00;
   78   2                      break;
   79   2                              
   80   2                      default:
   81   2                              sys_clk = SYSTEM_CLOCK_30M;
   82   2                              // йЂ‰ж‹© 30MHz
   83   2                              CLKDIV = 0x04;
   84   2                              IRTRIM = T30M_ADDR;
   85   2                              VRTRIM = VRT27M_ADDR;
   86   2                              IRCBAND = 0x02;
   87   2                              CLKDIV = 0x00;
   88   2                      break;
   89   2              }
   90   1      
   91   1              return sys_clk;
   92   1      }
   93          
   94          
   95          
   96          
   97          void clock_init (uint32 clock)                                              // ж ёеїѓж—¶й’џе€ќе§‹еЊ–
   98          {
   99   1              EAXFR = 1;                              // дЅїиѓЅи®їй—®XFR
  100   1              P_SW2 = 0x80;           // ејЂеђЇз‰№ж®Љењ°еќЂи®їй—®
  101   1          CKCON = 0x00;           // и®ѕзЅ®е¤–йѓЁж•°жЌ®жЂ»зєїдёєжњЂеї«
  102   1          WTST = 0;               // и®ѕзЅ®зЁ‹еєЏд»Јз Ѓз­‰еѕ…еЏ‚ж•°пјЊиµ‹еЂјдёє0еЏЇе°†CPUж‰§иЎЊзЁ‹еєЏзљ„йЂџеє¦и
             -®ѕзЅ®дёєжњЂеї«
  103   1      
  104   1      #if (1 == EXTERNAL_CRYSTA_ENABLE)
                       XOSCCR = 0xc0;                  //еђЇеЉЁе¤–йѓЁж™¶жЊЇ
                       while (!(XOSCCR & 1));  //з­‰еѕ…ж—¶й’џзЁіе®љ
                       CLKDIV = 0x00;                  //ж—¶й’џдёЌе€†йў‘
                       CLKSEL = 0x01;                  //йЂ‰ж‹©е¤–йѓЁж™¶жЊЇ
               #else
  110   1              //и‡ЄеЉЁи®ѕзЅ®зі»з»џйў‘зЋ‡
  111   1              #if (0 == FOSC)
  112   1                      system_clock = set_sys_clk(clock);
  113   1              #else
                               system_clock = FOSC;
                       #endif
  116   1      #endif
  117   1      
  118   1              system_delay_init();    // е»¶ж—¶е‡Ѕж•°е€ќе§‹еЊ–
  119   1      
C251 COMPILER V5.60.0,  zf_common_clock                                                    24/05/26  16:50:20  PAGE 3   

  120   1       
  121   1              P0M0 = 0x00;
  122   1              P0M1 = 0x00;
  123   1              P1M0 = 0x00;
  124   1              P1M1 = 0x00;
  125   1              P2M0 = 0x00;
  126   1              P2M1 = 0x00;
  127   1              P3M0 = 0x00;
  128   1              P3M1 = 0x00;
  129   1              P4M0 = 0x00;
  130   1              P4M1 = 0x00;
  131   1              P5M0 = 0x00;
  132   1              P5M1 = 0x00;
  133   1              P6M0 = 0x00;
  134   1              P6M1 = 0x00;
  135   1              P7M0 = 0x00;
  136   1              P7M1 = 0x00;
  137   1              
  138   1              ADCCFG = 0;
  139   1              AUXR = 0;
  140   1              SCON = 0;
  141   1              S2CON = 0;
  142   1              S3CON = 0;
  143   1              S4CON = 0;
  144   1              P_SW1 = 0;
  145   1              IE2 = 0;
  146   1              TMOD = 0;
  147   1              
  148   1              interrupt_global_enable();
  149   1      }
  150          
  151          


Module Information          Static   Overlayable
------------------------------------------------
  code size            =       658     ------
  ecode size           =    ------     ------
  data size            =    ------     ------
  idata size           =    ------     ------
  pdata size           =    ------     ------
  xdata size           =        12     ------
  xdata-const size     =    ------     ------
  edata size           =    ------     ------
  bit size             =    ------     ------
  ebit size            =    ------     ------
  bitaddressable size  =    ------     ------
  ebitaddressable size =    ------     ------
  far data size        =    ------     ------
  huge data size       =    ------     ------
  const size           =    ------     ------
  hconst size          =         9     ------
End of Module Information.


C251 COMPILATION COMPLETE.  0 WARNING(S),  0 ERROR(S)
