C251 COMPILER V5.60.0,  zf_common_debug                                                    23/04/26  16:57:04  PAGE 1   


C251 COMPILER V5.60.0, COMPILATION OF MODULE zf_common_debug
OBJECT MODULE PLACED IN .\out_file\zf_common_debug.obj
COMPILER INVOKED BY: E:\keil_v5\C251\BIN\C251.EXE ..\..\libraries\zf_common\zf_common_debug.c LARGE NOALIAS WARNINGLEVEL
                    -(0) OPTIMIZE(0,SIZE) BROWSE INCDIR(..\..\libraries\zf_common;..\..\libraries\zf_components;..\..\libraries\zf_device;..\
                    -..\libraries\zf_driver;..\user;..\code) DEBUG PRINT(.\out_file\zf_common_debug.lst) OBJECT(.\out_file\zf_common_debug.ob
                    -j) 

stmt  level    source

    1          /********************************************************************************************************
             -*************
    2          * STC32G Opensourec Library МДЃЈSTC32G ПЊдДПтЃЉЪЧвЛИіЛљгкЙйЗН SDK НгПкЕФЕкШ§ЗНПЊдДПт
    3          * Copyright (c) 2022 SEEKFREE ж№ЗЩПЦММ
    4          *
    5          * БОЮФМўЪЧSTC ПЊдДПтЕФвЛВПЗж
    6          *
    7          * STC32G ПЊдДПт ЪЧУтЗбШэМў
    8          * ФњПЩвдИљОнздгЩШэМўЛљН№ЛсЗЂВМЕФ GPLЃЈGNU General Public LicenseЃЌМД GNUЭЈгУЙЋЙВаэПЩжЄЃЉЕФЬѕПю
    9          * МД GPL ЕФЕк3АцЃЈМД GPL3.0ЃЉЛђЃЈФњбЁдёЕФЃЉШЮКЮКѓРДЕФАцБОЃЌжиаТЗЂВМКЭ/ЛђаоИФЫќ
   10          *
   11          * БОПЊдДПтЕФЗЂВМЪЧЯЃЭћЫќФмЗЂЛгзїгУЃЌЕЋВЂЮДЖдЦфзїШЮКЮЕФБЃжЄ
   12          * ЩѕжСУЛгавўКЌЕФЪЪЯњадЛђЪЪКЯЬиЖЈгУЭОЕФБЃжЄ
   13          * ИќЖрЯИНкЧыВЮМћ GPL
   14          *
   15          * ФњгІИУдкЪеЕНБОПЊдДПтЕФЭЌЪБЪеЕНвЛЗн GPL ЕФИББО
   16          * ШчЙћУЛгаЃЌЧыВЮдФ<https://www.gnu.org/licenses/>
   17          *
   18          * ЖюЭтзЂУїЃК
   19          * БОПЊдДПтЪЙгУ GPL3.0 ПЊдДаэПЩжЄа­вщ вдЩЯаэПЩЩъУїЮЊвыЮФАцБО
   20          * аэПЩЩъУїгЂЮФАцдк libraries/doc ЮФМўМаЯТЕФ GPL3_permission_statement.txt ЮФМўжа
   21          * аэПЩжЄИББОдк libraries ЮФМўМаЯТ МДИУЮФМўМаЯТЕФ LICENSE ЮФМў
   22          * ЛЖг­ИїЮЛЪЙгУВЂДЋВЅБОГЬађ ЕЋаоИФФкШнЪББиаыБЃСєж№ЗЩПЦММЕФАцШЈЩљУїЃЈМДБОЩљУїЃЉ
   23          *
   24          * ЮФМўУћГЦ          
   25          * ЙЋЫОУћГЦ          ГЩЖМж№ЗЩПЦММгаЯоЙЋЫО
   26          * АцБОаХЯЂ          ВщПД libraries/doc ЮФМўМаФк version ЮФМў АцБОЫЕУї
   27          * ПЊЗЂЛЗОГ          MDK FOR C251
   28          * ЪЪгУЦНЬЈ          STC32G
   29          * ЕъЦЬСДНг          https://seekfree.taobao.com/
   30          *
   31          * аоИФМЧТМ
   32          * ШеЦк              зїеп           БИзЂ
   33          * 2024-08-01        ДѓW            first version
   34          *********************************************************************************************************
             -***********/
   35          #include "zf_common_fifo.h"
   36          #include "zf_common_debug.h"
   37          #include "zf_common_clock.h"
   38          #include "zf_common_interrupt.h"
   39          #include "zf_common_typedef.h"
   40          
   41          #include "zf_driver_uart.h"
   42          #include "zf_driver_delay.h"
   43          
   44          #pragma warning disable = 183
   45          #pragma warning disable = 177
   46          #pragma warning disable = 165
   47          #pragma warning disable = 287
   48          #pragma warning disable = 47
   49          #pragma warning disable = 98
   50          
   51          #if DEBUG_UART_USE_INTERRUPT                                                    // ШчЙћЦєгУ debug uart Нг
             -ЪежаЖЯ
   52          uint8                       debug_uart_buffer[DEBUG_RING_BUFFER_LEN];           // Ъ§ОнДцЗХЪ§зщ
   53          #endif
C251 COMPILER V5.60.0,  zf_common_debug                                                    23/04/26  16:57:04  PAGE 2   

   54          
   55          fifo_struct                 debug_uart_fifo;
   56          
   57          //static debug_output_struct  debug_output_info;
   58          static volatile uint8       zf_debug_init_flag = 1;
   59          static volatile uint8       zf_debug_assert_enable = 1;
   60          
   61          ////-----------------------------------------------------------------------------------------------------
             ---------------
   62          //// КЏЪ§МђНщ      debug ШэбгЪБКЏЪ§ дк 120MHz ЯТЪЧвЛУыЖрЕФЪБМф ИїЕЅЦЌЛњашвЊИљОнИїздЪБжгЪдбщ
   63          //// ВЮЪ§ЫЕУї     pass        ХаЖЯЪЧЗёДЅЗЂЖЯбд
   64          //// ВЮЪ§ЫЕУї     *file       ЮФМўУћ
   65          //// ВЮЪ§ЫЕУї     line        ФПБъааЪ§
   66          //// ЗЕЛиВЮЪ§     void
   67          ////-----------------------------------------------------------------------------------------------------
             ---------------
   68          //static void debug_delay (void)
   69          //{
   70          //    vuint32 loop_1 = 0, loop_2 = 0;
   71          //    for(loop_1 = 0; loop_1 <= 0xFF; loop_1 ++)
   72          //        for(loop_2 = 0; loop_2 <= 0x1FF; loop_2 ++)
   73          //            _nop_();
   74          //}
   75          
   76          
   77          ////-----------------------------------------------------------------------------------------------------
             ---------------
   78          //// КЏЪ§МђНщ     debug БЃЛЄДІРэ жївЊЪЧЗРжЙЖЯбдКѓГіЯжаХКХЮЌГжЖјЕМжТгВМўЪЇПи
   79          //// ВЮЪ§ЫЕУї     void
   80          //// ЗЕЛиВЮЪ§     void
   81          //// ЪЙгУЪОР§     debug_protective_handler();
   82          //// БИзЂаХЯЂ     БОКЏЪ§дкЮФМўФкВПЕїгУ гУЛЇВЛгУЙизЂ вВВЛПЩаоИФ
   83          ////-----------------------------------------------------------------------------------------------------
             ---------------
   84          //static void debug_protective_handler (void)
   85          //{
   86          //   // днЮДИќаТ
   87          //}
   88          
   89          ////-----------------------------------------------------------------------------------------------------
             ---------------
   90          //// КЏЪ§МђНщ      debug ДЎПкЪфГіНгПк ДЫВПЗжВЛдЪаэгУЛЇИќИФ
   91          //// ВЮЪ§ЫЕУї     *str        ашвЊЪфГіЕФзжЗћДЎ
   92          //// ЗЕЛиВЮЪ§     void
   93          //// ЪЙгУЪОР§     debug_uart_str_output("Log message");
   94          //// БИзЂаХЯЂ     БОКЏЪ§дкЮФМўФкВПЕїгУ гУЛЇВЛгУЙизЂ вВВЛПЩаоИФ
   95          ////-----------------------------------------------------------------------------------------------------
             ---------------
   96          //static void debug_uart_str_output (const char *str)
   97          //{
   98          //    uart_write_string(DEBUG_UART_INDEX, str);
   99          //}
  100          
  101          ////-----------------------------------------------------------------------------------------------------
             ---------------
  102          //// КЏЪ§МђНщ     debug ЪфГіНгПк
  103          //// ВЮЪ§ЫЕУї     *type       log РраЭ
  104          //// ВЮЪ§ЫЕУї     *file       ЮФМўУћ
  105          //// ВЮЪ§ЫЕУї     line        ФПБъааЪ§
  106          //// ВЮЪ§ЫЕУї     *str        аХЯЂ
  107          //// ЗЕЛиВЮЪ§     void
  108          //// ЪЙгУЪОР§     debug_output("Log message", file, line, str);
  109          //// БИзЂаХЯЂ     БОКЏЪ§дкЮФМўФкВПЕїгУ гУЛЇВЛгУЙизЂ вВВЛПЩаоИФ
  110          ////-----------------------------------------------------------------------------------------------------
             ---------------
  111          //static void debug_output (char *type, char *file, int line, char *str)
C251 COMPILER V5.60.0,  zf_common_debug                                                    23/04/26  16:57:04  PAGE 3   

  112          //{
  113          //    char *file_str;
  114          
  115          //    vuint16 i = 0, j = 0;
  116          //    vint16 len_origin = 0;
  117          //    vuint16 show_len = 0;
  118          //    vint16 show_line_index = 0;
  119          //      
  120          //      volatile char output_buffer[256] = {0};
  121          //    volatile char file_path_buffer[64] = {0};
  122          
  123          //    len_origin = strlen(file);
  124          
  125          
  126          
  127          //    if(debug_output_info.type_index)
  128          //    {
  129          //        debug_output_info.output_screen_clear();
  130          //    }
  131          
  132          //    if(zf_debug_init_flag)
  133          //    {
  134          //        if(debug_output_info.type_index)
  135          //        {
  136          //            // ашвЊЗжааНЋЮФМўЕФТЗОЖКЭааЪ§ЪфГі
  137          //            // <ВЛЪфГіЭъећТЗОЖ жЛЪфГівЛМЖФПТМ Р§Шч src/main.c>
  138          //            // ЪфГі line : xxxx
  139          //            debug_output_info.output_screen(0, show_line_index ++, type);
  140          
  141          //            file_str = file;
  142          //            len_origin = strlen(file);
  143          //            show_len = (debug_output_info.display_x_max / debug_output_info.font_x_size);
  144          
  145          //            while(*file_str++ != '\0');
  146          
  147          //            // жЛШЁвЛМЖФПТМ ШчЙћЮФМўЗХдкХЬЗћИљФПТМ Лђеп MDK ЕФЙЄГЬИљФПТМ ОЭЛсжБНгЪфГіЕБЧАФПТМ
  148          //            for(j = 0; (j < 2) && (len_origin >= 0); len_origin --)             // ВщевСНИі '/'
  149          //            {
  150          //                file_str --;
  151          //                if((*file_str == '/') || (*file_str == 0x5C))
  152          //                {
  153          //                    j ++;
  154          //                }
  155          //            }
  156          
  157          //            // ЮФМўТЗОЖБЃДцЕНЪ§зщжа
  158          //            if(len_origin >= 0)
  159          //            {
  160          //                file_str ++;
  161          //                sprintf(output_buffer, "file: %s", file_str);
  162          //            }
  163          //            else
  164          //            {
  165          //                if(0 == j)
  166          //                {
  167          //                    sprintf(output_buffer, "file: mdk/%s", file_str);
  168          //                }
  169          //                else
  170          //                {
  171          //                    sprintf(output_buffer, "file: %s", file_str);
  172          //                }
  173          //            }
  174          
  175          //            // ЦСФЛЯдЪОТЗОЖ
  176          //            for(i = 0; i < ((strlen(output_buffer) / show_len) + 1); i ++)
  177          //            {
C251 COMPILER V5.60.0,  zf_common_debug                                                    23/04/26  16:57:04  PAGE 4   

  178          //                for(j = 0; j < show_len; j ++)
  179          //                {
  180          //                    if(strlen(output_buffer) < (j + i * show_len))
  181          //                    {
  182          //                        break;
  183          //                    }
  184          //                    file_path_buffer[j] = output_buffer[j + i * show_len];
  185          //                }
  186          
  187          //                file_path_buffer[j] = '\0';                                     // ФЉЮВЬэМг\0
  188          
  189          //                debug_output_info.output_screen(0, debug_output_info.font_y_size * show_line_index ++, 
             -file_path_buffer);
  190          //            }
  191          
  192          //            // ЦСФЛЯдЪОааКХ
  193          //            sprintf(output_buffer, "line: %d", line);
  194          //            debug_output_info.output_screen(0, debug_output_info.font_y_size * show_line_index ++, outp
             -ut_buffer);
  195          
  196          //            // ЦСФЛЯдЪО Log ШчЙћгаЕФЛА
  197          //            if(NULL != str)
  198          //            {
  199          //                for(i = 0; i < ((strlen(str) / show_len) + 1); i ++)
  200          //                {
  201          //                    for(j = 0; j < show_len; j ++)
  202          //                    {
  203          //                        if(strlen(str) < (j + i * show_len))
  204          //                        {
  205          //                            break;
  206          //                        }
  207          //                        file_path_buffer[j] = str[j + i * show_len];
  208          //                    }
  209          
  210          //                    file_path_buffer[j] = '\0';                                 // ФЉЮВЬэМг\0
  211          
  212          //                    debug_output_info.output_screen(0, debug_output_info.font_y_size * show_line_index 
             -++, file_path_buffer);
  213          //                }
  214          //            }
  215          //        }
  216          //        else
  217          //        {
  218          //                      printf("\r\n %s file %s line %d\r\n", type, file, line);
  219          
  220          ////            memset(output_buffer, 0, 256);
  221          ////            debug_output_info.output_uart(type);
  222          ////            if(NULL != str)
  223          ////            {
  224          ////                sprintf(output_buffer, "\r\nfile %s line %d: %s.\r\n", file, line, str);
  225          ////            }
  226          ////            else
  227          ////            {
  228          ////                sprintf(output_buffer, "\r\nfile %s line %d.\r\n", file, line);
  229          ////            }
  230          ////            debug_output_info.output_uart(output_buffer);
  231          //        }
  232          //    }
  233          //}
  234          
  235          
  236          //-------------------------------------------------------------------------------------------------------
             -------------
  237          // КЏЪ§МђНщ     ЕїЪдДЎПкЗЂЫЭЛКГхЧј
  238          // ВЮЪ§ЫЕУї     *buff       ЖСГіЪ§ОнДцЗХЕФЪ§зщжИеы
  239          // ВЮЪ§ЫЕУї     len         ашвЊЗЂЫЭЕФГЄЖШ
C251 COMPILER V5.60.0,  zf_common_debug                                                    23/04/26  16:57:04  PAGE 5   

  240          // ЗЕЛиВЮЪ§     uint32      ЪЃгрЮДЗЂЫЭЕФГЄЖШ
  241          // ЪЙгУЪОР§
  242          // БИзЂаХЯЂ     БОКЏЪ§ашвЊПЊЦє DEBUG_UART_USE_INTERRUPT КъЖЈвхВХПЩЪЙгУ
  243          //-------------------------------------------------------------------------------------------------------
             -------------
  244          uint32 debug_send_buffer(const uint8 *buff, uint32 len)
  245          {
  246   1              if(len > 0xFFFF)
  247   1              {
  248   2                      uart_write_buffer(DEBUG_UART_INDEX, buff, 0xFFFF);
  249   2                      return  len - 0xFFFF;
  250   2              }
  251   1              else
  252   1              {
  253   2                      uart_write_buffer(DEBUG_UART_INDEX, buff, (uint16)len);
  254   2              }
  255   1          
  256   1          return 0;
  257   1      }
  258          
  259          
  260          
  261          //-------------------------------------------------------------------------------------------------------
             -------------
  262          // КЏЪ§МђНщ     ЖСШЁ debug ЛЗаЮЛКГхЧјЪ§Он
  263          // ВЮЪ§ЫЕУї     *buff       ЖСГіЪ§ОнДцЗХЕФЪ§зщжИеы
  264          // ВЮЪ§ЫЕУї     len         ашвЊЖСШЁЕФГЄЖШ
  265          // ЗЕЛиВЮЪ§     uint32      ЖСГіЪ§ОнЕФЪЕМЪГЄЖШ
  266          // ЪЙгУЪОР§
  267          // БИзЂаХЯЂ     БОКЏЪ§ашвЊПЊЦє DEBUG_UART_USE_INTERRUPT КъЖЈвхВХПЩЪЙгУ
  268          //-------------------------------------------------------------------------------------------------------
             -------------
  269          uint32 debug_read_buffer (uint8 *buff, uint32 len)
  270          {
  271   1          fifo_read_buffer(&debug_uart_fifo, buff, &len, FIFO_READ_AND_CLEAN);
  272   1      
  273   1          return len;
  274   1      }
  275          
  276          #if DEBUG_UART_USE_INTERRUPT                                                    // ЬѕМўБрвы жЛгадкЦєгУДЎП
             -кжаЖЯВХБрвы
  277          //-------------------------------------------------------------------------------------------------------
             -------------
  278          // КЏЪ§МђНщ     debug ДЎПкжаЖЯДІРэКЏЪ§ isr.c жаЖдгІДЎПкжаЖЯЗўЮёКЏЪ§ЕїгУ
  279          // ВЮЪ§ЫЕУї     void
  280          // ЗЕЛиВЮЪ§     void
  281          // ЪЙгУЪОР§     debug_interrupr_handler();
  282          // БИзЂаХЯЂ     БОКЏЪ§ашвЊПЊЦє DEBUG_UART_USE_INTERRUPT КъЖЈвхВХПЩЪЙгУ
  283          //              ВЂЧвБОКЏЪ§ФЌШЯЗХжУдк UART1 ЕФДЎПкНгЪежаЖЯДІРэДІ
  284          //-------------------------------------------------------------------------------------------------------
             -------------
  285          void debug_interrupr_handler (uint8 dat)
  286          {
  287   1              if(zf_debug_init_flag)
  288   1              {
  289   2                      uart_query_byte(DEBUG_UART_INDEX, &dat);                    // ЖСШЁДЎПкЪ§Он
  290   2                      fifo_write_buffer(&debug_uart_fifo, &dat, 1);               // ДцШы FIFO
  291   2              }
  292   1      
  293   1      }
  294          
  295          #endif
  296          
  297          //-------------------------------------------------------------------------     // printf жиЖЈЯђ ДЫВПЗжВЛ
             -дЪаэгУЛЇИќИФ
  298          //-------------------------------------------------------------------------------------------------------
C251 COMPILER V5.60.0,  zf_common_debug                                                    23/04/26  16:57:04  PAGE 6   

             -------------
  299          // КЏЪ§МђНщ     printfжиЖЈЯђ
  300          // ВЮЪ§ЫЕУї     void
  301          // ЗЕЛиВЮЪ§     void
  302          //  @since      v1.0
  303          // БИзЂаХЯЂ              жиЖЈЯђprintfЕНDEBUGДЎПкЩЯ
  304          //-------------------------------------------------------------------------------------------------------
             -------------
  305          #if(1 == PRINTF_ENABLE)      //ГѕЪМЛЏЕїЪдДЎПк
  306          //жиЖЈвхprintf Ъ§зж жЛФмЪфГіuint16
  307          char putchar(char c)
  308          {
  309   1          uart_write_byte(DEBUG_UART_INDEX, c);//АбздМКЪЕЯжЕФДЎПкДђгЁвЛзжНкЪ§ОнЕФКЏЪ§ЬцЛЛЕНетРя
  310   1      
  311   1          return c;
  312   1      }
  313          #endif
  314          //-------------------------------------------------------------------------     // printf жиЖЈЯђ ДЫВПЗжВЛ
             -дЪаэгУЛЇИќИФ
  315          
  316          ////-----------------------------------------------------------------------------------------------------
             ---------------
  317          //// КЏЪ§МђНщ     ЦєгУЖЯбд
  318          //// ВЮЪ§ЫЕУї     void
  319          //// ЗЕЛиВЮЪ§     void
  320          //// ЪЙгУЪОР§     debug_assert_enable();
  321          //// БИзЂаХЯЂ     ЖЯбдФЌШЯПЊЦє НЈвщПЊЦєЖЯбд
  322          ////-----------------------------------------------------------------------------------------------------
             ---------------
  323          //void debug_assert_enable (void)
  324          //{
  325          //    zf_debug_assert_enable = 1;
  326          //}
  327          
  328          ////-----------------------------------------------------------------------------------------------------
             ---------------
  329          //// КЏЪ§МђНщ      НћгУЖЯбд
  330          //// ВЮЪ§ЫЕУї     void
  331          //// ЗЕЛиВЮЪ§     void
  332          //// ЪЙгУЪОР§     debug_assert_disable();
  333          //// БИзЂаХЯЂ     ЖЯбдФЌШЯПЊЦє ВЛНЈвщНћгУЖЯбд
  334          ////-----------------------------------------------------------------------------------------------------
             ---------------
  335          //void debug_assert_disable (void)
  336          //{
  337          //    zf_debug_assert_enable = 0;
  338          //}
  339          
  340          //-------------------------------------------------------------------------------------------------------
             -------------
  341          // КЏЪ§МђНщ      debug ЖЯбдДІРэКЏЪ§ ДЫВПЗжВЛдЪаэгУЛЇИќИФ
  342          // ВЮЪ§ЫЕУї     pass        ХаЖЯЪЧЗёДЅЗЂЖЯбд
  343          // ВЮЪ§ЫЕУї     *file       ЮФМўУћ
  344          // ВЮЪ§ЫЕУї     line        ФПБъааЪ§
  345          // ЗЕЛиВЮЪ§     void
  346          // ЪЙгУЪОР§     zf_assert(0);
  347          // БИзЂаХЯЂ     етИіКЏЪ§ВЛЪЧжБНгЕїгУЕФ ДЫВПЗжВЛдЪаэгУЛЇИќИФ
  348          //              ЪЙгУ zf_commmon_debug.h жаЕФ zf_assert(x) НгПк
  349          //-------------------------------------------------------------------------------------------------------
             -------------
  350          void debug_assert_handler (uint8 pass, char *file, int line)
  351          {
  352   1              uint8 log_str[] = "Assert error";
  353   1      
  354   1              while(!pass)
  355   1              {
C251 COMPILER V5.60.0,  zf_common_debug                                                    23/04/26  16:57:04  PAGE 7   

  356   2                      // ШчЙћДњТыЬјзЊЕНетРяЭЃзЁСЫ
  357   2                      // вЛАуФуЕФКЏЪ§ВЮЪ§ДЋЕнГіДэСЫ
  358   2                      // ЛђепФуздМКЕїгУЕФ zf_assert(x) НгПкДІБЈДэСЫ
  359   2      
  360   2                      // ШчЙћЕїгУСЫ debug_init ГѕЪМЛЏСЫ log ЪфГі
  361   2                      // ОЭдкЖдгІДЎПкЪфГіШЅВщПДЪЧФФИіЮФМўЕФФФвЛааБЈДэ
  362   2      
  363   2                      // ШчЙћУЛгаГѕЪМЛЏ debug
  364   2                      // ФЧОЭПДПДетИі file ЕФзжЗћДЎжЕКЭ line ЕФааЪ§
  365   2                      // ФЧДњБэБЈДэЕФЮФМўТЗОЖУћГЦКЭЖдгІБЈДэааЪ§
  366   2      
  367   2                      // дйШЅЕїЪдПДПДЪЧЮЊЪВУДВЮЪ§ГіДэ
  368   2      
  369   2      
  370   2                      printf("\r\n %s file %s line %d\r\n", log_str, file, line);
  371   2      
  372   2      
  373   2                      system_delay_ms(500);
  374   2              }
  375   1      }
  376          
  377          ////-----------------------------------------------------------------------------------------------------
             ---------------
  378          //// КЏЪ§МђНщ      debug ЕїЪдаХЯЂДІРэКЏЪ§ ДЫВПЗжВЛдЪаэгУЛЇИќИФ
  379          //// ВЮЪ§ЫЕУї     bool        ХаЖЯЪЧЗёДЅЗЂЖЯбд
  380          //// ВЮЪ§ЫЕУї     *str        вЊЪфГіЕФЕїЪдаХЯЂ
  381          //// ВЮЪ§ЫЕУї     *file       ЮФМўУћ
  382          //// ВЮЪ§ЫЕУї     line        ФПБъааЪ§
  383          //// ЗЕЛиВЮЪ§     void
  384          //// ЪЙгУЪОР§     printf( "Log Message");
  385          //// БИзЂаХЯЂ     етИіКЏЪ§ВЛЪЧжБНгЕїгУЕФ ДЫВПЗжВЛдЪаэгУЛЇИќИФ
  386          ////              ЪЙгУ zf_commmon_debug.h жаЕФ zf_log(x, str) НгПк
  387          ////-----------------------------------------------------------------------------------------------------
             ---------------
  388          //void debug_log_handler (uint8 pass, char *str, char *file, int line)
  389          //{
  390          //      uint8 log_str[] = "Log message";
  391          //    do
  392          //    {
  393          //        if(pass)
  394          //        {
  395          //            break;
  396          //        }
  397          //        if(zf_debug_init_flag)
  398          //        {
  399          //            debug_output(log_str, file, line, str);
  400          ////            printf("Log message from %s line %d :\"%s\".\r\n", file, line, str);
  401          //        }
  402          //    }while(0);
  403          //}
  404          
  405          ////-----------------------------------------------------------------------------------------------------
             ---------------
  406          //// КЏЪ§МђНщ      debug ЪфГіАѓЖЈаХЯЂГѕЪМЛЏ ДЫВПЗжВЛдЪаэгУЛЇИќИФ
  407          //// ВЮЪ§ЫЕУї     *info       debug ЪфГіЕФаХЯЂНсЙЙЬх
  408          //// ЗЕЛиВЮЪ§     void
  409          //// ЪЙгУЪОР§            debug_output_struct_init(info);
  410          ////-----------------------------------------------------------------------------------------------------
             ---------------
  411          //void debug_output_struct_init (debug_output_struct *info)
  412          //{
  413          //    info->type_index            = 0;
  414          
  415          //    info->display_x_max         = 0xFFFF;
  416          //    info->display_y_max         = 0xFFFF;
  417          
C251 COMPILER V5.60.0,  zf_common_debug                                                    23/04/26  16:57:04  PAGE 8   

  418          //    info->font_x_size           = 0xFF;
  419          //    info->font_y_size           = 0xFF;
  420          
  421          //    info->output_uart           = NULL;
  422          //    info->output_screen         = NULL;
  423          //    info->output_screen_clear   = NULL;
  424          //}
  425          
  426          ////-----------------------------------------------------------------------------------------------------
             ---------------
  427          //// КЏЪ§МђНщ      debug ЪфГіАѓЖЈГѕЪМЛЏ ДЫВПЗжВЛдЪаэгУЛЇИќИФ
  428          //// ВЮЪ§ЫЕУї     *info       debug ЪфГіЕФаХЯЂНсЙЙЬх
  429          //// ЗЕЛиВЮЪ§     void
  430          //// ЪЙгУЪОР§     debug_output_init(info);
  431          //// БИзЂаХЯЂ     етИіКЏЪ§вЛАуВЛгЩгУЛЇЕїгУ
  432          ////-----------------------------------------------------------------------------------------------------
             ---------------
  433          //void debug_output_init (debug_output_struct *info)
  434          //{
  435          //    debug_output_info.type_index            = info->type_index;
  436          
  437          //    debug_output_info.display_x_max         = info->display_x_max;
  438          //    debug_output_info.display_y_max         = info->display_y_max;
  439          
  440          //    debug_output_info.font_x_size           = info->font_x_size;
  441          //    debug_output_info.font_y_size           = info->font_y_size;
  442          
  443          //    debug_output_info.output_uart           = info->output_uart;
  444          //    debug_output_info.output_screen         = info->output_screen;
  445          //    debug_output_info.output_screen_clear   = info->output_screen_clear;
  446          
  447          //    zf_debug_init_flag = 1;
  448          //}
  449          
  450          //-------------------------------------------------------------------------------------------------------
             -------------
  451          // КЏЪ§МђНщ      debug ДЎПкГѕЪМЛЏ ДЫВПЗжВЛдЪаэгУЛЇИќИФ
  452          // ВЮЪ§ЫЕУї     void
  453          // ЗЕЛиВЮЪ§     void
  454          // ЪЙгУЪОР§     debug_init();
  455          // БИзЂаХЯЂ     ПЊдДПтЪОР§ФЌШЯЕїгУ ЕЋФЌШЯНћгУжаЖЯНгЪе
  456          //-------------------------------------------------------------------------------------------------------
             -------------
  457          void debug_init (void)
  458          {
  459   1              uint8 uartx = DEBUG_UART_INDEX;
  460   1      //    debug_output_struct info;
  461   1      //    debug_output_struct_init(&info);
  462   1      //    info.output_uart = debug_uart_str_output;
  463   1      //    debug_output_init(&info);
  464   1      
  465   1          uart_init(
  466   1              DEBUG_UART_INDEX,                                                       // дк zf_common_debug.h ж
             -аВщПДЖдгІжЕ
  467   1              DEBUG_UART_BAUDRATE,                                                    // дк zf_common_debug.h ж
             -аВщПДЖдгІжЕ
  468   1              DEBUG_UART_TX_PIN,                                                      // дк zf_common_debug.h ж
             -аВщПДЖдгІжЕ
  469   1              DEBUG_UART_RX_PIN);                                                     // дк zf_common_debug.h ж
             -аВщПДЖдгІжЕ
  470   1      
  471   1      #if DEBUG_UART_USE_INTERRUPT                                                    // ЬѕМўБрвы жЛгадкЦєгУДЎП
             -кжаЖЯВХБрвы
  472   1          fifo_init(&debug_uart_fifo, FIFO_DATA_8BIT, debug_uart_buffer, DEBUG_RING_BUFFER_LEN);
  473   1          uart_rx_interrupt(DEBUG_UART_INDEX, 1);                                     // ЪЙФмЖдгІДЎПкНгЪежаЖЯ
  474   1      
C251 COMPILER V5.60.0,  zf_common_debug                                                    23/04/26  16:57:04  PAGE 9   

  475   1              // ЩшжУДЎПкЛиЕїКЏЪ§
  476   1              if(uartx == UART_1)                             
  477   1          {
  478   2              uart1_irq_handler = debug_interrupr_handler;
  479   2          }
  480   1          else if(uartx == UART_2)
  481   1          {
  482   2              uart2_irq_handler = debug_interrupr_handler;
  483   2          }
  484   1          else if(uartx == UART_3)
  485   1          {
  486   2              uart3_irq_handler = debug_interrupr_handler;
  487   2          }
  488   1          else if(uartx == UART_4)
  489   1          {
  490   2              uart4_irq_handler = debug_interrupr_handler;
  491   2          }
  492   1      
  493   1      #endif
  494   1      
  495   1      }
  496          
  497          
  498          
  499          


Module Information          Static   Overlayable
------------------------------------------------
  code size            =       547     ------
  ecode size           =    ------     ------
  data size            =    ------     ------
  idata size           =    ------     ------
  pdata size           =    ------     ------
  xdata size           =       128     ------
  xdata-const size     =    ------     ------
  edata size           =    ------     ------
  bit size             =    ------     ------
  ebit size            =    ------     ------
  bitaddressable size  =    ------     ------
  ebitaddressable size =    ------     ------
  far data size        =    ------     ------
  huge data size       =    ------     ------
  const size           =    ------     ------
  hconst size          =        49     ------
End of Module Information.


C251 COMPILATION COMPLETE.  0 WARNING(S),  0 ERROR(S)
