C251 COMPILER V5.60.0,  zf_driver_timer                                                    24/05/26  16:50:22  PAGE 1   


C251 COMPILER V5.60.0, COMPILATION OF MODULE zf_driver_timer
OBJECT MODULE PLACED IN .\out_file\zf_driver_timer.obj
COMPILER INVOKED BY: E:\keil_v5\C251\BIN\C251.EXE ..\..\libraries\zf_driver\zf_driver_timer.c LARGE NOALIAS WARNINGLEVEL
                    -(0) OPTIMIZE(0,SIZE) BROWSE INCDIR(..\..\libraries\zf_common;..\..\libraries\zf_components;..\..\libraries\zf_device;..\
                    -..\libraries\zf_driver;..\user;..\code) DEBUG PRINT(.\out_file\zf_driver_timer.lst) OBJECT(.\out_file\zf_driver_timer.ob
                    -j) 

stmt  level    source

    1          #include "zf_driver_gpio.h"
    2          #include "zf_driver_timer.h"
    3          
    4          
    5          // 该数组禁止修改，内部使用,用户无需关心
    6          static timer_function_enum timer_function_state[6] =
    7          {
    8              TIMER_FUNCTION_INIT,
    9              TIMER_FUNCTION_INIT,
   10              TIMER_FUNCTION_INIT,                        
   11              TIMER_FUNCTION_INIT,
   12              TIMER_FUNCTION_INIT,
   13                  TIMER_FUNCTION_INIT,
   14          };
   15          
   16          //-------------------------------------------------------------------------------------------------------
             -------------
   17          // 函数简介      TIMER 外设确认功能状态 库内部调用
   18          // 参数说明     index           TIMER 外设模块号
   19          // 参数说明     mode            需要确的功能模块
   20          // 返回参数     uint8           1-可以使用 0-不可以使用
   21          // 使用示例     zf_assert(timer_funciton_check(TIM_1, TIMER_FUNCTION_PWM);
   22          //-------------------------------------------------------------------------------------------------------
             -------------
   23          uint8 timer_funciton_check (timer_index_enum index, timer_function_enum mode)
   24          {
   25   1          uint8 return_state = 1;
   26   1          if(TIMER_FUNCTION_INIT == timer_function_state[index])
   27   1          {
   28   2              timer_function_state[index] = mode;
   29   2          }
   30   1          else if(timer_function_state[index] == mode)
   31   1          {
   32   2              return_state = 1;
   33   2          }
   34   1          else
   35   1          {
   36   2              return_state = 0;
   37   2          }
   38   1          return return_state;
   39   1      }


Module Information          Static   Overlayable
------------------------------------------------
  code size            =       129     ------
  ecode size           =    ------     ------
  data size            =    ------     ------
  idata size           =    ------     ------
  pdata size           =    ------     ------
  xdata size           =        17     ------
  xdata-const size     =    ------     ------
  edata size           =    ------     ------
  bit size             =    ------     ------
  ebit size            =    ------     ------
  bitaddressable size  =    ------     ------
  ebitaddressable size =    ------     ------
C251 COMPILER V5.60.0,  zf_driver_timer                                                    24/05/26  16:50:22  PAGE 2   

  far data size        =    ------     ------
  huge data size       =    ------     ------
  const size           =    ------     ------
  hconst size          =        17     ------
End of Module Information.


C251 COMPILATION COMPLETE.  0 WARNING(S),  0 ERROR(S)
