C251 COMPILER V5.60.0,  zf_device_wireless_uart                                            24/05/26  16:50:23  PAGE 1   


C251 COMPILER V5.60.0, COMPILATION OF MODULE zf_device_wireless_uart
OBJECT MODULE PLACED IN .\out_file\zf_device_wireless_uart.obj
COMPILER INVOKED BY: E:\keil_v5\C251\BIN\C251.EXE ..\..\libraries\zf_device\zf_device_wireless_uart.c LARGE NOALIAS WARN
                    -INGLEVEL(0) OPTIMIZE(0,SIZE) BROWSE INCDIR(..\..\libraries\zf_common;..\..\libraries\zf_components;..\..\libraries\zf_de
                    -vice;..\..\libraries\zf_driver;..\user;..\code) DEBUG PRINT(.\out_file\zf_device_wireless_uart.lst) OBJECT(.\out_file\zf
                    -_device_wireless_uart.obj) 

stmt  level    source

    1          /********************************************************************************************************
             -*************
    2          * НгЯпЖЈвхЃК
    3          *                   ------------------------------------
    4          *                   ФЃПщЙмНХ            ЕЅЦЌЛњЙмНХ
    5          *                   RX                  ВщПД zf_device_wireless_uart.h жа WIRELESS_UART_RX_PIN  КъЖЈвх
    6          *                   TX                  ВщПД zf_device_wireless_uart.h жа WIRELESS_UART_TX_PIN  КъЖЈвх
    7          *                   RTS                 ВщПД zf_device_wireless_uart.h жа WIRELESS_UART_RTS_PIN КъЖЈвх
    8          *                   VCC                 3.3VЕчдД
    9          *                   GND                 ЕчдДЕи
   10          *                   Цфгрв§НХаќПе
   11          *                   ------------------------------------
   12          *********************************************************************************************************
             -************/
   13          
   14          #include "zf_common_clock.h"
   15          #include "zf_common_debug.h"
   16          #include "zf_common_fifo.h"
   17          #include "zf_driver_delay.h"
   18          #include "zf_driver_gpio.h"
   19          #include "zf_driver_uart.h"
   20          #include "zf_device_wireless_uart.h"
   21          #include "zf_device_type.h"
   22          
   23          #pragma warning disable = 183
   24          #pragma warning disable = 177
   25          
   26          
   27          static  fifo_struct                                     wireless_uart_fifo;
   28          static  uint8                                           wireless_uart_buffer[WIRELESS_UART_BUFFER_SIZE];
   29          
   30          //static          uint8                                   wireless_uart_data          = 0;
   31          #if (1 == WIRELESS_UART_AUTO_BAUD_RATE)
               static volatile wireless_uart_auto_baudrate_state_enum  wireless_auto_baud_flag     = WIRELESS_UART_AUTO_
             -BAUD_RATE_INIT;
               static volatile uint8                                   wireless_auto_baud_data[3]  = {0x00, 0x01, 0x03};
               #endif
   35          
   36          //-------------------------------------------------------------------------------------------------------
             -------------
   37          // КЏЪ§МђНщ     ЮоЯпзЊДЎПкФЃПщ ЗЂЫЭЪ§Он
   38          // ВЮЪ§ЫЕУї     data            8bit Ъ§Он
   39          // ЗЕЛиВЮЪ§     uint32          ЪЃгрЗЂЫЭГЄЖШ 0-ЗЂЫЭЭъБЯ 1-ЮДЗЂЫЭЭъГЩ
   40          // ЪЙгУЪОР§     wireless_uart_send_byte(data);
   41          // БИзЂаХЯЂ
   42          //-------------------------------------------------------------------------------------------------------
             -------------
   43          uint32 wireless_uart_send_byte (const uint8 dat)
   44          {
   45   1              uint16 time_cnt = WIRELESS_UART_TIMEOUT_COUNT;
   46   1              
   47   1              while (time_cnt && gpio_get_level(WIRELESS_UART_RTS_PIN)) 
   48   1              {
   49   2                      system_delay_ms(1);
   50   2                      time_cnt--;
   51   2              }
C251 COMPILER V5.60.0,  zf_device_wireless_uart                                            24/05/26  16:50:23  PAGE 2   

   52   1              
   53   1              if (time_cnt) 
   54   1              {
   55   2                      uart_write_byte(WIRELESS_UART_INDEX, dat);
   56   2              }
   57   1              
   58   1              return time_cnt == 0;
   59   1      }
   60          
   61          //-------------------------------------------------------------------------------------------------------
             -------------
   62          // КЏЪ§МђНщ     ЮоЯпзЊДЎПкФЃПщ ЗЂЫЭЪ§ОнПщ
   63          // ВЮЪ§ЫЕУї     *buff           ЗЂЫЭЛКГхЧј
   64          // ВЮЪ§ЫЕУї     len             ЗЂЫЭЪ§ОнГЄЖШ
   65          // ЗЕЛиВЮЪ§     uint32          ЪЃгрЗЂЫЭГЄЖШ
   66          // ЪЙгУЪОР§     wireless_uart_send_buffer(buff, 64);
   67          // БИзЂаХЯЂ
   68          //-------------------------------------------------------------------------------------------------------
             -------------
   69          uint32 wireless_uart_send_buffer(const uint8 *buff, uint32 len)
   70          {
   71   1          #define WIRELESS_PACKET_SIZE 30
   72   1          #define DELAY_MS 1
   73   1          
   74   1          uint16 time_cnt = 0;
   75   1              uint16 send_len = 0;
   76   1          zf_assert(NULL != buff);  // ШЗБЃЛКГхЧјЗЧПе
   77   1      
   78   1          while (len && time_cnt < WIRELESS_UART_TIMEOUT_COUNT)
   79   1          {
   80   2              if (!gpio_get_level(WIRELESS_UART_RTS_PIN))  // RTSЕЭЕчЦНЃЌПЩЗЂЫЭ
   81   2              {
   82   3                  send_len = len < WIRELESS_PACKET_SIZE ? len : WIRELESS_PACKET_SIZE;
   83   3                  uart_write_buffer(WIRELESS_UART_INDEX, buff, send_len);
   84   3                  buff += send_len;
   85   3                  len -= send_len;
   86   3                  time_cnt = 0;  // жижУГЌЪБМЦЪ§
   87   3              }
   88   2              else  // RTSИпЕчЦНЃЌФЃПщУІ
   89   2              {
   90   3                  system_delay_ms(DELAY_MS);
   91   3                  time_cnt++;
   92   3              }
   93   2          }
   94   1      
   95   1          return len;  // ЗЕЛиЮДЗЂЫЭЕФзжНкЪ§
   96   1      }
   97          
   98          //-------------------------------------------------------------------------------------------------------
             -------------
   99          // КЏЪ§МђНщ     ЮоЯпзЊДЎПкФЃПщ ЗЂЫЭзжЗћДЎ
  100          // ВЮЪ§ЫЕУї     *str            вЊЗЂЫЭЕФзжЗћДЎЕижЗ
  101          // ЗЕЛиВЮЪ§     uint32          ЪЃгрЗЂЫЭГЄЖШ
  102          // ЪЙгУЪОР§     wireless_uart_send_string("Believe in yourself.");
  103          // БИзЂаХЯЂ
  104          //-------------------------------------------------------------------------------------------------------
             -------------
  105          uint32 wireless_uart_send_string (const char *str)
  106          {
  107   1          uint32 len = strlen(str);
  108   1          zf_assert(NULL != str);
  109   1              
  110   1          return  wireless_uart_send_buffer(str, len);
  111   1      }
  112          
  113          
C251 COMPILER V5.60.0,  zf_device_wireless_uart                                            24/05/26  16:50:23  PAGE 3   

  114          //-------------------------------------------------------------------------------------------------------
             -------------
  115          // КЏЪ§МђНщ     ЮоЯпзЊДЎПкФЃПщ ЖСШЁЛКГх
  116          // ВЮЪ§ЫЕУї     *buff           НгЪеЛКГхЧј
  117          // ВЮЪ§ЫЕУї     len             ЖСШЁЪ§ОнГЄЖШ
  118          // ЗЕЛиВЮЪ§     uint32          ЪЕМЪЖСШЁЪ§ОнГЄЖШ
  119          // ЪЙгУЪОР§     wireless_uart_read_buffer(buff, 32);
  120          // БИзЂаХЯЂ
  121          //-------------------------------------------------------------------------------------------------------
             -------------
  122          uint32 wireless_uart_read_buffer (uint8 *buff, uint32 len)
  123          {
  124   1          uint32 data_len = len;
  125   1          zf_assert(NULL != buff);
  126   1          fifo_read_buffer(&wireless_uart_fifo, buff, &data_len, FIFO_READ_AND_CLEAN);
  127   1          return data_len;
  128   1      }
  129          
  130          //-------------------------------------------------------------------------------------------------------
             -------------
  131          // КЏЪ§МђНщ     ЮоЯпзЊДЎПкФЃПщ ДЎПкжаЖЯЛиЕїКЏЪ§
  132          // ВЮЪ§ЫЕУї     void
  133          // ЗЕЛиВЮЪ§     void
  134          // ЪЙгУЪОР§     wireless_uart_callback();
  135          // БИзЂаХЯЂ     ИУКЏЪ§дк ISR ЮФМў ДЎПкжаЖЯГЬађБЛЕїгУ
  136          //              гЩДЎПкжаЖЯЗўЮёКЏЪ§ЕїгУ wireless_module_uart_handler() КЏЪ§
  137          //              дйгЩ wireless_module_uart_handler() КЏЪ§ЕїгУБОКЏЪ§
  138          //-------------------------------------------------------------------------------------------------------
             -------------
  139          void wireless_uart_callback (uint8 uart_dat)
  140          {
  141   1      //    uart_query_byte(WIRELESS_UART_INDEX, &uart_dat);
  142   1          fifo_write_buffer(&wireless_uart_fifo, &uart_dat, 1);
  143   1      #if WIRELESS_UART_AUTO_BAUD_RATE                                                // ПЊЦєздЖЏВЈЬиТЪ
                   
                   if(WIRELESS_UART_AUTO_BAUD_RATE_START == wireless_auto_baud_flag && 3 == fifo_used(&wireless_uart_fif
             -o))
                   {
                       uint32 wireless_auto_baud_count = 3;
                       wireless_auto_baud_flag = WIRELESS_UART_AUTO_BAUD_RATE_GET_ACK;
                       fifo_read_buffer(&wireless_uart_fifo, (uint8 *)wireless_auto_baud_data, (uint32 *)&wireless_auto_
             -baud_count, FIFO_READ_AND_CLEAN);
                   }
                   
               #endif
  153   1      }
  154          
  155          //-------------------------------------------------------------------------------------------------------
             -------------
  156          // КЏЪ§МђНщ     ЮоЯпзЊДЎПкФЃПщ ГѕЪМЛЏ
  157          // ВЮЪ§ЫЕУї     void
  158          // ЗЕЛиВЮЪ§     void
  159          // ЪЙгУЪОР§     wireless_uart_init();
  160          // БИзЂаХЯЂ
  161          //-------------------------------------------------------------------------------------------------------
             -------------
  162          uint8 wireless_uart_init (void)
  163          {
  164   1          uint8 return_state = 0;
  165   1          set_wireless_type(WIRELESS_UART, WIRELESS_UART_INDEX, wireless_uart_callback);
  166   1          
  167   1          fifo_init(&wireless_uart_fifo, FIFO_DATA_8BIT, wireless_uart_buffer, WIRELESS_UART_BUFFER_SIZE);
  168   1          gpio_init(WIRELESS_UART_RTS_PIN, GPIO, GPIO_HIGH, GPIO_NO_PULL);
  169   1      #if(0 == WIRELESS_UART_AUTO_BAUD_RATE)                                          // ЙиБездЖЏВЈЬиТЪ
  170   1          // БОКЏЪ§ЪЙгУЕФВЈЬиТЪЮЊ115200 ЮЊЮоЯпзЊДЎПкФЃПщЕФФЌШЯВЈЬиТЪ ШчашЦфЫћВЈЬиТЪЧыздааХфжУФЃПщВЂаоИФДЎПкЕФВЈ
             -ЬиТЪ
C251 COMPILER V5.60.0,  zf_device_wireless_uart                                            24/05/26  16:50:23  PAGE 4   

  171   1          uart_init (WIRELESS_UART_INDEX, WIRELESS_UART_BUAD_RATE, WIRELESS_UART_RX_PIN, WIRELESS_UART_TX_PIN);
             -   // ГѕЪМЛЏДЎПк
  172   1          uart_rx_interrupt(WIRELESS_UART_INDEX, 1);
  173   1      #elif(1 == WIRELESS_UART_AUTO_BAUD_RATE)                                        // ПЊЦєздЖЏВЈЬиТЪ
                   uint8 rts_init_status = 0;
                   uint16 time_count = 0;
                   
                   wireless_auto_baud_flag = WIRELESS_UART_AUTO_BAUD_RATE_INIT;
                   wireless_auto_baud_data[0] = 0;
                   wireless_auto_baud_data[1] = 1;
                   wireless_auto_baud_data[2] = 3;
                   
                   rts_init_status = gpio_get_level(WIRELESS_UART_RTS_PIN);
                   gpio_init(WIRELESS_UART_RTS_PIN, GPO, rts_init_status, GPO_PUSH_PULL);      // ГѕЪМЛЏСїПив§НХ
                   
                   uart_init (WIRELESS_UART_INDEX, WIRELESS_UART_BUAD_RATE, WIRELESS_UART_RX_PIN, WIRELESS_UART_TX_PIN);
             -   // ГѕЪМЛЏДЎПк
                   uart_rx_interrupt(WIRELESS_UART_INDEX, 1);
                   
                   system_delay_ms(5);                                                         // ФЃПщЩЯЕчжЎКѓашвЊбгЪБЕШ
             -Д§
                   gpio_set_level(WIRELESS_UART_RTS_PIN, !rts_init_status);                    // RTSв§НХР­ИпЃЌНјШыздЖЏВ
             -ЈЬиТЪФЃЪН
                   system_delay_ms(100);                                                       // RTSР­ИпжЎКѓБиаыбгЪБ20m
             -s
                   gpio_toggle_level(WIRELESS_UART_RTS_PIN);                                   // RTSв§НХШЁЗД
                   
                   do
                   {
                       wireless_auto_baud_flag = WIRELESS_UART_AUTO_BAUD_RATE_START;
                       uart_write_byte(WIRELESS_UART_INDEX, wireless_auto_baud_data[0]);       // ЗЂЫЭЬиЖЈЪ§Он гУгкФЃПщз
             -дЖЏХаЖЯВЈЬиТЪ
                       uart_write_byte(WIRELESS_UART_INDEX, wireless_auto_baud_data[1]);       // ЗЂЫЭЬиЖЈЪ§Он гУгкФЃПщз
             -дЖЏХаЖЯВЈЬиТЪ
                       uart_write_byte(WIRELESS_UART_INDEX, wireless_auto_baud_data[2]);       // ЗЂЫЭЬиЖЈЪ§Он гУгкФЃПщз
             -дЖЏХаЖЯВЈЬиТЪ
                       system_delay_ms(20);
                       
                       if(WIRELESS_UART_AUTO_BAUD_RATE_GET_ACK != wireless_auto_baud_flag)     // МьбщздЖЏВЈЬиТЪЪЧЗёЭъГЩ
                       {
                           return_state = 1;                                                   // ШчЙћГЬађНјШыЕНДЫгяОфФк
             - ЫЕУїздЖЏВЈЬиТЪЪЇАмСЫ
                           break;
                       }
                       
                       time_count = 0;
                       
                       if( 0xa5 != wireless_auto_baud_data[0] &&                               // МьбщздЖЏВЈЬиТЪЪЧЗёе§ШЗ
                               0xff != wireless_auto_baud_data[1] &&                               // МьбщздЖЏВЈЬиТЪЪЧЗё
             -е§ШЗ
                               0xff != wireless_auto_baud_data[2] )                                // МьбщздЖЏВЈЬиТЪЪЧЗё
             -е§ШЗ
                       {
                           return_state = 1;                                                   // ШчЙћГЬађНјШыЕНДЫгяОфФк
             - ЫЕУїздЖЏВЈЬиТЪЪЇАмСЫ
                           break;
                       }
                       
                       wireless_auto_baud_flag = WIRELESS_UART_AUTO_BAUD_RATE_SUCCESS;
                       
                       gpio_init(WIRELESS_UART_RTS_PIN, GPI, 0, GPI_PULL_UP);                  // ГѕЪМЛЏСїПив§НХ
                       system_delay_ms(10);                                                    // бгЪБЕШД§ ФЃПщзМБИОЭаї
                   }
                   while(0);
                   
               #endif
C251 COMPILER V5.60.0,  zf_device_wireless_uart                                            24/05/26  16:50:23  PAGE 5   

  225   1          return return_state;
  226   1      }


Module Information          Static   Overlayable
------------------------------------------------
  code size            =       773     ------
  ecode size           =    ------     ------
  data size            =    ------     ------
  idata size           =    ------     ------
  pdata size           =    ------     ------
  xdata size           =       124     ------
  xdata-const size     =    ------     ------
  edata size           =    ------     ------
  bit size             =    ------     ------
  ebit size            =    ------     ------
  bitaddressable size  =    ------     ------
  ebitaddressable size =    ------     ------
  far data size        =    ------     ------
  huge data size       =    ------     ------
  const size           =    ------     ------
  hconst size          =        52     ------
End of Module Information.


C251 COMPILATION COMPLETE.  0 WARNING(S),  0 ERROR(S)
