C251 COMPILER V5.60.0,  zf_device_config                                                   17/05/26  17:31:00  PAGE 1   


C251 COMPILER V5.60.0, COMPILATION OF MODULE zf_device_config
OBJECT MODULE PLACED IN .\out_file\zf_device_config.obj
COMPILER INVOKED BY: D:\Keil_v5\C251\BIN\C251.EXE ..\..\libraries\zf_device\zf_device_config.c LARGE NOALIAS WARNINGLEVE
                    -L(0) OPTIMIZE(0,SIZE) BROWSE INCDIR(..\..\libraries\zf_common;..\..\libraries\zf_components;..\..\libraries\zf_device;..
                    -\..\libraries\zf_driver;..\user;..\code) DEBUG PRINT(.\out_file\zf_device_config.lst) OBJECT(.\out_file\zf_device_config
                    -.obj) 

stmt  level    source

    1          #include "zf_device_config.h"
    2          
    3          //-------------------------------------------------------------------------------------------------------
             -------------
    4          // Ęý×éĽň˝é     IMU660RA ĹäÖĂĘý×é
    5          //-------------------------------------------------------------------------------------------------------
             -------------
    6          const unsigned char code imu660ra_config_file[8192] =
    7          {
    8              0xc8, 0x2e, 0x00, 0x2e, 0x80, 0x2e, 0x3d, 0xb1, 0xc8, 0x2e, 0x00, 0x2e, 0x80, 0x2e, 0x91, 0x03, 0x80,
             - 0x2e, 0xbc,
    9              0xb0, 0x80, 0x2e, 0xa3, 0x03, 0xc8, 0x2e, 0x00, 0x2e, 0x80, 0x2e, 0x00, 0xb0, 0x50, 0x30, 0x21, 0x2e,
             - 0x59, 0xf5,
   10              0x10, 0x30, 0x21, 0x2e, 0x6a, 0xf5, 0x80, 0x2e, 0x3b, 0x03, 0x00, 0x00, 0x00, 0x00, 0x08, 0x19, 0x01,
             - 0x00, 0x22,
   11              0x00, 0x75, 0x00, 0x00, 0x10, 0x00, 0x10, 0xd1, 0x00, 0xb3, 0x43, 0x80, 0x2e, 0x00, 0xc1, 0x80, 0x2e,
             - 0x00, 0xc1,
   12              0x80, 0x2e, 0x00, 0xc1, 0x80, 0x2e, 0x00, 0xc1, 0x80, 0x2e, 0x00, 0xc1, 0x80, 0x2e, 0x00, 0xc1, 0x80,
             - 0x2e, 0x00,
   13              0xc1, 0x80, 0x2e, 0x00, 0xc1, 0x80, 0x2e, 0x00, 0xc1, 0x80, 0x2e, 0x00, 0xc1, 0x80, 0x2e, 0x00, 0xc1,
             - 0x80, 0x2e,
   14              0x00, 0xc1, 0x80, 0x2e, 0x00, 0xc1, 0x80, 0x2e, 0x00, 0xc1, 0x80, 0x2e, 0x00, 0xc1, 0x80, 0x2e, 0x00,
             - 0xc1, 0x80,
   15              0x2e, 0x00, 0xc1, 0x80, 0x2e, 0x00, 0xc1, 0x80, 0x2e, 0x00, 0xc1, 0x80, 0x2e, 0x00, 0xc1, 0x80, 0x2e,
             - 0x00, 0xc1,
   16              0x80, 0x2e, 0x00, 0xc1, 0x80, 0x2e, 0x00, 0xc1, 0x80, 0x2e, 0x00, 0xc1, 0x80, 0x2e, 0x00, 0xc1, 0x80,
             - 0x2e, 0x00,
   17              0xc1, 0x80, 0x2e, 0x00, 0xc1, 0x80, 0x2e, 0x00, 0xc1, 0x80, 0x2e, 0x00, 0xc1, 0x80, 0x2e, 0x00, 0xc1,
             - 0x80, 0x2e,
   18              0x00, 0xc1, 0x80, 0x2e, 0x00, 0xc1, 0x80, 0x2e, 0x00, 0xc1, 0x80, 0x2e, 0x00, 0xc1, 0x80, 0x2e, 0x00,
             - 0xc1, 0x80,
   19              0x2e, 0x00, 0xc1, 0x80, 0x2e, 0x00, 0xc1, 0x80, 0x2e, 0x00, 0xc1, 0x80, 0x2e, 0x00, 0xc1, 0x80, 0x2e,
             - 0x00, 0xc1,
   20              0x80, 0x2e, 0x00, 0xc1, 0x80, 0x2e, 0x00, 0xc1, 0xe0, 0x5f, 0x00, 0x00, 0x00, 0x00, 0x01, 0x00, 0x00,
             - 0x00, 0x00,
   21              0x00, 0x00, 0x00, 0x00, 0x00, 0x00, 0x00, 0x92, 0x00, 0x00, 0x00, 0x00, 0x00, 0x00, 0x00, 0x00, 0x00,
             - 0x00, 0x00,
   22              0x00, 0x00, 0x00, 0x00, 0x00, 0x00, 0x08, 0x19, 0x00, 0x00, 0x88, 0x00, 0x00, 0x00, 0x00, 0x00, 0x00,
             - 0x00, 0x05,
   23              0xe0, 0xaa, 0x38, 0x05, 0xe0, 0x90, 0x30, 0xfa, 0x00, 0x96, 0x00, 0x4b, 0x09, 0x11, 0x00, 0x11, 0x00,
             - 0x02, 0x00,
   24              0x2d, 0x01, 0xd4, 0x7b, 0x3b, 0x01, 0xdb, 0x7a, 0x04, 0x00, 0x3f, 0x7b, 0xcd, 0x6c, 0xc3, 0x04, 0x85,
             - 0x09, 0xc3,
   25              0x04, 0xec, 0xe6, 0x0c, 0x46, 0x01, 0x00, 0x27, 0x00, 0x19, 0x00, 0x96, 0x00, 0xa0, 0x00, 0x01, 0x00,
             - 0x0c, 0x00,
   26              0xf0, 0x3c, 0x00, 0x01, 0x01, 0x00, 0x03, 0x00, 0x01, 0x00, 0x0e, 0x00, 0x00, 0x00, 0x32, 0x00, 0x05,
             - 0x00, 0xee,
   27              0x06, 0x04, 0x00, 0xc8, 0x00, 0x00, 0x00, 0x04, 0x00, 0xa8, 0x05, 0xee, 0x06, 0x00, 0x04, 0xbc, 0x02,
             - 0xb3, 0x00,
   28              0x85, 0x07, 0x00, 0x00, 0x00, 0x00, 0x00, 0x00, 0x00, 0x00, 0x00, 0x00, 0x00, 0x00, 0x00, 0x00, 0x00,
             - 0x00, 0x00,
   29              0x00, 0x00, 0x00, 0xb4, 0x00, 0x01, 0x00, 0xb9, 0x00, 0x01, 0x00, 0x98, 0x00, 0x00, 0x00, 0x00, 0x00,
             - 0x00, 0x00,
   30              0x00, 0x00, 0x01, 0x00, 0x80, 0x00, 0x04, 0x00, 0x00, 0x00, 0x00, 0x00, 0x00, 0x00, 0x00, 0x00, 0x00,
             - 0x00, 0x00,
   31              0x00, 0x00, 0x00, 0x00, 0x00, 0x00, 0x00, 0x00, 0x00, 0x00, 0x00, 0x00, 0x00, 0x00, 0x00, 0x00, 0x00,
C251 COMPILER V5.60.0,  zf_device_config                                                   17/05/26  17:31:00  PAGE 2   

             - 0x00, 0x00,
   32              0x00, 0x00, 0x00, 0x00, 0x00, 0x00, 0x00, 0x00, 0x00, 0x00, 0x00, 0x00, 0x00, 0x00, 0x00, 0x00, 0x00,
             - 0x00, 0x00,
   33              0x00, 0x00, 0x00, 0x00, 0x00, 0x00, 0x00, 0x00, 0x00, 0x00, 0x00, 0x00, 0x00, 0x00, 0x00, 0x00, 0x00,
             - 0x00, 0x00,
   34              0x00, 0x00, 0x00, 0x00, 0x00, 0x00, 0x00, 0x00, 0x00, 0x00, 0x00, 0x00, 0x80, 0x2e, 0x00, 0xc1, 0xfd,
             - 0x2d, 0xde,
   35              0x00, 0xeb, 0x00, 0xda, 0x00, 0x00, 0x0c, 0xff, 0x0f, 0x00, 0x04, 0xc0, 0x00, 0x5b, 0xf5, 0xc9, 0x01,
             - 0x1e, 0xf2,
   36              0x80, 0x00, 0x3f, 0xff, 0x19, 0xf4, 0x58, 0xf5, 0x66, 0xf5, 0x64, 0xf5, 0xc0, 0xf1, 0xf0, 0x00, 0xe0,
             - 0x00, 0xcd,
   37              0x01, 0xd3, 0x01, 0xdb, 0x01, 0xff, 0x7f, 0xff, 0x01, 0xe4, 0x00, 0x74, 0xf7, 0xf3, 0x00, 0xfa, 0x00,
             - 0xff, 0x3f,
   38              0xca, 0x03, 0x6c, 0x38, 0x56, 0xfe, 0x44, 0xfd, 0xbc, 0x02, 0xf9, 0x06, 0x00, 0xfc, 0x12, 0x02, 0xae,
             - 0x01, 0x58,
   39              0xfa, 0x9a, 0xfd, 0x77, 0x05, 0xbb, 0x02, 0x96, 0x01, 0x95, 0x01, 0x7f, 0x01, 0x82, 0x01, 0x89, 0x01,
             - 0x87, 0x01,
   40              0x88, 0x01, 0x8a, 0x01, 0x8c, 0x01, 0x8f, 0x01, 0x8d, 0x01, 0x92, 0x01, 0x91, 0x01, 0xdd, 0x00, 0x9f,
             - 0x01, 0x7e,
   41              0x01, 0xdb, 0x00, 0xb6, 0x01, 0x70, 0x69, 0x26, 0xd3, 0x9c, 0x07, 0x1f, 0x05, 0x9d, 0x00, 0x00, 0x08,
             - 0xbc, 0x05,
   42              0x37, 0xfa, 0xa2, 0x01, 0xaa, 0x01, 0xa1, 0x01, 0xa8, 0x01, 0xa0, 0x01, 0xa8, 0x05, 0xb4, 0x01, 0xb4,
             - 0x01, 0xce,
   43              0x00, 0xd0, 0x00, 0xfc, 0x00, 0xc5, 0x01, 0xff, 0xfb, 0xb1, 0x00, 0x00, 0x38, 0x00, 0x30, 0xfd, 0xf5,
             - 0xfc, 0xf5,
   44              0xcd, 0x01, 0xa0, 0x00, 0x5f, 0xff, 0x00, 0x40, 0xff, 0x00, 0x00, 0x80, 0x6d, 0x0f, 0xeb, 0x00, 0x7f,
             - 0xff, 0xc2,
   45              0xf5, 0x68, 0xf7, 0xb3, 0xf1, 0x67, 0x0f, 0x5b, 0x0f, 0x61, 0x0f, 0x80, 0x0f, 0x58, 0xf7, 0x5b, 0xf7,
             - 0x83, 0x0f,
   46              0x86, 0x00, 0x72, 0x0f, 0x85, 0x0f, 0xc6, 0xf1, 0x7f, 0x0f, 0x6c, 0xf7, 0x00, 0xe0, 0x00, 0xff, 0xd1,
             - 0xf5, 0x87,
   47              0x0f, 0x8a, 0x0f, 0xff, 0x03, 0xf0, 0x3f, 0x8b, 0x00, 0x8e, 0x00, 0x90, 0x00, 0xb9, 0x00, 0x2d, 0xf5,
             - 0xca, 0xf5,
   48              0xcb, 0x01, 0x20, 0xf2, 0x00, 0x00, 0x00, 0x00, 0x00, 0x00, 0x00, 0x00, 0x00, 0x00, 0x00, 0x00, 0x00,
             - 0x00, 0x00,
   49              0x00, 0x00, 0x00, 0x00, 0x00, 0x00, 0x00, 0x00, 0x00, 0x00, 0x00, 0x00, 0x00, 0x00, 0x00, 0x00, 0x00,
             - 0x00, 0x00,
   50              0x00, 0x00, 0x00, 0x00, 0x00, 0x00, 0x00, 0x00, 0x00, 0x00, 0x00, 0x00, 0x00, 0x00, 0x00, 0x00, 0x00,
             - 0x00, 0x00,
   51              0x00, 0x00, 0x00, 0x00, 0x00, 0x00, 0x00, 0x00, 0x00, 0x00, 0x00, 0x00, 0x00, 0x00, 0x00, 0x00, 0x00,
             - 0x00, 0x00,
   52              0x00, 0x00, 0x00, 0x00, 0x00, 0x00, 0x00, 0x00, 0x00, 0x00, 0x00, 0x00, 0x00, 0x00, 0x00, 0x00, 0x00,
             - 0x00, 0x00,
   53              0x00, 0x00, 0x00, 0x00, 0x00, 0x00, 0x00, 0x00, 0x00, 0x00, 0x00, 0x00, 0x00, 0x00, 0x00, 0x00, 0x00,
             - 0x00, 0x00,
   54              0x00, 0x00, 0x00, 0x00, 0x00, 0x00, 0x00, 0x00, 0x00, 0x00, 0x00, 0x00, 0x00, 0x00, 0x00, 0x00, 0x00,
             - 0x00, 0x00,
   55              0x00, 0x00, 0x00, 0x00, 0x00, 0x00, 0x00, 0x00, 0x00, 0x00, 0x00, 0x00, 0x00, 0x00, 0x00, 0x00, 0x00,
             - 0x00, 0x00,
   56              0x00, 0x00, 0x00, 0x00, 0x00, 0x00, 0x00, 0x00, 0x00, 0x00, 0x00, 0x00, 0x00, 0x00, 0x00, 0x00, 0x00,
             - 0x00, 0x00,
   57              0x00, 0x00, 0x00, 0x00, 0x00, 0x00, 0x00, 0x00, 0x00, 0x00, 0x00, 0x00, 0x00, 0x00, 0x00, 0x00, 0x00,
             - 0x00, 0x00,
   58              0x00, 0x00, 0x00, 0x00, 0x00, 0x00, 0x00, 0x00, 0x00, 0x00, 0x00, 0x00, 0x00, 0x00, 0x00, 0x00, 0x00,
             - 0x00, 0x00,
   59              0x00, 0x00, 0x00, 0x00, 0x00, 0x00, 0x00, 0x00, 0x00, 0x00, 0x00, 0x00, 0x00, 0x00, 0x00, 0x30, 0x50,
             - 0x98, 0x2e,
   60              0xd7, 0x0e, 0x50, 0x32, 0x98, 0x2e, 0xfa, 0x03, 0x00, 0x30, 0xf0, 0x7f, 0x00, 0x2e, 0x00, 0x2e, 0xd0,
             - 0x2e, 0x00,
   61              0x2e, 0x01, 0x80, 0x08, 0xa2, 0xfb, 0x2f, 0x98, 0x2e, 0xba, 0x03, 0x21, 0x2e, 0x19, 0x00, 0x01, 0x2e,
             - 0xee, 0x00,
   62              0x00, 0xb2, 0x07, 0x2f, 0x01, 0x2e, 0x19, 0x00, 0x00, 0xb2, 0x03, 0x2f, 0x01, 0x50, 0x03, 0x52, 0x98,
             - 0x2e, 0x07,
   63              0xcc, 0x01, 0x2e, 0xdd, 0x00, 0x00, 0xb2, 0x27, 0x2f, 0x05, 0x2e, 0x8a, 0x00, 0x05, 0x52, 0x98, 0x2e,
             - 0xc7, 0xc1,
   64              0x03, 0x2e, 0xe9, 0x00, 0x40, 0xb2, 0xf0, 0x7f, 0x08, 0x2f, 0x01, 0x2e, 0x19, 0x00, 0x00, 0xb2, 0x04,
C251 COMPILER V5.60.0,  zf_device_config                                                   17/05/26  17:31:00  PAGE 3   

             - 0x2f, 0x00,
   65              0x30, 0x21, 0x2e, 0xe9, 0x00, 0x98, 0x2e, 0xb4, 0xb1, 0x01, 0x2e, 0x18, 0x00, 0x00, 0xb2, 0x10, 0x2f,
             - 0x05, 0x50,
   66              0x98, 0x2e, 0x4d, 0xc3, 0x05, 0x50, 0x98, 0x2e, 0x5a, 0xc7, 0x98, 0x2e, 0xf9, 0xb4, 0x98, 0x2e, 0x54,
             - 0xb2, 0x98,
   67              0x2e, 0x67, 0xb6, 0x98, 0x2e, 0x17, 0xb2, 0x10, 0x30, 0x21, 0x2e, 0x77, 0x00, 0x01, 0x2e, 0xef, 0x00,
             - 0x00, 0xb2,
   68              0x04, 0x2f, 0x98, 0x2e, 0x7a, 0xb7, 0x00, 0x30, 0x21, 0x2e, 0xef, 0x00, 0x01, 0x2e, 0xd4, 0x00, 0x04,
             - 0xae, 0x0b,
   69              0x2f, 0x01, 0x2e, 0xdd, 0x00, 0x00, 0xb2, 0x07, 0x2f, 0x05, 0x52, 0x98, 0x2e, 0x8e, 0x0e, 0x00, 0xb2,
             - 0x02, 0x2f,
   70              0x10, 0x30, 0x21, 0x2e, 0x7d, 0x00, 0x01, 0x2e, 0x7d, 0x00, 0x00, 0x90, 0x90, 0x2e, 0xf1, 0x02, 0x01,
             - 0x2e, 0xd7,
   71              0x00, 0x00, 0xb2, 0x04, 0x2f, 0x98, 0x2e, 0x2f, 0x0e, 0x00, 0x30, 0x21, 0x2e, 0x7b, 0x00, 0x01, 0x2e,
             - 0x7b, 0x00,
   72              0x00, 0xb2, 0x12, 0x2f, 0x01, 0x2e, 0xd4, 0x00, 0x00, 0x90, 0x02, 0x2f, 0x98, 0x2e, 0x1f, 0x0e, 0x09,
             - 0x2d, 0x98,
   73              0x2e, 0x81, 0x0d, 0x01, 0x2e, 0xd4, 0x00, 0x04, 0x90, 0x02, 0x2f, 0x50, 0x32, 0x98, 0x2e, 0xfa, 0x03,
             - 0x00, 0x30,
   74              0x21, 0x2e, 0x7b, 0x00, 0x01, 0x2e, 0x7c, 0x00, 0x00, 0xb2, 0x90, 0x2e, 0x09, 0x03, 0x01, 0x2e, 0x7c,
             - 0x00, 0x01,
   75              0x31, 0x01, 0x08, 0x00, 0xb2, 0x04, 0x2f, 0x98, 0x2e, 0x47, 0xcb, 0x10, 0x30, 0x21, 0x2e, 0x77, 0x00,
             - 0x81, 0x30,
   76              0x01, 0x2e, 0x7c, 0x00, 0x01, 0x08, 0x00, 0xb2, 0x61, 0x2f, 0x03, 0x2e, 0x89, 0x00, 0x01, 0x2e, 0xd4,
             - 0x00, 0x98,
   77              0xbc, 0x98, 0xb8, 0x05, 0xb2, 0x0f, 0x58, 0x23, 0x2f, 0x07, 0x90, 0x09, 0x54, 0x00, 0x30, 0x37, 0x2f,
             - 0x15, 0x41,
   78              0x04, 0x41, 0xdc, 0xbe, 0x44, 0xbe, 0xdc, 0xba, 0x2c, 0x01, 0x61, 0x00, 0x0f, 0x56, 0x4a, 0x0f, 0x0c,
             - 0x2f, 0xd1,
   79              0x42, 0x94, 0xb8, 0xc1, 0x42, 0x11, 0x30, 0x05, 0x2e, 0x6a, 0xf7, 0x2c, 0xbd, 0x2f, 0xb9, 0x80, 0xb2,
             - 0x08, 0x22,
   80              0x98, 0x2e, 0xc3, 0xb7, 0x21, 0x2d, 0x61, 0x30, 0x23, 0x2e, 0xd4, 0x00, 0x98, 0x2e, 0xc3, 0xb7, 0x00,
             - 0x30, 0x21,
   81              0x2e, 0x5a, 0xf5, 0x18, 0x2d, 0xe1, 0x7f, 0x50, 0x30, 0x98, 0x2e, 0xfa, 0x03, 0x0f, 0x52, 0x07, 0x50,
             - 0x50, 0x42,
   82              0x70, 0x30, 0x0d, 0x54, 0x42, 0x42, 0x7e, 0x82, 0xe2, 0x6f, 0x80, 0xb2, 0x42, 0x42, 0x05, 0x2f, 0x21,
             - 0x2e, 0xd4,
   83              0x00, 0x10, 0x30, 0x98, 0x2e, 0xc3, 0xb7, 0x03, 0x2d, 0x60, 0x30, 0x21, 0x2e, 0xd4, 0x00, 0x01, 0x2e,
             - 0xd4, 0x00,
   84              0x06, 0x90, 0x18, 0x2f, 0x01, 0x2e, 0x76, 0x00, 0x0b, 0x54, 0x07, 0x52, 0xe0, 0x7f, 0x98, 0x2e, 0x7a,
             - 0xc1, 0xe1,
   85              0x6f, 0x08, 0x1a, 0x40, 0x30, 0x08, 0x2f, 0x21, 0x2e, 0xd4, 0x00, 0x20, 0x30, 0x98, 0x2e, 0xaf, 0xb7,
             - 0x50, 0x32,
   86              0x98, 0x2e, 0xfa, 0x03, 0x05, 0x2d, 0x98, 0x2e, 0x38, 0x0e, 0x00, 0x30, 0x21, 0x2e, 0xd4, 0x00, 0x00,
             - 0x30, 0x21,
   87              0x2e, 0x7c, 0x00, 0x18, 0x2d, 0x01, 0x2e, 0xd4, 0x00, 0x03, 0xaa, 0x01, 0x2f, 0x98, 0x2e, 0x45, 0x0e,
             - 0x01, 0x2e,
   88              0xd4, 0x00, 0x3f, 0x80, 0x03, 0xa2, 0x01, 0x2f, 0x00, 0x2e, 0x02, 0x2d, 0x98, 0x2e, 0x5b, 0x0e, 0x30,
             - 0x30, 0x98,
   89              0x2e, 0xce, 0xb7, 0x00, 0x30, 0x21, 0x2e, 0x7d, 0x00, 0x50, 0x32, 0x98, 0x2e, 0xfa, 0x03, 0x01, 0x2e,
             - 0x77, 0x00,
   90              0x00, 0xb2, 0x24, 0x2f, 0x98, 0x2e, 0xf5, 0xcb, 0x03, 0x2e, 0xd5, 0x00, 0x11, 0x54, 0x01, 0x0a, 0xbc,
             - 0x84, 0x83,
   91              0x86, 0x21, 0x2e, 0xc9, 0x01, 0xe0, 0x40, 0x13, 0x52, 0xc4, 0x40, 0x82, 0x40, 0xa8, 0xb9, 0x52, 0x42,
             - 0x43, 0xbe,
   92              0x53, 0x42, 0x04, 0x0a, 0x50, 0x42, 0xe1, 0x7f, 0xf0, 0x31, 0x41, 0x40, 0xf2, 0x6f, 0x25, 0xbd, 0x08,
             - 0x08, 0x02,
   93              0x0a, 0xd0, 0x7f, 0x98, 0x2e, 0xa8, 0xcf, 0x06, 0xbc, 0xd1, 0x6f, 0xe2, 0x6f, 0x08, 0x0a, 0x80, 0x42,
             - 0x98, 0x2e,
   94              0x58, 0xb7, 0x00, 0x30, 0x21, 0x2e, 0xee, 0x00, 0x21, 0x2e, 0x77, 0x00, 0x21, 0x2e, 0xdd, 0x00, 0x80,
             - 0x2e, 0xf4,
   95              0x01, 0x1a, 0x24, 0x22, 0x00, 0x80, 0x2e, 0xec, 0x01, 0x10, 0x50, 0xfb, 0x7f, 0x98, 0x2e, 0xf3, 0x03,
             - 0x57, 0x50,
   96              0xfb, 0x6f, 0x01, 0x30, 0x71, 0x54, 0x11, 0x42, 0x42, 0x0e, 0xfc, 0x2f, 0xc0, 0x2e, 0x01, 0x42, 0xf0,
             - 0x5f, 0x80,
   97              0x2e, 0x00, 0xc1, 0xfd, 0x2d, 0x01, 0x00, 0x00, 0x00, 0x00, 0x00, 0x00, 0x00, 0x00, 0x00, 0x00, 0x00,
C251 COMPILER V5.60.0,  zf_device_config                                                   17/05/26  17:31:00  PAGE 4   

             - 0x9a, 0x01,
   98              0x34, 0x03, 0x00, 0x00, 0x00, 0x00, 0x00, 0x00, 0x00, 0x00, 0x00, 0x00, 0x00, 0x00, 0x00, 0x00, 0x00,
             - 0x00, 0x00,
   99              0x00, 0x00, 0x00, 0x00, 0x00, 0x00, 0x00, 0x00, 0x00, 0x00, 0x00, 0x00, 0x00, 0x00, 0x00, 0x00, 0x00,
             - 0x00, 0x00,
  100              0x00, 0x00, 0x00, 0x00, 0x00, 0x00, 0x00, 0x00, 0x00, 0x00, 0x00, 0x00, 0x00, 0x00, 0x00, 0x00, 0x00,
             - 0x00, 0x00,
  101              0x00, 0x00, 0x00, 0x00, 0x00, 0x00, 0x00, 0x00, 0x00, 0x00, 0x00, 0x00, 0x00, 0x00, 0x00, 0x00, 0x00,
             - 0x00, 0x00,
  102              0x00, 0x00, 0x00, 0x00, 0x00, 0x00, 0x00, 0x00, 0x00, 0x00, 0x00, 0x00, 0x00, 0x00, 0x00, 0x00, 0x00,
             - 0x00, 0x00,
  103              0x00, 0x00, 0x00, 0x00, 0x00, 0x00, 0x00, 0x00, 0x00, 0x00, 0x00, 0x00, 0x00, 0x00, 0x00, 0x00, 0x00,
             - 0x00, 0x00,
  104              0x00, 0x00, 0x20, 0x50, 0xe7, 0x7f, 0xf6, 0x7f, 0x06, 0x32, 0x0f, 0x2e, 0x61, 0xf5, 0xfe, 0x09, 0xc0,
             - 0xb3, 0x04,
  105              0x2f, 0x17, 0x30, 0x2f, 0x2e, 0xef, 0x00, 0x2d, 0x2e, 0x61, 0xf5, 0xf6, 0x6f, 0xe7, 0x6f, 0xe0, 0x5f,
             - 0xc8, 0x2e,
  106              0x20, 0x50, 0xe7, 0x7f, 0xf6, 0x7f, 0x46, 0x30, 0x0f, 0x2e, 0xa4, 0xf1, 0xbe, 0x09, 0x80, 0xb3, 0x06,
             - 0x2f, 0x0d,
  107              0x2e, 0xd4, 0x00, 0x84, 0xaf, 0x02, 0x2f, 0x16, 0x30, 0x2d, 0x2e, 0x7b, 0x00, 0x86, 0x30, 0x2d, 0x2e,
             - 0x60, 0xf5,
  108              0xf6, 0x6f, 0xe7, 0x6f, 0xe0, 0x5f, 0xc8, 0x2e, 0x01, 0x2e, 0x77, 0xf7, 0x09, 0xbc, 0x0f, 0xb8, 0x00,
             - 0xb2, 0x10,
  109              0x50, 0xfb, 0x7f, 0x10, 0x30, 0x0b, 0x2f, 0x03, 0x2e, 0x8a, 0x00, 0x96, 0xbc, 0x9f, 0xb8, 0x40, 0xb2,
             - 0x05, 0x2f,
  110              0x03, 0x2e, 0x68, 0xf7, 0x9e, 0xbc, 0x9f, 0xb8, 0x40, 0xb2, 0x07, 0x2f, 0x03, 0x2e, 0x7e, 0x00, 0x41,
             - 0x90, 0x01,
  111              0x2f, 0x98, 0x2e, 0xdc, 0x03, 0x03, 0x2c, 0x00, 0x30, 0x21, 0x2e, 0x7e, 0x00, 0xfb, 0x6f, 0xf0, 0x5f,
             - 0xb8, 0x2e,
  112              0x20, 0x50, 0xe0, 0x7f, 0xfb, 0x7f, 0x00, 0x2e, 0x27, 0x50, 0x98, 0x2e, 0x3b, 0xc8, 0x29, 0x50, 0x98,
             - 0x2e, 0xa7,
  113              0xc8, 0x01, 0x50, 0x98, 0x2e, 0x55, 0xcc, 0xe1, 0x6f, 0x2b, 0x50, 0x98, 0x2e, 0xe0, 0xc9, 0xfb, 0x6f,
             - 0x00, 0x30,
  114              0xe0, 0x5f, 0x21, 0x2e, 0x7e, 0x00, 0xb8, 0x2e, 0x73, 0x50, 0x01, 0x30, 0x57, 0x54, 0x11, 0x42, 0x42,
             - 0x0e, 0xfc,
  115              0x2f, 0xb8, 0x2e, 0x21, 0x2e, 0x59, 0xf5, 0x10, 0x30, 0xc0, 0x2e, 0x21, 0x2e, 0x4a, 0xf1, 0x90, 0x50,
             - 0xf7, 0x7f,
  116              0xe6, 0x7f, 0xd5, 0x7f, 0xc4, 0x7f, 0xb3, 0x7f, 0xa1, 0x7f, 0x90, 0x7f, 0x82, 0x7f, 0x7b, 0x7f, 0x98,
             - 0x2e, 0x35,
  117              0xb7, 0x00, 0xb2, 0x90, 0x2e, 0x97, 0xb0, 0x03, 0x2e, 0x8f, 0x00, 0x07, 0x2e, 0x91, 0x00, 0x05, 0x2e,
             - 0xb1, 0x00,
  118              0x3f, 0xba, 0x9f, 0xb8, 0x01, 0x2e, 0xb1, 0x00, 0xa3, 0xbd, 0x4c, 0x0a, 0x05, 0x2e, 0xb1, 0x00, 0x04,
             - 0xbe, 0xbf,
  119              0xb9, 0xcb, 0x0a, 0x4f, 0xba, 0x22, 0xbd, 0x01, 0x2e, 0xb3, 0x00, 0xdc, 0x0a, 0x2f, 0xb9, 0x03, 0x2e,
             - 0xb8, 0x00,
  120              0x0a, 0xbe, 0x9a, 0x0a, 0xcf, 0xb9, 0x9b, 0xbc, 0x01, 0x2e, 0x97, 0x00, 0x9f, 0xb8, 0x93, 0x0a, 0x0f,
             - 0xbc, 0x91,
  121              0x0a, 0x0f, 0xb8, 0x90, 0x0a, 0x25, 0x2e, 0x18, 0x00, 0x05, 0x2e, 0xc1, 0xf5, 0x2e, 0xbd, 0x2e, 0xb9,
             - 0x01, 0x2e,
  122              0x19, 0x00, 0x31, 0x30, 0x8a, 0x04, 0x00, 0x90, 0x07, 0x2f, 0x01, 0x2e, 0xd4, 0x00, 0x04, 0xa2, 0x03,
             - 0x2f, 0x01,
  123              0x2e, 0x18, 0x00, 0x00, 0xb2, 0x0c, 0x2f, 0x19, 0x50, 0x05, 0x52, 0x98, 0x2e, 0x4d, 0xb7, 0x05, 0x2e,
             - 0x78, 0x00,
  124              0x80, 0x90, 0x10, 0x30, 0x01, 0x2f, 0x21, 0x2e, 0x78, 0x00, 0x25, 0x2e, 0xdd, 0x00, 0x98, 0x2e, 0x3e,
             - 0xb7, 0x00,
  125              0xb2, 0x02, 0x30, 0x01, 0x30, 0x04, 0x2f, 0x01, 0x2e, 0x19, 0x00, 0x00, 0xb2, 0x00, 0x2f, 0x21, 0x30,
             - 0x01, 0x2e,
  126              0xea, 0x00, 0x08, 0x1a, 0x0e, 0x2f, 0x23, 0x2e, 0xea, 0x00, 0x33, 0x30, 0x1b, 0x50, 0x0b, 0x09, 0x01,
             - 0x40, 0x17,
  127              0x56, 0x46, 0xbe, 0x4b, 0x08, 0x4c, 0x0a, 0x01, 0x42, 0x0a, 0x80, 0x15, 0x52, 0x01, 0x42, 0x00, 0x2e,
             - 0x01, 0x2e,
  128              0x18, 0x00, 0x00, 0xb2, 0x1f, 0x2f, 0x03, 0x2e, 0xc0, 0xf5, 0xf0, 0x30, 0x48, 0x08, 0x47, 0xaa, 0x74,
             - 0x30, 0x07,
  129              0x2e, 0x7a, 0x00, 0x61, 0x22, 0x4b, 0x1a, 0x05, 0x2f, 0x07, 0x2e, 0x66, 0xf5, 0xbf, 0xbd, 0xbf, 0xb9,
             - 0xc0, 0x90,
  130              0x0b, 0x2f, 0x1d, 0x56, 0x2b, 0x30, 0xd2, 0x42, 0xdb, 0x42, 0x01, 0x04, 0xc2, 0x42, 0x04, 0xbd, 0xfe,
C251 COMPILER V5.60.0,  zf_device_config                                                   17/05/26  17:31:00  PAGE 5   

             - 0x80, 0x81,
  131              0x84, 0x23, 0x2e, 0x7a, 0x00, 0x02, 0x42, 0x02, 0x32, 0x25, 0x2e, 0x62, 0xf5, 0x05, 0x2e, 0xd6, 0x00,
             - 0x81, 0x84,
  132              0x25, 0x2e, 0xd6, 0x00, 0x02, 0x31, 0x25, 0x2e, 0x60, 0xf5, 0x05, 0x2e, 0x8a, 0x00, 0x0b, 0x50, 0x90,
             - 0x08, 0x80,
  133              0xb2, 0x0b, 0x2f, 0x05, 0x2e, 0xca, 0xf5, 0xf0, 0x3e, 0x90, 0x08, 0x25, 0x2e, 0xca, 0xf5, 0x05, 0x2e,
             - 0x59, 0xf5,
  134              0xe0, 0x3f, 0x90, 0x08, 0x25, 0x2e, 0x59, 0xf5, 0x90, 0x6f, 0xa1, 0x6f, 0xb3, 0x6f, 0xc4, 0x6f, 0xd5,
             - 0x6f, 0xe6,
  135              0x6f, 0xf7, 0x6f, 0x7b, 0x6f, 0x82, 0x6f, 0x70, 0x5f, 0xc8, 0x2e, 0xc0, 0x50, 0x90, 0x7f, 0xe5, 0x7f,
             - 0xd4, 0x7f,
  136              0xc3, 0x7f, 0xb1, 0x7f, 0xa2, 0x7f, 0x87, 0x7f, 0xf6, 0x7f, 0x7b, 0x7f, 0x00, 0x2e, 0x01, 0x2e, 0x60,
             - 0xf5, 0x60,
  137              0x7f, 0x98, 0x2e, 0x35, 0xb7, 0x02, 0x30, 0x63, 0x6f, 0x15, 0x52, 0x50, 0x7f, 0x62, 0x7f, 0x5a, 0x2c,
             - 0x02, 0x32,
  138              0x1a, 0x09, 0x00, 0xb3, 0x14, 0x2f, 0x00, 0xb2, 0x03, 0x2f, 0x09, 0x2e, 0x18, 0x00, 0x00, 0x91, 0x0c,
             - 0x2f, 0x43,
  139              0x7f, 0x98, 0x2e, 0x97, 0xb7, 0x1f, 0x50, 0x02, 0x8a, 0x02, 0x32, 0x04, 0x30, 0x25, 0x2e, 0x64, 0xf5,
             - 0x15, 0x52,
  140              0x50, 0x6f, 0x43, 0x6f, 0x44, 0x43, 0x25, 0x2e, 0x60, 0xf5, 0xd9, 0x08, 0xc0, 0xb2, 0x36, 0x2f, 0x98,
             - 0x2e, 0x3e,
  141              0xb7, 0x00, 0xb2, 0x06, 0x2f, 0x01, 0x2e, 0x19, 0x00, 0x00, 0xb2, 0x02, 0x2f, 0x50, 0x6f, 0x00, 0x90,
             - 0x0a, 0x2f,
  142              0x01, 0x2e, 0x79, 0x00, 0x00, 0x90, 0x19, 0x2f, 0x10, 0x30, 0x21, 0x2e, 0x79, 0x00, 0x00, 0x30, 0x98,
             - 0x2e, 0xdc,
  143              0x03, 0x13, 0x2d, 0x01, 0x2e, 0xc3, 0xf5, 0x0c, 0xbc, 0x0f, 0xb8, 0x12, 0x30, 0x10, 0x04, 0x03, 0xb0,
             - 0x26, 0x25,
  144              0x21, 0x50, 0x03, 0x52, 0x98, 0x2e, 0x4d, 0xb7, 0x10, 0x30, 0x21, 0x2e, 0xee, 0x00, 0x02, 0x30, 0x60,
             - 0x7f, 0x25,
  145              0x2e, 0x79, 0x00, 0x60, 0x6f, 0x00, 0x90, 0x05, 0x2f, 0x00, 0x30, 0x21, 0x2e, 0xea, 0x00, 0x15, 0x50,
             - 0x21, 0x2e,
  146              0x64, 0xf5, 0x15, 0x52, 0x23, 0x2e, 0x60, 0xf5, 0x02, 0x32, 0x50, 0x6f, 0x00, 0x90, 0x02, 0x2f, 0x03,
             - 0x30, 0x27,
  147              0x2e, 0x78, 0x00, 0x07, 0x2e, 0x60, 0xf5, 0x1a, 0x09, 0x00, 0x91, 0xa3, 0x2f, 0x19, 0x09, 0x00, 0x91,
             - 0xa0, 0x2f,
  148              0x90, 0x6f, 0xa2, 0x6f, 0xb1, 0x6f, 0xc3, 0x6f, 0xd4, 0x6f, 0xe5, 0x6f, 0x7b, 0x6f, 0xf6, 0x6f, 0x87,
             - 0x6f, 0x40,
  149              0x5f, 0xc8, 0x2e, 0xc0, 0x50, 0xe7, 0x7f, 0xf6, 0x7f, 0x26, 0x30, 0x0f, 0x2e, 0x61, 0xf5, 0x2f, 0x2e,
             - 0x7c, 0x00,
  150              0x0f, 0x2e, 0x7c, 0x00, 0xbe, 0x09, 0xa2, 0x7f, 0x80, 0x7f, 0x80, 0xb3, 0xd5, 0x7f, 0xc4, 0x7f, 0xb3,
             - 0x7f, 0x91,
  151              0x7f, 0x7b, 0x7f, 0x0b, 0x2f, 0x23, 0x50, 0x1a, 0x25, 0x12, 0x40, 0x42, 0x7f, 0x74, 0x82, 0x12, 0x40,
             - 0x52, 0x7f,
  152              0x00, 0x2e, 0x00, 0x40, 0x60, 0x7f, 0x98, 0x2e, 0x6a, 0xd6, 0x81, 0x30, 0x01, 0x2e, 0x7c, 0x00, 0x01,
             - 0x08, 0x00,
  153              0xb2, 0x42, 0x2f, 0x03, 0x2e, 0x89, 0x00, 0x01, 0x2e, 0x89, 0x00, 0x97, 0xbc, 0x06, 0xbc, 0x9f, 0xb8,
             - 0x0f, 0xb8,
  154              0x00, 0x90, 0x23, 0x2e, 0xd8, 0x00, 0x10, 0x30, 0x01, 0x30, 0x2a, 0x2f, 0x03, 0x2e, 0xd4, 0x00, 0x44,
             - 0xb2, 0x05,
  155              0x2f, 0x47, 0xb2, 0x00, 0x30, 0x2d, 0x2f, 0x21, 0x2e, 0x7c, 0x00, 0x2b, 0x2d, 0x03, 0x2e, 0xfd, 0xf5,
             - 0x9e, 0xbc,
  156              0x9f, 0xb8, 0x40, 0x90, 0x14, 0x2f, 0x03, 0x2e, 0xfc, 0xf5, 0x99, 0xbc, 0x9f, 0xb8, 0x40, 0x90, 0x0e,
             - 0x2f, 0x03,
  157              0x2e, 0x49, 0xf1, 0x25, 0x54, 0x4a, 0x08, 0x40, 0x90, 0x08, 0x2f, 0x98, 0x2e, 0x35, 0xb7, 0x00, 0xb2,
             - 0x10, 0x30,
  158              0x03, 0x2f, 0x50, 0x30, 0x21, 0x2e, 0xd4, 0x00, 0x10, 0x2d, 0x98, 0x2e, 0xaf, 0xb7, 0x00, 0x30, 0x21,
             - 0x2e, 0x7c,
  159              0x00, 0x0a, 0x2d, 0x05, 0x2e, 0x69, 0xf7, 0x2d, 0xbd, 0x2f, 0xb9, 0x80, 0xb2, 0x01, 0x2f, 0x21, 0x2e,
             - 0x7d, 0x00,
  160              0x23, 0x2e, 0x7c, 0x00, 0xe0, 0x31, 0x21, 0x2e, 0x61, 0xf5, 0xf6, 0x6f, 0xe7, 0x6f, 0x80, 0x6f, 0xa2,
             - 0x6f, 0xb3,
  161              0x6f, 0xc4, 0x6f, 0xd5, 0x6f, 0x7b, 0x6f, 0x91, 0x6f, 0x40, 0x5f, 0xc8, 0x2e, 0x60, 0x51, 0x0a, 0x25,
             - 0x36, 0x88,
  162              0xf4, 0x7f, 0xeb, 0x7f, 0x00, 0x32, 0x31, 0x52, 0x32, 0x30, 0x13, 0x30, 0x98, 0x2e, 0x15, 0xcb, 0x0a,
             - 0x25, 0x33,
  163              0x84, 0xd2, 0x7f, 0x43, 0x30, 0x05, 0x50, 0x2d, 0x52, 0x98, 0x2e, 0x95, 0xc1, 0xd2, 0x6f, 0x27, 0x52,
C251 COMPILER V5.60.0,  zf_device_config                                                   17/05/26  17:31:00  PAGE 6   

             - 0x98, 0x2e,
  164              0xd7, 0xc7, 0x2a, 0x25, 0xb0, 0x86, 0xc0, 0x7f, 0xd3, 0x7f, 0xaf, 0x84, 0x29, 0x50, 0xf1, 0x6f, 0x98,
             - 0x2e, 0x4d,
  165              0xc8, 0x2a, 0x25, 0xae, 0x8a, 0xaa, 0x88, 0xf2, 0x6e, 0x2b, 0x50, 0xc1, 0x6f, 0xd3, 0x6f, 0xf4, 0x7f,
             - 0x98, 0x2e,
  166              0xb6, 0xc8, 0xe0, 0x6e, 0x00, 0xb2, 0x32, 0x2f, 0x33, 0x54, 0x83, 0x86, 0xf1, 0x6f, 0xc3, 0x7f, 0x04,
             - 0x30, 0x30,
  167              0x30, 0xf4, 0x7f, 0xd0, 0x7f, 0xb2, 0x7f, 0xe3, 0x30, 0xc5, 0x6f, 0x56, 0x40, 0x45, 0x41, 0x28, 0x08,
             - 0x03, 0x14,
  168              0x0e, 0xb4, 0x08, 0xbc, 0x82, 0x40, 0x10, 0x0a, 0x2f, 0x54, 0x26, 0x05, 0x91, 0x7f, 0x44, 0x28, 0xa3,
             - 0x7f, 0x98,
  169              0x2e, 0xd9, 0xc0, 0x08, 0xb9, 0x33, 0x30, 0x53, 0x09, 0xc1, 0x6f, 0xd3, 0x6f, 0xf4, 0x6f, 0x83, 0x17,
             - 0x47, 0x40,
  170              0x6c, 0x15, 0xb2, 0x6f, 0xbe, 0x09, 0x75, 0x0b, 0x90, 0x42, 0x45, 0x42, 0x51, 0x0e, 0x32, 0xbc, 0x02,
             - 0x89, 0xa1,
  171              0x6f, 0x7e, 0x86, 0xf4, 0x7f, 0xd0, 0x7f, 0xb2, 0x7f, 0x04, 0x30, 0x91, 0x6f, 0xd6, 0x2f, 0xeb, 0x6f,
             - 0xa0, 0x5e,
  172              0xb8, 0x2e, 0x03, 0x2e, 0x97, 0x00, 0x1b, 0xbc, 0x60, 0x50, 0x9f, 0xbc, 0x0c, 0xb8, 0xf0, 0x7f, 0x40,
             - 0xb2, 0xeb,
  173              0x7f, 0x2b, 0x2f, 0x03, 0x2e, 0x7f, 0x00, 0x41, 0x40, 0x01, 0x2e, 0xc8, 0x00, 0x01, 0x1a, 0x11, 0x2f,
             - 0x37, 0x58,
  174              0x23, 0x2e, 0xc8, 0x00, 0x10, 0x41, 0xa0, 0x7f, 0x38, 0x81, 0x01, 0x41, 0xd0, 0x7f, 0xb1, 0x7f, 0x98,
             - 0x2e, 0x64,
  175              0xcf, 0xd0, 0x6f, 0x07, 0x80, 0xa1, 0x6f, 0x11, 0x42, 0x00, 0x2e, 0xb1, 0x6f, 0x01, 0x42, 0x11, 0x30,
             - 0x01, 0x2e,
  176              0xfc, 0x00, 0x00, 0xa8, 0x03, 0x30, 0xcb, 0x22, 0x4a, 0x25, 0x01, 0x2e, 0x7f, 0x00, 0x3c, 0x89, 0x35,
             - 0x52, 0x05,
  177              0x54, 0x98, 0x2e, 0xc4, 0xce, 0xc1, 0x6f, 0xf0, 0x6f, 0x98, 0x2e, 0x95, 0xcf, 0x04, 0x2d, 0x01, 0x30,
             - 0xf0, 0x6f,
  178              0x98, 0x2e, 0x95, 0xcf, 0xeb, 0x6f, 0xa0, 0x5f, 0xb8, 0x2e, 0x03, 0x2e, 0xb3, 0x00, 0x02, 0x32, 0xf0,
             - 0x30, 0x03,
  179              0x31, 0x30, 0x50, 0x8a, 0x08, 0x08, 0x08, 0xcb, 0x08, 0xe0, 0x7f, 0x80, 0xb2, 0xf3, 0x7f, 0xdb, 0x7f,
             - 0x25, 0x2f,
  180              0x03, 0x2e, 0xca, 0x00, 0x41, 0x90, 0x04, 0x2f, 0x01, 0x30, 0x23, 0x2e, 0xca, 0x00, 0x98, 0x2e, 0x3f,
             - 0x03, 0xc0,
  181              0xb2, 0x05, 0x2f, 0x03, 0x2e, 0xda, 0x00, 0x00, 0x30, 0x41, 0x04, 0x23, 0x2e, 0xda, 0x00, 0x98, 0x2e,
             - 0x92, 0xb2,
  182              0x10, 0x25, 0xf0, 0x6f, 0x00, 0xb2, 0x05, 0x2f, 0x01, 0x2e, 0xda, 0x00, 0x02, 0x30, 0x10, 0x04, 0x21,
             - 0x2e, 0xda,
  183              0x00, 0x40, 0xb2, 0x01, 0x2f, 0x23, 0x2e, 0xc8, 0x01, 0xdb, 0x6f, 0xe0, 0x6f, 0xd0, 0x5f, 0x80, 0x2e,
             - 0x95, 0xcf,
  184              0x01, 0x30, 0xe0, 0x6f, 0x98, 0x2e, 0x95, 0xcf, 0x11, 0x30, 0x23, 0x2e, 0xca, 0x00, 0xdb, 0x6f, 0xd0,
             - 0x5f, 0xb8,
  185              0x2e, 0xd0, 0x50, 0x0a, 0x25, 0x33, 0x84, 0x55, 0x50, 0xd2, 0x7f, 0xe2, 0x7f, 0x03, 0x8c, 0xc0, 0x7f,
             - 0xbb, 0x7f,
  186              0x00, 0x30, 0x05, 0x5a, 0x39, 0x54, 0x51, 0x41, 0xa5, 0x7f, 0x96, 0x7f, 0x80, 0x7f, 0x98, 0x2e, 0xd9,
             - 0xc0, 0x05,
  187              0x30, 0xf5, 0x7f, 0x20, 0x25, 0x91, 0x6f, 0x3b, 0x58, 0x3d, 0x5c, 0x3b, 0x56, 0x98, 0x2e, 0x67, 0xcc,
             - 0xc1, 0x6f,
  188              0xd5, 0x6f, 0x52, 0x40, 0x50, 0x43, 0xc1, 0x7f, 0xd5, 0x7f, 0x10, 0x25, 0x98, 0x2e, 0xfe, 0xc9, 0x10,
             - 0x25, 0x98,
  189              0x2e, 0x74, 0xc0, 0x86, 0x6f, 0x30, 0x28, 0x92, 0x6f, 0x82, 0x8c, 0xa5, 0x6f, 0x6f, 0x52, 0x69, 0x0e,
             - 0x39, 0x54,
  190              0xdb, 0x2f, 0x19, 0xa0, 0x15, 0x30, 0x03, 0x2f, 0x00, 0x30, 0x21, 0x2e, 0x81, 0x01, 0x0a, 0x2d, 0x01,
             - 0x2e, 0x81,
  191              0x01, 0x05, 0x28, 0x42, 0x36, 0x21, 0x2e, 0x81, 0x01, 0x02, 0x0e, 0x01, 0x2f, 0x98, 0x2e, 0xf3, 0x03,
             - 0x57, 0x50,
  192              0x12, 0x30, 0x01, 0x40, 0x98, 0x2e, 0xfe, 0xc9, 0x51, 0x6f, 0x0b, 0x5c, 0x8e, 0x0e, 0x3b, 0x6f, 0x57,
             - 0x58, 0x02,
  193              0x30, 0x21, 0x2e, 0x95, 0x01, 0x45, 0x6f, 0x2a, 0x8d, 0xd2, 0x7f, 0xcb, 0x7f, 0x13, 0x2f, 0x02, 0x30,
             - 0x3f, 0x50,
  194              0xd2, 0x7f, 0xa8, 0x0e, 0x0e, 0x2f, 0xc0, 0x6f, 0x53, 0x54, 0x02, 0x00, 0x51, 0x54, 0x42, 0x0e, 0x10,
             - 0x30, 0x59,
  195              0x52, 0x02, 0x30, 0x01, 0x2f, 0x00, 0x2e, 0x03, 0x2d, 0x50, 0x42, 0x42, 0x42, 0x12, 0x30, 0xd2, 0x7f,
             - 0x80, 0xb2,
  196              0x03, 0x2f, 0x00, 0x30, 0x21, 0x2e, 0x80, 0x01, 0x12, 0x2d, 0x01, 0x2e, 0xc9, 0x00, 0x02, 0x80, 0x05,
C251 COMPILER V5.60.0,  zf_device_config                                                   17/05/26  17:31:00  PAGE 7   

             - 0x2e, 0x80,
  197              0x01, 0x11, 0x30, 0x91, 0x28, 0x00, 0x40, 0x25, 0x2e, 0x80, 0x01, 0x10, 0x0e, 0x05, 0x2f, 0x01, 0x2e,
             - 0x7f, 0x01,
  198              0x01, 0x90, 0x01, 0x2f, 0x98, 0x2e, 0xf3, 0x03, 0x00, 0x2e, 0xa0, 0x41, 0x01, 0x90, 0xa6, 0x7f, 0x90,
             - 0x2e, 0xe3,
  199              0xb4, 0x01, 0x2e, 0x95, 0x01, 0x00, 0xa8, 0x90, 0x2e, 0xe3, 0xb4, 0x5b, 0x54, 0x95, 0x80, 0x82, 0x40,
             - 0x80, 0xb2,
  200              0x02, 0x40, 0x2d, 0x8c, 0x3f, 0x52, 0x96, 0x7f, 0x90, 0x2e, 0xc2, 0xb3, 0x29, 0x0e, 0x76, 0x2f, 0x01,
             - 0x2e, 0xc9,
  201              0x00, 0x00, 0x40, 0x81, 0x28, 0x45, 0x52, 0xb3, 0x30, 0x98, 0x2e, 0x0f, 0xca, 0x5d, 0x54, 0x80, 0x7f,
             - 0x00, 0x2e,
  202              0xa1, 0x40, 0x72, 0x7f, 0x82, 0x80, 0x82, 0x40, 0x60, 0x7f, 0x98, 0x2e, 0xfe, 0xc9, 0x10, 0x25, 0x98,
             - 0x2e, 0x74,
  203              0xc0, 0x62, 0x6f, 0x05, 0x30, 0x87, 0x40, 0xc0, 0x91, 0x04, 0x30, 0x05, 0x2f, 0x05, 0x2e, 0x83, 0x01,
             - 0x80, 0xb2,
  204              0x14, 0x30, 0x00, 0x2f, 0x04, 0x30, 0x05, 0x2e, 0xc9, 0x00, 0x73, 0x6f, 0x81, 0x40, 0xe2, 0x40, 0x69,
             - 0x04, 0x11,
  205              0x0f, 0xe1, 0x40, 0x16, 0x30, 0xfe, 0x29, 0xcb, 0x40, 0x02, 0x2f, 0x83, 0x6f, 0x83, 0x0f, 0x22, 0x2f,
             - 0x47, 0x56,
  206              0x13, 0x0f, 0x12, 0x30, 0x77, 0x2f, 0x49, 0x54, 0x42, 0x0e, 0x12, 0x30, 0x73, 0x2f, 0x00, 0x91, 0x0a,
             - 0x2f, 0x01,
  207              0x2e, 0x8b, 0x01, 0x19, 0xa8, 0x02, 0x30, 0x6c, 0x2f, 0x63, 0x50, 0x00, 0x2e, 0x17, 0x42, 0x05, 0x42,
             - 0x68, 0x2c,
  208              0x12, 0x30, 0x0b, 0x25, 0x08, 0x0f, 0x50, 0x30, 0x02, 0x2f, 0x21, 0x2e, 0x83, 0x01, 0x03, 0x2d, 0x40,
             - 0x30, 0x21,
  209              0x2e, 0x83, 0x01, 0x2b, 0x2e, 0x85, 0x01, 0x5a, 0x2c, 0x12, 0x30, 0x00, 0x91, 0x2b, 0x25, 0x04, 0x2f,
             - 0x63, 0x50,
  210              0x02, 0x30, 0x17, 0x42, 0x17, 0x2c, 0x02, 0x42, 0x98, 0x2e, 0xfe, 0xc9, 0x10, 0x25, 0x98, 0x2e, 0x74,
             - 0xc0, 0x05,
  211              0x2e, 0xc9, 0x00, 0x81, 0x84, 0x5b, 0x30, 0x82, 0x40, 0x37, 0x2e, 0x83, 0x01, 0x02, 0x0e, 0x07, 0x2f,
             - 0x5f, 0x52,
  212              0x40, 0x30, 0x62, 0x40, 0x41, 0x40, 0x91, 0x0e, 0x01, 0x2f, 0x21, 0x2e, 0x83, 0x01, 0x05, 0x30, 0x2b,
             - 0x2e, 0x85,
  213              0x01, 0x12, 0x30, 0x36, 0x2c, 0x16, 0x30, 0x15, 0x25, 0x81, 0x7f, 0x98, 0x2e, 0xfe, 0xc9, 0x10, 0x25,
             - 0x98, 0x2e,
  214              0x74, 0xc0, 0x19, 0xa2, 0x16, 0x30, 0x15, 0x2f, 0x05, 0x2e, 0x97, 0x01, 0x80, 0x6f, 0x82, 0x0e, 0x05,
             - 0x2f, 0x01,
  215              0x2e, 0x86, 0x01, 0x06, 0x28, 0x21, 0x2e, 0x86, 0x01, 0x0b, 0x2d, 0x03, 0x2e, 0x87, 0x01, 0x5f, 0x54,
             - 0x4e, 0x28,
  216              0x91, 0x42, 0x00, 0x2e, 0x82, 0x40, 0x90, 0x0e, 0x01, 0x2f, 0x21, 0x2e, 0x88, 0x01, 0x02, 0x30, 0x13,
             - 0x2c, 0x05,
  217              0x30, 0xc0, 0x6f, 0x08, 0x1c, 0xa8, 0x0f, 0x16, 0x30, 0x05, 0x30, 0x5b, 0x50, 0x09, 0x2f, 0x02, 0x80,
             - 0x2d, 0x2e,
  218              0x82, 0x01, 0x05, 0x42, 0x05, 0x80, 0x00, 0x2e, 0x02, 0x42, 0x3e, 0x80, 0x00, 0x2e, 0x06, 0x42, 0x02,
             - 0x30, 0x90,
  219              0x6f, 0x3e, 0x88, 0x01, 0x40, 0x04, 0x41, 0x4c, 0x28, 0x01, 0x42, 0x07, 0x80, 0x10, 0x25, 0x24, 0x40,
             - 0x00, 0x40,
  220              0x00, 0xa8, 0xf5, 0x22, 0x23, 0x29, 0x44, 0x42, 0x7a, 0x82, 0x7e, 0x88, 0x43, 0x40, 0x04, 0x41, 0x00,
             - 0xab, 0xf5,
  221              0x23, 0xdf, 0x28, 0x43, 0x42, 0xd9, 0xa0, 0x14, 0x2f, 0x00, 0x90, 0x02, 0x2f, 0xd2, 0x6f, 0x81, 0xb2,
             - 0x05, 0x2f,
  222              0x63, 0x54, 0x06, 0x28, 0x90, 0x42, 0x85, 0x42, 0x09, 0x2c, 0x02, 0x30, 0x5b, 0x50, 0x03, 0x80, 0x29,
             - 0x2e, 0x7e,
  223              0x01, 0x2b, 0x2e, 0x82, 0x01, 0x05, 0x42, 0x12, 0x30, 0x2b, 0x2e, 0x83, 0x01, 0x45, 0x82, 0x00, 0x2e,
             - 0x40, 0x40,
  224              0x7a, 0x82, 0x02, 0xa0, 0x08, 0x2f, 0x63, 0x50, 0x3b, 0x30, 0x15, 0x42, 0x05, 0x42, 0x37, 0x80, 0x37,
             - 0x2e, 0x7e,
  225              0x01, 0x05, 0x42, 0x12, 0x30, 0x01, 0x2e, 0xc9, 0x00, 0x02, 0x8c, 0x40, 0x40, 0x84, 0x41, 0x7a, 0x8c,
             - 0x04, 0x0f,
  226              0x03, 0x2f, 0x01, 0x2e, 0x8b, 0x01, 0x19, 0xa4, 0x04, 0x2f, 0x2b, 0x2e, 0x82, 0x01, 0x98, 0x2e, 0xf3,
             - 0x03, 0x12,
  227              0x30, 0x81, 0x90, 0x61, 0x52, 0x08, 0x2f, 0x65, 0x42, 0x65, 0x42, 0x43, 0x80, 0x39, 0x84, 0x82, 0x88,
             - 0x05, 0x42,
  228              0x45, 0x42, 0x85, 0x42, 0x05, 0x43, 0x00, 0x2e, 0x80, 0x41, 0x00, 0x90, 0x90, 0x2e, 0xe1, 0xb4, 0x65,
             - 0x54, 0xc1,
  229              0x6f, 0x80, 0x40, 0x00, 0xb2, 0x43, 0x58, 0x69, 0x50, 0x44, 0x2f, 0x55, 0x5c, 0xb7, 0x87, 0x8c, 0x0f,
C251 COMPILER V5.60.0,  zf_device_config                                                   17/05/26  17:31:00  PAGE 8   

             - 0x0d, 0x2e,
  230              0x96, 0x01, 0xc4, 0x40, 0x36, 0x2f, 0x41, 0x56, 0x8b, 0x0e, 0x2a, 0x2f, 0x0b, 0x52, 0xa1, 0x0e, 0x0a,
             - 0x2f, 0x05,
  231              0x2e, 0x8f, 0x01, 0x14, 0x25, 0x98, 0x2e, 0xfe, 0xc9, 0x4b, 0x54, 0x02, 0x0f, 0x69, 0x50, 0x05, 0x30,
             - 0x65, 0x54,
  232              0x15, 0x2f, 0x03, 0x2e, 0x8e, 0x01, 0x4d, 0x5c, 0x8e, 0x0f, 0x3a, 0x2f, 0x05, 0x2e, 0x8f, 0x01, 0x98,
             - 0x2e, 0xfe,
  233              0xc9, 0x4f, 0x54, 0x82, 0x0f, 0x05, 0x30, 0x69, 0x50, 0x65, 0x54, 0x30, 0x2f, 0x6d, 0x52, 0x15, 0x30,
             - 0x42, 0x8c,
  234              0x45, 0x42, 0x04, 0x30, 0x2b, 0x2c, 0x84, 0x43, 0x6b, 0x52, 0x42, 0x8c, 0x00, 0x2e, 0x85, 0x43, 0x15,
             - 0x30, 0x24,
  235              0x2c, 0x45, 0x42, 0x8e, 0x0f, 0x20, 0x2f, 0x0d, 0x2e, 0x8e, 0x01, 0xb1, 0x0e, 0x1c, 0x2f, 0x23, 0x2e,
             - 0x8e, 0x01,
  236              0x1a, 0x2d, 0x0e, 0x0e, 0x17, 0x2f, 0xa1, 0x0f, 0x15, 0x2f, 0x23, 0x2e, 0x8d, 0x01, 0x13, 0x2d, 0x98,
             - 0x2e, 0x74,
  237              0xc0, 0x43, 0x54, 0xc2, 0x0e, 0x0a, 0x2f, 0x65, 0x50, 0x04, 0x80, 0x0b, 0x30, 0x06, 0x82, 0x0b, 0x42,
             - 0x79, 0x80,
  238              0x41, 0x40, 0x12, 0x30, 0x25, 0x2e, 0x8c, 0x01, 0x01, 0x42, 0x05, 0x30, 0x69, 0x50, 0x65, 0x54, 0x84,
             - 0x82, 0x43,
  239              0x84, 0xbe, 0x8c, 0x84, 0x40, 0x86, 0x41, 0x26, 0x29, 0x94, 0x42, 0xbe, 0x8e, 0xd5, 0x7f, 0x19, 0xa1,
             - 0x43, 0x40,
  240              0x0b, 0x2e, 0x8c, 0x01, 0x84, 0x40, 0xc7, 0x41, 0x5d, 0x29, 0x27, 0x29, 0x45, 0x42, 0x84, 0x42, 0xc2,
             - 0x7f, 0x01,
  241              0x2f, 0xc0, 0xb3, 0x1d, 0x2f, 0x05, 0x2e, 0x94, 0x01, 0x99, 0xa0, 0x01, 0x2f, 0x80, 0xb3, 0x13, 0x2f,
             - 0x80, 0xb3,
  242              0x18, 0x2f, 0xc0, 0xb3, 0x16, 0x2f, 0x12, 0x40, 0x01, 0x40, 0x92, 0x7f, 0x98, 0x2e, 0x74, 0xc0, 0x92,
             - 0x6f, 0x10,
  243              0x0f, 0x20, 0x30, 0x03, 0x2f, 0x10, 0x30, 0x21, 0x2e, 0x7e, 0x01, 0x0a, 0x2d, 0x21, 0x2e, 0x7e, 0x01,
             - 0x07, 0x2d,
  244              0x20, 0x30, 0x21, 0x2e, 0x7e, 0x01, 0x03, 0x2d, 0x10, 0x30, 0x21, 0x2e, 0x7e, 0x01, 0xc2, 0x6f, 0x01,
             - 0x2e, 0xc9,
  245              0x00, 0xbc, 0x84, 0x02, 0x80, 0x82, 0x40, 0x00, 0x40, 0x90, 0x0e, 0xd5, 0x6f, 0x02, 0x2f, 0x15, 0x30,
             - 0x98, 0x2e,
  246              0xf3, 0x03, 0x41, 0x91, 0x05, 0x30, 0x07, 0x2f, 0x67, 0x50, 0x3d, 0x80, 0x2b, 0x2e, 0x8f, 0x01, 0x05,
             - 0x42, 0x04,
  247              0x80, 0x00, 0x2e, 0x05, 0x42, 0x02, 0x2c, 0x00, 0x30, 0x00, 0x30, 0xa2, 0x6f, 0x98, 0x8a, 0x86, 0x40,
             - 0x80, 0xa7,
  248              0x05, 0x2f, 0x98, 0x2e, 0xf3, 0x03, 0xc0, 0x30, 0x21, 0x2e, 0x95, 0x01, 0x06, 0x25, 0x1a, 0x25, 0xe2,
             - 0x6f, 0x76,
  249              0x82, 0x96, 0x40, 0x56, 0x43, 0x51, 0x0e, 0xfb, 0x2f, 0xbb, 0x6f, 0x30, 0x5f, 0xb8, 0x2e, 0x01, 0x2e,
             - 0xb8, 0x00,
  250              0x01, 0x31, 0x41, 0x08, 0x40, 0xb2, 0x20, 0x50, 0xf2, 0x30, 0x02, 0x08, 0xfb, 0x7f, 0x01, 0x30, 0x10,
             - 0x2f, 0x05,
  251              0x2e, 0xcc, 0x00, 0x81, 0x90, 0xe0, 0x7f, 0x03, 0x2f, 0x23, 0x2e, 0xcc, 0x00, 0x98, 0x2e, 0x55, 0xb6,
             - 0x98, 0x2e,
  252              0x1d, 0xb5, 0x10, 0x25, 0xfb, 0x6f, 0xe0, 0x6f, 0xe0, 0x5f, 0x80, 0x2e, 0x95, 0xcf, 0x98, 0x2e, 0x95,
             - 0xcf, 0x10,
  253              0x30, 0x21, 0x2e, 0xcc, 0x00, 0xfb, 0x6f, 0xe0, 0x5f, 0xb8, 0x2e, 0x00, 0x51, 0x05, 0x58, 0xeb, 0x7f,
             - 0x2a, 0x25,
  254              0x89, 0x52, 0x6f, 0x5a, 0x89, 0x50, 0x13, 0x41, 0x06, 0x40, 0xb3, 0x01, 0x16, 0x42, 0xcb, 0x16, 0x06,
             - 0x40, 0xf3,
  255              0x02, 0x13, 0x42, 0x65, 0x0e, 0xf5, 0x2f, 0x05, 0x40, 0x14, 0x30, 0x2c, 0x29, 0x04, 0x42, 0x08, 0xa1,
             - 0x00, 0x30,
  256              0x90, 0x2e, 0x52, 0xb6, 0xb3, 0x88, 0xb0, 0x8a, 0xb6, 0x84, 0xa4, 0x7f, 0xc4, 0x7f, 0xb5, 0x7f, 0xd5,
             - 0x7f, 0x92,
  257              0x7f, 0x73, 0x30, 0x04, 0x30, 0x55, 0x40, 0x42, 0x40, 0x8a, 0x17, 0xf3, 0x08, 0x6b, 0x01, 0x90, 0x02,
             - 0x53, 0xb8,
  258              0x4b, 0x82, 0xad, 0xbe, 0x71, 0x7f, 0x45, 0x0a, 0x09, 0x54, 0x84, 0x7f, 0x98, 0x2e, 0xd9, 0xc0, 0xa3,
             - 0x6f, 0x7b,
  259              0x54, 0xd0, 0x42, 0xa3, 0x7f, 0xf2, 0x7f, 0x60, 0x7f, 0x20, 0x25, 0x71, 0x6f, 0x75, 0x5a, 0x77, 0x58,
             - 0x79, 0x5c,
  260              0x75, 0x56, 0x98, 0x2e, 0x67, 0xcc, 0xb1, 0x6f, 0x62, 0x6f, 0x50, 0x42, 0xb1, 0x7f, 0xb3, 0x30, 0x10,
             - 0x25, 0x98,
  261              0x2e, 0x0f, 0xca, 0x84, 0x6f, 0x20, 0x29, 0x71, 0x6f, 0x92, 0x6f, 0xa5, 0x6f, 0x76, 0x82, 0x6a, 0x0e,
             - 0x73, 0x30,
  262              0x00, 0x30, 0xd0, 0x2f, 0xd2, 0x6f, 0xd1, 0x7f, 0xb4, 0x7f, 0x98, 0x2e, 0x2b, 0xb7, 0x15, 0xbd, 0x0b,
C251 COMPILER V5.60.0,  zf_device_config                                                   17/05/26  17:31:00  PAGE 9   

             - 0xb8, 0x02,
  263              0x0a, 0xc2, 0x6f, 0xc0, 0x7f, 0x98, 0x2e, 0x2b, 0xb7, 0x15, 0xbd, 0x0b, 0xb8, 0x42, 0x0a, 0xc0, 0x6f,
             - 0x08, 0x17,
  264              0x41, 0x18, 0x89, 0x16, 0xe1, 0x18, 0xd0, 0x18, 0xa1, 0x7f, 0x27, 0x25, 0x16, 0x25, 0x98, 0x2e, 0x79,
             - 0xc0, 0x8b,
  265              0x54, 0x90, 0x7f, 0xb3, 0x30, 0x82, 0x40, 0x80, 0x90, 0x0d, 0x2f, 0x7d, 0x52, 0x92, 0x6f, 0x98, 0x2e,
             - 0x0f, 0xca,
  266              0xb2, 0x6f, 0x90, 0x0e, 0x06, 0x2f, 0x8b, 0x50, 0x14, 0x30, 0x42, 0x6f, 0x51, 0x6f, 0x14, 0x42, 0x12,
             - 0x42, 0x01,
  267              0x42, 0x00, 0x2e, 0x31, 0x6f, 0x98, 0x2e, 0x74, 0xc0, 0x41, 0x6f, 0x80, 0x7f, 0x98, 0x2e, 0x74, 0xc0,
             - 0x82, 0x6f,
  268              0x10, 0x04, 0x43, 0x52, 0x01, 0x0f, 0x05, 0x2e, 0xcb, 0x00, 0x00, 0x30, 0x04, 0x30, 0x21, 0x2f, 0x51,
             - 0x6f, 0x43,
  269              0x58, 0x8c, 0x0e, 0x04, 0x30, 0x1c, 0x2f, 0x85, 0x88, 0x41, 0x6f, 0x04, 0x41, 0x8c, 0x0f, 0x04, 0x30,
             - 0x16, 0x2f,
  270              0x84, 0x88, 0x00, 0x2e, 0x04, 0x41, 0x04, 0x05, 0x8c, 0x0e, 0x04, 0x30, 0x0f, 0x2f, 0x82, 0x88, 0x31,
             - 0x6f, 0x04,
  271              0x41, 0x04, 0x05, 0x8c, 0x0e, 0x04, 0x30, 0x08, 0x2f, 0x83, 0x88, 0x00, 0x2e, 0x04, 0x41, 0x8c, 0x0f,
             - 0x04, 0x30,
  272              0x02, 0x2f, 0x21, 0x2e, 0xad, 0x01, 0x14, 0x30, 0x00, 0x91, 0x14, 0x2f, 0x03, 0x2e, 0xa1, 0x01, 0x41,
             - 0x90, 0x0e,
  273              0x2f, 0x03, 0x2e, 0xad, 0x01, 0x14, 0x30, 0x4c, 0x28, 0x23, 0x2e, 0xad, 0x01, 0x46, 0xa0, 0x06, 0x2f,
             - 0x81, 0x84,
  274              0x8d, 0x52, 0x48, 0x82, 0x82, 0x40, 0x21, 0x2e, 0xa1, 0x01, 0x42, 0x42, 0x5c, 0x2c, 0x02, 0x30, 0x05,
             - 0x2e, 0xaa,
  275              0x01, 0x80, 0xb2, 0x02, 0x30, 0x55, 0x2f, 0x03, 0x2e, 0xa9, 0x01, 0x92, 0x6f, 0xb3, 0x30, 0x98, 0x2e,
             - 0x0f, 0xca,
  276              0xb2, 0x6f, 0x90, 0x0f, 0x00, 0x30, 0x02, 0x30, 0x4a, 0x2f, 0xa2, 0x6f, 0x87, 0x52, 0x91, 0x00, 0x85,
             - 0x52, 0x51,
  277              0x0e, 0x02, 0x2f, 0x00, 0x2e, 0x43, 0x2c, 0x02, 0x30, 0xc2, 0x6f, 0x7f, 0x52, 0x91, 0x0e, 0x02, 0x30,
             - 0x3c, 0x2f,
  278              0x51, 0x6f, 0x81, 0x54, 0x98, 0x2e, 0xfe, 0xc9, 0x10, 0x25, 0xb3, 0x30, 0x21, 0x25, 0x98, 0x2e, 0x0f,
             - 0xca, 0x32,
  279              0x6f, 0xc0, 0x7f, 0xb3, 0x30, 0x12, 0x25, 0x98, 0x2e, 0x0f, 0xca, 0x42, 0x6f, 0xb0, 0x7f, 0xb3, 0x30,
             - 0x12, 0x25,
  280              0x98, 0x2e, 0x0f, 0xca, 0xb2, 0x6f, 0x90, 0x28, 0x83, 0x52, 0x98, 0x2e, 0xfe, 0xc9, 0xc2, 0x6f, 0x90,
             - 0x0f, 0x00,
  281              0x30, 0x02, 0x30, 0x1d, 0x2f, 0x05, 0x2e, 0xa1, 0x01, 0x80, 0xb2, 0x12, 0x30, 0x0f, 0x2f, 0x42, 0x6f,
             - 0x03, 0x2e,
  282              0xab, 0x01, 0x91, 0x0e, 0x02, 0x30, 0x12, 0x2f, 0x52, 0x6f, 0x03, 0x2e, 0xac, 0x01, 0x91, 0x0f, 0x02,
             - 0x30, 0x0c,
  283              0x2f, 0x21, 0x2e, 0xaa, 0x01, 0x0a, 0x2c, 0x12, 0x30, 0x03, 0x2e, 0xcb, 0x00, 0x8d, 0x58, 0x08, 0x89,
             - 0x41, 0x40,
  284              0x11, 0x43, 0x00, 0x43, 0x25, 0x2e, 0xa1, 0x01, 0xd4, 0x6f, 0x8f, 0x52, 0x00, 0x43, 0x3a, 0x89, 0x00,
             - 0x2e, 0x10,
  285              0x43, 0x10, 0x43, 0x61, 0x0e, 0xfb, 0x2f, 0x03, 0x2e, 0xa0, 0x01, 0x11, 0x1a, 0x02, 0x2f, 0x02, 0x25,
             - 0x21, 0x2e,
  286              0xa0, 0x01, 0xeb, 0x6f, 0x00, 0x5f, 0xb8, 0x2e, 0x91, 0x52, 0x10, 0x30, 0x02, 0x30, 0x95, 0x56, 0x52,
             - 0x42, 0x4b,
  287              0x0e, 0xfc, 0x2f, 0x8d, 0x54, 0x88, 0x82, 0x93, 0x56, 0x80, 0x42, 0x53, 0x42, 0x40, 0x42, 0x42, 0x86,
             - 0x83, 0x54,
  288              0xc0, 0x2e, 0xc2, 0x42, 0x00, 0x2e, 0xa3, 0x52, 0x00, 0x51, 0x52, 0x40, 0x47, 0x40, 0x1a, 0x25, 0x01,
             - 0x2e, 0x97,
  289              0x00, 0x8f, 0xbe, 0x72, 0x86, 0xfb, 0x7f, 0x0b, 0x30, 0x7c, 0xbf, 0xa5, 0x50, 0x10, 0x08, 0xdf, 0xba,
             - 0x70, 0x88,
  290              0xf8, 0xbf, 0xcb, 0x42, 0xd3, 0x7f, 0x6c, 0xbb, 0xfc, 0xbb, 0xc5, 0x0a, 0x90, 0x7f, 0x1b, 0x7f, 0x0b,
             - 0x43, 0xc0,
  291              0xb2, 0xe5, 0x7f, 0xb7, 0x7f, 0xa6, 0x7f, 0xc4, 0x7f, 0x90, 0x2e, 0x1c, 0xb7, 0x07, 0x2e, 0xd2, 0x00,
             - 0xc0, 0xb2,
  292              0x0b, 0x2f, 0x97, 0x52, 0x01, 0x2e, 0xcd, 0x00, 0x82, 0x7f, 0x98, 0x2e, 0xbb, 0xcc, 0x0b, 0x30, 0x37,
             - 0x2e, 0xd2,
  293              0x00, 0x82, 0x6f, 0x90, 0x6f, 0x1a, 0x25, 0x00, 0xb2, 0x8b, 0x7f, 0x14, 0x2f, 0xa6, 0xbd, 0x25, 0xbd,
             - 0xb6, 0xb9,
  294              0x2f, 0xb9, 0x80, 0xb2, 0xd4, 0xb0, 0x0c, 0x2f, 0x99, 0x54, 0x9b, 0x56, 0x0b, 0x30, 0x0b, 0x2e, 0xb1,
             - 0x00, 0xa1,
  295              0x58, 0x9b, 0x42, 0xdb, 0x42, 0x6c, 0x09, 0x2b, 0x2e, 0xb1, 0x00, 0x8b, 0x42, 0xcb, 0x42, 0x86, 0x7f,
C251 COMPILER V5.60.0,  zf_device_config                                                   17/05/26  17:31:00  PAGE 10  

             - 0x73, 0x84,
  296              0xa7, 0x56, 0xc3, 0x08, 0x39, 0x52, 0x05, 0x50, 0x72, 0x7f, 0x63, 0x7f, 0x98, 0x2e, 0xc2, 0xc0, 0xe1,
             - 0x6f, 0x62,
  297              0x6f, 0xd1, 0x0a, 0x01, 0x2e, 0xcd, 0x00, 0xd5, 0x6f, 0xc4, 0x6f, 0x72, 0x6f, 0x97, 0x52, 0x9d, 0x5c,
             - 0x98, 0x2e,
  298              0x06, 0xcd, 0x23, 0x6f, 0x90, 0x6f, 0x99, 0x52, 0xc0, 0xb2, 0x04, 0xbd, 0x54, 0x40, 0xaf, 0xb9, 0x45,
             - 0x40, 0xe1,
  299              0x7f, 0x02, 0x30, 0x06, 0x2f, 0xc0, 0xb2, 0x02, 0x30, 0x03, 0x2f, 0x9b, 0x5c, 0x12, 0x30, 0x94, 0x43,
             - 0x85, 0x43,
  300              0x03, 0xbf, 0x6f, 0xbb, 0x80, 0xb3, 0x20, 0x2f, 0x06, 0x6f, 0x26, 0x01, 0x16, 0x6f, 0x6e, 0x03, 0x45,
             - 0x42, 0xc0,
  301              0x90, 0x29, 0x2e, 0xce, 0x00, 0x9b, 0x52, 0x14, 0x2f, 0x9b, 0x5c, 0x00, 0x2e, 0x93, 0x41, 0x86, 0x41,
             - 0xe3, 0x04,
  302              0xae, 0x07, 0x80, 0xab, 0x04, 0x2f, 0x80, 0x91, 0x0a, 0x2f, 0x86, 0x6f, 0x73, 0x0f, 0x07, 0x2f, 0x83,
             - 0x6f, 0xc0,
  303              0xb2, 0x04, 0x2f, 0x54, 0x42, 0x45, 0x42, 0x12, 0x30, 0x04, 0x2c, 0x11, 0x30, 0x02, 0x2c, 0x11, 0x30,
             - 0x11, 0x30,
  304              0x02, 0xbc, 0x0f, 0xb8, 0xd2, 0x7f, 0x00, 0xb2, 0x0a, 0x2f, 0x01, 0x2e, 0xfc, 0x00, 0x05, 0x2e, 0xc7,
             - 0x01, 0x10,
  305              0x1a, 0x02, 0x2f, 0x21, 0x2e, 0xc7, 0x01, 0x03, 0x2d, 0x02, 0x2c, 0x01, 0x30, 0x01, 0x30, 0xb0, 0x6f,
             - 0x98, 0x2e,
  306              0x95, 0xcf, 0xd1, 0x6f, 0xa0, 0x6f, 0x98, 0x2e, 0x95, 0xcf, 0xe2, 0x6f, 0x9f, 0x52, 0x01, 0x2e, 0xce,
             - 0x00, 0x82,
  307              0x40, 0x50, 0x42, 0x0c, 0x2c, 0x42, 0x42, 0x11, 0x30, 0x23, 0x2e, 0xd2, 0x00, 0x01, 0x30, 0xb0, 0x6f,
             - 0x98, 0x2e,
  308              0x95, 0xcf, 0xa0, 0x6f, 0x01, 0x30, 0x98, 0x2e, 0x95, 0xcf, 0x00, 0x2e, 0xfb, 0x6f, 0x00, 0x5f, 0xb8,
             - 0x2e, 0x83,
  309              0x86, 0x01, 0x30, 0x00, 0x30, 0x94, 0x40, 0x24, 0x18, 0x06, 0x00, 0x53, 0x0e, 0x4f, 0x02, 0xf9, 0x2f,
             - 0xb8, 0x2e,
  310              0xa9, 0x52, 0x00, 0x2e, 0x60, 0x40, 0x41, 0x40, 0x0d, 0xbc, 0x98, 0xbc, 0xc0, 0x2e, 0x01, 0x0a, 0x0f,
             - 0xb8, 0xab,
  311              0x52, 0x53, 0x3c, 0x52, 0x40, 0x40, 0x40, 0x4b, 0x00, 0x82, 0x16, 0x26, 0xb9, 0x01, 0xb8, 0x41, 0x40,
             - 0x10, 0x08,
  312              0x97, 0xb8, 0x01, 0x08, 0xc0, 0x2e, 0x11, 0x30, 0x01, 0x08, 0x43, 0x86, 0x25, 0x40, 0x04, 0x40, 0xd8,
             - 0xbe, 0x2c,
  313              0x0b, 0x22, 0x11, 0x54, 0x42, 0x03, 0x80, 0x4b, 0x0e, 0xf6, 0x2f, 0xb8, 0x2e, 0x9f, 0x50, 0x10, 0x50,
             - 0xad, 0x52,
  314              0x05, 0x2e, 0xd3, 0x00, 0xfb, 0x7f, 0x00, 0x2e, 0x13, 0x40, 0x93, 0x42, 0x41, 0x0e, 0xfb, 0x2f, 0x98,
             - 0x2e, 0xa5,
  315              0xb7, 0x98, 0x2e, 0x87, 0xcf, 0x01, 0x2e, 0xd9, 0x00, 0x00, 0xb2, 0xfb, 0x6f, 0x0b, 0x2f, 0x01, 0x2e,
             - 0x69, 0xf7,
  316              0xb1, 0x3f, 0x01, 0x08, 0x01, 0x30, 0xf0, 0x5f, 0x23, 0x2e, 0xd9, 0x00, 0x21, 0x2e, 0x69, 0xf7, 0x80,
             - 0x2e, 0x7a,
  317              0xb7, 0xf0, 0x5f, 0xb8, 0x2e, 0x01, 0x2e, 0xc0, 0xf8, 0x03, 0x2e, 0xfc, 0xf5, 0x15, 0x54, 0xaf, 0x56,
             - 0x82, 0x08,
  318              0x0b, 0x2e, 0x69, 0xf7, 0xcb, 0x0a, 0xb1, 0x58, 0x80, 0x90, 0xdd, 0xbe, 0x4c, 0x08, 0x5f, 0xb9, 0x59,
             - 0x22, 0x80,
  319              0x90, 0x07, 0x2f, 0x03, 0x34, 0xc3, 0x08, 0xf2, 0x3a, 0x0a, 0x08, 0x02, 0x35, 0xc0, 0x90, 0x4a, 0x0a,
             - 0x48, 0x22,
  320              0xc0, 0x2e, 0x23, 0x2e, 0xfc, 0xf5, 0x10, 0x50, 0xfb, 0x7f, 0x98, 0x2e, 0x56, 0xc7, 0x98, 0x2e, 0x49,
             - 0xc3, 0x10,
  321              0x30, 0xfb, 0x6f, 0xf0, 0x5f, 0x21, 0x2e, 0xcc, 0x00, 0x21, 0x2e, 0xca, 0x00, 0xb8, 0x2e, 0x03, 0x2e,
             - 0xd3, 0x00,
  322              0x16, 0xb8, 0x02, 0x34, 0x4a, 0x0c, 0x21, 0x2e, 0x2d, 0xf5, 0xc0, 0x2e, 0x23, 0x2e, 0xd3, 0x00, 0x03,
             - 0xbc, 0x21,
  323              0x2e, 0xd5, 0x00, 0x03, 0x2e, 0xd5, 0x00, 0x40, 0xb2, 0x10, 0x30, 0x21, 0x2e, 0x77, 0x00, 0x01, 0x30,
             - 0x05, 0x2f,
  324              0x05, 0x2e, 0xd8, 0x00, 0x80, 0x90, 0x01, 0x2f, 0x23, 0x2e, 0x6f, 0xf5, 0xc0, 0x2e, 0x21, 0x2e, 0xd9,
             - 0x00, 0x11,
  325              0x30, 0x81, 0x08, 0x01, 0x2e, 0x6a, 0xf7, 0x71, 0x3f, 0x23, 0xbd, 0x01, 0x08, 0x02, 0x0a, 0xc0, 0x2e,
             - 0x21, 0x2e,
  326              0x6a, 0xf7, 0x30, 0x25, 0x00, 0x30, 0x21, 0x2e, 0x5a, 0xf5, 0x10, 0x50, 0x21, 0x2e, 0x7b, 0x00, 0x21,
             - 0x2e, 0x7c,
  327              0x00, 0xfb, 0x7f, 0x98, 0x2e, 0xc3, 0xb7, 0x40, 0x30, 0x21, 0x2e, 0xd4, 0x00, 0xfb, 0x6f, 0xf0, 0x5f,
             - 0x03, 0x25,
  328              0x80, 0x2e, 0xaf, 0xb7, 0x80, 0x2e, 0x00, 0xc1, 0x80, 0x2e, 0x00, 0xc1, 0x80, 0x2e, 0x00, 0xc1, 0x80,
C251 COMPILER V5.60.0,  zf_device_config                                                   17/05/26  17:31:00  PAGE 11  

             - 0x2e, 0x00,
  329              0xc1, 0x80, 0x2e, 0x00, 0xc1, 0x80, 0x2e, 0x00, 0xc1, 0x80, 0x2e, 0x00, 0xc1, 0x80, 0x2e, 0x00, 0xc1,
             - 0x80, 0x2e,
  330              0x00, 0xc1, 0x80, 0x2e, 0x00, 0xc1, 0x80, 0x2e, 0x00, 0xc1, 0x80, 0x2e, 0x00, 0xc1, 0x80, 0x2e, 0x00,
             - 0xc1, 0x80,
  331              0x2e, 0x00, 0xc1, 0x80, 0x2e, 0x00, 0xc1, 0x01, 0x2e, 0x5d, 0xf7, 0x08, 0xbc, 0x80, 0xac, 0x0e, 0xbb,
             - 0x02, 0x2f,
  332              0x00, 0x30, 0x41, 0x04, 0x82, 0x06, 0xc0, 0xa4, 0x00, 0x30, 0x11, 0x2f, 0x40, 0xa9, 0x03, 0x2f, 0x40,
             - 0x91, 0x0d,
  333              0x2f, 0x00, 0xa7, 0x0b, 0x2f, 0x80, 0xb3, 0xb3, 0x58, 0x02, 0x2f, 0x90, 0xa1, 0x26, 0x13, 0x20, 0x23,
             - 0x80, 0x90,
  334              0x10, 0x30, 0x01, 0x2f, 0xcc, 0x0e, 0x00, 0x2f, 0x00, 0x30, 0xb8, 0x2e, 0xb5, 0x50, 0x18, 0x08, 0x08,
             - 0xbc, 0x88,
  335              0xb6, 0x0d, 0x17, 0xc6, 0xbd, 0x56, 0xbc, 0xb7, 0x58, 0xda, 0xba, 0x04, 0x01, 0x1d, 0x0a, 0x10, 0x50,
             - 0x05, 0x30,
  336              0x32, 0x25, 0x45, 0x03, 0xfb, 0x7f, 0xf6, 0x30, 0x21, 0x25, 0x98, 0x2e, 0x37, 0xca, 0x16, 0xb5, 0x9a,
             - 0xbc, 0x06,
  337              0xb8, 0x80, 0xa8, 0x41, 0x0a, 0x0e, 0x2f, 0x80, 0x90, 0x02, 0x2f, 0x2d, 0x50, 0x48, 0x0f, 0x09, 0x2f,
             - 0xbf, 0xa0,
  338              0x04, 0x2f, 0xbf, 0x90, 0x06, 0x2f, 0xb7, 0x54, 0xca, 0x0f, 0x03, 0x2f, 0x00, 0x2e, 0x02, 0x2c, 0xb7,
             - 0x52, 0x2d,
  339              0x52, 0xf2, 0x33, 0x98, 0x2e, 0xd9, 0xc0, 0xfb, 0x6f, 0xf1, 0x37, 0xc0, 0x2e, 0x01, 0x08, 0xf0, 0x5f,
             - 0xbf, 0x56,
  340              0xb9, 0x54, 0xd0, 0x40, 0xc4, 0x40, 0x0b, 0x2e, 0xfd, 0xf3, 0xbf, 0x52, 0x90, 0x42, 0x94, 0x42, 0x95,
             - 0x42, 0x05,
  341              0x30, 0xc1, 0x50, 0x0f, 0x88, 0x06, 0x40, 0x04, 0x41, 0x96, 0x42, 0xc5, 0x42, 0x48, 0xbe, 0x73, 0x30,
             - 0x0d, 0x2e,
  342              0xd8, 0x00, 0x4f, 0xba, 0x84, 0x42, 0x03, 0x42, 0x81, 0xb3, 0x02, 0x2f, 0x2b, 0x2e, 0x6f, 0xf5, 0x06,
             - 0x2d, 0x05,
  343              0x2e, 0x77, 0xf7, 0xbd, 0x56, 0x93, 0x08, 0x25, 0x2e, 0x77, 0xf7, 0xbb, 0x54, 0x25, 0x2e, 0xc2, 0xf5,
             - 0x07, 0x2e,
  344              0xfd, 0xf3, 0x42, 0x30, 0xb4, 0x33, 0xda, 0x0a, 0x4c, 0x00, 0x27, 0x2e, 0xfd, 0xf3, 0x43, 0x40, 0xd4,
             - 0x3f, 0xdc,
  345              0x08, 0x43, 0x42, 0x00, 0x2e, 0x00, 0x2e, 0x43, 0x40, 0x24, 0x30, 0xdc, 0x0a, 0x43, 0x42, 0x04, 0x80,
             - 0x03, 0x2e,
  346              0xfd, 0xf3, 0x4a, 0x0a, 0x23, 0x2e, 0xfd, 0xf3, 0x61, 0x34, 0xc0, 0x2e, 0x01, 0x42, 0x00, 0x2e, 0x60,
             - 0x50, 0x1a,
  347              0x25, 0x7a, 0x86, 0xe0, 0x7f, 0xf3, 0x7f, 0x03, 0x25, 0xc3, 0x52, 0x41, 0x84, 0xdb, 0x7f, 0x33, 0x30,
             - 0x98, 0x2e,
  348              0x16, 0xc2, 0x1a, 0x25, 0x7d, 0x82, 0xf0, 0x6f, 0xe2, 0x6f, 0x32, 0x25, 0x16, 0x40, 0x94, 0x40, 0x26,
             - 0x01, 0x85,
  349              0x40, 0x8e, 0x17, 0xc4, 0x42, 0x6e, 0x03, 0x95, 0x42, 0x41, 0x0e, 0xf4, 0x2f, 0xdb, 0x6f, 0xa0, 0x5f,
             - 0xb8, 0x2e,
  350              0xb0, 0x51, 0xfb, 0x7f, 0x98, 0x2e, 0xe8, 0x0d, 0x5a, 0x25, 0x98, 0x2e, 0x0f, 0x0e, 0xcb, 0x58, 0x32,
             - 0x87, 0xc4,
  351              0x7f, 0x65, 0x89, 0x6b, 0x8d, 0xc5, 0x5a, 0x65, 0x7f, 0xe1, 0x7f, 0x83, 0x7f, 0xa6, 0x7f, 0x74, 0x7f,
             - 0xd0, 0x7f,
  352              0xb6, 0x7f, 0x94, 0x7f, 0x17, 0x30, 0xc7, 0x52, 0xc9, 0x54, 0x51, 0x7f, 0x00, 0x2e, 0x85, 0x6f, 0x42,
             - 0x7f, 0x00,
  353              0x2e, 0x51, 0x41, 0x45, 0x81, 0x42, 0x41, 0x13, 0x40, 0x3b, 0x8a, 0x00, 0x40, 0x4b, 0x04, 0xd0, 0x06,
             - 0xc0, 0xac,
  354              0x85, 0x7f, 0x02, 0x2f, 0x02, 0x30, 0x51, 0x04, 0xd3, 0x06, 0x41, 0x84, 0x05, 0x30, 0x5d, 0x02, 0xc9,
             - 0x16, 0xdf,
  355              0x08, 0xd3, 0x00, 0x8d, 0x02, 0xaf, 0xbc, 0xb1, 0xb9, 0x59, 0x0a, 0x65, 0x6f, 0x11, 0x43, 0xa1, 0xb4,
             - 0x52, 0x41,
  356              0x53, 0x41, 0x01, 0x43, 0x34, 0x7f, 0x65, 0x7f, 0x26, 0x31, 0xe5, 0x6f, 0xd4, 0x6f, 0x98, 0x2e, 0x37,
             - 0xca, 0x32,
  357              0x6f, 0x75, 0x6f, 0x83, 0x40, 0x42, 0x41, 0x23, 0x7f, 0x12, 0x7f, 0xf6, 0x30, 0x40, 0x25, 0x51, 0x25,
             - 0x98, 0x2e,
  358              0x37, 0xca, 0x14, 0x6f, 0x20, 0x05, 0x70, 0x6f, 0x25, 0x6f, 0x69, 0x07, 0xa2, 0x6f, 0x31, 0x6f, 0x0b,
             - 0x30, 0x04,
  359              0x42, 0x9b, 0x42, 0x8b, 0x42, 0x55, 0x42, 0x32, 0x7f, 0x40, 0xa9, 0xc3, 0x6f, 0x71, 0x7f, 0x02, 0x30,
             - 0xd0, 0x40,
  360              0xc3, 0x7f, 0x03, 0x2f, 0x40, 0x91, 0x15, 0x2f, 0x00, 0xa7, 0x13, 0x2f, 0x00, 0xa4, 0x11, 0x2f, 0x84,
             - 0xbd, 0x98,
  361              0x2e, 0x79, 0xca, 0x55, 0x6f, 0xb7, 0x54, 0x54, 0x41, 0x82, 0x00, 0xf3, 0x3f, 0x45, 0x41, 0xcb, 0x02,
C251 COMPILER V5.60.0,  zf_device_config                                                   17/05/26  17:31:00  PAGE 12  

             - 0xf6, 0x30,
  362              0x98, 0x2e, 0x37, 0xca, 0x35, 0x6f, 0xa4, 0x6f, 0x41, 0x43, 0x03, 0x2c, 0x00, 0x43, 0xa4, 0x6f, 0x35,
             - 0x6f, 0x17,
  363              0x30, 0x42, 0x6f, 0x51, 0x6f, 0x93, 0x40, 0x42, 0x82, 0x00, 0x41, 0xc3, 0x00, 0x03, 0x43, 0x51, 0x7f,
             - 0x00, 0x2e,
  364              0x94, 0x40, 0x41, 0x41, 0x4c, 0x02, 0xc4, 0x6f, 0xd1, 0x56, 0x63, 0x0e, 0x74, 0x6f, 0x51, 0x43, 0xa5,
             - 0x7f, 0x8a,
  365              0x2f, 0x09, 0x2e, 0xd8, 0x00, 0x01, 0xb3, 0x21, 0x2f, 0xcb, 0x58, 0x90, 0x6f, 0x13, 0x41, 0xb6, 0x6f,
             - 0xe4, 0x7f,
  366              0x00, 0x2e, 0x91, 0x41, 0x14, 0x40, 0x92, 0x41, 0x15, 0x40, 0x17, 0x2e, 0x6f, 0xf5, 0xb6, 0x7f, 0xd0,
             - 0x7f, 0xcb,
  367              0x7f, 0x98, 0x2e, 0x00, 0x0c, 0x07, 0x15, 0xc2, 0x6f, 0x14, 0x0b, 0x29, 0x2e, 0x6f, 0xf5, 0xc3, 0xa3,
             - 0xc1, 0x8f,
  368              0xe4, 0x6f, 0xd0, 0x6f, 0xe6, 0x2f, 0x14, 0x30, 0x05, 0x2e, 0x6f, 0xf5, 0x14, 0x0b, 0x29, 0x2e, 0x6f,
             - 0xf5, 0x18,
  369              0x2d, 0xcd, 0x56, 0x04, 0x32, 0xb5, 0x6f, 0x1c, 0x01, 0x51, 0x41, 0x52, 0x41, 0xc3, 0x40, 0xb5, 0x7f,
             - 0xe4, 0x7f,
  370              0x98, 0x2e, 0x1f, 0x0c, 0xe4, 0x6f, 0x21, 0x87, 0x00, 0x43, 0x04, 0x32, 0xcf, 0x54, 0x5a, 0x0e, 0xef,
             - 0x2f, 0x15,
  371              0x54, 0x09, 0x2e, 0x77, 0xf7, 0x22, 0x0b, 0x29, 0x2e, 0x77, 0xf7, 0xfb, 0x6f, 0x50, 0x5e, 0xb8, 0x2e,
             - 0x10, 0x50,
  372              0x01, 0x2e, 0xd4, 0x00, 0x00, 0xb2, 0xfb, 0x7f, 0x51, 0x2f, 0x01, 0xb2, 0x48, 0x2f, 0x02, 0xb2, 0x42,
             - 0x2f, 0x03,
  373              0x90, 0x56, 0x2f, 0xd7, 0x52, 0x79, 0x80, 0x42, 0x40, 0x81, 0x84, 0x00, 0x40, 0x42, 0x42, 0x98, 0x2e,
             - 0x93, 0x0c,
  374              0xd9, 0x54, 0xd7, 0x50, 0xa1, 0x40, 0x98, 0xbd, 0x82, 0x40, 0x3e, 0x82, 0xda, 0x0a, 0x44, 0x40, 0x8b,
             - 0x16, 0xe3,
  375              0x00, 0x53, 0x42, 0x00, 0x2e, 0x43, 0x40, 0x9a, 0x02, 0x52, 0x42, 0x00, 0x2e, 0x41, 0x40, 0x15, 0x54,
             - 0x4a, 0x0e,
  376              0x3a, 0x2f, 0x3a, 0x82, 0x00, 0x30, 0x41, 0x40, 0x21, 0x2e, 0x85, 0x0f, 0x40, 0xb2, 0x0a, 0x2f, 0x98,
             - 0x2e, 0xb1,
  377              0x0c, 0x98, 0x2e, 0x45, 0x0e, 0x98, 0x2e, 0x5b, 0x0e, 0xfb, 0x6f, 0xf0, 0x5f, 0x00, 0x30, 0x80, 0x2e,
             - 0xce, 0xb7,
  378              0xdd, 0x52, 0xd3, 0x54, 0x42, 0x42, 0x4f, 0x84, 0x73, 0x30, 0xdb, 0x52, 0x83, 0x42, 0x1b, 0x30, 0x6b,
             - 0x42, 0x23,
  379              0x30, 0x27, 0x2e, 0xd7, 0x00, 0x37, 0x2e, 0xd4, 0x00, 0x21, 0x2e, 0xd6, 0x00, 0x7a, 0x84, 0x17, 0x2c,
             - 0x42, 0x42,
  380              0x30, 0x30, 0x21, 0x2e, 0xd4, 0x00, 0x12, 0x2d, 0x21, 0x30, 0x00, 0x30, 0x23, 0x2e, 0xd4, 0x00, 0x21,
             - 0x2e, 0x7b,
  381              0xf7, 0x0b, 0x2d, 0x17, 0x30, 0x98, 0x2e, 0x51, 0x0c, 0xd5, 0x50, 0x0c, 0x82, 0x72, 0x30, 0x2f, 0x2e,
             - 0xd4, 0x00,
  382              0x25, 0x2e, 0x7b, 0xf7, 0x40, 0x42, 0x00, 0x2e, 0xfb, 0x6f, 0xf0, 0x5f, 0xb8, 0x2e, 0x70, 0x50, 0x0a,
             - 0x25, 0x39,
  383              0x86, 0xfb, 0x7f, 0xe1, 0x32, 0x62, 0x30, 0x98, 0x2e, 0xc2, 0xc4, 0xb5, 0x56, 0xa5, 0x6f, 0xab, 0x08,
             - 0x91, 0x6f,
  384              0x4b, 0x08, 0xdf, 0x56, 0xc4, 0x6f, 0x23, 0x09, 0x4d, 0xba, 0x93, 0xbc, 0x8c, 0x0b, 0xd1, 0x6f, 0x0b,
             - 0x09, 0xcb,
  385              0x52, 0xe1, 0x5e, 0x56, 0x42, 0xaf, 0x09, 0x4d, 0xba, 0x23, 0xbd, 0x94, 0x0a, 0xe5, 0x6f, 0x68, 0xbb,
             - 0xeb, 0x08,
  386              0xbd, 0xb9, 0x63, 0xbe, 0xfb, 0x6f, 0x52, 0x42, 0xe3, 0x0a, 0xc0, 0x2e, 0x43, 0x42, 0x90, 0x5f, 0xd1,
             - 0x50, 0x03,
  387              0x2e, 0x25, 0xf3, 0x13, 0x40, 0x00, 0x40, 0x9b, 0xbc, 0x9b, 0xb4, 0x08, 0xbd, 0xb8, 0xb9, 0x98, 0xbc,
             - 0xda, 0x0a,
  388              0x08, 0xb6, 0x89, 0x16, 0xc0, 0x2e, 0x19, 0x00, 0x62, 0x02, 0x10, 0x50, 0xfb, 0x7f, 0x98, 0x2e, 0x81,
             - 0x0d, 0x01,
  389              0x2e, 0xd4, 0x00, 0x31, 0x30, 0x08, 0x04, 0xfb, 0x6f, 0x01, 0x30, 0xf0, 0x5f, 0x23, 0x2e, 0xd6, 0x00,
             - 0x21, 0x2e,
  390              0xd7, 0x00, 0xb8, 0x2e, 0x01, 0x2e, 0xd7, 0x00, 0x03, 0x2e, 0xd6, 0x00, 0x48, 0x0e, 0x01, 0x2f, 0x80,
             - 0x2e, 0x1f,
  391              0x0e, 0xb8, 0x2e, 0xe3, 0x50, 0x21, 0x34, 0x01, 0x42, 0x82, 0x30, 0xc1, 0x32, 0x25, 0x2e, 0x62, 0xf5,
             - 0x01, 0x00,
  392              0x22, 0x30, 0x01, 0x40, 0x4a, 0x0a, 0x01, 0x42, 0xb8, 0x2e, 0xe3, 0x54, 0xf0, 0x3b, 0x83, 0x40, 0xd8,
             - 0x08, 0xe5,
  393              0x52, 0x83, 0x42, 0x00, 0x30, 0x83, 0x30, 0x50, 0x42, 0xc4, 0x32, 0x27, 0x2e, 0x64, 0xf5, 0x94, 0x00,
             - 0x50, 0x42,
  394              0x40, 0x42, 0xd3, 0x3f, 0x84, 0x40, 0x7d, 0x82, 0xe3, 0x08, 0x40, 0x42, 0x83, 0x42, 0xb8, 0x2e, 0xdd,
C251 COMPILER V5.60.0,  zf_device_config                                                   17/05/26  17:31:00  PAGE 13  

             - 0x52, 0x00,
  395              0x30, 0x40, 0x42, 0x7c, 0x86, 0xb9, 0x52, 0x09, 0x2e, 0x70, 0x0f, 0xbf, 0x54, 0xc4, 0x42, 0xd3, 0x86,
             - 0x54, 0x40,
  396              0x55, 0x40, 0x94, 0x42, 0x85, 0x42, 0x21, 0x2e, 0xd7, 0x00, 0x42, 0x40, 0x25, 0x2e, 0xfd, 0xf3, 0xc0,
             - 0x42, 0x7e,
  397              0x82, 0x05, 0x2e, 0x7d, 0x00, 0x80, 0xb2, 0x14, 0x2f, 0x05, 0x2e, 0x89, 0x00, 0x27, 0xbd, 0x2f, 0xb9,
             - 0x80, 0x90,
  398              0x02, 0x2f, 0x21, 0x2e, 0x6f, 0xf5, 0x0c, 0x2d, 0x07, 0x2e, 0x71, 0x0f, 0x14, 0x30, 0x1c, 0x09, 0x05,
             - 0x2e, 0x77,
  399              0xf7, 0xbd, 0x56, 0x47, 0xbe, 0x93, 0x08, 0x94, 0x0a, 0x25, 0x2e, 0x77, 0xf7, 0xe7, 0x54, 0x50, 0x42,
             - 0x4a, 0x0e,
  400              0xfc, 0x2f, 0xb8, 0x2e, 0x50, 0x50, 0x02, 0x30, 0x43, 0x86, 0xe5, 0x50, 0xfb, 0x7f, 0xe3, 0x7f, 0xd2,
             - 0x7f, 0xc0,
  401              0x7f, 0xb1, 0x7f, 0x00, 0x2e, 0x41, 0x40, 0x00, 0x40, 0x48, 0x04, 0x98, 0x2e, 0x74, 0xc0, 0x1e, 0xaa,
             - 0xd3, 0x6f,
  402              0x14, 0x30, 0xb1, 0x6f, 0xe3, 0x22, 0xc0, 0x6f, 0x52, 0x40, 0xe4, 0x6f, 0x4c, 0x0e, 0x12, 0x42, 0xd3,
             - 0x7f, 0xeb,
  403              0x2f, 0x03, 0x2e, 0x86, 0x0f, 0x40, 0x90, 0x11, 0x30, 0x03, 0x2f, 0x23, 0x2e, 0x86, 0x0f, 0x02, 0x2c,
             - 0x00, 0x30,
  404              0xd0, 0x6f, 0xfb, 0x6f, 0xb0, 0x5f, 0xb8, 0x2e, 0x40, 0x50, 0xf1, 0x7f, 0x0a, 0x25, 0x3c, 0x86, 0xeb,
             - 0x7f, 0x41,
  405              0x33, 0x22, 0x30, 0x98, 0x2e, 0xc2, 0xc4, 0xd3, 0x6f, 0xf4, 0x30, 0xdc, 0x09, 0x47, 0x58, 0xc2, 0x6f,
             - 0x94, 0x09,
  406              0xeb, 0x58, 0x6a, 0xbb, 0xdc, 0x08, 0xb4, 0xb9, 0xb1, 0xbd, 0xe9, 0x5a, 0x95, 0x08, 0x21, 0xbd, 0xf6,
             - 0xbf, 0x77,
  407              0x0b, 0x51, 0xbe, 0xf1, 0x6f, 0xeb, 0x6f, 0x52, 0x42, 0x54, 0x42, 0xc0, 0x2e, 0x43, 0x42, 0xc0, 0x5f,
             - 0x50, 0x50,
  408              0xf5, 0x50, 0x31, 0x30, 0x11, 0x42, 0xfb, 0x7f, 0x7b, 0x30, 0x0b, 0x42, 0x11, 0x30, 0x02, 0x80, 0x23,
             - 0x33, 0x01,
  409              0x42, 0x03, 0x00, 0x07, 0x2e, 0x80, 0x03, 0x05, 0x2e, 0xd3, 0x00, 0x23, 0x52, 0xe2, 0x7f, 0xd3, 0x7f,
             - 0xc0, 0x7f,
  410              0x98, 0x2e, 0xb6, 0x0e, 0xd1, 0x6f, 0x08, 0x0a, 0x1a, 0x25, 0x7b, 0x86, 0xd0, 0x7f, 0x01, 0x33, 0x12,
             - 0x30, 0x98,
  411              0x2e, 0xc2, 0xc4, 0xd1, 0x6f, 0x08, 0x0a, 0x00, 0xb2, 0x0d, 0x2f, 0xe3, 0x6f, 0x01, 0x2e, 0x80, 0x03,
             - 0x51, 0x30,
  412              0xc7, 0x86, 0x23, 0x2e, 0x21, 0xf2, 0x08, 0xbc, 0xc0, 0x42, 0x98, 0x2e, 0xa5, 0xb7, 0x00, 0x2e, 0x00,
             - 0x2e, 0xd0,
  413              0x2e, 0xb0, 0x6f, 0x0b, 0xb8, 0x03, 0x2e, 0x1b, 0x00, 0x08, 0x1a, 0xb0, 0x7f, 0x70, 0x30, 0x04, 0x2f,
             - 0x21, 0x2e,
  414              0x21, 0xf2, 0x00, 0x2e, 0x00, 0x2e, 0xd0, 0x2e, 0x98, 0x2e, 0x6d, 0xc0, 0x98, 0x2e, 0x5d, 0xc0, 0xed,
             - 0x50, 0x98,
  415              0x2e, 0x44, 0xcb, 0xef, 0x50, 0x98, 0x2e, 0x46, 0xc3, 0xf1, 0x50, 0x98, 0x2e, 0x53, 0xc7, 0x35, 0x50,
             - 0x98, 0x2e,
  416              0x64, 0xcf, 0x10, 0x30, 0x98, 0x2e, 0xdc, 0x03, 0x20, 0x26, 0xc0, 0x6f, 0x02, 0x31, 0x12, 0x42, 0xab,
             - 0x33, 0x0b,
  417              0x42, 0x37, 0x80, 0x01, 0x30, 0x01, 0x42, 0xf3, 0x37, 0xf7, 0x52, 0xfb, 0x50, 0x44, 0x40, 0xa2, 0x0a,
             - 0x42, 0x42,
  418              0x8b, 0x31, 0x09, 0x2e, 0x5e, 0xf7, 0xf9, 0x54, 0xe3, 0x08, 0x83, 0x42, 0x1b, 0x42, 0x23, 0x33, 0x4b,
             - 0x00, 0xbc,
  419              0x84, 0x0b, 0x40, 0x33, 0x30, 0x83, 0x42, 0x0b, 0x42, 0xe0, 0x7f, 0xd1, 0x7f, 0x98, 0x2e, 0x58, 0xb7,
             - 0xd1, 0x6f,
  420              0x80, 0x30, 0x40, 0x42, 0x03, 0x30, 0xe0, 0x6f, 0xf3, 0x54, 0x04, 0x30, 0x00, 0x2e, 0x00, 0x2e, 0x01,
             - 0x89, 0x62,
  421              0x0e, 0xfa, 0x2f, 0x43, 0x42, 0x11, 0x30, 0xfb, 0x6f, 0xc0, 0x2e, 0x01, 0x42, 0xb0, 0x5f, 0xc1, 0x4a,
             - 0x00, 0x00,
  422              0x6d, 0x57, 0x00, 0x00, 0x77, 0x8e, 0x00, 0x00, 0xe0, 0xff, 0xff, 0xff, 0xd3, 0xff, 0xff, 0xff, 0xe5,
             - 0xff, 0xff,
  423              0xff, 0xee, 0xe1, 0xff, 0xff, 0x7c, 0x13, 0x00, 0x00, 0x46, 0xe6, 0xff, 0xff, 0x00, 0x00, 0x00, 0x00,
             - 0x00, 0x00,
  424              0x00, 0x00, 0x00, 0x00, 0x00, 0x00, 0x00, 0x00, 0x00, 0x00, 0x00, 0x00, 0x00, 0x00, 0x00, 0x00, 0x00,
             - 0x00, 0x00,
  425              0x00, 0x00, 0x00, 0x00, 0x00, 0x00, 0x00, 0x00, 0x00, 0x00, 0x00, 0x00, 0x00, 0x00, 0x00, 0x00, 0x00,
             - 0x00, 0x00,
  426              0x00, 0x00, 0x00, 0x00, 0x00, 0x00, 0x00, 0x00, 0x00, 0x00, 0x00, 0x00, 0x00, 0x00, 0x80, 0x2e, 0x00,
             - 0xc1, 0x80,
  427              0x2e, 0x00, 0xc1, 0x80, 0x2e, 0x00, 0xc1, 0x80, 0x2e, 0x00, 0xc1, 0x80, 0x2e, 0x00, 0xc1, 0x80, 0x2e,
C251 COMPILER V5.60.0,  zf_device_config                                                   17/05/26  17:31:00  PAGE 14  

             - 0x00, 0xc1,
  428              0x80, 0x2e, 0x00, 0xc1, 0x80, 0x2e, 0x00, 0xc1, 0x80, 0x2e, 0x00, 0xc1, 0x80, 0x2e, 0x00, 0xc1, 0x80,
             - 0x2e, 0x00,
  429              0xc1, 0x80, 0x2e, 0x00, 0xc1, 0x80, 0x2e, 0x00, 0xc1, 0x80, 0x2e, 0x00, 0xc1, 0x80, 0x2e, 0x00, 0xc1,
             - 0x80, 0x2e,
  430              0x00, 0xc1, 0x80, 0x2e, 0x00, 0xc1, 0x80, 0x2e, 0x00, 0xc1, 0x80, 0x2e, 0x00, 0xc1, 0x80, 0x2e, 0x00,
             - 0xc1, 0x80,
  431              0x2e, 0x00, 0xc1, 0x80, 0x2e, 0x00, 0xc1, 0x80, 0x2e, 0x00, 0xc1, 0x80, 0x2e, 0x00, 0xc1, 0x80, 0x2e,
             - 0x00, 0xc1,
  432              0x80, 0x2e, 0x00, 0xc1, 0x80, 0x2e, 0x00, 0xc1, 0x80, 0x2e, 0x00, 0xc1, 0x80, 0x2e, 0x00, 0xc1, 0x80,
             - 0x2e, 0x00,
  433              0xc1, 0x80, 0x2e, 0x00, 0xc1, 0x80, 0x2e, 0x00, 0xc1, 0x80, 0x2e, 0x00, 0xc1, 0x80, 0x2e, 0x00, 0xc1,
             - 0x80, 0x2e,
  434              0x00, 0xc1, 0x80, 0x2e, 0x00, 0xc1, 0x80, 0x2e, 0x00, 0xc1, 0x80, 0x2e, 0x00, 0xc1, 0x80, 0x2e, 0x00,
             - 0xc1, 0x80,
  435              0x2e, 0x00, 0xc1, 0x80, 0x2e, 0x00, 0xc1, 0x80, 0x2e, 0x00, 0xc1, 0x80, 0x2e, 0x00, 0xc1, 0x80, 0x2e,
             - 0x00, 0xc1,
  436              0x80, 0x2e, 0x00, 0xc1, 0x80, 0x2e, 0x00, 0xc1, 0x80, 0x2e, 0x00, 0xc1, 0x80, 0x2e, 0x00, 0xc1, 0x80,
             - 0x2e, 0x00,
  437              0xc1, 0x80, 0x2e, 0x00, 0xc1, 0x80, 0x2e, 0x00, 0xc1, 0x80, 0x2e, 0x00, 0xc1, 0x80, 0x2e, 0x00, 0xc1,
             - 0x80, 0x2e,
  438              0x00, 0xc1, 0x80, 0x2e, 0x00, 0xc1, 0x80, 0x2e, 0x00, 0xc1, 0x80, 0x2e, 0x00, 0xc1, 0x80, 0x2e, 0x00,
             - 0xc1, 0x80,
  439              0x2e, 0x00, 0xc1
  440          };
  441          
  442          
  443          


Module Information          Static   Overlayable
------------------------------------------------
  code size            =      8192     ------
  ecode size           =    ------     ------
  data size            =    ------     ------
  idata size           =    ------     ------
  pdata size           =    ------     ------
  xdata size           =    ------     ------
  xdata-const size     =    ------     ------
  edata size           =    ------     ------
  bit size             =    ------     ------
  ebit size            =    ------     ------
  bitaddressable size  =    ------     ------
  ebitaddressable size =    ------     ------
  far data size        =    ------     ------
  huge data size       =    ------     ------
  const size           =    ------     ------
  hconst size          =    ------     ------
End of Module Information.


C251 COMPILATION COMPLETE.  0 WARNING(S),  0 ERROR(S)
