C251 COMPILER V5.60.0,  zf_driver_eeprom                                                   24/05/26  16:50:21  PAGE 1   


C251 COMPILER V5.60.0, COMPILATION OF MODULE zf_driver_eeprom
OBJECT MODULE PLACED IN .\out_file\zf_driver_eeprom.obj
COMPILER INVOKED BY: E:\keil_v5\C251\BIN\C251.EXE ..\..\libraries\zf_driver\zf_driver_eeprom.c LARGE NOALIAS WARNINGLEVE
                    -L(0) OPTIMIZE(0,SIZE) BROWSE INCDIR(..\..\libraries\zf_common;..\..\libraries\zf_components;..\..\libraries\zf_device;..
                    -\..\libraries\zf_driver;..\user;..\code) DEBUG PRINT(.\out_file\zf_driver_eeprom.lst) OBJECT(.\out_file\zf_driver_eeprom
                    -.obj) 

stmt  level    source

    1          #include "zf_common_clock.h"
    2          #include "zf_driver_eeprom.h"
    3          #include "zf_driver_delay.h"
    4          
    5          //-------------------------------------------------------------------------------------------------------
             -------------
    6          //  @brief      EEPROM触发操作，
    7          //  @param
    8          //  @return     void
    9          //  Sample usage:                       内部使用用户无需关心
   10          //-------------------------------------------------------------------------------------------------------
             -------------
   11          void eeprom_trig(void)
   12          {
   13   1      
   14   1          IAP_TRIG = 0x5A;
   15   1          IAP_TRIG = 0xA5;                    //先送5AH，再送A5H到IAP触发寄存器，每次都需要如此
   16   1          //送完A5H后，IAP命令立即被触发启动
   17   1          //CPU等待IAP完成后，才会继续执行程序。
   18   1          _nop_();   //由于STC32G是多级流水线的指令系统，触发命令后建议加4个NOP，保证IAP_DATA的数据完成准备
   19   1          _nop_();
   20   1          _nop_();
   21   1          _nop_();
   22   1      
   23   1      }
   24          
   25          
   26          //-------------------------------------------------------------------------------------------------------
             -------------
   27          //  @brief      初始化EEPROM
   28          //  @param      NULL
   29          //  @return     void
   30          //  Sample usage:
   31          //-------------------------------------------------------------------------------------------------------
             -------------
   32          void iap_init(void)
   33          {
   34   1          IAP_CONTR = 0x80;           //使能EEPROM操作
   35   1          iap_set_tps();                      //设置擦除等待时间
   36   1      }
   37          
   38          //-------------------------------------------------------------------------------------------------------
             -------------
   39          //  @brief      关闭EEPROM
   40          //  @param      NULL
   41          //  @return     void
   42          //  Sample usage:
   43          //-------------------------------------------------------------------------------------------------------
             -------------
   44          void iap_idle(void)
   45          {
   46   1          IAP_CONTR = 0;                      //失能EEPROM操作
   47   1      }
   48          
   49          
   50          //-------------------------------------------------------------------------------------------------------
C251 COMPILER V5.60.0,  zf_driver_eeprom                                                   24/05/26  16:50:21  PAGE 2   

             -------------
   51          //  @brief      获取EEPROM操作失败状态位，需要软件清零
   52          //  @param      NULL
   53          //  @return     void
   54          //  Sample usage:
   55          //                                                              操作失败返回1;
   56          //-------------------------------------------------------------------------------------------------------
             -------------
   57          uint8 iap_get_cmd_state(void)
   58          {
   59   1          return ((IAP_CONTR & 0x01) == 0x01);
   60   1      }
   61          
   62          
   63          //-------------------------------------------------------------------------------------------------------
             -------------
   64          //  @brief      设置IAP等待时间
   65          //  @param      NULL
   66          //  @return     void
   67          //  Sample usage:
   68          //-------------------------------------------------------------------------------------------------------
             -------------
   69          void iap_set_tps(void)
   70          {
   71   1          uint8 write_time;
   72   1          write_time = (system_clock / 1000000) ;
   73   1          IAP_TPS = write_time + 1;
   74   1      }
   75          
   76          //-------------------------------------------------------------------------------------------------------
             -------------
   77          // 函数简介     EEPROM读一个字节
   78          // 参数说明     addr            需要读的地址
   79          // 返回参数     uint8           读取到的值
   80          //          
   81          // 使用示例  
   82          //          
   83          //-------------------------------------------------------------------------------------------------------
             -------------
   84          uint8 iap_read_byte(uint32 addr)
   85          {
   86   1              uint8 temp;
   87   1              bit flag = 0;
   88   1              flag = EA;
   89   1              EA = 0;
   90   1              
   91   1          IAP_CMD = 1;                                //设置 IAP 读命令
   92   1      
   93   1              IAP_ADDRL = addr;               //设置 IAP 低地址
   94   1              IAP_ADDRH = addr >> 8;  //设置 IAP 高地址
   95   1              IAP_ADDRE = addr >> 16; //设置 IAP 最高地址
   96   1              eeprom_trig();
   97   1              temp = IAP_DATA;                //读 IAP 数据
   98   1      
   99   1          EA = flag;
  100   1              return temp;
  101   1      }
  102          
  103          //-------------------------------------------------------------------------------------------------------
             -------------
  104          // 函数简介     EEPROM写一个字节
  105          // 参数说明     addr            需要读的地址
  106          // 返回参数     uint8           读取到的值
  107          //          
  108          // 使用示例  
  109          //          
C251 COMPILER V5.60.0,  zf_driver_eeprom                                                   24/05/26  16:50:21  PAGE 3   

  110          //-------------------------------------------------------------------------------------------------------
             -------------
  111          void iap_write_byte(uint32 addr, uint8 byte)
  112          {
  113   1              bit flag = 0;
  114   1      
  115   1              flag = EA;
  116   1              EA = 0;
  117   1      
  118   1              IAP_CMD = 2;                    // 设置 IAP 写命令
  119   1      
  120   1              IAP_ADDRL = addr;               // 设置 IAP 低地址
  121   1              IAP_ADDRH = addr >> 8;  // 设置 IAP 高地址
  122   1              IAP_ADDRE = addr >> 16; // 设置 IAP 最高地址
  123   1              IAP_DATA = byte;                // 写 IAP 数据
  124   1      
  125   1              eeprom_trig();
  126   1      
  127   1              EA = flag;
  128   1      }
  129                  
  130          //-------------------------------------------------------------------------------------------------------
             -------------
  131          //  @brief      EEPROM读取多个字节
  132          //  @param      addr                    需要读取的eeprom地址
  133          //  @param      *buf                    需要读取的数据地址
  134          //  @param      len                             需要读取的数据长度
  135          //  @return     void
  136          //  Sample usage:               uint8 str[10];
  137          //                                                              iap_read_bytes(0x00,str,10);
  138          //                                                              将0x00-0x0A地址中的数据，读取到str中。
  139          //-------------------------------------------------------------------------------------------------------
             -------------
  140          void iap_read_buff(uint32 addr, uint8 *buf, uint16 len)
  141          {
  142   1          while(len--)
  143   1          {
  144   2              *buf++ = iap_read_byte(addr);           //读 IAP 数据
  145   2              addr++;
  146   2          }
  147   1      }
  148          
  149          
  150          //-------------------------------------------------------------------------------------------------------
             -------------
  151          //  @brief      EEPROM写多个字节
  152          //  @param      addr                    需要写的eeprom地址
  153          //  @param      *buf                    需要写的数据地址
  154          //  @param      len                             需要写的数据长度
  155          //  @return     void
  156          //  Sample usage:                       iap_write_bytes(0x00,(uint8 *)"0123456789",10);
  157          //                                                              将"0123456789"写入0x00-0x0A地址中;
  158          //-------------------------------------------------------------------------------------------------------
             -------------
  159          void iap_write_buff(uint32 addr, uint8 *buf, uint16 len)
  160          {
  161   1              while(len--)
  162   1          {
  163   2              iap_write_byte(addr, *buf);             //读 IAP 数据
  164   2              addr++;
  165   2                      buf++;
  166   2          }
  167   1      }
  168          
  169          
  170          
C251 COMPILER V5.60.0,  zf_driver_eeprom                                                   24/05/26  16:50:21  PAGE 4   

  171          //-------------------------------------------------------------------------------------------------------
             -------------
  172          //  @brief      EEPROM擦除目标地址所在的一页（1扇区/512字节）
  173          //  @param      addr                    需要写的eeprom地址
  174          //  @return     void
  175          //  Sample usage:                       iap_erase_page(0x20);
  176          //                                                              擦除0x00-0x200的数据
  177          //-------------------------------------------------------------------------------------------------------
             -------------
  178          void iap_erase_page(uint32 addr)
  179          {
  180   1              bit flag = 0;
  181   1      
  182   1              flag = EA;
  183   1              EA = 0;
  184   1          IAP_CMD = 3;                                //设置 IAP 擦除命令
  185   1          IAP_ADDRL = addr;                   //设置 IAP 低地址
  186   1          IAP_ADDRH = addr >> 8;      //设置 IAP 高地址
  187   1          IAP_ADDRE = addr >> 16;             //设置 IAP 最高地址
  188   1          eeprom_trig();
  189   1          
  190   1              EA = flag;
  191   1          system_delay_ms(10);                //擦除1扇区(512字节)：约4-6ms
  192   1      }
  193          
  194          
  195          
  196          //-------------------------------------------------------------------------------------------------------
             -------------
  197          //  @brief      扩展EEPROM写多个字节(无需擦除)
  198          //  @param      addr                    需要写的eeprom地址
  199          //  @param      *buf                    需要写的数据地址
  200          //  @param      len                             需要写的数据长度
  201          //  @return     void
  202          //  Sample usage:                       extern_iap_write_bytes(0x0000,(uint8 *)"0123456789",10);
  203          //                                                              将"0123456789"写入0x00-0x0A地址中;
  204          //      @note：                                         不要跨扇区使用。
  205          //                                                              addr地址：0-511为一个扇区,512-1023为一个扇区，1024-1535为一个扇区，依次类推。
  206          //-------------------------------------------------------------------------------------------------------
             -------------
  207          void extern_iap_write_buff(uint16 addr, uint8 *buf, uint16 len)
  208          {
  209   1          uint8 temp[512] = {0};
  210   1          uint16 i;
  211   1          
  212   1          for(i = 0; i < 512 ; i++)   temp[i] = 0;                                            //清0
  213   1          
  214   1          iap_read_buff(addr & 0xFE00, temp, 512);                                            //读取
  215   1          
  216   1          for(i = 0; i < len; i++)    temp[(addr & 0x1FF) + i] = buf[i];      //改
  217   1          
  218   1          iap_erase_page(addr);                                                                                       //擦除
  219   1          iap_write_buff(addr & 0xFE00, temp, 512);                                   //写入
  220   1      }
  221          
  222          


Module Information          Static   Overlayable
------------------------------------------------
  code size            =       840     ------
  ecode size           =    ------     ------
  data size            =    ------     ------
  idata size           =    ------     ------
  pdata size           =    ------     ------
  xdata size           =       557     ------
  xdata-const size     =    ------     ------
C251 COMPILER V5.60.0,  zf_driver_eeprom                                                   24/05/26  16:50:21  PAGE 5   

  edata size           =    ------     ------
  bit size             =         3     ------
  ebit size            =    ------     ------
  bitaddressable size  =    ------     ------
  ebitaddressable size =    ------     ------
  far data size        =    ------     ------
  huge data size       =    ------     ------
  const size           =    ------     ------
  hconst size          =       512     ------
End of Module Information.


C251 COMPILATION COMPLETE.  0 WARNING(S),  0 ERROR(S)
