C251 COMPILER V5.60.0,  zf_device_dl1a                                                     07/05/26  21:05:11  PAGE 1   


C251 COMPILER V5.60.0, COMPILATION OF MODULE zf_device_dl1a
OBJECT MODULE PLACED IN .\out_file\zf_device_dl1a.obj
COMPILER INVOKED BY: D:\Keil_v5\C251\BIN\C251.EXE ..\..\libraries\zf_device\zf_device_dl1a.c LARGE NOALIAS WARNINGLEVEL(
                    -0) OPTIMIZE(0,SIZE) BROWSE INCDIR(..\..\libraries\zf_common;..\..\libraries\zf_components;..\..\libraries\zf_device;..\.
                    -.\libraries\zf_driver;..\user;..\code) DEBUG PRINT(.\out_file\zf_device_dl1a.lst) OBJECT(.\out_file\zf_device_dl1a.obj) 

stmt  level    source

    1          /********************************************************************************************************
             -*************
    2          * STC32G Opensourec Library еҚіпјҲSTC32G ејҖжәҗеә“пјүжҳҜдёҖдёӘеҹәдәҺе®ҳж–№ SDK жҺҘеҸЈзҡ„з¬¬дёүж–№ејҖжәҗеә
             -“
    3          * Copyright (c) 2022 SEEKFREE йҖҗйЈһз§‘жҠҖ
    4          *
    5          * жң¬ж–Үд»¶жҳҜSTC ејҖжәҗеә“зҡ„дёҖйғЁеҲҶ
    6          *
    7          * STC32G ејҖжәҗеә“ жҳҜе…Қиҙ№иҪҜд»¶
    8          * жӮЁеҸҜд»Ҙж №жҚ®иҮӘз”ұиҪҜд»¶еҹәйҮ‘дјҡеҸ‘еёғзҡ„ GPLпјҲGNU General Public LicenseпјҢеҚі GNUйҖҡз”Ёе…¬е…ұи®ё
             -еҸҜиҜҒпјүзҡ„жқЎж¬ҫ
    9          * еҚі GPL зҡ„з¬¬3зүҲпјҲеҚі GPL3.0пјүжҲ–пјҲжӮЁйҖүжӢ©зҡ„пјүд»»дҪ•еҗҺжқҘзҡ„зүҲжң¬пјҢйҮҚж–°еҸ‘еёғе’Ң/жҲ–дҝ®ж”
             -№е®ғ
   10          *
   11          * жң¬ејҖжәҗеә“зҡ„еҸ‘еёғжҳҜеёҢжңӣе®ғиғҪеҸ‘жҢҘдҪңз”ЁпјҢдҪҶе№¶жңӘеҜ№е…¶дҪңд»»дҪ•зҡ„дҝқиҜҒ
   12          * з”ҡиҮіжІЎжңүйҡҗеҗ«зҡ„йҖӮй”ҖжҖ§жҲ–йҖӮеҗҲзү№е®ҡз”ЁйҖ”зҡ„дҝқиҜҒ
   13          * жӣҙеӨҡз»ҶиҠӮиҜ·еҸӮи§Ғ GPL
   14          *
   15          * жӮЁеә”иҜҘеңЁж”¶еҲ°жң¬ејҖжәҗеә“зҡ„еҗҢж—¶ж”¶еҲ°дёҖд»Ҫ GPL зҡ„еүҜжң¬
   16          * еҰӮжһңжІЎжңүпјҢиҜ·еҸӮйҳ…<https://www.gnu.org/licenses/>
   17          *
   18          * йўқеӨ–жіЁжҳҺпјҡ
   19          * жң¬ејҖжәҗеә“дҪҝз”Ё GPL3.0 ејҖжәҗи®ёеҸҜиҜҒеҚҸи®® д»ҘдёҠи®ёеҸҜз”іжҳҺдёәиҜ‘ж–ҮзүҲжң¬
   20          * и®ёеҸҜз”іжҳҺиӢұж–ҮзүҲеңЁ libraries/doc ж–Үд»¶еӨ№дёӢзҡ„ GPL3_permission_statement.txt ж–Үд»¶дёӯ
   21          * и®ёеҸҜиҜҒеүҜжң¬еңЁ libraries ж–Үд»¶еӨ№дёӢ еҚіиҜҘж–Үд»¶еӨ№дёӢзҡ„ LICENSE ж–Үд»¶
   22          * ж¬ўиҝҺеҗ„дҪҚдҪҝз”Ёе№¶дј ж’ӯжң¬зЁӢеәҸ дҪҶдҝ®ж”№еҶ…е®№ж—¶еҝ…йЎ»дҝқз•ҷйҖҗйЈһз§‘жҠҖзҡ„зүҲжқғеЈ°жҳҺпјҲеҚіжң¬
             -еЈ°жҳҺпјү
   23          *
   24          * ж–Үд»¶еҗҚз§°          
   25          * е…¬еҸёеҗҚз§°          жҲҗйғҪйҖҗйЈһз§‘жҠҖжңүйҷҗе…¬еҸё
   26          * зүҲжң¬дҝЎжҒҜ          жҹҘзңӢ libraries/doc ж–Үд»¶еӨ№еҶ… version ж–Үд»¶ зүҲжң¬иҜҙжҳҺ
   27          * ејҖеҸ‘зҺҜеўғ          MDK FOR C251
   28          * йҖӮз”Ёе№іеҸ°          STC32G
   29          * еә—й“әй“ҫжҺҘ          https://seekfree.taobao.com/
   30          *
   31          * дҝ®ж”№и®°еҪ•
   32          * ж—Ҙжңҹ              дҪңиҖ…           еӨҮжіЁ
   33          * 2024-08-01        еӨ§W            first version
   34          *********************************************************************************************************
             -***********/
   35          /********************************************************************************************************
             -*************
   36          * жҺҘзәҝе®ҡд№үпјҡ
   37          *                   ------------------------------------
   38          *                   жЁЎеқ—з®Ўи„ҡ            еҚ•зүҮжңәз®Ўи„ҡ
   39          *                   SCL                 жҹҘзңӢ zf_device_dl1a.h дёӯ DL1A_SCL_PIN  е®Ҹе®ҡд№ү
   40          *                   SDA                 жҹҘзңӢ zf_device_dl1a.h дёӯ DL1A_SDA_PIN  е®Ҹе®ҡд№ү
   41          *                   XS                  жҹҘзңӢ zf_device_dl1a.h дёӯ DL1A_XS_PIN   е®Ҹе®ҡд№ү
   42          *                   VCC                 5V з”өжәҗ
   43          *                   GND                 з”өжәҗең°
   44          *                   ------------------------------------
   45          *********************************************************************************************************
             -***********/
   46          
   47          #include "zf_common_debug.h"
   48          #include "zf_driver_delay.h"
   49          #include "zf_driver_soft_iic.h"
C251 COMPILER V5.60.0,  zf_device_dl1a                                                     07/05/26  21:05:11  PAGE 2   

   50          #include "zf_device_dl1a.h"
   51          #include "zf_device_type.h"
   52          
   53          
   54          static  uint8   dl1a_init_flag = 0;
   55          uint8 dl1a_finsh_flag = 0;
   56          uint16 dl1a_distance_mm = 8192;
   57          
   58          #if (DL1A_USE_INTERFACE==SOFT_IIC)
   59                  static soft_iic_info_struct dl1a_iic_struct;
   60          
   61                  #define dl1a_write_array(dat, len)          (soft_iic_write_8bit_array(&dl1a_iic_struct, (dat), (len)))
   62                  #define dl1a_write_register(reg, dat)       (soft_iic_write_8bit_register(&dl1a_iic_struct, (reg), (dat)
             -))
   63                  #define dl1a_read_register(reg)              (soft_iic_read_8bit_register(&dl1a_iic_struct, (reg)))
   64                  #define dl1a_read_registers(reg, dat, len)  (soft_iic_read_8bit_registers(&dl1a_iic_struct, (reg), (dat)
             -, (len)))
   65          #elif (DL1A_USE_INTERFACE==HARDWARE_IIC)
                       #define dl1a_write_array(dat, len)          (iic_write_8bit_array(DL1A_IIC, DL1A_DEV_ADDR, (dat), (len))
             -)
                       #define dl1a_write_register(reg, dat)       (iic_write_8bit_register(DL1A_IIC, DL1A_DEV_ADDR, (reg), (da
             -t)))
                       #define dl1a_read_register(reg)              (iic_read_8bit_register(DL1A_IIC, DL1A_DEV_ADDR, (reg)))
                       #define dl1a_read_registers(reg, dat, len)  (iic_read_8bit_registers(DL1A_IIC, DL1A_DEV_ADDR, (reg), (da
             -t), (len)))
               #endif
   71          
   72          // иҝҷдёӘйҖҹзҺҮиЎЁзӨәд»Һзӣ®ж ҮеҸҚе°„е№¶иў«и®ҫеӨҮжЈҖжөӢеҲ°зҡ„дҝЎеҸ·зҡ„жҢҜе№…
   73          // и®ҫзҪ®жӯӨйҷҗеҲ¶еҸҜд»ҘзЎ®е®ҡдј ж„ҹеҷЁжҠҘе‘Ҡжңүж•ҲиҜ»ж•°жүҖйңҖзҡ„жңҖе°ҸжөӢйҮҸеҖј
   74          // и®ҫзҪ®дёҖдёӘиҫғдҪҺзҡ„йҷҗеҲ¶еҸҜд»ҘеўһеҠ дј ж„ҹеҷЁзҡ„жөӢйҮҸиҢғеӣҙ
   75          // дҪҶдјјд№Һд№ҹеўһеҠ дәҶ <з”ұдәҺжқҘиҮӘзӣ®ж Үд»ҘеӨ–зҡ„зү©дҪ“зҡ„дёҚйңҖиҰҒзҡ„еҸҚе°„еҜјиҮҙ> еҫ—еҲ°дёҚеҮҶзЎ®иҜ
             -»ж•°зҡ„еҸҜиғҪжҖ§
   76          // й»ҳи®Өдёә 0.25 MCPS еҸҜйў„и®ҫиҢғеӣҙдёә 0 - 511.99
   77          #define DL1A_DEFAULT_RATE_LIMIT  (0.25)
   78          
   79          // д»ҺеҜ„еӯҳеҷЁж•°жҚ®и§Јз Ғ PCLKs дёӯ VCSEL (vertical cavity surface emitting laser) зҡ„и„үе®Ҫе‘Ёжңҹ
   80          #define decode_vcsel_period(reg_val)            (((reg_val) + 1) << 1)
   81          
   82          // д»Һ PCLK дёӯзҡ„ VCSEL е‘Ёжңҹи®Ўз®—е®Ҹе‘Ёжңҹ (д»Ҙ *зәіз§’дёәеҚ•дҪҚ)
   83          // PLL_period_ps = 1655
   84          // macro_period_vclks = 2304
   85          #define calc_macro_period(vcsel_period_pclks)   ((((uint32)2304 * (vcsel_period_pclks) * 1655) + 500) / 1
             -000)
   86          
   87          //-------------------------------------------------------------------------------------------------------
             -------------
   88          // еҮҪж•°з®Җд»Ӣ     иҺ·еҸ–и®ҫеӨҮ SPAD дҝЎжҒҜ
   89          // еҸӮж•°иҜҙжҳҺ     index           зҙўеј•
   90          // еҸӮж•°иҜҙжҳҺ     type            зұ»еһӢеҖј
   91          // иҝ”еӣһеҸӮж•°     uint8           жҳҜеҗҰжҲҗеҠҹ 0-жҲҗеҠҹ 1-еӨұиҙҘ
   92          // дҪҝз”ЁзӨәдҫӢ     dl1a_get_spad_info(index, type_is_aperture);
   93          // еӨҮжіЁдҝЎжҒҜ
   94          //-------------------------------------------------------------------------------------------------------
             -------------
   95          static uint8 dl1a_get_spad_info (uint8 *index, uint8 *type_is_aperture)
   96          {
   97   1          uint8 tmp = 0;
   98   1          uint8 return_state = 0;
   99   1          volatile uint16 loop_count = 0;
  100   1          
  101   1          do
  102   1          {
  103   2              dl1a_write_register(0x80, 0x01);
  104   2              dl1a_write_register(0xFF, 0x01);
  105   2              dl1a_write_register(0x00, 0x00);
  106   2              
C251 COMPILER V5.60.0,  zf_device_dl1a                                                     07/05/26  21:05:11  PAGE 3   

  107   2              dl1a_write_register(0xFF, 0x06);
  108   2              dl1a_read_registers(0x83, &tmp, 1);
  109   2              dl1a_write_register(0x83, tmp | 0x04);
  110   2              dl1a_write_register(0xFF, 0x07);
  111   2              dl1a_write_register(0x81, 0x01);
  112   2              
  113   2              dl1a_write_register(0x80, 0x01);
  114   2              
  115   2              dl1a_write_register(0x94, 0x6b);
  116   2              dl1a_write_register(0x83, 0x00);
  117   2              
  118   2              tmp = 0x00;
  119   2              
  120   2              while(0x00 == tmp || 0xFF == tmp)
  121   2              {
  122   3                  system_delay_ms(1);
  123   3                  dl1a_read_registers(0x83, &tmp, 1);
  124   3                  
  125   3                  if(DL1A_TIMEOUT_COUNT < loop_count ++)
  126   3                  {
  127   4                      return_state = 1;
  128   4                      break;
  129   4                  }
  130   3                  
  131   3              }
  132   2              
  133   2              if(return_state)
  134   2              {
  135   3                  break;
  136   3              }
  137   2              
  138   2              dl1a_write_register(0x83, 0x01);
  139   2              dl1a_read_registers(0x92, &tmp, 1);
  140   2              
  141   2              *index = tmp & 0x7f;
  142   2              *type_is_aperture = (tmp >> 7) & 0x01;
  143   2              
  144   2              dl1a_write_register(0x81, 0x00);
  145   2              dl1a_write_register(0xFF, 0x06);
  146   2              dl1a_read_registers(0x83, &tmp, 1);
  147   2              dl1a_write_register(0x83, tmp);
  148   2              dl1a_write_register(0xFF, 0x01);
  149   2              dl1a_write_register(0x00, 0x01);
  150   2              
  151   2              dl1a_write_register(0xFF, 0x00);
  152   2              dl1a_write_register(0x80, 0x00);
  153   2          }
  154   1          while(0);
  155   1          
  156   1          return return_state;
  157   1      }
  158          
  159          //-------------------------------------------------------------------------------------------------------
             -------------
  160          // еҮҪж•°з®Җд»Ӣ     е°Ҷи¶…ж—¶ж•°еҖјд»Һ MCLKs иҪ¬жҚўеҲ°еҜ№еә”зҡ„ ms
  161          // еҸӮж•°иҜҙжҳҺ     timeout_period_mclks    и¶…ж—¶е‘Ёжңҹ MCLKs
  162          // еҸӮж•°иҜҙжҳҺ     vcsel_period_pclks      PCLK еҖј
  163          // иҝ”еӣһеҸӮж•°     uint32                  иҝ”еӣһи¶…ж—¶ж•°еҖј
  164          // дҪҝз”ЁзӨәдҫӢ     dl1a_timeout_mclks_to_microseconds(timeout_period_mclks, vcsel_period_pclks);
  165          // еӨҮжіЁдҝЎжҒҜ     е°ҶеәҸеҲ—жӯҘйӘӨи¶…ж—¶д»Һе…·жңүз»ҷе®ҡ VCSEL е‘Ёжңҹзҡ„ MCLK (д»Ҙ PCLK дёәеҚ•дҪҚ)иҪ¬жҚўд
             -ёәеҫ®з§’
  166          //-------------------------------------------------------------------------------------------------------
             -------------
  167          static uint32 dl1a_timeout_mclks_to_microseconds (uint16 timeout_period_mclks, uint8 vcsel_period_pclks)
  168          {
  169   1          uint32 macro_period_ns = calc_macro_period(vcsel_period_pclks);
C251 COMPILER V5.60.0,  zf_device_dl1a                                                     07/05/26  21:05:11  PAGE 4   

  170   1          
  171   1          return ((timeout_period_mclks * macro_period_ns) + (macro_period_ns / 2)) / 1000;
  172   1      }
  173          
  174          //-------------------------------------------------------------------------------------------------------
             -------------
  175          // еҮҪж•°з®Җд»Ӣ     е°Ҷи¶…ж—¶ж•°еҖјд»Һ ms иҪ¬жҚўеҲ°еҜ№еә”зҡ„ MCLKs
  176          // еҸӮж•°иҜҙжҳҺ     timeout_period_us   и¶…ж—¶е‘Ёжңҹ еҫ®з§’еҚ•дҪҚ
  177          // еҸӮж•°иҜҙжҳҺ     vcsel_period_pclks  PCLK еҖј
  178          // иҝ”еӣһеҸӮж•°     uint32              иҝ”еӣһи¶…ж—¶ж•°еҖј
  179          // дҪҝз”ЁзӨәдҫӢ     dl1a_timeout_microseconds_to_mclks(timeout_period_us, vcsel_period_pclks);
  180          // еӨҮжіЁдҝЎжҒҜ     е°ҶеәҸеҲ—жӯҘйӘӨи¶…ж—¶д»Һеҫ®з§’иҪ¬жҚўдёәе…·жңүз»ҷе®ҡ VCSEL е‘Ёжңҹзҡ„ MCLK (д»Ҙ PCLK дё
             -әеҚ•дҪҚ)
  181          //-------------------------------------------------------------------------------------------------------
             -------------
  182          static uint32 dl1a_timeout_microseconds_to_mclks (uint32 timeout_period_us, uint8 vcsel_period_pclks)
  183          {
  184   1          uint32 macro_period_ns = calc_macro_period(vcsel_period_pclks);
  185   1          
  186   1          return (((timeout_period_us * 1000) + (macro_period_ns / 2)) / macro_period_ns);
  187   1      }
  188          
  189          //-------------------------------------------------------------------------------------------------------
             -------------
  190          // еҮҪж•°з®Җд»Ӣ     еҜ№и¶…ж—¶ж•°еҖјиҝӣиЎҢи§Јз Ғ
  191          // еҸӮж•°иҜҙжҳҺ     reg_val         и¶…ж—¶ж—¶й•ҝ еҜ„еӯҳеҷЁеҖј
  192          // иҝ”еӣһеҸӮж•°     uint16          иҝ”еӣһи¶…ж—¶ж•°еҖј
  193          // дҪҝз”ЁзӨәдҫӢ     dl1a_decode_timeout(reg_val);
  194          // еӨҮжіЁдҝЎжҒҜ     д»ҺеҜ„еӯҳеҷЁеҖји§Јз Ғ MCLK дёӯзҡ„еәҸеҲ—жӯҘйӘӨи¶…ж—¶
  195          //-------------------------------------------------------------------------------------------------------
             -------------
  196          static uint16 dl1a_decode_timeout (uint16 reg_val)
  197          {
  198   1          // ж јејҸ: (LSByte * 2 ^ MSByte) + 1
  199   1          return  (uint16)((reg_val & 0x00FF) <<
  200   1                           (uint16)((reg_val & 0xFF00) >> 8)) + 1;
  201   1      }
  202          
  203          //-------------------------------------------------------------------------------------------------------
             -------------
  204          // еҮҪж•°з®Җд»Ӣ     еҜ№и¶…ж—¶ж•°еҖјиҝӣиЎҢзј–з Ғ
  205          // еҸӮж•°иҜҙжҳҺ     timeout_mclks   и¶…ж—¶ж—¶й•ҝ -MCLKs еҖј
  206          // иҝ”еӣһеҸӮж•°     uint16          иҝ”еӣһзј–з ҒеҖј
  207          // дҪҝз”ЁзӨәдҫӢ     dl1a_encode_timeout(timeout_mclks);
  208          // еӨҮжіЁдҝЎжҒҜ     еңЁ MCLK дёӯеҜ№и¶…ж—¶зҡ„еәҸеҲ—жӯҘйӘӨи¶…ж—¶еҜ„еӯҳеҷЁеҖјиҝӣиЎҢзј–з Ғ
  209          //-------------------------------------------------------------------------------------------------------
             -------------
  210          static uint16 dl1a_encode_timeout (uint16 timeout_mclks)
  211          {
  212   1          uint32 edata ls_byte = 0;
  213   1          uint16 edata ms_byte = 0;
  214   1          uint16 edata return_data = 0;
  215   1          
  216   1          if (timeout_mclks > 0)
  217   1          {
  218   2              // ж јејҸ: (LSByte * 2 ^ MSByte) + 1
  219   2              ls_byte = timeout_mclks - 1;
  220   2              
  221   2              while ((ls_byte & 0xFFFFFF00) > 0)
  222   2              {
  223   3                  ls_byte >>= 1;
  224   3                  ms_byte++;
  225   3              }
  226   2              
  227   2              return_data = (ms_byte << 8) | (ls_byte & 0xFF);
  228   2          }
C251 COMPILER V5.60.0,  zf_device_dl1a                                                     07/05/26  21:05:11  PAGE 5   

  229   1          
  230   1          return return_data;
  231   1      }
  232          
  233          //-------------------------------------------------------------------------------------------------------
             -------------
  234          // еҮҪж•°з®Җд»Ӣ     иҺ·еҸ–еәҸеҲ—жӯҘйӘӨдҪҝиғҪи®ҫзҪ®
  235          // еҸӮж•°иҜҙжҳҺ     enables         еәҸеҲ—дҪҝиғҪжӯҘйӘӨз»“жһ„дҪ“
  236          // иҝ”еӣһеҸӮж•°     void
  237          // дҪҝз”ЁзӨәдҫӢ     dl1a_get_sequence_step_enables(enables);
  238          // еӨҮжіЁдҝЎжҒҜ
  239          //-------------------------------------------------------------------------------------------------------
             -------------
  240          static void dl1a_get_sequence_step_enables(dl1a_sequence_enables_step_struct *enables)
  241          {
  242   1          uint8 sequence_config = 0;
  243   1          dl1a_read_registers(DL1A_SYSTEM_SEQUENCE_CONFIG, &sequence_config, 1);
  244   1          
  245   1          enables->tcc          = (sequence_config >> 4) & 0x1;
  246   1          enables->dss          = (sequence_config >> 3) & 0x1;
  247   1          enables->msrc         = (sequence_config >> 2) & 0x1;
  248   1          enables->pre_range    = (sequence_config >> 6) & 0x1;
  249   1          enables->final_range  = (sequence_config >> 7) & 0x1;
  250   1      }
  251          
  252          //-------------------------------------------------------------------------------------------------------
             -------------
  253          // еҮҪж•°з®Җд»Ӣ     иҺ·еҸ–и„үеҶІе‘Ёжңҹ
  254          // еҸӮж•°иҜҙжҳҺ     type            йў„йҮҸзЁӢзұ»еһӢ
  255          // иҝ”еӣһеҸӮж•°     uint8           иҝ”еӣһзҡ„е‘ЁжңҹеҖј
  256          // дҪҝз”ЁзӨәдҫӢ     dl1a_get_vcsel_pulse_period(DL1A_VCSEL_PERIOD_PER_RANGE);
  257          // еӨҮжіЁдҝЎжҒҜ     еңЁ PCLKs дёӯиҺ·еҸ–з»ҷе®ҡе‘Ёжңҹзұ»еһӢзҡ„ VCSEL и„үеҶІе‘Ёжңҹ
  258          //-------------------------------------------------------------------------------------------------------
             -------------
  259          static uint8 dl1a_get_vcsel_pulse_period (dl1a_vcsel_period_type_enum type)
  260          {
  261   1          uint8 data_buffer = 0;
  262   1          
  263   1          if(DL1A_VCSEL_PERIOD_PER_RANGE == type)
  264   1          {
  265   2              dl1a_read_registers(DL1A_PRE_RANGE_CONFIG_VCSEL_PERIOD, &data_buffer, 1);
  266   2              data_buffer = decode_vcsel_period(data_buffer);
  267   2          }
  268   1          else if(DL1A_VCSEL_PERIOD_FINAL_RANGE == type)
  269   1          {
  270   2              dl1a_read_registers(DL1A_FINAL_RANGE_CONFIG_VCSEL_PERIOD, &data_buffer, 1);
  271   2              data_buffer = decode_vcsel_period(data_buffer);
  272   2          }
  273   1          else
  274   1          {
  275   2              data_buffer = 255;
  276   2          }
  277   1          
  278   1          return data_buffer;
  279   1      }
  280          
  281          //-------------------------------------------------------------------------------------------------------
             -------------
  282          // еҮҪж•°з®Җд»Ӣ     иҺ·еҸ–еәҸеҲ—жӯҘйӘӨи¶…ж—¶и®ҫзҪ®
  283          // еҸӮж•°иҜҙжҳҺ     enables         еәҸеҲ—дҪҝиғҪжӯҘйӘӨз»“жһ„дҪ“
  284          // еҸӮж•°иҜҙжҳҺ     timeouts        еәҸеҲ—и¶…ж—¶жӯҘйӘӨз»“жһ„дҪ“
  285          // иҝ”еӣһеҸӮж•°     void
  286          // дҪҝз”ЁзӨәдҫӢ     dl1a_get_sequence_step_timeouts(enables, timeouts);
  287          // еӨҮжіЁдҝЎжҒҜ     иҺ·еҸ–жүҖжңүи¶…ж—¶иҖҢдёҚд»…д»…жҳҜиҜ·жұӮзҡ„и¶…ж—¶ е№¶дё”иҝҳеӯҳеӮЁдёӯй—ҙеҖј
  288          //-------------------------------------------------------------------------------------------------------
             -------------
C251 COMPILER V5.60.0,  zf_device_dl1a                                                     07/05/26  21:05:11  PAGE 6   

  289          static void dl1a_get_sequence_step_timeouts (dl1a_sequence_enables_step_struct const *enables, dl1a_seque
             -nce_timeout_step_struct *timeouts)
  290          {
  291   1          uint8 reg_buffer[2];
  292   1          uint16 reg16_buffer = 0;
  293   1          
  294   1          timeouts->pre_range_vcsel_period_pclks = dl1a_get_vcsel_pulse_period(DL1A_VCSEL_PERIOD_PER_RANGE);
  295   1          
  296   1          dl1a_read_registers(DL1A_MSRC_CONFIG_TIMEOUT_MACROP, reg_buffer, 1);
  297   1          timeouts->msrc_dss_tcc_mclks = reg_buffer[0] + 1;
  298   1          timeouts->msrc_dss_tcc_us = dl1a_timeout_mclks_to_microseconds(timeouts->msrc_dss_tcc_mclks, (uint8)t
             -imeouts->pre_range_vcsel_period_pclks);
  299   1          
  300   1          dl1a_read_registers(DL1A_PRE_RANGE_CONFIG_TIMEOUT_MACROP_HI, reg_buffer, 2);
  301   1          reg16_buffer = ((uint16) reg_buffer[0] << 8) | reg_buffer[1];
  302   1          timeouts->pre_range_mclks = dl1a_decode_timeout(reg16_buffer);
  303   1          timeouts->pre_range_us = dl1a_timeout_mclks_to_microseconds(timeouts->pre_range_mclks, (uint8)timeout
             -s->pre_range_vcsel_period_pclks);
  304   1          
  305   1          timeouts->final_range_vcsel_period_pclks = dl1a_get_vcsel_pulse_period(DL1A_VCSEL_PERIOD_FINAL_RANGE)
             -;
  306   1          
  307   1          dl1a_read_registers(DL1A_FINAL_RANGE_CONFIG_TIMEOUT_MACROP_HI, reg_buffer, 2);
  308   1          reg16_buffer = ((uint16) reg_buffer[0] << 8) | reg_buffer[1];
  309   1          timeouts->final_range_mclks = dl1a_decode_timeout(reg16_buffer);
  310   1          
  311   1          if(enables->pre_range)
  312   1          {
  313   2              timeouts->final_range_mclks -= timeouts->pre_range_mclks;
  314   2          }
  315   1          
  316   1          timeouts->final_range_us = dl1a_timeout_mclks_to_microseconds(timeouts->final_range_mclks, (uint8)tim
             -eouts->final_range_vcsel_period_pclks);
  317   1      }
  318          
  319          //-------------------------------------------------------------------------------------------------------
             -------------
  320          // еҮҪж•°з®Җд»Ӣ     жү§иЎҢеҚ•ж¬ЎеҸӮиҖғж ЎеҮҶ
  321          // еҸӮж•°иҜҙжҳҺ     vhv_init_byte   йў„и®ҫж ЎеҮҶеҖј
  322          // иҝ”еӣһеҸӮж•°     uint8           ж“ҚдҪңжҳҜеҗҰжҲҗеҠҹ 0-жҲҗеҠҹ 1-еӨұиҙҘ
  323          // дҪҝз”ЁзӨәдҫӢ     dl1a_get_vcsel_pulse_period(DL1A_VCSEL_PERIOD_PER_RANGE);
  324          // еӨҮжіЁдҝЎжҒҜ     еңЁ PCLKs дёӯиҺ·еҸ–з»ҷе®ҡе‘Ёжңҹзұ»еһӢзҡ„ VCSEL и„үеҶІе‘Ёжңҹ
  325          //-------------------------------------------------------------------------------------------------------
             -------------
  326          static uint8 dl1a_perform_single_ref_calibration (uint8 vhv_init_byte)
  327          {
  328   1          uint8 return_state = 0;
  329   1          uint8 data_buffer = 0;
  330   1          volatile uint16 loop_count = 0;
  331   1          
  332   1          do
  333   1          {
  334   2              dl1a_write_register(DL1A_SYSRANGE_START, 0x01 | vhv_init_byte);
  335   2              dl1a_read_registers(DL1A_MSRC_CONFIG_TIMEOUT_MACROP, &data_buffer, 1);
  336   2              
  337   2              while(0 == (data_buffer & 0x07))
  338   2              {
  339   3                  system_delay_ms(1);
  340   3                  dl1a_read_registers(DL1A_MSRC_CONFIG_TIMEOUT_MACROP, &data_buffer, 1);
  341   3                  
  342   3                  if(DL1A_TIMEOUT_COUNT < loop_count ++)
  343   3                  {
  344   4                      return_state = 1;
  345   4                      break;
  346   4                  }
  347   3              }
C251 COMPILER V5.60.0,  zf_device_dl1a                                                     07/05/26  21:05:11  PAGE 7   

  348   2              
  349   2              if(return_state)
  350   2              {
  351   3                  break;
  352   3              }
  353   2              
  354   2              dl1a_write_register(DL1A_SYSTEM_INTERRUPT_CLEAR, 0x01);
  355   2              dl1a_write_register(DL1A_SYSRANGE_START, 0x00);
  356   2          }
  357   1          while(0);
  358   1          
  359   1          return return_state;
  360   1      }
  361          
  362          //-------------------------------------------------------------------------------------------------------
             -------------
  363          // еҮҪж•°з®Җд»Ӣ     и®ҫзҪ®жөӢйҮҸе®ҡж—¶йў„з®— (д»Ҙеҫ®з§’дёәеҚ•дҪҚ)
  364          // еҸӮж•°иҜҙжҳҺ     budget_us       и®ҫе®ҡзҡ„жөӢйҮҸе…Ғи®ёзҡ„ж—¶й—ҙ
  365          // иҝ”еӣһеҸӮж•°     uint8           ж“ҚдҪңз»“жһң 0-жҲҗеҠҹ 1-еӨұиҙҘ
  366          // дҪҝз”ЁзӨәдҫӢ     dl1a_set_measurement_timing_budget(measurement_timing_budget_us);
  367          // еӨҮжіЁдҝЎжҒҜ     иҝҷжҳҜдёҖж¬ЎжөӢйҮҸе…Ғи®ёзҡ„ж—¶й—ҙ
  368          //              еҚіеңЁжөӢи·қеәҸеҲ—зҡ„еӯҗжӯҘйӘӨд№Ӣй—ҙеҲҶй…Қж—¶й—ҙйў„з®—
  369          //              жӣҙй•ҝзҡ„ж—¶й—ҙйў„з®—е…Ғи®ёжӣҙзІҫзЎ®зҡ„жөӢйҮҸ
  370          //              еўһеҠ дёҖдёӘNеҖҚзҡ„йў„з®—еҸҜд»ҘеҮҸе°‘дёҖдёӘsqrt(N)еҖҚзҡ„иҢғеӣҙжөӢйҮҸж ҮеҮҶеҒҸе·®
  371          //              й»ҳи®Өдёә33жҜ«з§’ жңҖе°ҸеҖјдёә20 ms
  372          //-------------------------------------------------------------------------------------------------------
             -------------
  373          static uint8 dl1a_set_measurement_timing_budget (uint32 budget_us)
  374          {
  375   1          uint8 return_state = 0;
  376   1          uint8 data_buffer[3];
  377   1          uint16 dat = 0;
  378   1          
  379   1          uint32 final_range_timeout_us = 0;
  380   1          uint16 final_range_timeout_mclks = 0;
  381   1          
  382   1          dl1a_sequence_enables_step_struct enables;
  383   1          dl1a_sequence_timeout_step_struct timeouts;
  384   1          
  385   1          do
  386   1          {
  387   2              uint32 used_budget_us = DL1A_SET_START_OVERHEAD + DL1A_END_OVERHEAD;
  388   2              
  389   2              if(DL1A_MIN_TIMING_BUDGET > budget_us)
  390   2              {
  391   3                  return_state = 1;
  392   3                  break;
  393   3              }
  394   2              
  395   2              dl1a_get_sequence_step_enables(&enables);
  396   2              dl1a_get_sequence_step_timeouts(&enables, &timeouts);
  397   2              
  398   2              if(enables.tcc)
  399   2              {
  400   3                  used_budget_us += (timeouts.msrc_dss_tcc_us + DL1A_TCC_OVERHEAD);
  401   3              }
  402   2              
  403   2              if(enables.dss)
  404   2              {
  405   3                  used_budget_us += 2 * (timeouts.msrc_dss_tcc_us + DL1A_DSS_OVERHEAD);
  406   3              }
  407   2              else if(enables.msrc)
  408   2              {
  409   3                  used_budget_us += (timeouts.msrc_dss_tcc_us + DL1A_MSRC_OVERHEAD);
  410   3              }
  411   2              
C251 COMPILER V5.60.0,  zf_device_dl1a                                                     07/05/26  21:05:11  PAGE 8   

  412   2              if(enables.pre_range)
  413   2              {
  414   3                  used_budget_us += (timeouts.pre_range_us + DL1A_PRERANGE_OVERHEAD);
  415   3              }
  416   2              
  417   2              if(enables.final_range)
  418   2              {
  419   3                  // иҜ·жіЁж„Ҹ жңҖз»ҲиҢғеӣҙи¶…ж—¶з”ұи®Ўж—¶йў„з®—е’ҢеәҸеҲ—дёӯжүҖжңүе…¶д»–и¶…ж—¶зҡ„жҖ»е’ҢеҶіе®ҡ
  420   3                  // еҰӮжһңжІЎжңүз©әй—ҙз”ЁдәҺжңҖз»ҲиҢғеӣҙи¶…ж—¶ еҲҷе°Ҷи®ҫзҪ®й”ҷиҜҜ
  421   3                  // еҗҰеҲҷ еү©дҪҷж—¶й—ҙе°Ҷеә”з”ЁдәҺжңҖз»ҲиҢғеӣҙ
  422   3                  used_budget_us += DL1A_FINALlRANGE_OVERHEAD;
  423   3                  
  424   3                  if(used_budget_us > budget_us)
  425   3                  {
  426   4                      // иҜ·жұӮзҡ„и¶…ж—¶еӨӘеӨ§
  427   4                      return_state = 1;
  428   4                      break;
  429   4                  }
  430   3                  
  431   3                  // еҜ№дәҺжңҖз»Ҳи¶…ж—¶иҢғеӣҙ еҝ…йЎ»ж·»еҠ йў„йҮҸзЁӢиҢғеӣҙи¶…ж—¶
  432   3                  // дёәжӯӨ жңҖз»Ҳи¶…ж—¶е’Ңйў„йҮҸзЁӢи¶…ж—¶еҝ…йЎ»д»Ҙе®Ҹе‘Ёжңҹ MClks иЎЁзӨә
  433   3                  // еӣ дёәе®ғд»¬е…·жңүдёҚеҗҢзҡ„ VCSEL е‘Ёжңҹ
  434   3                  final_range_timeout_us = budget_us - used_budget_us;
  435   3                  final_range_timeout_mclks =
  436   3                      (uint16)dl1a_timeout_microseconds_to_mclks(final_range_timeout_us,
  437   3                          (uint8)timeouts.final_range_vcsel_period_pclks);
  438   3                          
  439   3                  if(enables.pre_range)
  440   3                  {
  441   4                      final_range_timeout_mclks += timeouts.pre_range_mclks;
  442   4                  }
  443   3                  
  444   3                  dat = dl1a_encode_timeout(final_range_timeout_mclks);
  445   3                  data_buffer[0] = DL1A_FINAL_RANGE_CONFIG_TIMEOUT_MACROP_HI;
  446   3                  data_buffer[1] = ((dat >> 8) & 0xFF);
  447   3                  data_buffer[2] = (dat & 0xFF);
  448   3                  dl1a_write_array(data_buffer, 3);
  449   3              }
  450   2          }
  451   1          while(0);
  452   1          
  453   1          return return_state;
  454   1      }
  455          
  456          //-------------------------------------------------------------------------------------------------------
             -------------
  457          // еҮҪж•°з®Җд»Ӣ     иҺ·еҸ–жөӢйҮҸе®ҡж—¶йў„з®— (д»Ҙеҫ®з§’дёәеҚ•дҪҚ)
  458          // еҸӮж•°иҜҙжҳҺ     void
  459          // иҝ”еӣһеҸӮж•°     uint32          е·Іи®ҫе®ҡзҡ„жөӢйҮҸе…Ғи®ёзҡ„ж—¶й—ҙ
  460          // дҪҝз”ЁзӨәдҫӢ     dl1a_get_measurement_timing_budget();
  461          // еӨҮжіЁдҝЎжҒҜ
  462          //-------------------------------------------------------------------------------------------------------
             -------------
  463          static uint32 dl1a_get_measurement_timing_budget (void)
  464          {
  465   1          dl1a_sequence_enables_step_struct enables;
  466   1          dl1a_sequence_timeout_step_struct timeouts;
  467   1          
  468   1          // ејҖе§Ӣе’Ңз»“жқҹејҖй”Җж—¶й—ҙе§Ӣз»ҲеӯҳеңЁ
  469   1          uint32 budget_us = DL1A_GET_START_OVERHEAD + DL1A_END_OVERHEAD;
  470   1          
  471   1          dl1a_get_sequence_step_enables(&enables);
  472   1          dl1a_get_sequence_step_timeouts(&enables, &timeouts);
  473   1          
  474   1          if(enables.tcc)
  475   1          {
C251 COMPILER V5.60.0,  zf_device_dl1a                                                     07/05/26  21:05:11  PAGE 9   

  476   2              budget_us += (timeouts.msrc_dss_tcc_us + DL1A_TCC_OVERHEAD);
  477   2          }
  478   1          
  479   1          if(enables.dss)
  480   1          {
  481   2              budget_us += 2 * (timeouts.msrc_dss_tcc_us + DL1A_DSS_OVERHEAD);
  482   2          }
  483   1          else if(enables.msrc)
  484   1          {
  485   2              budget_us += (timeouts.msrc_dss_tcc_us + DL1A_MSRC_OVERHEAD);
  486   2          }
  487   1          
  488   1          if(enables.pre_range)
  489   1          {
  490   2              budget_us += (timeouts.pre_range_us + DL1A_PRERANGE_OVERHEAD);
  491   2          }
  492   1          
  493   1          if(enables.final_range)
  494   1          {
  495   2              budget_us += (timeouts.final_range_us + DL1A_FINALlRANGE_OVERHEAD);
  496   2          }
  497   1          
  498   1          return budget_us;
  499   1      }
  500          
  501          //-------------------------------------------------------------------------------------------------------
             -------------
  502          // еҮҪж•°з®Җд»Ӣ     и®ҫзҪ®иҝ”еӣһдҝЎеҸ·йҖҹзҺҮйҷҗеҲ¶ иҜҘеҖјеҚ•дҪҚдёә MCPS (зҷҫдёҮж¬ЎжҜҸз§’)
  503          // еҸӮж•°иҜҙжҳҺ     limit_mcps      и®ҫзҪ®зҡ„жңҖе°ҸйҖҹзҺҮ
  504          // иҝ”еӣһеҸӮж•°     void
  505          // дҪҝз”ЁзӨәдҫӢ     dl1a_set_signal_rate_limit(0.25);
  506          // еӨҮжіЁдҝЎжҒҜ     иҝҷдёӘйҖҹзҺҮиЎЁзӨәд»Һзӣ®ж ҮеҸҚе°„е№¶иў«и®ҫеӨҮжЈҖжөӢеҲ°зҡ„дҝЎеҸ·зҡ„жҢҜе№…
  507          //              и®ҫзҪ®жӯӨйҷҗеҲ¶еҸҜд»ҘзЎ®е®ҡдј ж„ҹеҷЁжҠҘе‘Ҡжңүж•ҲиҜ»ж•°жүҖйңҖзҡ„жңҖе°ҸжөӢйҮҸеҖј
  508          //              и®ҫзҪ®дёҖдёӘиҫғдҪҺзҡ„йҷҗеҲ¶еҸҜд»ҘеўһеҠ дј ж„ҹеҷЁзҡ„жөӢйҮҸиҢғеӣҙ
  509          //              дҪҶдјјд№Һд№ҹеўһеҠ дәҶ <з”ұдәҺжқҘиҮӘзӣ®ж Үд»ҘеӨ–зҡ„зү©дҪ“зҡ„дёҚйңҖиҰҒзҡ„еҸҚе°„еҜјиҮҙ> еҫ—е
             -Ҳ°дёҚеҮҶзЎ®иҜ»ж•°зҡ„еҸҜиғҪжҖ§
  510          //              й»ҳи®Өдёә 0.25 MCPS еҸҜйў„и®ҫиҢғеӣҙдёә 0 - 511.99
  511          //-------------------------------------------------------------------------------------------------------
             -------------
  512          static void dl1a_set_signal_rate_limit (float limit_mcps)
  513          {
  514   1          uint8 data_buffer[3];
  515   1          uint16 limit_mcps_16bit = (uint16)(limit_mcps * (1 << 7));
  516   1          
  517   1          zf_assert(0 <= limit_mcps || 511.99 >= limit_mcps);
  518   1          
  519   1          data_buffer[0] = DL1A_FINAL_RANGE_CONFIG_MIN_COUNT_RATE_RTN_LIMIT;
  520   1          data_buffer[1] = ((limit_mcps_16bit >> 8) & 0xFF);
  521   1          data_buffer[2] = (limit_mcps_16bit & 0xFF);
  522   1          
  523   1          dl1a_write_array(data_buffer, 3);
  524   1      }
  525          
  526          //-------------------------------------------------------------------------------------------------------
             -------------
  527          // еҮҪж•°з®Җд»Ӣ     иҝ”еӣһд»ҘжҜ«зұідёәеҚ•дҪҚзҡ„иҢғеӣҙиҜ»ж•°
  528          // еҸӮж•°иҜҙжҳҺ     void
  529          // иҝ”еӣһеҸӮж•°     void
  530          // дҪҝз”ЁзӨәдҫӢ     dl1a_get_distance();
  531          // еӨҮжіЁдҝЎжҒҜ     еңЁејҖе§ӢеҚ•ж¬Ўе°„зЁӢжөӢйҮҸеҗҺд№ҹи°ғз”ЁжӯӨеҮҪж•°
  532          //-------------------------------------------------------------------------------------------------------
             -------------
  533          void dl1a_get_distance (void)
  534          {
  535   1          if(dl1a_init_flag)
  536   1          {
C251 COMPILER V5.60.0,  zf_device_dl1a                                                     07/05/26  21:05:11  PAGE 10  

  537   2              uint8 reg_databuffer[3];
  538   2              
  539   2              dl1a_read_registers(DL1A_RESULT_INTERRUPT_STATUS, reg_databuffer, 1);
  540   2              
  541   2              if(0 != (reg_databuffer[0] & 0x07))
  542   2              {
  543   3                  // еҒҮи®ҫзәҝжҖ§еәҰж ЎжӯЈеўһзӣҠдёәй»ҳи®ӨеҖј 1000 дё”жңӘеҗҜз”ЁеҲҶж•°иҢғеӣҙ
  544   3                  dl1a_read_registers(DL1A_RESULT_RANGE_STATUS + 10, reg_databuffer, 2);
  545   3                  dl1a_distance_mm = ((uint16)reg_databuffer[0] << 8);
  546   3                  dl1a_distance_mm |= reg_databuffer[1];
  547   3                  
  548   3                  dl1a_write_register(DL1A_SYSTEM_INTERRUPT_CLEAR, 0x01);
  549   3                  dl1a_finsh_flag = 1;
  550   3              }
  551   2              
  552   2              if(reg_databuffer[0] & 0x10)
  553   2              {
  554   3                  dl1a_read_registers(DL1A_RESULT_RANGE_STATUS + 10, reg_databuffer, 2);
  555   3                  dl1a_write_register(DL1A_SYSTEM_INTERRUPT_CLEAR, 0x01);
  556   3              }
  557   2          }
  558   1      }
  559          
  560          //-------------------------------------------------------------------------------------------------------
             -------------
  561          // еҮҪж•°з®Җд»Ӣ     DL1A INT дёӯж–ӯе“Қеә”еӨ„зҗҶеҮҪж•°
  562          // еҸӮж•°иҜҙжҳҺ     void
  563          // иҝ”еӣһеҸӮж•°     void
  564          // дҪҝз”ЁзӨәдҫӢ     dl1a_int_handler();
  565          // еӨҮжіЁдҝЎжҒҜ     жң¬еҮҪж•°йңҖиҰҒеңЁ DL1A_INT_PIN еҜ№еә”зҡ„еӨ–йғЁдёӯж–ӯеӨ„зҗҶеҮҪж•°дёӯи°ғз”Ё
  566          //-------------------------------------------------------------------------------------------------------
             -------------
  567          void dl1a_int_handler (void)
  568          {
  569   1      #if DL1A_INT_ENABLE
                   dl1a_get_distance();
               #endif
  572   1      }
  573          // еҮҪж•°з®Җд»Ӣ     еҲқе§ӢеҢ– DL1A
  574          // еҸӮж•°иҜҙжҳҺ     void
  575          // иҝ”еӣһеҸӮж•°     uint8           1-еҲқе§ӢеҢ–еӨұиҙҘ 0-еҲқе§ӢеҢ–жҲҗеҠҹ
  576          // дҪҝз”ЁзӨәдҫӢ     dl1a_init();
  577          // еӨҮжіЁдҝЎжҒҜ
  578          //-------------------------------------------------------------------------------------------------------
             -------------
  579          uint8 dl1a_init (void)
  580          {
  581   1          uint32 measurement_timing_budget_us;
  582   1          uint8 stop_variable = 0;
  583   1          uint8 return_state = 0;
  584   1          uint8 reg_data_buffer = 0;
  585   1          uint8 ref_spad_map[6];
  586   1          uint8 data_buffer[7];
  587   1          uint16 i = 0;
  588   1          
  589   1          uint8 temp_buff1[][2] =     // BUFF1
  590   1          {
  591   1              {0x88, 0x00},
  592   1              {0x80, 0x01},
  593   1              {0xFF, 0x01},
  594   1              {0x00, 0x00},
  595   1          };
  596   1          
  597   1          uint8 temp_buff2[][2] =     // BUFF2
  598   1          {
  599   1              {0x00, 0x01},
C251 COMPILER V5.60.0,  zf_device_dl1a                                                     07/05/26  21:05:11  PAGE 11  

  600   1              {0xFF, 0x00},
  601   1              {0x80, 0x00},
  602   1          };
  603   1          
  604   1          uint8 temp_buff3[][2] =     // BUFF3
  605   1          {
  606   1              {0xFF, 0x01},
  607   1              {DL1A_DYNAMIC_SPAD_REF_EN_START_OFFSET, 0x00},
  608   1              {DL1A_DYNAMIC_SPAD_NUM_REQUESTED_REF_SPAD, 0x2C },
  609   1              {0xFF, 0x00},
  610   1              {DL1A_GLOBAL_CONFIG_REF_EN_START_SELECT, 0xB4},
  611   1          };
  612   1          
  613   1          uint8 temp_buff4[][2] =     // BUFF4
  614   1          {
  615   1              {0xFF, 0x01},
  616   1              {0x00, 0x00},
  617   1              {0xFF, 0x00},
  618   1              {0x09, 0x00},
  619   1              {0x10, 0x00},
  620   1              {0x11, 0x00},
  621   1              {0x24, 0x01},
  622   1              {0x25, 0xFF},
  623   1              {0x75, 0x00},
  624   1              {0xFF, 0x01},
  625   1              {0x4E, 0x2C},
  626   1              {0x48, 0x00},
  627   1              {0x30, 0x20},
  628   1              {0xFF, 0x00},
  629   1              {0x30, 0x09},
  630   1              {0x54, 0x00},
  631   1              {0x31, 0x04},
  632   1              {0x32, 0x03},
  633   1              {0x40, 0x83},
  634   1              {0x46, 0x25},
  635   1              {0x60, 0x00},
  636   1              {0x27, 0x00},
  637   1              {0x50, 0x06},
  638   1              {0x51, 0x00},
  639   1              {0x52, 0x96},
  640   1              {0x56, 0x08},
  641   1              {0x57, 0x30},
  642   1              {0x61, 0x00},
  643   1              {0x62, 0x00},
  644   1              {0x64, 0x00},
  645   1              {0x65, 0x00},
  646   1              {0x66, 0xA0},
  647   1              {0xFF, 0x01},
  648   1              {0x22, 0x32},
  649   1              {0x47, 0x14},
  650   1              {0x49, 0xFF},
  651   1              {0x4A, 0x00},
  652   1              {0xFF, 0x00},
  653   1              {0x7A, 0x0A},
  654   1              {0x7B, 0x00},
  655   1              {0x78, 0x21},
  656   1              {0xFF, 0x01},
  657   1              {0x23, 0x34},
  658   1              {0x42, 0x00},
  659   1              {0x44, 0xFF},
  660   1              {0x45, 0x26},
  661   1              {0x46, 0x05},
  662   1              {0x40, 0x40},
  663   1              {0x0E, 0x06},
  664   1              {0x20, 0x1A},
  665   1              {0x43, 0x40},
C251 COMPILER V5.60.0,  zf_device_dl1a                                                     07/05/26  21:05:11  PAGE 12  

  666   1              {0xFF, 0x00},
  667   1              {0x34, 0x03},
  668   1              {0x35, 0x44},
  669   1              {0xFF, 0x01},
  670   1              {0x31, 0x04},
  671   1              {0x4B, 0x09},
  672   1              {0x4C, 0x05},
  673   1              {0x4D, 0x04},
  674   1              {0xFF, 0x00},
  675   1              {0x44, 0x00},
  676   1              {0x45, 0x20},
  677   1              {0x47, 0x08},
  678   1              {0x48, 0x28},
  679   1              {0x67, 0x00},
  680   1              {0x70, 0x04},
  681   1              {0x71, 0x01},
  682   1              {0x72, 0xFE},
  683   1              {0x76, 0x00},
  684   1              {0x77, 0x00},
  685   1              {0xFF, 0x01},
  686   1              {0x0D, 0x01},
  687   1              {0xFF, 0x00},
  688   1              {0x80, 0x01},
  689   1              {0x01, 0xF8},
  690   1              {0xFF, 0x01},
  691   1              {0x8E, 0x01},
  692   1              {0x00, 0x01},
  693   1              {0xFF, 0x00},
  694   1              {0x80, 0x00}
  695   1          };
  696   1          
  697   1          memset(ref_spad_map, 0, 6);
  698   1          memset(data_buffer, 0, 7);
  699   1          
  700   1      #if (DL1A_USE_INTERFACE==SOFT_IIC)
  701   1          soft_iic_init(&dl1a_iic_struct, DL1A_DEV_ADDR, DL1A_SOFT_IIC_DELAY, DL1A_SCL_PIN, DL1A_SDA_PIN);
  702   1      #elif (DL1A_USE_INTERFACE==HARDWARE_IIC)
                   iic_init(DL1A_IIC, DL1A_DEV_ADDR, DL1A_IIC_SPEED, DL1A_SCL_PIN, DL1A_SDA_PIN);
               #endif
  705   1          
  706   1      #if DL1A_XS_ENABLE
  707   1          gpio_init(DL1A_XS_PIN, GPO, GPIO_HIGH, GPO_PUSH_PULL);
  708   1      #endif
  709   1          
  710   1          do
  711   1          {
  712   2          
  713   2      #if DL1A_XS_ENABLE
  714   2              system_delay_ms(100);
  715   2              gpio_low(DL1A_XS_PIN);
  716   2              system_delay_ms(50);
  717   2              gpio_high(DL1A_XS_PIN);
  718   2              system_delay_ms(100);
  719   2      #endif
  720   2              
  721   2              // -------------------------------- DL1A еҗҜеҠЁеҲқе§ӢеҢ– --------------------------------
  722   2              reg_data_buffer = dl1a_read_register(DL1A_IO_VOLTAGE_CONFIG);         // дј ж„ҹеҷЁй»ҳи®Ө IO дёә 1
             -.8V жЁЎејҸ
  723   2              dl1a_write_register(DL1A_IO_VOLTAGE_CONFIG, reg_data_buffer | 0x01);  // й…ҚзҪ® IO дёә 2.8V жЁЎеј
             -Ҹ
  724   2              
  725   2              for(i = 0; i < (sizeof(temp_buff1) / 2); i++)
  726   2              {
  727   3                  dl1a_write_register(temp_buff1[i][0], temp_buff1[i][1]);
  728   3              }
  729   2              
C251 COMPILER V5.60.0,  zf_device_dl1a                                                     07/05/26  21:05:11  PAGE 13  

  730   2              //        dl1a_write_register(0x88, 0x00);                                         // и®ҫзҪ®дёәж 
             -ҮеҮҶ IIC жЁЎејҸ
  731   2              //        dl1a_write_register(0x80, 0x01);
  732   2              //        dl1a_write_register(0xFF, 0x01);
  733   2              //        dl1a_write_register(0x00, 0x00);
  734   2              
  735   2              dl1a_read_registers(0x91, &stop_variable, 1);
  736   2              
  737   2              for(i = 0; i < (sizeof(temp_buff2) / 2); i++)
  738   2              {
  739   3                  dl1a_write_register(temp_buff2[i][0], temp_buff2[i][1]);
  740   3              }
  741   2              
  742   2              //        dl1a_write_register(0x00, 0x01);
  743   2              //        dl1a_write_register(0xFF, 0x00);
  744   2              //        dl1a_write_register(0x80, 0x00);
  745   2              
  746   2              // зҰҒз”Ё SIGNAL_RATE_MSRC(bit1) е’Ң SIGNAL_RATE_PRE_RANGE(bit4) йҷҗеҲ¶жЈҖжҹҘ
  747   2              reg_data_buffer = dl1a_read_register(DL1A_MSRC_CONFIG);
  748   2              dl1a_write_register(DL1A_MSRC_CONFIG, reg_data_buffer | 0x12);
  749   2              
  750   2              dl1a_set_signal_rate_limit(DL1A_DEFAULT_RATE_LIMIT);                  // и®ҫзҪ®дҝЎеҸ·йҖҹзҺҮйҷҗеҲ¶
  751   2              dl1a_write_register(DL1A_SYSTEM_SEQUENCE_CONFIG, 0xFF);
  752   2              // -------------------------------- DL1A еҗҜеҠЁеҲқе§ӢеҢ– --------------------------------
  753   2              
  754   2              // -------------------------------- DL1A й…ҚзҪ®еҲқе§ӢеҢ– --------------------------------
  755   2              if(dl1a_get_spad_info(&data_buffer[0], &data_buffer[1]))
  756   2              {
  757   3                  return_state = 1;
  758   3                  printf( "DL1A self check error.\r\n");
  759   3                  break;
  760   3              }
  761   2              
  762   2              // д»Һ GLOBAL_CONFIG_SPAD_ENABLES_REF_[0-6] иҺ·еҸ– SPAD map (RefGoodSpadMap) ж•°жҚ®
  763   2              dl1a_read_registers(DL1A_GLOBAL_CONFIG_SPAD_ENABLES_REF_0, ref_spad_map, 6);
  764   2              
  765   2              for(i = 0; i < (sizeof(temp_buff3) / 2); i++)
  766   2              {
  767   3                  dl1a_write_register(temp_buff3[i][0], temp_buff3[i][1]);
  768   3              }
  769   2              
  770   2              //        dl1a_write_register(0xFF, 0x01);
  771   2              //        dl1a_write_register(DL1A_DYNAMIC_SPAD_REF_EN_START_OFFSET, 0x00);
  772   2              //        dl1a_write_register(DL1A_DYNAMIC_SPAD_NUM_REQUESTED_REF_SPAD, 0x2C);
  773   2              //        dl1a_write_register(0xFF, 0x00);
  774   2              //        dl1a_write_register(DL1A_GLOBAL_CONFIG_REF_EN_START_SELECT, 0xB4);
  775   2              
  776   2              data_buffer[2] = data_buffer[1] ? 12 : 0; // 12 is the first aperture spad
  777   2              
  778   2              for(i = 0; 48 > i; i ++)
  779   2              {
  780   3                  if(i < data_buffer[2] || data_buffer[3] == data_buffer[0])
  781   3                  {
  782   4                      // жӯӨдҪҚдҪҺдәҺеә”еҗҜз”Ёзҡ„з¬¬дёҖдёӘдҪҚ
  783   4                      // жҲ–иҖ… (eference_spad_count) дҪҚе·ІеҗҜз”Ё
  784   4                      // еӣ жӯӨжӯӨдҪҚдёәйӣ¶
  785   4                      ref_spad_map[i / 8] &= ~(1 << (i % 8));
  786   4                  }
  787   3                  else if((ref_spad_map[i / 8] >> (i % 8)) & 0x1)
  788   3                  {
  789   4                      data_buffer[3] ++;
  790   4                  }
  791   3              }
  792   2              
  793   2              data_buffer[0] = DL1A_GLOBAL_CONFIG_SPAD_ENABLES_REF_0;
  794   2              
C251 COMPILER V5.60.0,  zf_device_dl1a                                                     07/05/26  21:05:11  PAGE 14  

  795   2              for(i = 1; 7 > i; i ++)
  796   2              {
  797   3                  data_buffer[1] = ref_spad_map[i - 1];
  798   3              }
  799   2              
  800   2              dl1a_write_array(data_buffer, 7);
  801   2              
  802   2              for(i = 0; i < (sizeof(temp_buff4) / 2); i++)
  803   2              {
  804   3                  dl1a_write_register(temp_buff4[i][0], temp_buff4[i][1]);
  805   3              }
  806   2              
  807   2              //        // й»ҳи®ӨиҪ¬жҚўи®ҫзҪ® version 02/11/2015_v36
  808   2              //        dl1a_write_register(0xFF, 0x01);
  809   2              //        dl1a_write_register(0x00, 0x00);
  810   2              //        dl1a_write_register(0xFF, 0x00);
  811   2              //        dl1a_write_register(0x09, 0x00);
  812   2              //        dl1a_write_register(0x10, 0x00);
  813   2              //        dl1a_write_register(0x11, 0x00);
  814   2              //        dl1a_write_register(0x24, 0x01);
  815   2              //        dl1a_write_register(0x25, 0xFF);
  816   2              //        dl1a_write_register(0x75, 0x00);
  817   2              //        dl1a_write_register(0xFF, 0x01);
  818   2              //        dl1a_write_register(0x4E, 0x2C);
  819   2              //        dl1a_write_register(0x48, 0x00);
  820   2              //        dl1a_write_register(0x30, 0x20);
  821   2              //        dl1a_write_register(0xFF, 0x00);
  822   2              //        dl1a_write_register(0x30, 0x09);
  823   2              //        dl1a_write_register(0x54, 0x00);
  824   2              //        dl1a_write_register(0x31, 0x04);
  825   2              //        dl1a_write_register(0x32, 0x03);
  826   2              //        dl1a_write_register(0x40, 0x83);
  827   2              //        dl1a_write_register(0x46, 0x25);
  828   2              //        dl1a_write_register(0x60, 0x00);
  829   2              //        dl1a_write_register(0x27, 0x00);
  830   2              //        dl1a_write_register(0x50, 0x06);
  831   2              //        dl1a_write_register(0x51, 0x00);
  832   2              //        dl1a_write_register(0x52, 0x96);
  833   2              //        dl1a_write_register(0x56, 0x08);
  834   2              //        dl1a_write_register(0x57, 0x30);
  835   2              //        dl1a_write_register(0x61, 0x00);
  836   2              //        dl1a_write_register(0x62, 0x00);
  837   2              //        dl1a_write_register(0x64, 0x00);
  838   2              //        dl1a_write_register(0x65, 0x00);
  839   2              //        dl1a_write_register(0x66, 0xA0);
  840   2              //        dl1a_write_register(0xFF, 0x01);
  841   2              //        dl1a_write_register(0x22, 0x32);
  842   2              //        dl1a_write_register(0x47, 0x14);
  843   2              //        dl1a_write_register(0x49, 0xFF);
  844   2              //        dl1a_write_register(0x4A, 0x00);
  845   2              //        dl1a_write_register(0xFF, 0x00);
  846   2              //        dl1a_write_register(0x7A, 0x0A);
  847   2              //        dl1a_write_register(0x7B, 0x00);
  848   2              //        dl1a_write_register(0x78, 0x21);
  849   2              //        dl1a_write_register(0xFF, 0x01);
  850   2              //        dl1a_write_register(0x23, 0x34);
  851   2              //        dl1a_write_register(0x42, 0x00);
  852   2              //        dl1a_write_register(0x44, 0xFF);
  853   2              //        dl1a_write_register(0x45, 0x26);
  854   2              //        dl1a_write_register(0x46, 0x05);
  855   2              //        dl1a_write_register(0x40, 0x40);
  856   2              //        dl1a_write_register(0x0E, 0x06);
  857   2              //        dl1a_write_register(0x20, 0x1A);
  858   2              //        dl1a_write_register(0x43, 0x40);
  859   2              //        dl1a_write_register(0xFF, 0x00);
  860   2              //        dl1a_write_register(0x34, 0x03);
C251 COMPILER V5.60.0,  zf_device_dl1a                                                     07/05/26  21:05:11  PAGE 15  

  861   2              //        dl1a_write_register(0x35, 0x44);
  862   2              //        dl1a_write_register(0xFF, 0x01);
  863   2              //        dl1a_write_register(0x31, 0x04);
  864   2              //        dl1a_write_register(0x4B, 0x09);
  865   2              //        dl1a_write_register(0x4C, 0x05);
  866   2              //        dl1a_write_register(0x4D, 0x04);
  867   2              //        dl1a_write_register(0xFF, 0x00);
  868   2              //        dl1a_write_register(0x44, 0x00);
  869   2              //        dl1a_write_register(0x45, 0x20);
  870   2              //        dl1a_write_register(0x47, 0x08);
  871   2              //        dl1a_write_register(0x48, 0x28);
  872   2              //        dl1a_write_register(0x67, 0x00);
  873   2              //        dl1a_write_register(0x70, 0x04);
  874   2              //        dl1a_write_register(0x71, 0x01);
  875   2              //        dl1a_write_register(0x72, 0xFE);
  876   2              //        dl1a_write_register(0x76, 0x00);
  877   2              //        dl1a_write_register(0x77, 0x00);
  878   2              //        dl1a_write_register(0xFF, 0x01);
  879   2              //        dl1a_write_register(0x0D, 0x01);
  880   2              //        dl1a_write_register(0xFF, 0x00);
  881   2              //        dl1a_write_register(0x80, 0x01);
  882   2              //        dl1a_write_register(0x01, 0xF8);
  883   2              //        dl1a_write_register(0xFF, 0x01);
  884   2              //        dl1a_write_register(0x8E, 0x01);
  885   2              //        dl1a_write_register(0x00, 0x01);
  886   2              //        dl1a_write_register(0xFF, 0x00);
  887   2              //        dl1a_write_register(0x80, 0x00);
  888   2              
  889   2              // е°Ҷдёӯж–ӯй…ҚзҪ®и®ҫзҪ®дёәж–°ж ·е“Ғе°ұз»Ә
  890   2              dl1a_write_register(DL1A_SYSTEM_INTERRUPT_GPIO_CONFIG, 0x04);
  891   2              reg_data_buffer = dl1a_read_register(DL1A_GPIO_HV_MUX_ACTIVE_HIGH);
  892   2              dl1a_write_register(DL1A_GPIO_HV_MUX_ACTIVE_HIGH, reg_data_buffer & ~0x10);
  893   2              dl1a_write_register(DL1A_SYSTEM_INTERRUPT_CLEAR, 0x01);
  894   2              
  895   2              measurement_timing_budget_us  = dl1a_get_measurement_timing_budget();
  896   2              
  897   2              // й»ҳи®Өжғ…еҶөдёӢзҰҒз”Ё MSRC е’Ң TCC
  898   2              // MSRC = Minimum Signal Rate Check
  899   2              // TCC = Target CentreCheck
  900   2              dl1a_write_register(DL1A_SYSTEM_SEQUENCE_CONFIG, 0xE8);
  901   2              dl1a_set_measurement_timing_budget(measurement_timing_budget_us);    // йҮҚж–°и®Ўз®—ж—¶еәҸйў„з®—
  902   2              // -------------------------------- DL1A й…ҚзҪ®еҲқе§ӢеҢ– --------------------------------
  903   2              
  904   2              dl1a_write_register(DL1A_SYSTEM_SEQUENCE_CONFIG, 0x01);
  905   2              
  906   2              if(dl1a_perform_single_ref_calibration(0x40))
  907   2              {
  908   3                  return_state = 1;
  909   3                  printf( "DL1A perform single reference calibration error.\r\n");
  910   3                  break;
  911   3              }
  912   2              
  913   2              dl1a_write_register(DL1A_SYSTEM_SEQUENCE_CONFIG, 0x02);
  914   2              
  915   2              if(dl1a_perform_single_ref_calibration(0x00))
  916   2              {
  917   3                  return_state = 1;
  918   3                  printf( "DL1A perform single reference calibration error.\r\n");
  919   3                  break;
  920   3              }
  921   2              
  922   2              dl1a_write_register(DL1A_SYSTEM_SEQUENCE_CONFIG, 0xE8);           // жҒўеӨҚд»ҘеүҚзҡ„еәҸеҲ—й…ҚзҪ®
  923   2              
  924   2              system_delay_ms(100);
  925   2              
  926   2              dl1a_write_register(0x80, 0x01);
C251 COMPILER V5.60.0,  zf_device_dl1a                                                     07/05/26  21:05:11  PAGE 16  

  927   2              dl1a_write_register(0xFF, 0x01);
  928   2              dl1a_write_register(0x00, 0x00);
  929   2              dl1a_write_register(0x91, stop_variable);
  930   2              dl1a_write_register(0x00, 0x01);
  931   2              dl1a_write_register(0xFF, 0x00);
  932   2              dl1a_write_register(0x80, 0x00);
  933   2              
  934   2              dl1a_write_register(DL1A_SYSRANGE_START, 0x02);
  935   2              dl1a_init_flag = 1;
  936   2              
  937   2      #if DL1A_INT_ENABLE
                       exti_init(DL1A_INT_PIN, EXTI_TRIGGER_FALLING);
                       dl1a_int_handler();
                       dl1a_finsh_flag = 0;
               #endif
  942   2              set_tof_type(TOF_DL1A, dl1a_int_handler);
  943   2          }
  944   1          while(0);
  945   1          
  946   1          return return_state;
  947   1      }


Module Information          Static   Overlayable
------------------------------------------------
  code size            =      4832     ------
  ecode size           =    ------     ------
  data size            =    ------     ------
  idata size           =    ------     ------
  pdata size           =    ------     ------
  xdata size           =       366     ------
  xdata-const size     =    ------     ------
  edata size           =         8     ------
  bit size             =    ------     ------
  ebit size            =    ------     ------
  bitaddressable size  =    ------     ------
  ebitaddressable size =    ------     ------
  far data size        =    ------     ------
  huge data size       =    ------     ------
  const size           =    ------     ------
  hconst size          =       322     ------
End of Module Information.


C251 COMPILATION COMPLETE.  0 WARNING(S),  0 ERROR(S)
