C251 COMPILER V5.60.0,  zf_driver_adc                                                      17/05/26  17:30:59  PAGE 1   


C251 COMPILER V5.60.0, COMPILATION OF MODULE zf_driver_adc
OBJECT MODULE PLACED IN .\out_file\zf_driver_adc.obj
COMPILER INVOKED BY: D:\Keil_v5\C251\BIN\C251.EXE ..\..\libraries\zf_driver\zf_driver_adc.c LARGE NOALIAS WARNINGLEVEL(0
                    -) OPTIMIZE(0,SIZE) BROWSE INCDIR(..\..\libraries\zf_common;..\..\libraries\zf_components;..\..\libraries\zf_device;..\..
                    -\libraries\zf_driver;..\user;..\code) DEBUG PRINT(.\out_file\zf_driver_adc.lst) OBJECT(.\out_file\zf_driver_adc.obj) 

stmt  level    source

    1          #include "zf_common_debug.h"
    2          #include "zf_driver_adc.h"
    3          
    4          
    5          static uint8 adc_resolution = {ADC_12BIT};
    6          
    7          //uint16 adc_value[4]={0};
    8          uint16 adc_average[5]={0};
    9          
   10          //-------------------------------------------------------------------------------------------------------
             -------------
   11          // КЏЪ§МђНщ     ADCзЊЛЛNДЮЃЌЦНОљжЕТЫВЈ
   12          // ВЮЪ§ЫЕУї     ch              бЁдёADCЭЈЕР
   13          // ВЮЪ§ЫЕУї     count           зЊЛЛДЮЪ§
   14          // ЗЕЛиВЮЪ§     void
   15          // ЪЙгУЪОР§     adc_mean_filter(ADC_IN0_A0, ADC_8BIT,5);  //ВЩМЏA0ЖЫПкЗЕЛи8ЮЛЗжБцТЪЕФADжЕЃЌВЩМЏЮхДЮШЁЦНОљ
             -жЕ
   16          //-------------------------------------------------------------------------------------------------------
             -------------
   17          uint16 adc_mean_filter_convert (adc_channel_enum ch, const uint8 count)
   18          {
   19   1          uint8 i;
   20   1          uint16 sum;
   21   1              uint16 min,max;
   22   1              min=adc_average[0];
   23   1              max=adc_average[0];
   24   1              zf_assert(count);//ЖЯбдДЮЪ§ВЛФмЮЊ0
   25   1              
   26   1          sum = 0;
   27   1          for(i=0; i<count; i++)
   28   1          {
   29   2              adc_average[i]= adc_convert(ch);
   30   2                      if(adc_average[i]<min)min=adc_average[i];
   31   2                      if(adc_average[i]>max)max=adc_average[i];
   32   2                      sum+=adc_average[i];
   33   2          }
   34   1      
   35   1          sum = (sum-min-max)/(count-2);
   36   1          return sum;
   37   1      }
   38          
   39          //-------------------------------------------------------------------------------------------------------
             -------------
   40          //  @brief      ADCзЊЛЛвЛДЮ
   41          //  @param      adcn            бЁдёADCЭЈЕР
   42          //  @param      resolution      ЗжБцТЪ
   43          //  @return     void
   44          //  Sample usage:               adc_convert(ADC_P10, ADC_10BIT);
   45          //-------------------------------------------------------------------------------------------------------
             -------------
   46          uint16 adc_convert(adc_channel_enum ch)
   47          {
   48   1          uint16 adc_value;
   49   1          
   50   1          ADC_CONTR &= (0xF0);                        //ЧхГ§ADC_CHS[3:0] ЃК ADC ФЃФтЭЈЕРбЁдёЮЛ
   51   1          ADC_CONTR |= ch;
   52   1          
C251 COMPILER V5.60.0,  zf_driver_adc                                                      17/05/26  17:30:59  PAGE 2   

   53   1          ADC_CONTR |= 0x40;                          // ЦєЖЏ AD зЊЛЛ
   54   1          
   55   1          while (!(ADC_CONTR & 0x20));        // ВщбЏ ADC ЭъГЩБъжО
   56   1          
   57   1          ADC_CONTR &= ~0x20;                         // ЧхЭъГЩБъжО
   58   1          
   59   1          adc_value = ADC_RES;                        //ДцДЂ ADC ЕФ 12 ЮЛНсЙћЕФИп 4 ЮЛ
   60   1          adc_value <<= 8;
   61   1          adc_value |= ADC_RESL;              //ДцДЂ ADC ЕФ 12 ЮЛНсЙћЕФЕЭ 8 ЮЛ
   62   1          
   63   1          ADC_RES = 0;
   64   1          ADC_RESL = 0;
   65   1          
   66   1          adc_value >>= adc_resolution;       //ШЁЖрЩйЮЛ
   67   1          
   68   1          
   69   1          return adc_value;
   70   1      }
   71          
   72          //-------------------------------------------------------------------------------------------------------
             -------------
   73          // КЏЪ§МђНщ     ADCГѕЪМЛЏ
   74          // ВЮЪ§ЫЕУї     ch                              ch(ПЩбЁдёЗЖЮЇгЩzf_adc.hФкadc_channel_enumУЖОйжЕШЗЖЈ)
   75          // ВЮЪ§ЫЕУї     resolution       resolution(ПЩбЁдёЗЖЮЇгЩzf_adc.hФкadc_resolution_enumУЖОйжЕШЗЖЈ)
   76          // ЗЕЛиВЮЪ§     void
   77          // ЪЙгУЪОР§     adc_init(ADC_P10, ADC_12BIT);//ГѕЪМЛЏP10в§НХЮЊADCЙІФмЃЌ12ЮЛЗжБцТЪ
   78          //-------------------------------------------------------------------------------------------------------
             -------------
   79          void adc_init(adc_channel_enum ch, adc_resolution_enum resolution)
   80          {
   81   1          ADC_CONTR |= 1 << 7;                                //1 ЃКДђПЊ ADC ЕчдД
   82   1          
   83   1          ADC_CONTR &= (0xF0);                        //ЧхГ§ADC_CHS[3:0] ЃК ADC ФЃФтЭЈЕРбЁдёЮЛ
   84   1          ADC_CONTR |= ch;
   85   1          
   86   1          if((ch >> 3) == 1) //P0.0
   87   1          {
   88   2              //IOПкашвЊЩшжУЮЊИпзшЪфШы
   89   2              P0M0 &= ~(1 << (ch & 0x07));
   90   2              P0M1 |= (1 << (ch & 0x07));
   91   2          }
   92   1          else if((ch >> 3) == 0) //P1.0
   93   1          {
   94   2              //IOПкашвЊЩшжУЮЊИпзшЪфШы
   95   2              P1M0 &= ~(1 << (ch & 0x07));
   96   2              P1M1 |= (1 << (ch & 0x07));
   97   2          }
   98   1          
   99   1          ADCCFG |= ADC_SYSclk_DIV_16 & 0x0F;                 //ADCЪБжгЦЕТЪSYSclk/16&0x0F;
  100   1          
  101   1          ADCCFG |= 1 << 5;                                                   //зЊЛЛНсЙћгвЖдЦыЁЃ ADC_RES БЃДцНсЙћЕФИп 2 ЮЛЃЌ ADC_RESL БЃДцНсЙћЕФЕЭ 8 ЮЛЁЃ
  102   1              
  103   1              adc_resolution = resolution;           // МЧТМADCОЋЖШ НЋдкВЩМЏЪБЪЙгУ
  104   1      }
  105          
  106          /***************************ЕчИаВЩжЕ************************************
  107          КЏЪ§ЃК  void ADC_Collect()   
  108          ЙІФмЃК  ЕчИаВЩжЕ
  109          ВЮЪ§ЃК  void
  110          ЫЕУїЃК  8ЮЛADCЪфГіЃЌ0~255ЃЈ2ЕФ8ДЮЗНЃЉЃЌ5vЕчбЙЦНОљЗжГЩ255ЗнЃЌЗжБцТЪЮЊ5/255=0.196
  111          ЗЕЛижЕЃЛvoid
  112          ШеЦкЃК  
  113          зїепЃК     
  114          ***********************************************************************/
  115          void ADC_Collect()
  116          {
C251 COMPILER V5.60.0,  zf_driver_adc                                                      17/05/26  17:30:59  PAGE 3   

  117   1      //      adc_value[0]=adc_mean_filter_convert (ADC_CH8_P00, 5);
  118   1      //      
  119   1      //      adc_value[1]=adc_mean_filter_convert (ADC_CH9_P01, 5);
  120   1      //      adc_value[2]=adc_mean_filter_convert (ADC_CH13_P05, 5);
  121   1      //      adc_value[3]=adc_mean_filter_convert (ADC_CH14_P06, 5);
  122   1      }


Module Information          Static   Overlayable
------------------------------------------------
  code size            =       649     ------
  ecode size           =    ------     ------
  data size            =    ------     ------
  idata size           =    ------     ------
  pdata size           =    ------     ------
  xdata size           =        29     ------
  xdata-const size     =    ------     ------
  edata size           =    ------     ------
  bit size             =    ------     ------
  ebit size            =    ------     ------
  bitaddressable size  =    ------     ------
  ebitaddressable size =    ------     ------
  far data size        =    ------     ------
  huge data size       =    ------     ------
  const size           =    ------     ------
  hconst size          =        63     ------
End of Module Information.


C251 COMPILATION COMPLETE.  0 WARNING(S),  0 ERROR(S)
