C251 COMPILER V5.60.0,  zf_driver_pit                                                      17/05/26  17:30:59  PAGE 1   


C251 COMPILER V5.60.0, COMPILATION OF MODULE zf_driver_pit
OBJECT MODULE PLACED IN .\out_file\zf_driver_pit.obj
COMPILER INVOKED BY: D:\Keil_v5\C251\BIN\C251.EXE ..\..\libraries\zf_driver\zf_driver_pit.c LARGE NOALIAS WARNINGLEVEL(0
                    -) OPTIMIZE(0,SIZE) BROWSE INCDIR(..\..\libraries\zf_common;..\..\libraries\zf_components;..\..\libraries\zf_device;..\..
                    -\libraries\zf_driver;..\user;..\code) DEBUG PRINT(.\out_file\zf_driver_pit.lst) OBJECT(.\out_file\zf_driver_pit.obj) 

stmt  level    source

    1          #include "zf_common_clock.h"
    2          #include "zf_driver_pit.h"
    3          
    4          
    5          //-------------------------------------------------------------------------------------------------------
             -------------
    6          //  @brief      定时器周期中断
    7          //  @param      pit_n      定时器通道号
    8          //  @param      time_ms    时间(ms)
    9          //  @return     void
   10          //  Sample usage:          pit_timer_ms(TIM_0, 10)
   11          //                                                 使用定时器0做周期中断，时间10ms一次。
   12          //-------------------------------------------------------------------------------------------------------
             -------------
   13          void pit_init(pit_index_enum pit_n, uint32 period)
   14          {
   15   1              uint8 freq_div = 0;                
   16   1          uint16 period_temp = 0;               
   17   1          uint16 temp = 0;
   18   1      
   19   1      
   20   1              if(period > (255*65535))
   21   1              {
   22   2                      // 设置定时器为12T模式防止溢出
   23   2                      period = period / 12;
   24   2                      
   25   2                      if(TIM0_PIT == pit_n)
   26   2                      {
   27   3                              AUXR &= ~0x80;          
   28   3                      }
   29   2                      else if(TIM1_PIT == pit_n)
   30   2                      {
   31   3                              AUXR &= ~0x40;          
   32   3                      }
   33   2                      else if(TIM2_PIT == pit_n)
   34   2                      {
   35   3                              AUXR &= ~0x04;          
   36   3                      }
   37   2                      else if(TIM3_PIT == pit_n)
   38   2                      {
   39   3                              T4T3M &= ~0x02; 
   40   3                      }
   41   2                      else if(TIM4_PIT == pit_n)
   42   2                      {
   43   3                              T4T3M &= ~0x20;         
   44   3                      }
   45   2              
   46   2      
   47   2              }
   48   1              else
   49   1              {
   50   2                      // 设置为1T模式
   51   2                      if(TIM0_PIT == pit_n)
   52   2                      {
   53   3                              AUXR |= 0x80;           
   54   3                      }
   55   2                      else if(TIM1_PIT == pit_n)
C251 COMPILER V5.60.0,  zf_driver_pit                                                      17/05/26  17:30:59  PAGE 2   

   56   2                      {
   57   3                              AUXR |= 0x40;           
   58   3                      }
   59   2                      else if(TIM2_PIT == pit_n)
   60   2                      {
   61   3                              AUXR |= 0x04;           
   62   3                      }
   63   2                      else if(TIM3_PIT == pit_n)
   64   2                      {
   65   3                              T4T3M |= 0x02;  
   66   3                      }
   67   2                      else if(TIM4_PIT == pit_n)
   68   2                      {
   69   3                              T4T3M |= 0x20;          
   70   3                      }
   71   2      
   72   2              }
   73   1                      
   74   1              
   75   1              freq_div = ((period) >> 15);                   // 计算预分频
   76   1              period_temp = ((period) / (freq_div+1));       // 计算自动重装载值
   77   1      
   78   1              temp = (uint16)65536 - period_temp;
   79   1      
   80   1          if(TIM0_PIT == pit_n)
   81   1          {
   82   2                      TM0PS = freq_div;       // 设置分频值
   83   2              TMOD |= 0x00;           // 模式 0
   84   2              TL0 = temp;
   85   2              TH0 = temp >> 8;
   86   2              TR0 = 1;                        // 启动定时器
   87   2              ET0 = 1;                        // 使能定时器中断
   88   2          }
   89   1          else if(TIM1_PIT == pit_n)
   90   1          {
   91   2                      TM1PS = freq_div;       // 设置分频值
   92   2              TMOD |= 0x00; // 模式 0
   93   2              TL1 = temp;
   94   2              TH1 = temp >> 8;
   95   2              TR1 = 1; // 启动定时器
   96   2              ET1 = 1; // 使能定时器中断
   97   2          }
   98   1          else if(TIM2_PIT == pit_n)
   99   1          {
  100   2                      TM2PS = freq_div;       // 设置分频值
  101   2              T2L = temp;
  102   2              T2H = temp >> 8;
  103   2              AUXR |= 0x10; // 启动定时器
  104   2              IE2 |= 0x04; // 使能定时器中断
  105   2          }
  106   1          else if(TIM3_PIT == pit_n)
  107   1          {
  108   2                      TM3PS = freq_div;       // 设置分频值
  109   2              T3L = temp;
  110   2              T3H = temp >> 8;
  111   2              T4T3M |= 0x08; // 启动定时器
  112   2              IE2 |= 0x20; // 使能定时器中断
  113   2          }
  114   1          else if(TIM4_PIT == pit_n)
  115   1          {
  116   2                      TM4PS = freq_div;       // 设置分频值
  117   2              T4L = temp;
  118   2              T4H = temp >> 8;
  119   2              T4T3M |= 0x80; // 启动定时器
  120   2              IE2 |= 0x40; // 使能定时器中断
  121   2          }
C251 COMPILER V5.60.0,  zf_driver_pit                                                      17/05/26  17:30:59  PAGE 3   

  122   1              
  123   1      }
  124          


Module Information          Static   Overlayable
------------------------------------------------
  code size            =       643     ------
  ecode size           =    ------     ------
  data size            =    ------     ------
  idata size           =    ------     ------
  pdata size           =    ------     ------
  xdata size           =        11     ------
  xdata-const size     =    ------     ------
  edata size           =    ------     ------
  bit size             =    ------     ------
  ebit size            =    ------     ------
  bitaddressable size  =    ------     ------
  ebitaddressable size =    ------     ------
  far data size        =    ------     ------
  huge data size       =    ------     ------
  const size           =    ------     ------
  hconst size          =    ------     ------
End of Module Information.


C251 COMPILATION COMPLETE.  0 WARNING(S),  0 ERROR(S)
