C251 COMPILER V5.60.0,  zf_driver_soft_iic                                                 24/05/26  16:50:22  PAGE 1   


C251 COMPILER V5.60.0, COMPILATION OF MODULE zf_driver_soft_iic
OBJECT MODULE PLACED IN .\out_file\zf_driver_soft_iic.obj
COMPILER INVOKED BY: E:\keil_v5\C251\BIN\C251.EXE ..\..\libraries\zf_driver\zf_driver_soft_iic.c LARGE NOALIAS WARNINGLE
                    -VEL(0) OPTIMIZE(0,SIZE) BROWSE INCDIR(..\..\libraries\zf_common;..\..\libraries\zf_components;..\..\libraries\zf_device;
                    -..\..\libraries\zf_driver;..\user;..\code) DEBUG PRINT(.\out_file\zf_driver_soft_iic.lst) OBJECT(.\out_file\zf_driver_so
                    -ft_iic.obj) 

stmt  level    source

    1          #include "zf_common_debug.h"
    2          
    3          #include "zf_driver_soft_iic.h"
    4          
    5          #pragma warning disable = 183
    6          #pragma warning disable = 177
    7          
    8          
    9          #define SOFT_IIC_SDA_IO_SWITCH          (0)                                     // ЪЧЗёашвЊ SDA Нјаа I/O 
             -ЧаЛЛ 0-ВЛашвЊ 1-ашвЊ
   10          
   11          //-------------------------------------------------------------------------------------------------------
             -------------
   12          // КЏЪ§МђНщ     ШэМў IIC бгЪБ
   13          // ВЮЪ§ЫЕУї     delay           бгЪБДЮЪ§
   14          // ЗЕЛиВЮЪ§     void
   15          // ЪЙгУЪОР§     soft_iic_delay(1);
   16          // БИзЂаХЯЂ     ФкВПЕїгУ
   17          //-------------------------------------------------------------------------------------------------------
             -------------
   18          void soft_iic_delay (vuint32 delay)
   19          {
   20   1          volatile uint32 count = delay;
   21   1          while(count --);
   22   1      }
   23          //#define soft_iic_delay(x)  for(uint32 i = x; i--; )
   24          
   25          //-------------------------------------------------------------------------------------------------------
             -------------
   26          // КЏЪ§МђНщ     ШэМў IIC START аХКХ
   27          // ВЮЪ§ЫЕУї     *soft_iic_obj   ШэМў IIC жИЖЈаХЯЂ ПЩвдВЮее zf_driver_soft_iic.h РяЕФИёЪНПДПД
   28          // ЗЕЛиВЮЪ§     void
   29          // ЪЙгУЪОР§     soft_iic_start(soft_iic_obj);
   30          // БИзЂаХЯЂ     ФкВПЕїгУ
   31          //-------------------------------------------------------------------------------------------------------
             -------------
   32          void soft_iic_start (soft_iic_info_struct *soft_iic_obj)
   33          {
   34   1          zf_assert(soft_iic_obj != NULL);
   35   1          gpio_high(soft_iic_obj->scl_pin);                                           // SCL ИпЕчЦН
   36   1          gpio_high(soft_iic_obj->sda_pin);                                           // SDA ИпЕчЦН
   37   1      
   38   1          soft_iic_delay(soft_iic_obj->delay);
   39   1          gpio_low(soft_iic_obj->sda_pin);                                            // SDA ЯШР­ЕЭ
   40   1          soft_iic_delay(soft_iic_obj->delay);
   41   1          gpio_low(soft_iic_obj->scl_pin);                                            // SCL дйР­ЕЭ
   42   1      }
   43          
   44          //-------------------------------------------------------------------------------------------------------
             -------------
   45          // КЏЪ§МђНщ     ШэМў IIC STOP аХКХ
   46          // ВЮЪ§ЫЕУї     *soft_iic_obj   ШэМў IIC жИЖЈаХЯЂ ПЩвдВЮее zf_driver_soft_iic.h РяЕФИёЪНПДПД
   47          // ЗЕЛиВЮЪ§     void
   48          // ЪЙгУЪОР§     soft_iic_stop(soft_iic_obj);
   49          // БИзЂаХЯЂ     ФкВПЕїгУ
   50          //-------------------------------------------------------------------------------------------------------
C251 COMPILER V5.60.0,  zf_driver_soft_iic                                                 24/05/26  16:50:22  PAGE 2   

             -------------
   51          void soft_iic_stop (soft_iic_info_struct *soft_iic_obj)
   52          {
   53   1          zf_assert(soft_iic_obj != NULL);
   54   1          gpio_low(soft_iic_obj->sda_pin);                                            // SDA ЕЭЕчЦН
   55   1          gpio_low(soft_iic_obj->scl_pin);                                            // SCL ЕЭЕчЦН
   56   1      
   57   1          soft_iic_delay(soft_iic_obj->delay);
   58   1          gpio_high(soft_iic_obj->scl_pin);                                           // SCL ЯШР­Ип
   59   1          soft_iic_delay(soft_iic_obj->delay);
   60   1          gpio_high(soft_iic_obj->sda_pin);                                           // SDA дйР­Ип
   61   1          soft_iic_delay(soft_iic_obj->delay);
   62   1      }
   63          
   64          //-------------------------------------------------------------------------------------------------------
             -------------
   65          // КЏЪ§МђНщ     ШэМў IIC ЗЂЫЭ ACK/NAKC аХКХ ФкВПЕїгУ
   66          // ВЮЪ§ЫЕУї     *soft_iic_obj   ШэМў IIC жИЖЈаХЯЂ ПЩвдВЮее zf_driver_soft_iic.h РяЕФИёЪНПДПД
   67          // ВЮЪ§ЫЕУї     ack             ACK ЕчЦН
   68          // ЗЕЛиВЮЪ§     void
   69          // ЪЙгУЪОР§     soft_iic_send_ack(soft_iic_obj, 1);
   70          // БИзЂаХЯЂ     ФкВПЕїгУ
   71          //-------------------------------------------------------------------------------------------------------
             -------------
   72          void soft_iic_send_ack (soft_iic_info_struct *soft_iic_obj, uint8 ack)
   73          {
   74   1          zf_assert(soft_iic_obj != NULL);
   75   1          gpio_low(soft_iic_obj->scl_pin);                                            // SCL ЕЭЕчЦН
   76   1      
   77   1          if(ack)
   78   1          {
   79   2              gpio_high(soft_iic_obj->sda_pin);                                       // SDA Р­Ип
   80   2          }
   81   1          else
   82   1          {
   83   2              gpio_low(soft_iic_obj->sda_pin);                                        // SDA Р­ЕЭ
   84   2          }
   85   1      
   86   1          soft_iic_delay(soft_iic_obj->delay);
   87   1          gpio_high(soft_iic_obj->scl_pin);                                           // SCL Р­Ип
   88   1          soft_iic_delay(soft_iic_obj->delay);
   89   1          gpio_low(soft_iic_obj->scl_pin);                                            // SCL Р­ЕЭ
   90   1          gpio_high(soft_iic_obj->sda_pin);                                           // SDA Р­Ип
   91   1      }
   92          
   93          //-------------------------------------------------------------------------------------------------------
             -------------
   94          // КЏЪ§МђНщ     ШэМў IIC ЛёШЁ ACK/NAKC аХКХ
   95          // ВЮЪ§ЫЕУї     *soft_iic_obj   ШэМў IIC жИЖЈаХЯЂ ПЩвдВЮее zf_driver_soft_iic.h РяЕФИёЪНПДПД
   96          // ЗЕЛиВЮЪ§     uint8           ACK зДЬЌ
   97          // ЪЙгУЪОР§     soft_iic_wait_ack(soft_iic_obj);
   98          // БИзЂаХЯЂ     ФкВПЕїгУ
   99          //-------------------------------------------------------------------------------------------------------
             -------------
  100          uint8 soft_iic_wait_ack (soft_iic_info_struct *soft_iic_obj)
  101          {
  102   1              uint8 temp = 0;
  103   1          zf_assert(soft_iic_obj != NULL);
  104   1        
  105   1          gpio_low(soft_iic_obj->scl_pin);                                            // SCL ЕЭЕчЦН
  106   1          gpio_high(soft_iic_obj->sda_pin);                                           // SDA ИпЕчЦН ЪЭЗХ SDA
  107   1      #if SOFT_IIC_SDA_IO_SWITCH
                   gpio_set_dir(soft_iic_obj->sda_pin, GPI, GPI_FLOATING_IN);
               #endif
  110   1          soft_iic_delay(soft_iic_obj->delay);
  111   1      
C251 COMPILER V5.60.0,  zf_driver_soft_iic                                                 24/05/26  16:50:22  PAGE 3   

  112   1          gpio_high(soft_iic_obj->scl_pin);                                           // SCL ИпЕчЦН
  113   1          soft_iic_delay(soft_iic_obj->delay);
  114   1      
  115   1          if(gpio_get_level((gpio_pin_enum)soft_iic_obj->sda_pin))
  116   1          {
  117   2              temp = 1;
  118   2          }
  119   1          gpio_low(soft_iic_obj->scl_pin);                                            // SCL ЕЭЕчЦН
  120   1      #if SOFT_IIC_SDA_IO_SWITCH
                   gpio_set_dir(soft_iic_obj->sda_pin, GPO, GPO_OPEN_DTAIN);
               #endif
  123   1          soft_iic_delay(soft_iic_obj->delay);
  124   1      
  125   1          return temp;
  126   1      }
  127          
  128          //-------------------------------------------------------------------------------------------------------
             -------------
  129          // КЏЪ§МђНщ     ШэМў IIC ЗЂЫЭ 8bit Ъ§Он
  130          // ВЮЪ§ЫЕУї     *soft_iic_obj   ШэМў IIC жИЖЈаХЯЂ ПЩвдВЮее zf_driver_soft_iic.h РяЕФИёЪНПДПД
  131          // ВЮЪ§ЫЕУї     dat            Ъ§Он
  132          // ЗЕЛиВЮЪ§     uint8           ACK зДЬЌ
  133          // БИзЂаХЯЂ     ФкВПЕїгУ
  134          //-------------------------------------------------------------------------------------------------------
             -------------
  135          uint8 soft_iic_send_data (soft_iic_info_struct *soft_iic_obj, const uint8 dat)
  136          {
  137   1              uint8 temp = 0x80;
  138   1              
  139   1          zf_assert(soft_iic_obj != NULL);
  140   1      
  141   1          while(temp)
  142   1          {
  143   2      //        gpio_set_level(soft_iic_obj->sda_pin, dat & temp);
  144   2              ((dat & temp) ? (gpio_high(soft_iic_obj->sda_pin)) : (gpio_low(soft_iic_obj->sda_pin)));
  145   2              temp >>= 1;
  146   2      
  147   2              soft_iic_delay(soft_iic_obj->delay);
  148   2              gpio_high(soft_iic_obj->scl_pin);                                       // SCL Р­Ип
  149   2              soft_iic_delay(soft_iic_obj->delay);
  150   2              gpio_low(soft_iic_obj->scl_pin);                                        // SCL Р­ЕЭ
  151   2          }
  152   1          return ((soft_iic_wait_ack(soft_iic_obj) == 1) ? 0 : 1 );
  153   1      }
  154          
  155          //-------------------------------------------------------------------------------------------------------
             -------------
  156          // КЏЪ§МђНщ     ШэМў IIC ЖСШЁ 8bit Ъ§Он
  157          // ВЮЪ§ЫЕУї     *soft_iic_obj   ШэМў IIC жИЖЈаХЯЂ ПЩвдВЮее zf_driver_soft_iic.h РяЕФИёЪНПДПД
  158          // ВЮЪ§ЫЕУї     ack             ACK Лђ NACK
  159          // ЗЕЛиВЮЪ§     uint8           Ъ§Он
  160          // БИзЂаХЯЂ     ФкВПЕїгУ
  161          //-------------------------------------------------------------------------------------------------------
             -------------
  162          uint8 soft_iic_read_data (soft_iic_info_struct *soft_iic_obj, uint8 ack)
  163          {
  164   1          uint8 dat = 0x00;
  165   1          uint8 temp = 8;
  166   1              zf_assert(soft_iic_obj != NULL);
  167   1          gpio_low(soft_iic_obj->scl_pin);                                            // SCL ЕЭЕчЦН
  168   1          soft_iic_delay(soft_iic_obj->delay);
  169   1          gpio_high(soft_iic_obj->sda_pin);                                           // SDA ИпЕчЦН ЪЭЗХ SDA
  170   1      #if SOFT_IIC_SDA_IO_SWITCH
                   gpio_set_dir(soft_iic_obj->sda_pin, GPI, GPI_FLOATING_IN);
               #endif
  173   1      
C251 COMPILER V5.60.0,  zf_driver_soft_iic                                                 24/05/26  16:50:22  PAGE 4   

  174   1          while(temp --)
  175   1          {
  176   2              gpio_low(soft_iic_obj->scl_pin);                                        // SCL Р­ЕЭ
  177   2              soft_iic_delay(soft_iic_obj->delay);
  178   2              gpio_high(soft_iic_obj->scl_pin);                                       // SCL Р­Ип
  179   2              soft_iic_delay(soft_iic_obj->delay);
  180   2              dat = ((dat << 1) | gpio_get_level((gpio_pin_enum)soft_iic_obj->sda_pin));
  181   2          }
  182   1          gpio_low(soft_iic_obj->scl_pin);                                            // SCL ЕЭЕчЦН
  183   1      #if SOFT_IIC_SDA_IO_SWITCH
                   gpio_set_dir(soft_iic_obj->sda_pin, GPO, GPO_OPEN_DTAIN);
               #endif
  186   1          soft_iic_delay(soft_iic_obj->delay);
  187   1          soft_iic_send_ack(soft_iic_obj, ack);
  188   1          return dat;
  189   1      }
  190          
  191          //-------------------------------------------------------------------------------------------------------
             -------------
  192          // КЏЪ§МђНщ     ШэМў IIC НгПкаД 8bit Ъ§Он
  193          // ВЮЪ§ЫЕУї     *soft_iic_obj   ШэМў IIC жИЖЈаХЯЂ ПЩвдВЮее zf_driver_soft_iic.h РяЕФИёЪНПДПД
  194          // ВЮЪ§ЫЕУї     dat            вЊаДШыЕФЪ§Он
  195          // ЗЕЛиВЮЪ§     void            
  196          // ЪЙгУЪОР§     soft_iic_write_8bit_register(soft_iic_obj, 0x01);
  197          // БИзЂаХЯЂ     
  198          //-------------------------------------------------------------------------------------------------------
             -------------
  199          void soft_iic_write_8bit (soft_iic_info_struct *soft_iic_obj, const uint8 dat)
  200          {
  201   1          zf_assert(soft_iic_obj != NULL);
  202   1          soft_iic_start(soft_iic_obj);
  203   1          soft_iic_send_data(soft_iic_obj, soft_iic_obj->addr << 1);
  204   1          soft_iic_send_data(soft_iic_obj, dat);
  205   1          soft_iic_stop(soft_iic_obj);
  206   1      }
  207          
  208          //-------------------------------------------------------------------------------------------------------
             -------------
  209          // КЏЪ§МђНщ     ШэМў IIC НгПкаД 8bit Ъ§зщ
  210          // ВЮЪ§ЫЕУї     *soft_iic_obj   ШэМў IIC жИЖЈаХЯЂ ПЩвдВЮее zf_driver_soft_iic.h РяЕФИёЪНПДПД
  211          // ВЮЪ§ЫЕУї     *dat           Ъ§ОнДцЗХЛКГхЧј
  212          // ВЮЪ§ЫЕУї     len             ЛКГхЧјГЄЖШ
  213          // ЗЕЛиВЮЪ§     void            
  214          // ЪЙгУЪОР§     soft_iic_write_8bit_array(soft_iic_obj, dat, 6);
  215          // БИзЂаХЯЂ     
  216          //-------------------------------------------------------------------------------------------------------
             -------------
  217          void soft_iic_write_8bit_array (soft_iic_info_struct *soft_iic_obj, const uint8 *dat, uint32 len)
  218          {
  219   1          zf_assert(soft_iic_obj != NULL);
  220   1          zf_assert(dat != NULL);
  221   1          soft_iic_start(soft_iic_obj);
  222   1          soft_iic_send_data(soft_iic_obj, soft_iic_obj->addr << 1);
  223   1          while(len --)
  224   1          {
  225   2              soft_iic_send_data(soft_iic_obj, *dat ++);
  226   2          }
  227   1          soft_iic_stop(soft_iic_obj);
  228   1      }
  229          
  230          //-------------------------------------------------------------------------------------------------------
             -------------
  231          // КЏЪ§МђНщ     ШэМў IIC НгПкЦїаД 16bit Ъ§Он
  232          // ВЮЪ§ЫЕУї     *soft_iic_obj   ШэМў IIC жИЖЈаХЯЂ ПЩвдВЮее zf_driver_soft_iic.h РяЕФИёЪНПДПД
  233          // ВЮЪ§ЫЕУї     dat            вЊаДШыЕФЪ§Он
  234          // ЗЕЛиВЮЪ§     void            
C251 COMPILER V5.60.0,  zf_driver_soft_iic                                                 24/05/26  16:50:22  PAGE 5   

  235          // ЪЙгУЪОР§     soft_iic_write_16bit(soft_iic_obj, 0x0101);
  236          // БИзЂаХЯЂ     
  237          //-------------------------------------------------------------------------------------------------------
             -------------
  238          void soft_iic_write_16bit (soft_iic_info_struct *soft_iic_obj, const uint16 dat)
  239          {
  240   1          zf_assert(soft_iic_obj != NULL);
  241   1          soft_iic_start(soft_iic_obj);
  242   1          soft_iic_send_data(soft_iic_obj, soft_iic_obj->addr << 1);
  243   1          soft_iic_send_data(soft_iic_obj, (uint8)((dat & 0xFF00) >> 8));
  244   1          soft_iic_send_data(soft_iic_obj, (uint8)(dat & 0x00FF));
  245   1          soft_iic_stop(soft_iic_obj);
  246   1      }
  247          
  248          //-------------------------------------------------------------------------------------------------------
             -------------
  249          // КЏЪ§МђНщ     ШэМў IIC НгПкаД 16bit Ъ§зщ
  250          // ВЮЪ§ЫЕУї     *soft_iic_obj   ШэМў IIC жИЖЈаХЯЂ ПЩвдВЮее zf_driver_soft_iic.h РяЕФИёЪНПДПД
  251          // ВЮЪ§ЫЕУї     *dat           Ъ§ОнДцЗХЛКГхЧј
  252          // ВЮЪ§ЫЕУї     len             ЛКГхЧјГЄЖШ
  253          // ЗЕЛиВЮЪ§     void            
  254          // ЪЙгУЪОР§     soft_iic_write_16bit_array(soft_iic_obj, dat, 6);
  255          // БИзЂаХЯЂ     
  256          //-------------------------------------------------------------------------------------------------------
             -------------
  257          void soft_iic_write_16bit_array (soft_iic_info_struct *soft_iic_obj, const uint16 *dat, uint32 len)
  258          {
  259   1          zf_assert(soft_iic_obj != NULL);
  260   1          zf_assert(dat != NULL);
  261   1          soft_iic_start(soft_iic_obj);
  262   1          soft_iic_send_data(soft_iic_obj, soft_iic_obj->addr << 1);
  263   1          while(len --)
  264   1          {
  265   2              soft_iic_send_data(soft_iic_obj, (uint8)((*dat & 0xFF00) >> 8));
  266   2              soft_iic_send_data(soft_iic_obj, (uint8)(*dat ++ & 0x00FF));
  267   2          }
  268   1          soft_iic_stop(soft_iic_obj);
  269   1      }
  270          
  271          //-------------------------------------------------------------------------------------------------------
             -------------
  272          // КЏЪ§МђНщ     ШэМў IIC НгПкЯђДЋИаЦїМФДцЦїаД 8bit Ъ§Он
  273          // ВЮЪ§ЫЕУї     *soft_iic_obj   ШэМў IIC жИЖЈаХЯЂ ПЩвдВЮее zf_driver_soft_iic.h РяЕФИёЪНПДПД
  274          // ВЮЪ§ЫЕУї     register_name   ДЋИаЦїЕФМФДцЦїЕижЗ
  275          // ВЮЪ§ЫЕУї     dat            вЊаДШыЕФЪ§Он
  276          // ЗЕЛиВЮЪ§     void            
  277          // ЪЙгУЪОР§     soft_iic_write_8bit_register(soft_iic_obj, 0x01, 0x01);
  278          // БИзЂаХЯЂ     
  279          //-------------------------------------------------------------------------------------------------------
             -------------
  280          void soft_iic_write_8bit_register (soft_iic_info_struct *soft_iic_obj, const uint8 register_name, const u
             -int8 dat)
  281          {
  282   1          zf_assert(soft_iic_obj != NULL);
  283   1          soft_iic_start(soft_iic_obj);
  284   1          soft_iic_send_data(soft_iic_obj, soft_iic_obj->addr << 1);
  285   1          soft_iic_send_data(soft_iic_obj, register_name);
  286   1          soft_iic_send_data(soft_iic_obj, dat);
  287   1          soft_iic_stop(soft_iic_obj);
  288   1      }
  289          
  290          //-------------------------------------------------------------------------------------------------------
             -------------
  291          // КЏЪ§МђНщ     ШэМў IIC НгПкЯђДЋИаЦїМФДцЦїаД 8bit Ъ§зщ
  292          // ВЮЪ§ЫЕУї     *soft_iic_obj   ШэМў IIC жИЖЈаХЯЂ ПЩвдВЮее zf_driver_soft_iic.h РяЕФИёЪНПДПД
  293          // ВЮЪ§ЫЕУї     register_name   ДЋИаЦїЕФМФДцЦїЕижЗ
C251 COMPILER V5.60.0,  zf_driver_soft_iic                                                 24/05/26  16:50:22  PAGE 6   

  294          // ВЮЪ§ЫЕУї     *dat           Ъ§ОнДцЗХЛКГхЧј
  295          // ВЮЪ§ЫЕУї     len             ЛКГхЧјГЄЖШ
  296          // ЗЕЛиВЮЪ§     void            
  297          // ЪЙгУЪОР§     soft_iic_write_8bit_registers(soft_iic_obj, 0x01, dat, 6);
  298          // БИзЂаХЯЂ     
  299          //-------------------------------------------------------------------------------------------------------
             -------------
  300          void soft_iic_write_8bit_registers (soft_iic_info_struct *soft_iic_obj, const uint8 register_name, const 
             -uint8 *dat, uint32 len)
  301          {
  302   1          zf_assert(soft_iic_obj != NULL);
  303   1          zf_assert(dat != NULL);
  304   1          soft_iic_start(soft_iic_obj);
  305   1          soft_iic_send_data(soft_iic_obj, soft_iic_obj->addr << 1);
  306   1          soft_iic_send_data(soft_iic_obj, register_name);
  307   1          while(len --)
  308   1          {
  309   2              soft_iic_send_data(soft_iic_obj, *dat ++);
  310   2          }
  311   1          soft_iic_stop(soft_iic_obj);
  312   1      }
  313          
  314          //-------------------------------------------------------------------------------------------------------
             -------------
  315          // КЏЪ§МђНщ     ШэМў IIC НгПкЯђДЋИаЦїМФДцЦїаД 16bit Ъ§Он
  316          // ВЮЪ§ЫЕУї     *soft_iic_obj   ШэМў IIC жИЖЈаХЯЂ ПЩвдВЮее zf_driver_soft_iic.h РяЕФИёЪНПДПД
  317          // ВЮЪ§ЫЕУї     register_name   ДЋИаЦїЕФМФДцЦїЕижЗ
  318          // ВЮЪ§ЫЕУї     dat            вЊаДШыЕФЪ§Он
  319          // ЗЕЛиВЮЪ§     void            
  320          // ЪЙгУЪОР§     soft_iic_write_16bit_register(soft_iic_obj, 0x0101, 0x0101);
  321          // БИзЂаХЯЂ     
  322          //-------------------------------------------------------------------------------------------------------
             -------------
  323          void soft_iic_write_16bit_register (soft_iic_info_struct *soft_iic_obj, const uint16 register_name, const
             - uint16 dat)
  324          {
  325   1          zf_assert(soft_iic_obj != NULL);
  326   1          soft_iic_start(soft_iic_obj);
  327   1          soft_iic_send_data(soft_iic_obj, soft_iic_obj->addr << 1);
  328   1          soft_iic_send_data(soft_iic_obj, (uint8)((register_name & 0xFF00) >> 8));
  329   1          soft_iic_send_data(soft_iic_obj, (uint8)(register_name & 0x00FF));
  330   1          soft_iic_send_data(soft_iic_obj, (uint8)((dat & 0xFF00) >> 8));
  331   1          soft_iic_send_data(soft_iic_obj, (uint8)(dat & 0x00FF));
  332   1          soft_iic_stop(soft_iic_obj);
  333   1      }
  334          
  335          //-------------------------------------------------------------------------------------------------------
             -------------
  336          // КЏЪ§МђНщ     ШэМў IIC НгПкЯђДЋИаЦїМФДцЦїаД 16bit Ъ§зщ
  337          // ВЮЪ§ЫЕУї     *soft_iic_obj   ШэМў IIC жИЖЈаХЯЂ ПЩвдВЮее zf_driver_soft_iic.h РяЕФИёЪНПДПД
  338          // ВЮЪ§ЫЕУї     register_name   ДЋИаЦїЕФМФДцЦїЕижЗ
  339          // ВЮЪ§ЫЕУї     *dat           Ъ§ОнДцЗХЛКГхЧј
  340          // ВЮЪ§ЫЕУї     len             ЛКГхЧјГЄЖШ
  341          // ЗЕЛиВЮЪ§     void            
  342          // ЪЙгУЪОР§     soft_iic_write_16bit_registers(soft_iic_obj, 0x0101, dat, 6);
  343          // БИзЂаХЯЂ     
  344          //-------------------------------------------------------------------------------------------------------
             -------------
  345          void soft_iic_write_16bit_registers (soft_iic_info_struct *soft_iic_obj, const uint16 register_name, cons
             -t uint16 *dat, uint32 len)
  346          {
  347   1          zf_assert(soft_iic_obj != NULL);
  348   1          zf_assert(dat != NULL);
  349   1          soft_iic_start(soft_iic_obj);
  350   1          soft_iic_send_data(soft_iic_obj, soft_iic_obj->addr << 1);
  351   1          soft_iic_send_data(soft_iic_obj, (uint8)((register_name & 0xFF00) >> 8));
C251 COMPILER V5.60.0,  zf_driver_soft_iic                                                 24/05/26  16:50:22  PAGE 7   

  352   1          soft_iic_send_data(soft_iic_obj, (uint8)(register_name & 0x00FF));
  353   1          while(len--)
  354   1          {
  355   2              soft_iic_send_data(soft_iic_obj, (uint8)((*dat & 0xFF00) >> 8));
  356   2              soft_iic_send_data(soft_iic_obj, (uint8)(*dat ++ & 0x00FF));
  357   2          }
  358   1          soft_iic_stop(soft_iic_obj);
  359   1      }
  360          
  361          //-------------------------------------------------------------------------------------------------------
             -------------
  362          // КЏЪ§МђНщ     ШэМў IIC НгПкЖСШЁ 8bit Ъ§Он
  363          // ВЮЪ§ЫЕУї     *soft_iic_obj   ШэМў IIC жИЖЈаХЯЂ ПЩвдВЮее zf_driver_soft_iic.h РяЕФИёЪНПДПД
  364          // ЗЕЛиВЮЪ§     uint8           ЗЕЛиЖСШЁЕФ 8bit Ъ§Он
  365          // ЪЙгУЪОР§     soft_iic_read_8bit(soft_iic_obj);
  366          // БИзЂаХЯЂ     
  367          //-------------------------------------------------------------------------------------------------------
             -------------
  368          uint8 soft_iic_read_8bit (soft_iic_info_struct *soft_iic_obj)
  369          {
  370   1          uint8 temp = 0;
  371   1              zf_assert(soft_iic_obj != NULL);
  372   1          soft_iic_start(soft_iic_obj);
  373   1          soft_iic_send_data(soft_iic_obj, soft_iic_obj->addr << 1 | 0x01);
  374   1          temp = soft_iic_read_data(soft_iic_obj, 1);
  375   1          soft_iic_stop(soft_iic_obj);
  376   1          return temp;
  377   1      }
  378          
  379          //-------------------------------------------------------------------------------------------------------
             -------------
  380          // КЏЪ§МђНщ     ШэМў IIC НгПкДгДЋИаЦїМФДцЦїЖСШЁ 8bit Ъ§зщ
  381          // ВЮЪ§ЫЕУї     *soft_iic_obj   ШэМў IIC жИЖЈаХЯЂ ПЩвдВЮее zf_driver_soft_iic.h РяЕФИёЪНПДПД
  382          // ВЮЪ§ЫЕУї     register_name   ДЋИаЦїЕФМФДцЦїЕижЗ
  383          // ВЮЪ§ЫЕУї     *dat           вЊЖСШЁЕФЪ§ОнЕФЛКГхЧјжИеы
  384          // ВЮЪ§ЫЕУї     len             вЊЖСШЁЕФЪ§ОнГЄЖШ
  385          // ЗЕЛиВЮЪ§     void            
  386          // ЪЙгУЪОР§     soft_iic_read_8bit_array(soft_iic_obj, dat, 8);
  387          // БИзЂаХЯЂ     
  388          //-------------------------------------------------------------------------------------------------------
             -------------
  389          void soft_iic_read_8bit_array (soft_iic_info_struct *soft_iic_obj, uint8 *dat, uint32 len)
  390          {
  391   1          zf_assert(soft_iic_obj != NULL);
  392   1          zf_assert(dat != NULL);
  393   1          soft_iic_start(soft_iic_obj);
  394   1          soft_iic_send_data(soft_iic_obj, soft_iic_obj->addr << 1 | 0x01);
  395   1          while(len --)
  396   1          {
  397   2              *dat ++ = soft_iic_read_data(soft_iic_obj, len == 0);
  398   2          }
  399   1          soft_iic_stop(soft_iic_obj);
  400   1      }
  401          
  402          //-------------------------------------------------------------------------------------------------------
             -------------
  403          // КЏЪ§МђНщ     ШэМў IIC НгПкЖСШЁ 16bit Ъ§Он
  404          // ВЮЪ§ЫЕУї     *soft_iic_obj   ШэМў IIC жИЖЈаХЯЂ ПЩвдВЮее zf_driver_soft_iic.h РяЕФИёЪНПДПД
  405          // ВЮЪ§ЫЕУї     register_name   ДЋИаЦїЕФМФДцЦїЕижЗ
  406          // ЗЕЛиВЮЪ§     uint16          ЗЕЛиЖСШЁЕФ 16bit Ъ§Он
  407          // ЪЙгУЪОР§     soft_iic_read_16bit(soft_iic_obj);
  408          // БИзЂаХЯЂ     
  409          //-------------------------------------------------------------------------------------------------------
             -------------
  410          uint16 soft_iic_read_16bit (soft_iic_info_struct *soft_iic_obj)
  411          {
C251 COMPILER V5.60.0,  zf_driver_soft_iic                                                 24/05/26  16:50:22  PAGE 8   

  412   1          uint16 temp = 0;
  413   1              zf_assert(soft_iic_obj != NULL);
  414   1          soft_iic_start(soft_iic_obj);
  415   1          soft_iic_send_data(soft_iic_obj, soft_iic_obj->addr << 1 | 0x01);
  416   1          temp = soft_iic_read_data(soft_iic_obj, 0);
  417   1          temp = ((temp << 8)| soft_iic_read_data(soft_iic_obj, 1));
  418   1          soft_iic_stop(soft_iic_obj);
  419   1          return temp;
  420   1      }
  421          
  422          //-------------------------------------------------------------------------------------------------------
             -------------
  423          // КЏЪ§МђНщ     ШэМў IIC НгПкЖСШЁ 16bit Ъ§зщ
  424          // ВЮЪ§ЫЕУї     *soft_iic_obj   ШэМў IIC жИЖЈаХЯЂ ПЩвдВЮее zf_driver_soft_iic.h РяЕФИёЪНПДПД
  425          // ВЮЪ§ЫЕУї     *dat           вЊЖСШЁЕФЪ§ОнЕФЛКГхЧјжИеы
  426          // ВЮЪ§ЫЕУї     len             вЊЖСШЁЕФЪ§ОнГЄЖШ
  427          // ЗЕЛиВЮЪ§     void            
  428          // ЪЙгУЪОР§     soft_iic_read_16bit_array(soft_iic_obj, dat, 8);
  429          // БИзЂаХЯЂ     
  430          //-------------------------------------------------------------------------------------------------------
             -------------
  431          void soft_iic_read_16bit_array (soft_iic_info_struct *soft_iic_obj, uint16 *dat, uint32 len)
  432          {
  433   1          zf_assert(soft_iic_obj != NULL);
  434   1          zf_assert(dat != NULL);
  435   1          soft_iic_start(soft_iic_obj);
  436   1          soft_iic_send_data(soft_iic_obj, soft_iic_obj->addr << 1 | 0x01);
  437   1          while(len --)
  438   1          {
  439   2              *dat = soft_iic_read_data(soft_iic_obj, 0);
  440   2              *dat = ((*dat << 8)| soft_iic_read_data(soft_iic_obj, len == 0));
  441   2              dat ++;
  442   2          }
  443   1          soft_iic_stop(soft_iic_obj);
  444   1      }
  445          
  446          //-------------------------------------------------------------------------------------------------------
             -------------
  447          // КЏЪ§МђНщ     ШэМў IIC НгПкДгДЋИаЦїМФДцЦїЖСШЁ 8bit Ъ§Он
  448          // ВЮЪ§ЫЕУї     *soft_iic_obj   ШэМў IIC жИЖЈаХЯЂ ПЩвдВЮее zf_driver_soft_iic.h РяЕФИёЪНПДПД
  449          // ВЮЪ§ЫЕУї     register_name   ДЋИаЦїЕФМФДцЦїЕижЗ
  450          // ЗЕЛиВЮЪ§     uint8           ЗЕЛиЖСШЁЕФ 8bit Ъ§Он
  451          // ЪЙгУЪОР§     soft_iic_read_8bit_register(soft_iic_obj, 0x01);
  452          // БИзЂаХЯЂ     
  453          //-------------------------------------------------------------------------------------------------------
             -------------
  454          uint8 soft_iic_read_8bit_register (soft_iic_info_struct *soft_iic_obj, const uint8 register_name)
  455          {
  456   1          uint8 temp = 0;
  457   1              zf_assert(soft_iic_obj != NULL);
  458   1          soft_iic_start(soft_iic_obj);
  459   1          soft_iic_send_data(soft_iic_obj, soft_iic_obj->addr << 1);
  460   1          soft_iic_send_data(soft_iic_obj, register_name);
  461   1          soft_iic_start(soft_iic_obj);
  462   1          soft_iic_send_data(soft_iic_obj, soft_iic_obj->addr << 1 | 0x01);
  463   1          temp = soft_iic_read_data(soft_iic_obj, 1);
  464   1          soft_iic_stop(soft_iic_obj);
  465   1          return temp;
  466   1      }
  467          
  468          //-------------------------------------------------------------------------------------------------------
             -------------
  469          // КЏЪ§МђНщ     ШэМў IIC НгПкДгДЋИаЦїМФДцЦїЖСШЁ 8bit Ъ§зщ
  470          // ВЮЪ§ЫЕУї     *soft_iic_obj   ШэМў IIC жИЖЈаХЯЂ ПЩвдВЮее zf_driver_soft_iic.h РяЕФИёЪНПДПД
  471          // ВЮЪ§ЫЕУї     register_name   ДЋИаЦїЕФМФДцЦїЕижЗ
  472          // ВЮЪ§ЫЕУї     *dat           вЊЖСШЁЕФЪ§ОнЕФЛКГхЧјжИеы
C251 COMPILER V5.60.0,  zf_driver_soft_iic                                                 24/05/26  16:50:22  PAGE 9   

  473          // ВЮЪ§ЫЕУї     len             вЊЖСШЁЕФЪ§ОнГЄЖШ
  474          // ЗЕЛиВЮЪ§     void            
  475          // ЪЙгУЪОР§     soft_iic_read_8bit_registers(soft_iic_obj, 0x01, dat, 8);
  476          // БИзЂаХЯЂ     
  477          //-------------------------------------------------------------------------------------------------------
             -------------
  478          void soft_iic_read_8bit_registers (soft_iic_info_struct *soft_iic_obj, const uint8 register_name, uint8 *
             -dat, uint32 len)
  479          {
  480   1          zf_assert(soft_iic_obj != NULL);
  481   1          zf_assert(dat != NULL);
  482   1          soft_iic_start(soft_iic_obj);
  483   1          soft_iic_send_data(soft_iic_obj, soft_iic_obj->addr << 1);
  484   1          soft_iic_send_data(soft_iic_obj, register_name);
  485   1          soft_iic_start(soft_iic_obj);
  486   1          soft_iic_send_data(soft_iic_obj, soft_iic_obj->addr << 1 | 0x01);
  487   1          while(len --)
  488   1          {
  489   2              *dat ++ = soft_iic_read_data(soft_iic_obj, len == 0);
  490   2          }
  491   1          soft_iic_stop(soft_iic_obj);
  492   1      }
  493          
  494          //-------------------------------------------------------------------------------------------------------
             -------------
  495          // КЏЪ§МђНщ     ШэМў IIC НгПкДгДЋИаЦїМФДцЦїЖСШЁ 16bit Ъ§Он
  496          // ВЮЪ§ЫЕУї     *soft_iic_obj   ШэМў IIC жИЖЈаХЯЂ ПЩвдВЮее zf_driver_soft_iic.h РяЕФИёЪНПДПД
  497          // ВЮЪ§ЫЕУї     register_name   ДЋИаЦїЕФМФДцЦїЕижЗ
  498          // ЗЕЛиВЮЪ§     uint16          ЗЕЛиЖСШЁЕФ 16bit Ъ§Он
  499          // ЪЙгУЪОР§     soft_iic_read_16bit_register(soft_iic_obj, 0x0101);
  500          // БИзЂаХЯЂ     
  501          //-------------------------------------------------------------------------------------------------------
             -------------
  502          uint16 soft_iic_read_16bit_register (soft_iic_info_struct *soft_iic_obj, const uint16 register_name)
  503          {
  504   1          uint16 temp = 0;
  505   1              zf_assert(soft_iic_obj != NULL);
  506   1          soft_iic_start(soft_iic_obj);
  507   1          soft_iic_send_data(soft_iic_obj, soft_iic_obj->addr << 1);
  508   1          soft_iic_send_data(soft_iic_obj, (uint8)((register_name & 0xFF00) >> 8));
  509   1          soft_iic_send_data(soft_iic_obj, (uint8)(register_name & 0x00FF));
  510   1          soft_iic_start(soft_iic_obj);
  511   1          soft_iic_send_data(soft_iic_obj, soft_iic_obj->addr << 1 | 0x01);
  512   1          temp = soft_iic_read_data(soft_iic_obj, 0);
  513   1          temp = ((temp << 8)| soft_iic_read_data(soft_iic_obj, 1));
  514   1          soft_iic_stop(soft_iic_obj);
  515   1          return temp;
  516   1      }
  517          
  518          //-------------------------------------------------------------------------------------------------------
             -------------
  519          // КЏЪ§МђНщ     ШэМў IIC НгПкДгДЋИаЦїМФДцЦїЖСШЁ 16bit Ъ§зщ
  520          // ВЮЪ§ЫЕУї     *soft_iic_obj   ШэМў IIC жИЖЈаХЯЂ ПЩвдВЮее zf_driver_soft_iic.h РяЕФИёЪНПДПД
  521          // ВЮЪ§ЫЕУї     register_name   ДЋИаЦїЕФМФДцЦїЕижЗ
  522          // ВЮЪ§ЫЕУї     *dat           вЊЖСШЁЕФЪ§ОнЕФЛКГхЧјжИеы
  523          // ВЮЪ§ЫЕУї     len             вЊЖСШЁЕФЪ§ОнГЄЖШ
  524          // ЗЕЛиВЮЪ§     void            
  525          // ЪЙгУЪОР§     soft_iic_read_16bit_registers(soft_iic_obj, 0x0101, dat, 8);
  526          // БИзЂаХЯЂ     
  527          //-------------------------------------------------------------------------------------------------------
             -------------
  528          void soft_iic_read_16bit_registers (soft_iic_info_struct *soft_iic_obj, const uint16 register_name, uint1
             -6 *dat, uint32 len)
  529          {
  530   1          zf_assert(soft_iic_obj != NULL);
  531   1          zf_assert(dat != NULL);
C251 COMPILER V5.60.0,  zf_driver_soft_iic                                                 24/05/26  16:50:22  PAGE 10  

  532   1          soft_iic_start(soft_iic_obj);
  533   1          soft_iic_send_data(soft_iic_obj, soft_iic_obj->addr << 1);
  534   1          soft_iic_send_data(soft_iic_obj, (uint8)((register_name & 0xFF00) >> 8));
  535   1          soft_iic_send_data(soft_iic_obj, (uint8)(register_name & 0x00FF));
  536   1          soft_iic_start(soft_iic_obj);
  537   1          soft_iic_send_data(soft_iic_obj, soft_iic_obj->addr << 1 | 0x01);
  538   1          while(len --)
  539   1          {
  540   2              *dat = soft_iic_read_data(soft_iic_obj, 0);
  541   2              *dat = ((*dat << 8)| soft_iic_read_data(soft_iic_obj, len == 0));
  542   2              dat ++;
  543   2          }
  544   1          soft_iic_stop(soft_iic_obj);
  545   1      }
  546          
  547          //-------------------------------------------------------------------------------------------------------
             -------------
  548          // КЏЪ§МђНщ     ШэМў IIC НгПкДЋЪф 8bit Ъ§зщ ЯШаДКѓЖСШЁ
  549          // ВЮЪ§ЫЕУї     *soft_iic_obj   ШэМў IIC жИЖЈаХЯЂ ПЩвдВЮее zf_driver_soft_iic.h РяЕФИёЪНПДПД
  550          // ВЮЪ§ЫЕУї     *write_data     ЗЂЫЭЪ§ОнДцЗХЛКГхЧј
  551          // ВЮЪ§ЫЕУї     write_len       ЗЂЫЭЛКГхЧјГЄЖШ
  552          // ВЮЪ§ЫЕУї     *read_data      ЖСШЁЪ§ОнДцЗХЛКГхЧј
  553          // ВЮЪ§ЫЕУї     read_len        ЖСШЁЛКГхЧјГЄЖШ
  554          // ЗЕЛиВЮЪ§     void            
  555          // ЪЙгУЪОР§     iic_transfer_8bit_array(IIC_1, addr, dat, 64, dat, 64);
  556          // БИзЂаХЯЂ     
  557          //-------------------------------------------------------------------------------------------------------
             -------------
  558          void soft_iic_transfer_8bit_array (soft_iic_info_struct *soft_iic_obj, const uint8 *write_data, uint32 wr
             -ite_len, uint8 *read_data, uint32 read_len)
  559          {
  560   1          zf_assert(soft_iic_obj != NULL);
  561   1          zf_assert(write_data != NULL);
  562   1          zf_assert(read_data != NULL);
  563   1          soft_iic_start(soft_iic_obj);
  564   1          soft_iic_send_data(soft_iic_obj, soft_iic_obj->addr << 1);
  565   1          while(write_len --)
  566   1          {
  567   2              soft_iic_send_data(soft_iic_obj, *write_data ++);
  568   2          }
  569   1      
  570   1          if(read_len)
  571   1          {
  572   2              soft_iic_start(soft_iic_obj);
  573   2              soft_iic_send_data(soft_iic_obj, soft_iic_obj->addr << 1 | 0x01);
  574   2              while(read_len --)
  575   2              {
  576   3                  *read_data ++ = soft_iic_read_data(soft_iic_obj, read_len == 0);
  577   3              }
  578   2          }
  579   1          soft_iic_stop(soft_iic_obj);
  580   1      }
  581          
  582          //-------------------------------------------------------------------------------------------------------
             -------------
  583          // КЏЪ§МђНщ     ШэМў IIC НгПкДЋЪф 16bit Ъ§зщ ЯШаДКѓЖСШЁ
  584          // ВЮЪ§ЫЕУї     *soft_iic_obj   ШэМў IIC жИЖЈаХЯЂ ПЩвдВЮее zf_driver_soft_iic.h РяЕФИёЪНПДПД
  585          // ВЮЪ§ЫЕУї     *write_data     ЗЂЫЭЪ§ОнДцЗХЛКГхЧј
  586          // ВЮЪ§ЫЕУї     write_len       ЗЂЫЭЛКГхЧјГЄЖШ
  587          // ВЮЪ§ЫЕУї     *read_data      ЖСШЁЪ§ОнДцЗХЛКГхЧј
  588          // ВЮЪ§ЫЕУї     read_len        ЖСШЁЛКГхЧјГЄЖШ
  589          // ЗЕЛиВЮЪ§     void            
  590          // ЪЙгУЪОР§     iic_transfer_16bit_array(IIC_1, addr, dat, 64, dat, 64);
  591          // БИзЂаХЯЂ     
  592          //-------------------------------------------------------------------------------------------------------
             -------------
C251 COMPILER V5.60.0,  zf_driver_soft_iic                                                 24/05/26  16:50:22  PAGE 11  

  593          void soft_iic_transfer_16bit_array (soft_iic_info_struct *soft_iic_obj, const uint16 *write_data, uint32 
             -write_len, uint16 *read_data, uint32 read_len)
  594          {
  595   1          zf_assert(soft_iic_obj != NULL);
  596   1          zf_assert(write_data != NULL);
  597   1          zf_assert(read_data != NULL);
  598   1          soft_iic_start(soft_iic_obj);
  599   1          soft_iic_send_data(soft_iic_obj, soft_iic_obj->addr << 1);
  600   1          while(write_len--)
  601   1          {
  602   2              soft_iic_send_data(soft_iic_obj, (uint8)((*write_data & 0xFF00) >> 8));
  603   2              soft_iic_send_data(soft_iic_obj, (uint8)(*write_data ++ & 0x00FF));
  604   2          }
  605   1          if(read_len)
  606   1          {
  607   2              soft_iic_start(soft_iic_obj);
  608   2              soft_iic_send_data(soft_iic_obj, soft_iic_obj->addr << 1 | 0x01);
  609   2              while(read_len --)
  610   2              {
  611   3                  *read_data = soft_iic_read_data(soft_iic_obj, 0);
  612   3                  *read_data = ((*read_data << 8)| soft_iic_read_data(soft_iic_obj, read_len == 0));
  613   3                  read_data ++;
  614   3              }
  615   2          }
  616   1          soft_iic_stop(soft_iic_obj);
  617   1      }
  618          
  619          //-------------------------------------------------------------------------------------------------------
             -------------
  620          // КЏЪ§МђНщ     ШэМў IIC НгПк SCCB ФЃЪНЯђДЋИаЦїМФДцЦїаД 8bit Ъ§Он
  621          // ВЮЪ§ЫЕУї     *soft_iic_obj   ШэМў IIC жИЖЈаХЯЂ ПЩвдВЮее zf_driver_soft_iic.h РяЕФИёЪНПДПД
  622          // ВЮЪ§ЫЕУї     register_name   ДЋИаЦїЕФМФДцЦїЕижЗ
  623          // ВЮЪ§ЫЕУї     dat            вЊаДШыЕФЪ§Он
  624          // ЗЕЛиВЮЪ§     void            
  625          // ЪЙгУЪОР§     soft_iic_sccb_write_register(soft_iic_obj, 0x01, 0x01);
  626          // БИзЂаХЯЂ     
  627          //-------------------------------------------------------------------------------------------------------
             -------------
  628          void soft_iic_sccb_write_register (soft_iic_info_struct *soft_iic_obj, const uint8 register_name, uint8 d
             -at)
  629          {
  630   1          zf_assert(soft_iic_obj != NULL);
  631   1          soft_iic_start(soft_iic_obj);
  632   1          soft_iic_send_data(soft_iic_obj, soft_iic_obj->addr << 1);
  633   1          soft_iic_send_data(soft_iic_obj, register_name);
  634   1          soft_iic_send_data(soft_iic_obj, dat);
  635   1          soft_iic_stop(soft_iic_obj);
  636   1      }
  637          
  638          //-------------------------------------------------------------------------------------------------------
             -------------
  639          // КЏЪ§МђНщ     ШэМў IIC НгПк SCCB ФЃЪНДгДЋИаЦїМФДцЦїЖСШЁ 8bit Ъ§Он
  640          // ВЮЪ§ЫЕУї     *soft_iic_obj   ШэМў IIC жИЖЈаХЯЂ ПЩвдВЮее zf_driver_soft_iic.h РяЕФИёЪНПДПД
  641          // ВЮЪ§ЫЕУї     register_name   ДЋИаЦїЕФМФДцЦїЕижЗ
  642          // ЗЕЛиВЮЪ§     uint8           ЗЕЛиЖСШЁЕФ 8bit Ъ§Он
  643          // ЪЙгУЪОР§     soft_iic_sccb_read_register(soft_iic_obj, 0x01);
  644          // БИзЂаХЯЂ     
  645          //-------------------------------------------------------------------------------------------------------
             -------------
  646          uint8 soft_iic_sccb_read_register (soft_iic_info_struct *soft_iic_obj, const uint8 register_name)
  647          {
  648   1          uint8 temp = 0;
  649   1              zf_assert(soft_iic_obj != NULL);
  650   1          soft_iic_start(soft_iic_obj);
  651   1          soft_iic_send_data(soft_iic_obj, soft_iic_obj->addr << 1);
  652   1          soft_iic_send_data(soft_iic_obj, register_name);
C251 COMPILER V5.60.0,  zf_driver_soft_iic                                                 24/05/26  16:50:22  PAGE 12  

  653   1          soft_iic_stop(soft_iic_obj);
  654   1      
  655   1          soft_iic_start(soft_iic_obj);
  656   1          soft_iic_send_data(soft_iic_obj, soft_iic_obj->addr << 1 | 0x01);
  657   1          temp = soft_iic_read_data(soft_iic_obj, 1);
  658   1          soft_iic_stop(soft_iic_obj);
  659   1          return temp;
  660   1      }
  661          
  662          //-------------------------------------------------------------------------------------------------------
             -------------
  663          // КЏЪ§МђНщ     ШэМў IIC НгПкГѕЪМЛЏ ФЌШЯ MASTER ФЃЪН ВЛЬсЙЉ SLAVE ФЃЪН
  664          // ВЮЪ§ЫЕУї     *soft_iic_obj   ШэМў IIC жИЖЈаХЯЂДцЗХНсЙЙЬхЕФжИеы
  665          // ВЮЪ§ЫЕУї     addr            ШэМў IIC ЕижЗ етРяашвЊзЂвт БъзМЦпЮЛЕижЗ зюИпЮЛКіТд аДШыЪБЧыЮёБиШЗШЯЮоЮѓ
  666          // ВЮЪ§ЫЕУї     delay           ШэМў IIC бгЪБ ОЭЪЧЪБжгИпЕчЦНЪБМф дНЖЬ IIC ЫйТЪдНИп
  667          // ВЮЪ§ЫЕУї     scl_pin         ШэМў IIC ЪБжгв§НХ ВЮее zf_driver_gpio.h Фк gpio_pin_enum УЖОйЬхЖЈвх
  668          // ВЮЪ§ЫЕУї     sda_pin         ШэМў IIC Ъ§Онв§НХ ВЮее zf_driver_gpio.h Фк gpio_pin_enum УЖОйЬхЖЈвх
  669          // ЗЕЛиВЮЪ§     void            
  670          // ЪЙгУЪОР§     soft_iic_init(&soft_iic_obj, addr, 100, B6, B7);
  671          // БИзЂаХЯЂ     
  672          //-------------------------------------------------------------------------------------------------------
             -------------
  673          void soft_iic_init (soft_iic_info_struct *soft_iic_obj, uint8 addr, uint32 delay, gpio_pin_enum scl_pin, 
             -gpio_pin_enum sda_pin)
  674          {
  675   1          zf_assert(soft_iic_obj != NULL);
  676   1          zf_assert(scl_pin != sda_pin);                                 // абабЃЁ scl_pin гы sda_pin дѕУДФмЬюЭ
             -ЌвЛИів§НХЃП
  677   1          soft_iic_obj->scl_pin = scl_pin;
  678   1          soft_iic_obj->sda_pin = sda_pin;
  679   1          soft_iic_obj->addr = addr;
  680   1          soft_iic_obj->delay = delay;
  681   1          gpio_init(scl_pin, GPO, 1, GPO_OPEN_DTAIN);                                 // ЬсШЁЖдгІIOЫїв§ AFЙІФмБрТы
  682   1          gpio_init(sda_pin, GPO, 1, GPO_OPEN_DTAIN);                                 // ЬсШЁЖдгІIOЫїв§ AFЙІФмБрТы
  683   1      }


Module Information          Static   Overlayable
------------------------------------------------
  code size            =      6592     ------
  ecode size           =    ------     ------
  data size            =    ------     ------
  idata size           =    ------     ------
  pdata size           =    ------     ------
  xdata size           =       256     ------
  xdata-const size     =    ------     ------
  edata size           =    ------     ------
  bit size             =    ------     ------
  ebit size            =    ------     ------
  bitaddressable size  =    ------     ------
  ebitaddressable size =    ------     ------
  far data size        =    ------     ------
  huge data size       =    ------     ------
  const size           =    ------     ------
  hconst size          =        47     ------
End of Module Information.


C251 COMPILATION COMPLETE.  0 WARNING(S),  0 ERROR(S)
