C251 COMPILER V5.60.0,  zf_driver_spi                                                      17/05/26  17:31:00  PAGE 1   


C251 COMPILER V5.60.0, COMPILATION OF MODULE zf_driver_spi
OBJECT MODULE PLACED IN .\out_file\zf_driver_spi.obj
COMPILER INVOKED BY: D:\Keil_v5\C251\BIN\C251.EXE ..\..\libraries\zf_driver\zf_driver_spi.c LARGE NOALIAS WARNINGLEVEL(0
                    -) OPTIMIZE(0,SIZE) BROWSE INCDIR(..\..\libraries\zf_common;..\..\libraries\zf_components;..\..\libraries\zf_device;..\..
                    -\libraries\zf_driver;..\user;..\code) DEBUG PRINT(.\out_file\zf_driver_spi.lst) OBJECT(.\out_file\zf_driver_spi.obj) 

stmt  level    source

    1          #pragma warning disable = 47
    2          
    3          #include "zf_common_debug.h"
    4          #include "zf_common_clock.h"
    5          #include "zf_driver_gpio.h"
    6          #include "zf_driver_spi.h"
    7          
    8          #pragma warning disable = 183
    9          #pragma warning disable = 177
   10          
   11          /*
   12          #define SPI0_WRITE_DAT(dat)             \
   13                          SPSTAT = 0xc0;              \
   14                          SPDAT = dat;                            \
   15                          while (!(SPSTAT & 0x80));
   16          
   17          #define SPI1_WRITE_DAT(dat)             \
   18                          TI = 0x0;                       \
   19                          SBUF = dat;                                     \
   20                          while (!TI)
   21          
   22          #define SPI2_WRITE_DAT(dat)             \
   23                          S2TI = 0x0;                     \
   24                          S2BUF = dat;                            \
   25                          while (!S2TI)
   26                          
   27          #define SPI_WRITE_DAT(spi_n, dat)       \
   28                  switch (spi_n)                                  \
   29                  {                               \
   30                          case SPI_0:                 \
   31                                  SPI0_WRITE_DAT(dat);    \
   32                                  break;                  \
   33                          case SPI_1:                 \
   34                                  SPI1_WRITE_DAT(dat);    \
   35                                  break;                  \
   36                          case SPI_2:                 \
   37                                  SPI2_WRITE_DAT(dat);    \
   38                                  break;                  \
   39                          default:                    \
   40                                  zf_assert(0);           \
   41                                  break;                  \
   42                  }
   43          
   44          */
   45          
   46          #define SPI_WRITE_DAT(spi_n, dat) spi_write_dat(spi_n, dat)
   47          void spi_write_dat(spi_index_enum spi_n, const uint8 dat)
   48          {
   49   1              switch (spi_n)                                  
   50   1              {                               
   51   2                      case SPI_0:                 
   52   2                              SPSTAT = 0xc0;              
   53   2                              SPDAT = dat;                            
   54   2                              while (!(SPSTAT & 0x80));  
   55   2                              break;
   56   2                      case SPI_1:                 
   57   2                              TI = 0x0;                       
C251 COMPILER V5.60.0,  zf_driver_spi                                                      17/05/26  17:31:00  PAGE 2   

   58   2                              SBUF = dat;                                     
   59   2                              while (!TI);
   60   2                              break;                  
   61   2                      case SPI_2:
   62   2                              S2TI = 0x0;                     
   63   2                              S2BUF = dat;                            
   64   2                              while (!S2TI);
   65   2                              break;          
   66   2                      default:                    
   67   2                              zf_assert(0);           
   68   2                              break;                  
   69   2              }
   70   1      }
   71                  
   72          #define SPI_READ_DAT(spi_n, dat) spi_read_dat(spi_n, dat)
   73          uint8 spi_read_dat(spi_index_enum spi_n, const uint8 dat)
   74          {
   75   1              uint8 ret = 0xFF;
   76   1              switch (spi_n)                                  
   77   1              {                               
   78   2                      case SPI_0:                 
   79   2                              SPSTAT = 0xc0;              
   80   2                              SPDAT = dat;                            
   81   2                              while (!(SPSTAT & 0x80));  
   82   2                              ret = SPDAT;
   83   2                              break;
   84   2                      case SPI_1:                 
   85   2                              TI = 0x0;                       
   86   2                              SBUF = dat;                                     
   87   2                              while (!TI);
   88   2                              ret = SBUF;
   89   2                              break;                  
   90   2                      case SPI_2:
   91   2                              S2TI = 0x0;                     
   92   2                              S2BUF = dat;                            
   93   2                              while (!S2TI);
   94   2                              ret = S2BUF;
   95   2                              break;          
   96   2                      default:                    
   97   2                              zf_assert(0);           
   98   2                              break;                  
   99   2              }
  100   1              
  101   1              return ret;
  102   1      }
  103          
  104          
  105          
  106          //-------------------------------------------------------------------------------------------------------
             -------------
  107          // КЏЪ§МђНщ      SPI НгПкаД 8bit Ъ§Он
  108          // ВЮЪ§ЫЕУї     spi_n           SPI ФЃПщКХ ВЮее zf_driver_spi.h Фк spi_index_enum УЖОйЬхЖЈвх
  109          // ВЮЪ§ЫЕУї     data            Ъ§Он
  110          // ЗЕЛиВЮЪ§     void
  111          // ЪЙгУЪОР§     spi_write_8bit(SPI_1,0x11);
  112          //-------------------------------------------------------------------------------------------------------
             -------------
  113          void spi_write_8bit (spi_index_enum spi_n, const uint8 dat)
  114          {
  115   1              SPI_WRITE_DAT(spi_n, dat);
  116   1      }
  117          
  118          //-------------------------------------------------------------------------------------------------------
             -------------
  119          // КЏЪ§МђНщ      SPI НгПкаД 8bit Ъ§зщ
  120          // ВЮЪ§ЫЕУї     spi_n           SPI ФЃПщКХ ВЮее zf_driver_spi.h Фк spi_index_enum УЖОйЬхЖЈвх
C251 COMPILER V5.60.0,  zf_driver_spi                                                      17/05/26  17:31:00  PAGE 3   

  121          // ВЮЪ§ЫЕУї     *data           Ъ§ОнДцЗХЛКГхЧј
  122          // ВЮЪ§ЫЕУї     len             ЛКГхЧјГЄЖШ
  123          // ЗЕЛиВЮЪ§     void
  124          // ЪЙгУЪОР§     spi_write_8bit_array(SPI_1,data,64);
  125          //-------------------------------------------------------------------------------------------------------
             -------------
  126          void spi_write_8bit_array (spi_index_enum spi_n, const uint8 *dat, uint32 len)
  127          {
  128   1              while(len--)
  129   1              {
  130   2                      SPI_WRITE_DAT(spi_n, *dat++);
  131   2              }
  132   1      }
  133          
  134          //-------------------------------------------------------------------------------------------------------
             -------------
  135          // КЏЪ§МђНщ      SPI НгПкаД 16bit Ъ§Он
  136          // ВЮЪ§ЫЕУї     spi_n           SPI ФЃПщКХ ВЮее zf_driver_spi.h Фк spi_index_enum УЖОйЬхЖЈвх
  137          // ВЮЪ§ЫЕУї     data            Ъ§Он
  138          // ЗЕЛиВЮЪ§     void
  139          // ЪЙгУЪОР§     spi_write_16bit(SPI_1,0x1101);
  140          //-------------------------------------------------------------------------------------------------------
             -------------
  141          void spi_write_16bit (spi_index_enum spi_n, const uint16 dat)
  142          {
  143   1              SPI_WRITE_DAT(spi_n, (uint8)((dat & 0xFF00) >> 8));
  144   1              SPI_WRITE_DAT(spi_n, (uint8)(dat & 0x00FF));
  145   1      }
  146          
  147          //-------------------------------------------------------------------------------------------------------
             -------------
  148          // КЏЪ§МђНщ      SPI НгПкаД 16bit Ъ§зщ
  149          // ВЮЪ§ЫЕУї     spi_n           SPI ФЃПщКХ ВЮее zf_driver_spi.h Фк spi_index_enum УЖОйЬхЖЈвх
  150          // ВЮЪ§ЫЕУї     *data           Ъ§ОнДцЗХЛКГхЧј
  151          // ВЮЪ§ЫЕУї     len             ЛКГхЧјГЄЖШ
  152          // ЗЕЛиВЮЪ§     void
  153          // ЪЙгУЪОР§     spi_write_16bit_array(SPI_1,data,64);
  154          //-------------------------------------------------------------------------------------------------------
             -------------
  155          void spi_write_16bit_array (spi_index_enum spi_n, const uint16 *dat, uint32 len)
  156          {
  157   1          while(len--)
  158   1          {
  159   2                      SPI_WRITE_DAT(spi_n, (uint8)((*dat & 0xFF00) >> 8));
  160   2                      SPI_WRITE_DAT(spi_n, (uint8)(*dat++ & 0x00FF));
  161   2          }
  162   1      }
  163          
  164          //-------------------------------------------------------------------------------------------------------
             -------------
  165          // КЏЪ§МђНщ      SPI НгПкЯђДЋИаЦїЕФМФДцЦїаД 8bit Ъ§Он
  166          // ВЮЪ§ЫЕУї     spi_n           SPI ФЃПщКХ ВЮее zf_driver_spi.h Фк spi_index_enum УЖОйЬхЖЈвх
  167          // ВЮЪ§ЫЕУї     register_name   МФДцЦїЕижЗ
  168          // ВЮЪ§ЫЕУї     data            Ъ§Он
  169          // ЗЕЛиВЮЪ§     void
  170          // ЪЙгУЪОР§     spi_write_8bit_register(SPI_1,0x11,0x01);
  171          //-------------------------------------------------------------------------------------------------------
             -------------
  172          void spi_write_8bit_register (spi_index_enum spi_n, const uint8 register_name, const uint8 dat)
  173          {
  174   1              SPI_WRITE_DAT(spi_n, register_name);
  175   1              SPI_WRITE_DAT(spi_n, dat);
  176   1      }
  177          
  178          
  179          //-------------------------------------------------------------------------------------------------------
C251 COMPILER V5.60.0,  zf_driver_spi                                                      17/05/26  17:31:00  PAGE 4   

             -------------
  180          // КЏЪ§МђНщ      SPI НгПкЯђДЋИаЦїЕФМФДцЦїаД 8bit Ъ§зщ
  181          // ВЮЪ§ЫЕУї     spi_n           SPI ФЃПщКХ ВЮее zf_driver_spi.h Фк spi_index_enum УЖОйЬхЖЈвх
  182          // ВЮЪ§ЫЕУї     register_name   МФДцЦїЕижЗ
  183          // ВЮЪ§ЫЕУї     *data           Ъ§ОнДцЗХЛКГхЧј
  184          // ВЮЪ§ЫЕУї     len             ЛКГхЧјГЄЖШ
  185          // ЗЕЛиВЮЪ§     void
  186          // ЪЙгУЪОР§     spi_write_8bit_registers(SPI_1,0x11,data,32);
  187          //-------------------------------------------------------------------------------------------------------
             -------------
  188          void spi_write_8bit_registers (spi_index_enum spi_n, const uint8 register_name, const uint8 *dat, uint32 
             -len)
  189          {
  190   1              SPI_WRITE_DAT(spi_n, register_name);
  191   1          while(len--)
  192   1          {
  193   2                      SPI_WRITE_DAT(spi_n, *dat++);
  194   2          }
  195   1      }
  196          
  197          //-------------------------------------------------------------------------------------------------------
             -------------
  198          // КЏЪ§МђНщ     SPI НгПкЯђДЋИаЦїЕФМФДцЦїаД 16bit Ъ§Он
  199          // ВЮЪ§ЫЕУї     spi_n           SPI ФЃПщКХ ВЮее zf_driver_spi.h Фк spi_index_enum УЖОйЬхЖЈвх
  200          // ВЮЪ§ЫЕУї     register_name   МФДцЦїЕижЗ
  201          // ВЮЪ§ЫЕУї     data            Ъ§Он
  202          // ЗЕЛиВЮЪ§     void
  203          // ЪЙгУЪОР§     spi_write_16bit_register(SPI_1,0x1011,0x0101);
  204          //-------------------------------------------------------------------------------------------------------
             -------------
  205          void spi_write_16bit_register (spi_index_enum spi_n, const uint16 register_name, const uint16 dat)
  206          {
  207   1              SPI_WRITE_DAT(spi_n, (uint8)((register_name & 0xFF00) >> 8));
  208   1              SPI_WRITE_DAT(spi_n, (uint8)(register_name & 0x00FF));
  209   1              SPI_WRITE_DAT(spi_n, (uint8)((dat & 0xFF00) >> 8));
  210   1              SPI_WRITE_DAT(spi_n, (uint8)(dat & 0x00FF));
  211   1      }
  212          
  213          //-------------------------------------------------------------------------------------------------------
             -------------
  214          // КЏЪ§МђНщ      SPI НгПкЯђДЋИаЦїЕФМФДцЦїаД 16bit Ъ§зщ
  215          // ВЮЪ§ЫЕУї     spi_n           SPI ФЃПщКХ ВЮее zf_driver_spi.h Фк spi_index_enum УЖОйЬхЖЈвх
  216          // ВЮЪ§ЫЕУї     register_name   МФДцЦїЕижЗ
  217          // ВЮЪ§ЫЕУї     *data           Ъ§ОнДцЗХЛКГхЧј
  218          // ВЮЪ§ЫЕУї     len             ЛКГхЧјГЄЖШ
  219          // ЗЕЛиВЮЪ§     void
  220          // ЪЙгУЪОР§     spi_write_16bit_registers(SPI_1,0x1011,data,32);
  221          //-------------------------------------------------------------------------------------------------------
             -------------
  222          void spi_write_16bit_registers (spi_index_enum spi_n, const uint16 register_name, const uint16 *dat, uint
             -32 len)
  223          {
  224   1              SPI_WRITE_DAT(spi_n, (uint8)((register_name & 0xFF00) >> 8));
  225   1              SPI_WRITE_DAT(spi_n, (uint8)(register_name & 0x00FF));
  226   1              SPI_WRITE_DAT(spi_n, (uint8)((*dat & 0xFF00) >> 8));
  227   1              SPI_WRITE_DAT(spi_n, (uint8)(*dat++ & 0x00FF));
  228   1      }
  229          
  230          //-------------------------------------------------------------------------------------------------------
             -------------
  231          // КЏЪ§МђНщ      SPI НгПкЖС 8bit Ъ§Он
  232          // ВЮЪ§ЫЕУї     spi_n           SPI ФЃПщКХ ВЮее zf_driver_spi.h Фк spi_index_enum УЖОйЬхЖЈвх
  233          // ВЮЪ§ЫЕУї     register_name   МФДцЦїЕижЗ
  234          // ЗЕЛиВЮЪ§     uint8         Ъ§Он
  235          // ЪЙгУЪОР§     spi_read_8bit(SPI_1);
  236          //-------------------------------------------------------------------------------------------------------
C251 COMPILER V5.60.0,  zf_driver_spi                                                      17/05/26  17:31:00  PAGE 5   

             -------------
  237          uint8 spi_read_8bit (spi_index_enum spi_n)
  238          {
  239   1          return SPI_READ_DAT(spi_n, 0);
  240   1      }
  241          
  242          //-------------------------------------------------------------------------------------------------------
             -------------
  243          // КЏЪ§МђНщ      SPI НгПкЖС 8bit Ъ§зщ
  244          // ВЮЪ§ЫЕУї     spi_n           SPI ФЃПщКХ ВЮее zf_driver_spi.h Фк spi_index_enum УЖОйЬхЖЈвх
  245          // ВЮЪ§ЫЕУї     *data           Ъ§ОнДцЗХЛКГхЧј
  246          // ВЮЪ§ЫЕУї     len             ЗЂЫЭЛКГхЧјГЄЖШ
  247          // ЗЕЛиВЮЪ§     void
  248          // ЪЙгУЪОР§     spi_read_8bit_array(SPI_1,data,64);
  249          //-------------------------------------------------------------------------------------------------------
             -------------
  250          void spi_read_8bit_array (spi_index_enum spi_n, uint8 *dat, uint32 len)
  251          {
  252   1          while(len--)
  253   1          {
  254   2              *dat++ = SPI_READ_DAT(spi_n, 0);
  255   2          }
  256   1      }
  257          
  258          //-------------------------------------------------------------------------------------------------------
             -------------
  259          // КЏЪ§МђНщ      SPI НгПкЖС 16bit Ъ§Он
  260          // ВЮЪ§ЫЕУї     spi_n           SPI ФЃПщКХ ВЮее zf_driver_spi.h Фк spi_index_enum УЖОйЬхЖЈвх
  261          // ВЮЪ§ЫЕУї     register_name   МФДцЦїЕижЗ
  262          // ЗЕЛиВЮЪ§     uint16        Ъ§Он
  263          // ЪЙгУЪОР§     spi_read_16bit(SPI_1);
  264          //-------------------------------------------------------------------------------------------------------
             -------------
  265          uint16 spi_read_16bit (spi_index_enum spi_n)
  266          {
  267   1          uint16 dat = 0;
  268   1      
  269   1          dat = SPI_READ_DAT(spi_n, 0);
  270   1      
  271   1          dat = ((dat << 8) | SPI_READ_DAT(spi_n, 0));
  272   1          
  273   1          return dat;
  274   1      }
  275          
  276          //-------------------------------------------------------------------------------------------------------
             -------------
  277          // КЏЪ§МђНщ      SPI НгПкЖС 16bit Ъ§зщ
  278          // ВЮЪ§ЫЕУї     spi_n           SPI ФЃПщКХ ВЮее zf_driver_spi.h Фк spi_index_enum УЖОйЬхЖЈвх
  279          // ВЮЪ§ЫЕУї     *data           Ъ§ОнДцЗХЛКГхЧј
  280          // ВЮЪ§ЫЕУї     len             ЗЂЫЭЛКГхЧјГЄЖШ
  281          // ЗЕЛиВЮЪ§     void
  282          // ЪЙгУЪОР§     spi_read_16bit_array(SPI_1,data,64);
  283          //-------------------------------------------------------------------------------------------------------
             -------------
  284          void spi_read_16bit_array (spi_index_enum spi_n, uint16 *dat, uint32 len)
  285          {
  286   1          while(len--)
  287   1          {
  288   2              *dat = SPI_READ_DAT(spi_n, 0);
  289   2              *dat = ((*dat << 8) | SPI_READ_DAT(spi_n, 0));
  290   2              dat++;
  291   2          }
  292   1      }
  293          
  294          //-------------------------------------------------------------------------------------------------------
             -------------
C251 COMPILER V5.60.0,  zf_driver_spi                                                      17/05/26  17:31:00  PAGE 6   

  295          // КЏЪ§МђНщ      SPI НгПкДгДЋИаЦїЕФМФДцЦїЖС 8bit Ъ§Он
  296          // ВЮЪ§ЫЕУї     spi_n           SPI ФЃПщКХ ВЮее zf_driver_spi.h Фк spi_index_enum УЖОйЬхЖЈвх
  297          // ВЮЪ§ЫЕУї     register_name   МФДцЦїЕижЗ
  298          // ЗЕЛиВЮЪ§     uint8         Ъ§Он
  299          // ЪЙгУЪОР§     spi_read_8bit_register(SPI_1,0x11);
  300          //-------------------------------------------------------------------------------------------------------
             -------------
  301          uint8 spi_read_8bit_register (spi_index_enum spi_n, const uint8 register_name)
  302          {
  303   1              SPI_WRITE_DAT(spi_n, register_name);
  304   1          return SPI_READ_DAT(spi_n, 0);
  305   1      }
  306          
  307          //-------------------------------------------------------------------------------------------------------
             -------------
  308          // КЏЪ§МђНщ      SPI НгПкДгДЋИаЦїЕФМФДцЦїЖС 8bit Ъ§зщ
  309          // ВЮЪ§ЫЕУї     spi_n           SPI ФЃПщКХ ВЮее zf_driver_spi.h Фк spi_index_enum УЖОйЬхЖЈвх
  310          // ВЮЪ§ЫЕУї     register_name   МФДцЦїЕижЗ
  311          // ВЮЪ§ЫЕУї     *data           Ъ§ОнДцЗХЛКГхЧј
  312          // ВЮЪ§ЫЕУї     len             ЗЂЫЭЛКГхЧјГЄЖШ
  313          // ЗЕЛиВЮЪ§     void
  314          // ЪЙгУЪОР§     spi_read_8bit_registers(SPI_1,0x11,data,32);
  315          //-------------------------------------------------------------------------------------------------------
             -------------
  316          void spi_read_8bit_registers (spi_index_enum spi_n, const uint8 register_name, uint8 *dat, uint32 len)
  317          {
  318   1              SPI_WRITE_DAT(spi_n, register_name);
  319   1          while(len--)
  320   1          {
  321   2              *dat++ = SPI_READ_DAT(spi_n, 0);
  322   2          }
  323   1      }
  324          
  325          //-------------------------------------------------------------------------------------------------------
             -------------
  326          // КЏЪ§МђНщ      SPI НгПкДгДЋИаЦїЕФМФДцЦїЖС 16bit Ъ§Он
  327          // ВЮЪ§ЫЕУї     spi_n           SPI ФЃПщКХ ВЮее zf_driver_spi.h Фк spi_index_enum УЖОйЬхЖЈвх
  328          // ВЮЪ§ЫЕУї     register_name   МФДцЦїЕижЗ
  329          // ЗЕЛиВЮЪ§     uint16        Ъ§Он
  330          // ЪЙгУЪОР§     spi_read_16bit_register(SPI_1,0x1011);
  331          //-------------------------------------------------------------------------------------------------------
             -------------
  332          uint16 spi_read_16bit_register (spi_index_enum spi_n, const uint16 register_name)
  333          {
  334   1          uint16 dat = 0;
  335   1          
  336   1              SPI_WRITE_DAT(spi_n, (uint8)((register_name & 0xFF00) >> 8));
  337   1              SPI_WRITE_DAT(spi_n, (uint8)(register_name & 0x00FF));
  338   1              
  339   1              dat = SPI_READ_DAT(spi_n, 0);
  340   1              dat = ((dat << 8) |  SPI_READ_DAT(spi_n, 0));
  341   1      
  342   1          return dat;
  343   1      }
  344          
  345          //-------------------------------------------------------------------------------------------------------
             -------------
  346          // КЏЪ§МђНщ      SPI НгПкДгДЋИаЦїЕФМФДцЦїЖС 16bit Ъ§зщ
  347          // ВЮЪ§ЫЕУї     spi_n           SPI ФЃПщКХ ВЮее zf_driver_spi.h Фк spi_index_enum УЖОйЬхЖЈвх
  348          // ВЮЪ§ЫЕУї     register_name   МФДцЦїЕижЗ
  349          // ВЮЪ§ЫЕУї     *dat           Ъ§ОнДцЗХЛКГхЧј
  350          // ВЮЪ§ЫЕУї     len             ЗЂЫЭЛКГхЧјГЄЖШ
  351          // ЗЕЛиВЮЪ§     void
  352          // ЪЙгУЪОР§     spi_read_16bit_registers(SPI_1,0x1101,dat,32);
  353          //-------------------------------------------------------------------------------------------------------
             -------------
C251 COMPILER V5.60.0,  zf_driver_spi                                                      17/05/26  17:31:00  PAGE 7   

  354          void spi_read_16bit_registers (spi_index_enum spi_n, const uint16 register_name, uint16 *dat, uint32 len)
  355          {
  356   1              SPI_WRITE_DAT(spi_n, (uint8)((register_name & 0xFF00) >> 8));
  357   1              SPI_WRITE_DAT(spi_n, (uint8)(register_name & 0x00FF));
  358   1          
  359   1          while(len--)
  360   1          {
  361   2                      *dat = SPI_READ_DAT(spi_n, 0);
  362   2                      *dat = ((*dat << 8) |  SPI_READ_DAT(spi_n, 0));
  363   2              dat++;
  364   2          }
  365   1      }
  366          
  367          //-------------------------------------------------------------------------------------------------------
             -------------
  368          // КЏЪ§МђНщ      SPI 8bit Ъ§ОнДЋЪф ЗЂЫЭгыНгЪеЪ§ОнЪЧЭЌЪБНјааЕФ
  369          // ВЮЪ§ЫЕУї     spi_n           SPI ФЃПщКХ ВЮее zf_driver_spi.h Фк spi_index_enum УЖОйЬхЖЈвх
  370          // ВЮЪ§ЫЕУї     write_buffer    ЗЂЫЭЕФЪ§ОнЛКГхЧјЕижЗ
  371          // ВЮЪ§ЫЕУї     read_buffer     ЗЂЫЭЪ§ОнЪБНгЪеЕНЕФЪ§ОнЕФДцДЂЕижЗ(ВЛашвЊНгЪедђДЋ NULL)
  372          // ВЮЪ§ЫЕУї     len             ЛКГхЧјГЄЖШ
  373          // ЗЕЛиВЮЪ§     void
  374          // ЪЙгУЪОР§     spi_transfer_8bit(SPI_1,buf,buf,1);
  375          //-------------------------------------------------------------------------------------------------------
             -------------
  376          void spi_transfer_8bit (spi_index_enum spi_n, const uint8 *write_buffer, uint8 *read_buffer, uint32 len)
  377          {
  378   1          while(len--)
  379   1          {
  380   2              if(read_buffer != NULL)
  381   2              {
  382   3                  *read_buffer++ = SPI_READ_DAT(spi_n, *(write_buffer++));
  383   3              }
  384   2                      else
  385   2                      {
  386   3                              SPI_WRITE_DAT(spi_n, *(write_buffer++));
  387   3                      }
  388   2          }
  389   1      }
  390          
  391          //-------------------------------------------------------------------------------------------------------
             -------------
  392          // КЏЪ§МђНщ      SPI 16bit Ъ§ОнДЋЪф ЗЂЫЭгыНгЪеЪ§ОнЪЧЭЌЪБНјааЕФ
  393          // ВЮЪ§ЫЕУї     spi_n           SPI ФЃПщКХ ВЮее zf_driver_spi.h Фк spi_index_enum УЖОйЬхЖЈвх
  394          // ВЮЪ§ЫЕУї     write_buffer    ЗЂЫЭЕФЪ§ОнЛКГхЧјЕижЗ
  395          // ВЮЪ§ЫЕУї     read_buffer     ЗЂЫЭЪ§ОнЪБНгЪеЕНЕФЪ§ОнЕФДцДЂЕижЗ(ВЛашвЊНгЪедђДЋ NULL)
  396          // ВЮЪ§ЫЕУї     len             ЛКГхЧјГЄЖШ
  397          // ЗЕЛиВЮЪ§     void
  398          // ЪЙгУЪОР§     spi_transfer_16bit(SPI_1,buf,buf,1);
  399          //-------------------------------------------------------------------------------------------------------
             -------------
  400          void spi_transfer_16bit (spi_index_enum spi_n, const uint16 *write_buffer, uint16 *read_buffer, uint32 le
             -n)
  401          {
  402   1          while(len--)
  403   1          {
  404   2                      if(read_buffer != NULL)
  405   2              {
  406   3                  *read_buffer = SPI_READ_DAT(spi_n, (uint8)((*write_buffer & 0xFF00) >> 8));
  407   3                              *read_buffer = *read_buffer << 8 | (uint8)(SPI_READ_DAT(spi_n, (*write_buffer & 0x00FF)));
  408   3                              read_buffer++;
  409   3              }
  410   2                      else
  411   2                      {
  412   3                              SPI_WRITE_DAT(spi_n, (uint8)((*write_buffer & 0xFF00) >> 8));
  413   3                              SPI_WRITE_DAT(spi_n, (uint8)(*write_buffer & 0x00FF));
  414   3                      }
C251 COMPILER V5.60.0,  zf_driver_spi                                                      17/05/26  17:31:00  PAGE 8   

  415   2              write_buffer++;
  416   2          }
  417   1      }
  418          
  419          //-------------------------------------------------------------------------------------------------------
             -------------
  420          // КЏЪ§МђНщ     SPI НгПкГѕЪМЛЏ
  421          // ВЮЪ§ЫЕУї     spi_n           SPI ФЃПщКХ ВЮее zf_driver_spi.h Фк spi_index_enum УЖОйЬхЖЈвх
  422          // ВЮЪ§ЫЕУї     mode            SPI ФЃЪН ВЮее zf_driver_spi.h Фк spi_mode_enum УЖОйЬхЖЈвх
  423          // ВЮЪ§ЫЕУї     baud            ЩшжУ SPI ЕФВЈЬиТЪ ВЛГЌЙ§ЯЕЭГЪБжгЕФвЛАы ВПЗжЫйТЪЛсБЛЪЪХфГЩЯрНќЕФЫйТЪ
  424          // ВЮЪ§ЫЕУї     sck_pin         бЁдё SCK в§НХ ВЮее zf_driver_spi.h Фк spi_pin_enum УЖОйЬхЖЈвх
  425          // ВЮЪ§ЫЕУї     mosi_pin        бЁдё MOSI в§НХ ВЮее zf_driver_spi.h Фк spi_pin_enum УЖОйЬхЖЈвх
  426          // ВЮЪ§ЫЕУї     miso_pin        бЁдё MISO в§НХ ВЮее zf_driver_spi.h Фк spi_pin_enum УЖОйЬхЖЈвх
  427          // ВЮЪ§ЫЕУї     cs_pin          бЁдё CS в§НХ ВЮее zf_driver_gpio.h Фк gpio_pin_enum УЖОйЬхЖЈвх
  428          // ЗЕЛиВЮЪ§     void
  429          // ЪЙгУЪОР§     spi_init(SPI_1, 0, 1*1000*1000, SPI1_SCK_A5, SPI1_MOSI_A7, SPI1_MISO_A6, A4);  //гВМўSPIГ
             -ѕЪМЛЏ  ФЃЪН0 ВЈЬиТЪЮЊ1Mhz
  430          //-------------------------------------------------------------------------------------------------------
             -------------
  431          void spi_init(spi_index_enum spi_n, spi_mode_enum mode, uint32 baud, spi_pin_enum sck_pin, spi_pin_enum m
             -osi_pin, spi_pin_enum miso_pin, gpio_pin_enum cs_pin)
  432          {
  433   1              // STC32G гВМўSPI 15M CLK ВЩМЏЪ§ОнЃЌДэЮЛЁЃ
  434   1          uint32 spi_psc = 0;
  435   1          
  436   1          if((sck_pin & 0xFF00) != (mosi_pin & 0xFF00))
  437   1          {
  438   2              zf_assert(0);
  439   2              // SPIжЛФмЪЙгУЭЌвЛзщв§НХЃЌВЛдЪаэЛьгУв§НХ
  440   2          }
  441   1          
  442   1          gpio_init(sck_pin  & 0xFF, GPO, 1, GPO_PUSH_PULL);
  443   1          gpio_init(mosi_pin & 0xFF, GPO, 1, GPO_PUSH_PULL);
  444   1          
  445   1          if(miso_pin != SPI_NULL_PIN)
  446   1          {
  447   2              gpio_init(miso_pin & 0xFF, GPI, 1, GPI_IMPEDANCE);
  448   2          }
  449   1          
  450   1          if(cs_pin != SPI_NULL_PIN)
  451   1          {
  452   2              gpio_init(cs_pin & 0xFF, GPO, 0, GPO_PUSH_PULL);
  453   2          }
  454   1      
  455   1              // ВЈЬиТЪДѓгкЕШгк10MОЭашвЊЩшжУGPIOЕчЦНзЊЛЛЫйЖШ
  456   1              if(baud >= (10*1000*1000U))
  457   1              {
  458   2                      gpio_set_level_speed(sck_pin  & 0xFF, GPIO_SPEED_FAST);
  459   2                      gpio_set_level_speed(mosi_pin  & 0xFF, GPIO_SPEED_FAST);
  460   2                      if(miso_pin != SPI_NULL_PIN)
  461   2                      {
  462   3                              gpio_set_level_speed(miso_pin & 0xFF, GPIO_SPEED_FAST);
  463   3                      }
  464   2                      if(cs_pin != SPI_NULL_PIN)
  465   2                      {
  466   3                              gpio_set_level_speed(cs_pin & 0xFF, GPIO_SPEED_FAST);
  467   3                      }
  468   2              }
  469   1          
  470   1          if(SPI_0 == spi_n)
  471   1          {
  472   2              P_SW1 &= ~(0x03 << 2); //ЧхГ§SPIЙІФмНХбЁдёЮЛ
  473   2              
  474   2              switch((sck_pin >> 8) & 0x03)
  475   2              {
  476   3                  case 0:
C251 COMPILER V5.60.0,  zf_driver_spi                                                      17/05/26  17:31:00  PAGE 9   

  477   3                      P_SW1 |= (0x00 << 2);
  478   3                      break;
  479   3                      
  480   3                  case 1:
  481   3                      P_SW1 |= (0x01 << 2);
  482   3                      break;
  483   3                      
  484   3                  case 2:
  485   3                      P_SW1 |= (0x02 << 2);
  486   3                      break;
  487   3                      
  488   3                  case 3:
  489   3                      P_SW1 |= (0x03 << 2);
  490   3                      break;
  491   3              }
  492   2              
  493   2              SPCTL = 0;
  494   2              SPCTL |= 1 << 7;        //КіТдSSв§НХЙІФмЃЌЪЙгУMSTRШЗЖЈЦїМўЪЧжїЛњЛЙЪЧДгЛњ
  495   2              SPCTL |= 1 << 4;        //жїЛњФЃЪН
  496   2              
  497   2              // ЩшжУSPIЫйТЪ
  498   2              spi_psc = system_clock / baud;
  499   2                      
  500   2              SPCTL &= ~(0x03 << 0);
  501   2                      
  502   2                      if(spi_psc > 8)
  503   2              {
  504   3                  SPCTL |= 0x02;      // SPIЪфШыЪБжг/16
  505   3              }
  506   2              else if(spi_psc > 4)
  507   2              {
  508   3                  SPCTL |= 0x01;      // SPIЪфШыЪБжг/8
  509   3              }
  510   2              else if(spi_psc > 2)
  511   2              {
  512   3                  SPCTL |= 0x00;      // SPIЪфШыЪБжг/4
  513   3              }
  514   2              else
  515   2              {
  516   3                  SPCTL |= 0x03;      // SPIЪфШыЪБжг/2
  517   3              }
  518   2                      
  519   2              // ЩшжУSPIМЋадКЭЯрЮЛ
  520   2              switch(mode)
  521   2              {
  522   3                  case SPI_MODE0:
  523   3                      break;
  524   3                      
  525   3                  case SPI_MODE1:
  526   3                      SPCTL |= 0x01 << 2;
  527   3                      break;
  528   3                      
  529   3                  case SPI_MODE2:
  530   3                      SPCTL |= 0x02 << 2;
  531   3                      break;
  532   3                      
  533   3                  case SPI_MODE3:
  534   3                      SPCTL |= 0x03 << 2;
  535   3                      break;
  536   3              }
  537   2              
  538   2              SPCTL |= 1 << 6;        // ЪЙФмSPIЙІФм
  539   2          }
  540   1          else if(SPI_1 == spi_n)
  541   1          {
  542   2                      
C251 COMPILER V5.60.0,  zf_driver_spi                                                      17/05/26  17:31:00  PAGE 10  

  543   2                      // ШчЙћГЬађдкЪфГіСЫЖЯбдаХЯЂ ВЂЧвЬсЪОГіДэЮЛжУдкетРя
  544   2                      // ОЭШЅВщПДФудкЪВУДЕиЗНЕїгУетИіКЏЪ§ МьВщФуЕФДЋШыВЮЪ§
  545   2                      // етРяЪЧМьВщЪЧЗёгажиИДЪЙгУUART1 КЭ UART2ЙІФм
  546   2                      // БШШчГѕЪМЛЏСЫ UART1 ШЛКѓгжГѕЪМЛЏГЩ SPI1 етжжгУЗЈЪЧВЛдЪаэЕФ
  547   2                      // UART1КЭSPI1ЪЙгУЭЌвЛИіМФДцЦїЃЌвЊУДгУUART1вЊУДЪЙгУSPI1,жЛФмЪЧЖўбЁвЛЁЃ
  548   2                      // UART2КЭSPI2ЪЙгУЭЌвЛИіМФДцЦїЃЌвЊУДгУUART2вЊУДЪЙгУSPI2,жЛФмЪЧЖўбЁвЛЁЃ
  549   2                      zf_assert(uart_funciton_check(UART_1, UART_FUNCTION_SPI));
  550   2                      
  551   2                      
  552   2              P_SW3 &= ~(0x03 << 2); //ЧхГ§SPIЙІФмНХбЁдёЮЛ
  553   2              
  554   2              switch((sck_pin >> 8) & 0x03)
  555   2              {
  556   3                  case 0:
  557   3                      P_SW3 |= (0x00 << 2);
  558   3                      break;
  559   3                      
  560   3                  case 1:
  561   3                      P_SW3 |= (0x01 << 2);
  562   3                      break;
  563   3                      
  564   3                  case 2:
  565   3                      P_SW3 |= (0x02 << 2);
  566   3                      break;
  567   3                      
  568   3                  case 3:
  569   3                      P_SW3 |= (0x03 << 2);
  570   3                      break;
  571   3              }
  572   2              
  573   2              SCON = 0x10;            // НгЪеЪЙФм
  574   2              USARTCR1 = 0x10;        // ЪЙФмSPIФЃЪНЃЌжїЛњЙІФм
  575   2              
  576   2              
  577   2              // ЩшжУSPIЫйТЪ
  578   2              spi_psc = system_clock / baud;
  579   2              
  580   2      
  581   2                      
  582   2              if(spi_psc > 8)
  583   2              {
  584   3                  USARTCR4 |= 0x02;   // SPIЪфШыЪБжг/16
  585   3              }
  586   2              else if(spi_psc > 4)
  587   2              {
  588   3                  USARTCR4 |= 0x01;   // SPIЪфШыЪБжг/8
  589   3              }
  590   2              else// if(spi_psc > 2)
  591   2              {
  592   3                  USARTCR4 |= 0x00;   // SPIЪфШыЪБжг/4
  593   3              }
  594   2      //        else
  595   2      //        {
  596   2      //            USARTCR4 |= 0x03; // SPIЪфШыЪБжг/2
  597   2      //        }
  598   2              
  599   2              
  600   2              // ЩшжУSPIМЋадКЭЯрЮЛ
  601   2              switch(mode)
  602   2              {
  603   3                  case SPI_MODE0:
  604   3                      USARTCR1 |= 0x00;
  605   3                      break;
  606   3                      
  607   3                  case SPI_MODE1:
  608   3                      USARTCR1 |= 0x01;
C251 COMPILER V5.60.0,  zf_driver_spi                                                      17/05/26  17:31:00  PAGE 11  

  609   3                      break;
  610   3                      
  611   3                  case SPI_MODE2:
  612   3                      USARTCR1 |= 0x02;
  613   3                      break;
  614   3                      
  615   3                  case SPI_MODE3:
  616   3                      USARTCR1 |= 0x03;
  617   3                      break;
  618   3              }
  619   2              
  620   2              USARTCR1 |= 0x08; // ЪЙФмSPIЙІФм
  621   2          }
  622   1          else if(SPI_2 == spi_n)
  623   1          {
  624   2                      
  625   2                      // ШчЙћГЬађдкЪфГіСЫЖЯбдаХЯЂ ВЂЧвЬсЪОГіДэЮЛжУдкетРя
  626   2                      // ОЭШЅВщПДФудкЪВУДЕиЗНЕїгУетИіКЏЪ§ МьВщФуЕФДЋШыВЮЪ§
  627   2                      // етРяЪЧМьВщЪЧЗёгажиИДЪЙгУUART1 КЭ UART2ЙІФм
  628   2                      // БШШчГѕЪМЛЏСЫ UART1 ШЛКѓгжГѕЪМЛЏГЩ SPI1 етжжгУЗЈЪЧВЛдЪаэЕФ
  629   2                      // UART1КЭSPI1ЪЙгУЭЌвЛИіМФДцЦїЃЌвЊУДгУUART1вЊУДЪЙгУSPI1,жЛФмЪЧЖўбЁвЛЁЃ
  630   2                      // UART2КЭSPI2ЪЙгУЭЌвЛИіМФДцЦїЃЌвЊУДгУUART2вЊУДЪЙгУSPI2,жЛФмЪЧЖўбЁвЛЁЃ
  631   2                      zf_assert(uart_funciton_check(UART_2, UART_FUNCTION_SPI));
  632   2      
  633   2              P_SW3 &= ~(0x03 << 4); //ЧхГ§SPIЙІФмНХбЁдёЮЛ
  634   2              
  635   2              switch((sck_pin >> 8) & 0x03)
  636   2              {
  637   3                  case 0:
  638   3                      P_SW3 |= (0x00 << 4);
  639   3                      break;
  640   3                      
  641   3                  case 1:
  642   3                      P_SW3 |= (0x01 << 4);
  643   3                      break;
  644   3                      
  645   3                  case 2:
  646   3                      P_SW3 |= (0x02 << 4);
  647   3                      break;
  648   3                      
  649   3                  case 3:
  650   3                      P_SW3 |= (0x03 << 4);
  651   3                      break;
  652   3              }
  653   2              
  654   2              S2CON = 0x10;           // НгЪеЪЙФм
  655   2              USART2CR1 = 0x10;       // ЪЙФмSPIФЃЪНЃЌжїЛњЙІФм
  656   2              
  657   2              
  658   2              // ЩшжУSPIЫйТЪ
  659   2              spi_psc = system_clock / baud;
  660   2      
  661   2              if(spi_psc > 8)
  662   2              {
  663   3                  USART2CR4 |= 0x02;  // SPIЪфШыЪБжг/16
  664   3              }
  665   2              else if(spi_psc > 4)
  666   2              {
  667   3                  USART2CR4 |= 0x01;  // SPIЪфШыЪБжг/8
  668   3              }
  669   2              else //if(spi_psc > 2)
  670   2              {
  671   3                  USART2CR4 |= 0x00;  // SPIЪфШыЪБжг/4
  672   3              }
  673   2      //        else
  674   2      //        {
C251 COMPILER V5.60.0,  zf_driver_spi                                                      17/05/26  17:31:00  PAGE 12  

  675   2      //            USART2CR4 |= 0x03;        // SPIЪфШыЪБжг/2
  676   2      //        }
  677   2              
  678   2              
  679   2              // ЩшжУSPIМЋадКЭЯрЮЛ
  680   2              switch(mode)
  681   2              {
  682   3                  case SPI_MODE0:
  683   3                      USART2CR1 |= 0x00;
  684   3                      break;
  685   3                      
  686   3                  case SPI_MODE1:
  687   3                      USART2CR1 |= 0x01;
  688   3                      break;
  689   3                      
  690   3                  case SPI_MODE2:
  691   3                      USART2CR1 |= 0x02;
  692   3                      break;
  693   3                      
  694   3                  case SPI_MODE3:
  695   3                      USART2CR1 |= 0x03;
  696   3                      break;
  697   3              }
  698   2              
  699   2              USART2CR1 |= 0x08; // ЪЙФмSPIЙІФм
  700   2          }
  701   1      }
  702          
  703          
  704          


Module Information          Static   Overlayable
------------------------------------------------
  code size            =      3321     ------
  ecode size           =    ------     ------
  data size            =    ------     ------
  idata size           =    ------     ------
  pdata size           =    ------     ------
  xdata size           =       173     ------
  xdata-const size     =    ------     ------
  edata size           =    ------     ------
  bit size             =    ------     ------
  ebit size            =    ------     ------
  bitaddressable size  =    ------     ------
  ebitaddressable size =    ------     ------
  far data size        =    ------     ------
  huge data size       =    ------     ------
  const size           =    ------     ------
  hconst size          =        42     ------
End of Module Information.


C251 COMPILATION COMPLETE.  0 WARNING(S),  0 ERROR(S)
