C251 COMPILER V5.60.0,  zf_device_type                                                     19/05/26  19:24:59  PAGE 1   


C251 COMPILER V5.60.0, COMPILATION OF MODULE zf_device_type
OBJECT MODULE PLACED IN .\out_file\zf_device_type.obj
COMPILER INVOKED BY: E:\keil_v5\C251\BIN\C251.EXE ..\..\libraries\zf_device\zf_device_type.c LARGE NOALIAS WARNINGLEVEL(
                    -0) OPTIMIZE(0,SIZE) BROWSE INCDIR(..\..\libraries\zf_common;..\..\libraries\zf_components;..\..\libraries\zf_device;..\.
                    -.\libraries\zf_driver;..\user;..\code) DEBUG PRINT(.\out_file\zf_device_type.lst) OBJECT(.\out_file\zf_device_type.obj) 

stmt  level    source

    1          #include "zf_device_type.h"
    2          
    3          wireless_type_enum  wireless_type       = NO_WIRELESS;
    4          tof_type_enum       tof_type            = NO_TOF;
    5          gps_type_enum       gps_type            = NO_GPS;
    6          
    7          void (*tof_module_exti_handler)(uint8 dat) = NULL;                      // ToF 模块 INT 更新中断
    8          
    9          //-------------------------------------------------------------------------------------------------------
             -------------
   10          // 函数简介     设置无线模块类型
   11          // 参数说明     type_set        选定的无线模块类型
   12          // 参数说明     uart_callback   设备的串口回调函数
   13          // 返回参数     void
   14          // 使用示例     set_wireless_type(WIRELESS_UART, uart_callback);
   15          // 备注信息     一般由各摄像头初始化内部调用
   16          //-------------------------------------------------------------------------------------------------------
             -------------
   17          void set_wireless_type (wireless_type_enum type_set, uart_index_enum uartx, void *uart_callback)
   18          {
   19   1          wireless_type = type_set;
   20   1          
   21   1          if(uartx == UART_1)
   22   1          {
   23   2              uart1_irq_handler = uart_callback;
   24   2          }
   25   1          else if(uartx == UART_2)
   26   1          {
   27   2              uart2_irq_handler = uart_callback;
   28   2          }
   29   1          else if(uartx == UART_3)
   30   1          {
   31   2              uart3_irq_handler = uart_callback;
   32   2          }
   33   1          else if(uartx == UART_4)
   34   1          {
   35   2              uart4_irq_handler = uart_callback;
   36   2          }
   37   1      }
   38          
   39          //-------------------------------------------------------------------------------------------------------
             -------------
   40          // 函数简介     设置 ToF 模块类型
   41          // 参数说明     type_set        选定的 ToF 模块类型
   42          // 参数说明     exti_callback   设备的外部中断回调函数
   43          // 返回参数     void
   44          // 使用示例     set_tof_type(TOF_DL1A, dl1a_int_handler);
   45          // 备注信息     一般由各摄像头初始化内部调用
   46          //-------------------------------------------------------------------------------------------------------
             -------------
   47          void set_tof_type (tof_type_enum type_set, void *exti_callback)
   48          {
   49   1          tof_type = type_set;
   50   1          tof_module_exti_handler = exti_callback;
   51   1      }
   52          
   53          
C251 COMPILER V5.60.0,  zf_device_type                                                     19/05/26  19:24:59  PAGE 2   

   54          //-------------------------------------------------------------------------------------------------------
             -------------
   55          // 函数简介     设置 ToF 模块类型
   56          // 参数说明     type_set        选定的 ToF 模块类型
   57          // 参数说明     exti_callback   设备的外部中断回调函数
   58          // 返回参数     void
   59          // 使用示例     set_tof_type(TOF_DL1A, dl1a_int_handler);
   60          // 备注信息     一般由各摄像头初始化内部调用
   61          //-------------------------------------------------------------------------------------------------------
             -------------
   62          void set_gps_type (gps_type_enum type_set, uart_index_enum uartx, void *uart_callback)
   63          {
   64   1          gps_type = type_set;
   65   1          if(uartx == UART_1)
   66   1          {
   67   2              uart1_irq_handler = uart_callback;
   68   2          }
   69   1          else if(uartx == UART_2)
   70   1          {
   71   2              uart2_irq_handler = uart_callback;
   72   2          }
   73   1          else if(uartx == UART_3)
   74   1          {
   75   2              uart3_irq_handler = uart_callback;
   76   2          }
   77   1          else if(uartx == UART_4)
   78   1          {
   79   2              uart4_irq_handler = uart_callback;
   80   2          }
   81   1      }
   82          


Module Information          Static   Overlayable
------------------------------------------------
  code size            =       363     ------
  ecode size           =    ------     ------
  data size            =    ------     ------
  idata size           =    ------     ------
  pdata size           =    ------     ------
  xdata size           =        30     ------
  xdata-const size     =    ------     ------
  edata size           =    ------     ------
  bit size             =    ------     ------
  ebit size            =    ------     ------
  bitaddressable size  =    ------     ------
  ebitaddressable size =    ------     ------
  far data size        =    ------     ------
  huge data size       =    ------     ------
  const size           =    ------     ------
  hconst size          =        28     ------
End of Module Information.


C251 COMPILATION COMPLETE.  0 WARNING(S),  0 ERROR(S)
