C251 COMPILER V5.60.0,  zf_driver_encoder                                                  19/05/26  19:24:57  PAGE 1   


C251 COMPILER V5.60.0, COMPILATION OF MODULE zf_driver_encoder
OBJECT MODULE PLACED IN .\out_file\zf_driver_encoder.obj
COMPILER INVOKED BY: E:\keil_v5\C251\BIN\C251.EXE ..\..\libraries\zf_driver\zf_driver_encoder.c LARGE NOALIAS WARNINGLEV
                    -EL(0) OPTIMIZE(0,SIZE) BROWSE INCDIR(..\..\libraries\zf_common;..\..\libraries\zf_components;..\..\libraries\zf_device;.
                    -.\..\libraries\zf_driver;..\user;..\code) DEBUG PRINT(.\out_file\zf_driver_encoder.lst) OBJECT(.\out_file\zf_driver_enco
                    -der.obj) 

stmt  level    source

    1          #include "zf_driver_gpio.h"
    2          #include "zf_driver_encoder.h"
    3          
    4          static volatile uint8 encoder_dir_pin[6] = { 0xFF, 0xFF, 0xFF, 0xFF, 0xFF, 0xFF};
    5          
    6          //-------------------------------------------------------------------------------------------------------
             -------------
    7          // КЏЪ§МђНщ     ЖЈЪБЦїБрТыЦїНтТыШЁжЕ
    8          // ВЮЪ§ЫЕУї     encoder_n      ЖЈЪБЦїУЖОйЬх
    9          // ЗЕЛиВЮЪ§     void
   10          // БИзЂаХЯЂ
   11          // ЪЙгУЪОР§    encoder_get_count(TIM2_ENCOEDER)  // ЛёШЁЖЈЪБЦї2ЕФВЩМЏЕНЕФБрТыЦїЪ§Он
   12          //-------------------------------------------------------------------------------------------------------
             -------------
   13          int16 encoder_get_count(encoder_index_enum encoder_n)
   14          {
   15   1          int16 dat = 0;
   16   1          switch(encoder_n)
   17   1          {
   18   2              case TIM0_ENCOEDER:
   19   2              {
   20   3                  dat = (uint16)TH0 << 8;
   21   3                  dat = ((uint8)TL0) | dat;
   22   3                  break;
   23   3              }
   24   2              case TIM1_ENCOEDER:
   25   2              {
   26   3                  dat = (uint16)TH1 << 8;
   27   3                  dat = ((uint8)TL1) | dat;
   28   3                  break;
   29   3              }
   30   2              case TIM2_ENCOEDER:
   31   2              {
   32   3                  dat = (uint16)T2H << 8;
   33   3                  dat = ((uint8)T2L) | dat;
   34   3                  break;
   35   3              }
   36   2              case TIM3_ENCOEDER:
   37   2              {
   38   3                  dat = (uint16)T3H << 8;
   39   3                  dat = ((uint8)T3L) | dat;
   40   3                  break;
   41   3              }
   42   2              case TIM4_ENCOEDER:
   43   2              {
   44   3                  dat = (uint16)T4H << 8;
   45   3                  dat = ((uint8)T4L) | dat;
   46   3                  break;
   47   3              }
   48   2          }
   49   1          if(gpio_get_level(encoder_dir_pin[encoder_n]))
   50   1          {
   51   2              return (-dat);
   52   2          }
   53   1          return dat;
   54   1      }
C251 COMPILER V5.60.0,  zf_driver_encoder                                                  19/05/26  19:24:57  PAGE 2   

   55          
   56          //-------------------------------------------------------------------------------------------------------
             -------------
   57          // КЏЪ§МђНщ     ЖЈЪБЦїЕФМЦЪ§ЦїЧхПе
   58          // ВЮЪ§ЫЕУї     encoder_n      ЖЈЪБЦїУЖОйЬх
   59          // ЗЕЛиВЮЪ§     void
   60          // БИзЂаХЯЂ
   61          // ЪЙгУЪОР§    encoder_clear_count(TIM1_ENCOEDER)  //ЧхГ§ЖЈЪБЦї1ВЩМЏЕНЕФБрТыЦїЪ§Он
   62          //-------------------------------------------------------------------------------------------------------
             -------------
   63          void encoder_clear_count(encoder_index_enum encoder_n)
   64          {
   65   1          switch(encoder_n)
   66   1          {
   67   2              case TIM0_ENCOEDER:
   68   2              {
   69   3                  TR0 = 0;
   70   3                  TH0 = 0;
   71   3                  TL0 = 0;
   72   3                  TR0 = 1;
   73   3                  break;
   74   3              }
   75   2              case TIM1_ENCOEDER:
   76   2              {
   77   3                  TR1 = 0;
   78   3                  TH1 = 0;
   79   3                  TL1 = 0;
   80   3                  TR1 = 1;
   81   3                  break;
   82   3              }
   83   2              case TIM2_ENCOEDER:
   84   2              {
   85   3                  AUXR &= ~(1 << 4);
   86   3                  T2H = 0;
   87   3                  T2L = 0;
   88   3                  AUXR |= 1 << 4;
   89   3                  break;
   90   3              }
   91   2              case TIM3_ENCOEDER:
   92   2              {
   93   3                  T4T3M &= ~(1 << 3);
   94   3                  T3H = 0;
   95   3                  T3L = 0;
   96   3                  T4T3M |= (1 << 3);
   97   3                  break;
   98   3              }
   99   2              case TIM4_ENCOEDER:
  100   2              {
  101   3                  T4T3M &= ~(1 << 7);
  102   3                  T4H = 0;
  103   3                  T4L = 0;
  104   3                  T4T3M |= (1 << 7);
  105   3                  break;
  106   3              }
  107   2          }
  108   1      }
  109          
  110          //-------------------------------------------------------------------------------------------------------
             -------------
  111          // КЏЪ§МђНщ     БрТыЦїНтТыГѕЪМЛЏ
  112          // ВЮЪ§ЫЕУї     timer_ch        ЖЈЪБЦїУЖОйЬх
  113          // ВЮЪ§ЫЕУї     lsb_pin         БрТыЦїТіГхв§НХ
  114          // ВЮЪ§ЫЕУї     dir_pin         БрТыЦїЗНЯђв§НХ
  115          // ЗЕЛиВЮЪ§     void
  116          //          ЭЦМіЪЙгУДјЗНЯђНтТыБрТыЦїЁЃ
  117          // ЪЙгУЪОР§      encoder_init_dir(TIM1_ENCOEDER, TIM1_CH1_ENCOEDER_E9, TIM1_CH2_ENCOEDER_E11)
C251 COMPILER V5.60.0,  zf_driver_encoder                                                  19/05/26  19:24:57  PAGE 3   

  118          //                              // ЪЙгУЖЈЪБЦї1 зіДјЗНЯђЕФБрТыЦїНтТыЃЌ ЭЈЕР1ЗНЯђаХКХв§НХE9ЃЌЭЈЕР2ТіГхаХКХв
             -§НХE11
  119          //-------------------------------------------------------------------------------------------------------
             -------------
  120          void encoder_dir_init(encoder_index_enum encoder_n, gpio_pin_enum dir_pin, encoder_channel_enum lsb_pin)
  121          {
  122   1          // ШчЙћГЬађдкЪфГіСЫЖЯбдаХЯЂ ВЂЧвЬсЪОГіДэЮЛжУдкетРя
  123   1          // ОЭШЅВщПДФудкЪВУДЕиЗНЕїгУетИіКЏЪ§ МьВщФуЕФДЋШыВЮЪ§
  124   1          // етРяЪЧМьВщЪЧЗёгажиИДЪЙгУЖЈЪБЦї
  125   1          // БШШчГѕЪМЛЏСЫ TIM1_PWM ШЛКѓгжГѕЪМЛЏГЩ TIM1_ENCODER етжжгУЗЈЪЧВЛдЪаэЕФ
  126   1          zf_assert(timer_funciton_check(encoder_n, TIMER_FUNCTION_ENCODER));
  127   1          zf_assert((dir_pin >> 8) == 0x00);
  128   1          zf_assert((lsb_pin >> 8) == encoder_n);
  129   1          // ГѕЪМЛЏЗНЯђв§НХ
  130   1          gpio_init(dir_pin, GPI, 0, GPI_PULL_UP);
  131   1          gpio_init(lsb_pin&0xFF, GPI, 0, GPI_PULL_UP);
  132   1          encoder_dir_pin[encoder_n] = dir_pin;                               // НЋЗНЯђв§НХКХДцШыЪ§зщжа
  133   1          switch(encoder_n)
  134   1          {
  135   2              case TIM0_ENCOEDER:
  136   2              {
  137   3                  TL0 = 0;
  138   3                  TH0 = 0;
  139   3                  TMOD |= 0x04; //ЭтВПМЦЪ§ФЃЪН
  140   3                  TR0 = 1; //ЦєЖЏЖЈЪБЦї
  141   3                  break;
  142   3              }
  143   2              case TIM1_ENCOEDER:
  144   2              {
  145   3                  TL1 = 0x00;
  146   3                  TH1 = 0x00;
  147   3                  TMOD |= 0x40; // ЭтВПМЦЪ§ФЃЪН
  148   3                  TR1 = 1; // ЦєЖЏЖЈЪБЦї
  149   3                  break;
  150   3              }
  151   2              case TIM2_ENCOEDER:
  152   2              {
  153   3                  T2L = 0x00;
  154   3                  T2H = 0x00;
  155   3                  AUXR |= 0x18; // ЩшжУЭтВПМЦЪ§ФЃЪНВЂЦєЖЏЖЈЪБЦї
  156   3                  break;
  157   3              }
  158   2              case TIM3_ENCOEDER:
  159   2              {
  160   3                  T3L = 0;
  161   3                  T3H = 0;
  162   3                  T4T3M |= 0x0c; // ЩшжУЭтВПМЦЪ§ФЃЪНВЂЦєЖЏЖЈЪБЦї
  163   3                  break;
  164   3              }
  165   2              case TIM4_ENCOEDER:
  166   2              {
  167   3                  T4L = 0;
  168   3                  T4H = 0;
  169   3                  T4T3M |= 0xc0; // ЩшжУЭтВПМЦЪ§ФЃЪНВЂЦєЖЏЖЈЪБЦї
  170   3                  break;
  171   3              }
  172   2          }
  173   1      }


Module Information          Static   Overlayable
------------------------------------------------
  code size            =       635     ------
  ecode size           =    ------     ------
  data size            =    ------     ------
  idata size           =    ------     ------
  pdata size           =    ------     ------
C251 COMPILER V5.60.0,  zf_driver_encoder                                                  19/05/26  19:24:57  PAGE 4   

  xdata size           =        18     ------
  xdata-const size     =    ------     ------
  edata size           =    ------     ------
  bit size             =    ------     ------
  ebit size            =    ------     ------
  bitaddressable size  =    ------     ------
  ebitaddressable size =    ------     ------
  far data size        =    ------     ------
  huge data size       =    ------     ------
  const size           =    ------     ------
  hconst size          =        57     ------
End of Module Information.


C251 COMPILATION COMPLETE.  0 WARNING(S),  0 ERROR(S)
