C251 COMPILER V5.60.0,  zf_driver_exti                                                     15/04/26  23:28:25  PAGE 1   


C251 COMPILER V5.60.0, COMPILATION OF MODULE zf_driver_exti
OBJECT MODULE PLACED IN .\out_file\zf_driver_exti.obj
COMPILER INVOKED BY: D:\Keil_v5\C251\BIN\C251.EXE ..\..\libraries\zf_driver\zf_driver_exti.c LARGE NOALIAS WARNINGLEVEL(
                    -0) OPTIMIZE(0,SIZE) BROWSE INCDIR(..\..\libraries\zf_common;..\..\libraries\zf_components;..\..\libraries\zf_device;..\.
                    -.\libraries\zf_driver;..\user;..\code) DEBUG PRINT(.\out_file\zf_driver_exti.lst) OBJECT(.\out_file\zf_driver_exti.obj) 

stmt  level    source

    1          /********************************************************************************************************
             -*************
    2          * STC32G Opensourec Library 即（STC32G 开源库）是一个基于官方 SDK 接口的第三方开源库
    3          * Copyright (c) 2022 SEEKFREE 逐飞科技
    4          *
    5          * 本文件是STC 开源库的一部分
    6          *
    7          * STC32G 开源库 是免费软件
    8          * 您可以根据自由软件基金会发布的 GPL（GNU General Public License，即 GNU通用公共许可证）的条款
    9          * 即 GPL 的第3版（即 GPL3.0）或（您选择的）任何后来的版本，重新发布和/或修改它
   10          *
   11          * 本开源库的发布是希望它能发挥作用，但并未对其作任何的保证
   12          * 甚至没有隐含的适销性或适合特定用途的保证
   13          * 更多细节请参见 GPL
   14          *
   15          * 您应该在收到本开源库的同时收到一份 GPL 的副本
   16          * 如果没有，请参阅<https://www.gnu.org/licenses/>
   17          *
   18          * 额外注明：
   19          * 本开源库使用 GPL3.0 开源许可证协议 以上许可申明为译文版本
   20          * 许可申明英文版在 libraries/doc 文件夹下的 GPL3_permission_statement.txt 文件中
   21          * 许可证副本在 libraries 文件夹下 即该文件夹下的 LICENSE 文件
   22          * 欢迎各位使用并传播本程序 但修改内容时必须保留逐飞科技的版权声明（即本声明）
   23          *
   24          * 文件名称          
   25          * 公司名称          成都逐飞科技有限公司
   26          * 版本信息          查看 libraries/doc 文件夹内 version 文件 版本说明
   27          * 开发环境          MDK FOR C251
   28          * 适用平台          STC32G
   29          * 店铺链接          https://seekfree.taobao.com/
   30          *
   31          * 修改记录
   32          * 日期              作者           备注
   33          * 2024-08-01        大W            first version
   34          *********************************************************************************************************
             -***********/
   35          
   36          
   37          #include "zf_driver_exti.h"
   38          
   39          //-------------------------------------------------------------------------------------------------------
             -------------
   40          //  函数简介      失能全部 EXTI 中断
   41          //  返回参数      void
   42          //  使用示例      exti_all_close();
   43          //-------------------------------------------------------------------------------------------------------
             -------------
   44          void exti_all_close (void)
   45          {
   46   1              EX0 = 0;
   47   1              EX1 = 0;
   48   1              EX2 = 0;
   49   1              EX3 = 0;
   50   1              EX4 = 0;
   51   1      }
   52          
   53          //-------------------------------------------------------------------------------------------------------
C251 COMPILER V5.60.0,  zf_driver_exti                                                     15/04/26  23:28:25  PAGE 2   

             -------------
   54          // 函数简介     EXTI 中断使能
   55          // 参数说明     pin             选择 EXTI 引脚 (可选择范围由 zf_driver_exti.h 内 exti_pin_enum 枚举值确定
             -)
   56          // 返回参数     void
   57          // 使用示例     exti_enable(INT0_P32);
   58          // 备注信息
   59          //-------------------------------------------------------------------------------------------------------
             -------------
   60          void exti_enable (exti_pin_enum eru_pin)
   61          {
   62   1              switch(eru_pin)
   63   1              {
   64   2                      case INT0_P32: EX0 = 1; break;
   65   2                      
   66   2                      case INT1_P33: EX1 = 1; break;
   67   2                      
   68   2                      case INT2_P36: EX2 = 1; break;
   69   2                      
   70   2                      case INT3_P37: EX3 = 1; break;
   71   2                      
   72   2                      case INT4_P30: EX4 = 1; break;
   73   2                      
   74   2                      default: break;
   75   2              }
   76   1      }
   77          
   78          //-------------------------------------------------------------------------------------------------------
             -------------
   79          // 函数简介     EXTI 中断失能
   80          // 参数说明     pin             选择 EXTI 引脚 (可选择范围由 zf_driver_exti.h 内 exti_pin_enum 枚举值确定
             -)
   81          // 返回参数     void
   82          // 使用示例     exti_disable(INT0_P32);
   83          // 备注信息
   84          //-------------------------------------------------------------------------------------------------------
             -------------
   85          void exti_disable (exti_pin_enum eru_pin)
   86          {
   87   1              switch(eru_pin)
   88   1              {
   89   2                      case INT0_P32: EX0 = 0; break;
   90   2                      
   91   2                      case INT1_P33: EX1 = 0; break;
   92   2                      
   93   2                      case INT2_P36: EX2 = 0; break;
   94   2                      
   95   2                      case INT3_P37: EX3 = 0; break;
   96   2                      
   97   2                      case INT4_P30: EX4 = 0; break;
   98   2                      
   99   2                      default: break;
  100   2              }
  101   1      }
  102          
  103          //-------------------------------------------------------------------------------------------------------
             -------------
  104          //  函数简介      EXTI 中断初始化
  105          //  参数说明      eru_pin         选择 EXTI 引脚 (可选择范围由 zf_driver_exti.h 内 exti_pin_enum 枚举值确
             -定)
  106          //  参数说明      trigger         设置触发方式
  107          //  返回参数      void
  108          //  使用示例      exti_init(INT0_P32, EXTI_TRIGGER_BOTH);  //初始化P32 作为外部中断引脚，双边沿触发。
  109          //  备注信息
  110          //-------------------------------------------------------------------------------------------------------
             -------------
C251 COMPILER V5.60.0,  zf_driver_exti                                                     15/04/26  23:28:25  PAGE 3   

  111          void exti_init (exti_pin_enum eru_pin, exti_trigger_enum trigger)
  112          {
  113   1              gpio_init( eru_pin & 0XFF, GPIO, 1, GPIO_NO_PULL);
  114   1              
  115   1              // 配置触发方式（仅INT0/INT1可配置）
  116   1              switch(eru_pin)
  117   1          {
  118   2              case INT0_P32: 
  119   2                              IT0 = trigger;
  120   2                              break;
  121   2                      
  122   2              case INT1_P33: 
  123   2                              IT1 = trigger;
  124   2                              break;
  125   2                      
  126   2              case INT2_P36: 
  127   2                               // 仅下降沿触发，无需配置
  128   2                              break;
  129   2                      
  130   2              case INT3_P37: 
  131   2                               // 仅下降沿触发，无需配置
  132   2                              break;
  133   2                      
  134   2              case INT4_P30: 
  135   2                               // 仅下降沿触发，无需配置
  136   2                              break;
  137   2                      
  138   2              default: break;
  139   2          }
  140   1      
  141   1              exti_enable(eru_pin);   // 中断使能
  142   1      }
  143          


Module Information          Static   Overlayable
------------------------------------------------
  code size            =       248     ------
  ecode size           =    ------     ------
  data size            =    ------     ------
  idata size           =    ------     ------
  pdata size           =    ------     ------
  xdata size           =         8     ------
  xdata-const size     =    ------     ------
  edata size           =    ------     ------
  bit size             =    ------     ------
  ebit size            =    ------     ------
  bitaddressable size  =    ------     ------
  ebitaddressable size =    ------     ------
  far data size        =    ------     ------
  huge data size       =    ------     ------
  const size           =    ------     ------
  hconst size          =    ------     ------
End of Module Information.


C251 COMPILATION COMPLETE.  0 WARNING(S),  0 ERROR(S)
