C251 COMPILER V5.60.0,  zf_device_imu660ra                                                 24/05/26  16:50:23  PAGE 1   


C251 COMPILER V5.60.0, COMPILATION OF MODULE zf_device_imu660ra
OBJECT MODULE PLACED IN .\out_file\zf_device_imu660ra.obj
COMPILER INVOKED BY: E:\keil_v5\C251\BIN\C251.EXE ..\..\libraries\zf_device\zf_device_imu660ra.c LARGE NOALIAS WARNINGLE
                    -VEL(0) OPTIMIZE(0,SIZE) BROWSE INCDIR(..\..\libraries\zf_common;..\..\libraries\zf_components;..\..\libraries\zf_device;
                    -..\..\libraries\zf_driver;..\user;..\code) DEBUG PRINT(.\out_file\zf_device_imu660ra.lst) OBJECT(.\out_file\zf_device_im
                    -u660ra.obj) 

stmt  level    source

    1          #include "zf_common_debug.h"
    2          #include "zf_driver_delay.h"
    3          #include "zf_driver_spi.h"
    4          #include "zf_driver_gpio.h"
    5          #include "zf_driver_soft_iic.h"
    6          #include "zf_driver_soft_spi.h"
    7          #include "zf_device_config.h"
    8          
    9          #include "zf_device_imu660ra.h"
   10          
   11          #pragma warning disable = 183
   12          #pragma warning disable = 177
   13          
   14          int16 imu660ra_gyro_x = 0, imu660ra_gyro_y = 0, imu660ra_gyro_z = 0;            // дёүиҪҙйҷҖиһәд»Әж•°жҚ® 
             -  gyro (йҷҖиһәд»Ә)
   15          int16 imu660ra_acc_x = 0, imu660ra_acc_y = 0, imu660ra_acc_z = 0;               // дёүиҪҙеҠ йҖҹеәҰи®Ўж•°ж
             -Қ® acc  (accelerometer еҠ йҖҹеәҰи®Ў)
   16          float imu660ra_transition_factor[2] = {4096, 16.4};
   17          
   18          
   19          #if (IMU660RA_USE_INTERFACE==HARDWARE_SPI) 
                       //------------------------------------------------------------------------------------------------------
             --------------
                       // еҮҪж•°з®Җд»Ӣ     IMU660RA еҶҷеҜ„еӯҳеҷЁ
                       // еҸӮж•°иҜҙжҳҺ     reg             еҜ„еӯҳеҷЁең°еқҖ
                       // еҸӮж•°иҜҙжҳҺ     dat            ж•°жҚ®
                       // иҝ”еӣһеҸӮж•°     void
                       // дҪҝз”ЁзӨәдҫӢ     imu660ra_write_register(IMU660RA_PWR_CONF, 0x00);                   // е…ій—ӯй«ҳзә§з
             -ңҒз”өжЁЎејҸ
                       // еӨҮжіЁдҝЎжҒҜ     еҶ…йғЁи°ғз”Ё
                       //------------------------------------------------------------------------------------------------------
             --------------
                       static void imu660ra_write_register(uint8 reg, uint8 dat)
                       {
                               IMU660RA_CS(0);
                               spi_write_8bit_register(IMU660RA_SPI, reg | IMU660RA_SPI_W, dat);
                               IMU660RA_CS(1);
                       }
               
                       //------------------------------------------------------------------------------------------------------
             --------------
                       // еҮҪж•°з®Җд»Ӣ     IMU660RA еҶҷж•°жҚ®
                       // еҸӮж•°иҜҙжҳҺ     reg             еҜ„еӯҳеҷЁең°еқҖ
                       // еҸӮж•°иҜҙжҳҺ     dat            ж•°жҚ®
                       // иҝ”еӣһеҸӮж•°     void
                       // дҪҝз”ЁзӨәдҫӢ     imu660ra_write_registers(IMU660RA_INIT_DATA, imu660ra_config_file, sizeof(imu660ra_c
             -onfig_file));
                       // еӨҮжіЁдҝЎжҒҜ     еҶ…йғЁи°ғз”Ё
                       //------------------------------------------------------------------------------------------------------
             --------------
                       static void imu660ra_write_registers(uint8 reg, const uint8 *dat, uint32 len)
                       {
                               IMU660RA_CS(0);
                               spi_write_8bit_registers(IMU660RA_SPI, reg | IMU660RA_SPI_W, dat, len);
                               IMU660RA_CS(1);
                       }
C251 COMPILER V5.60.0,  zf_device_imu660ra                                                 24/05/26  16:50:23  PAGE 2   

               
                       //------------------------------------------------------------------------------------------------------
             --------------
                       // еҮҪж•°з®Җд»Ӣ     IMU660RA иҜ»еҜ„еӯҳеҷЁ
                       // еҸӮж•°иҜҙжҳҺ     reg             еҜ„еӯҳеҷЁең°еқҖ
                       // иҝ”еӣһеҸӮж•°     uint8           ж•°жҚ®
                       // дҪҝз”ЁзӨәдҫӢ     imu660ra_read_register(IMU660RA_CHIP_ID);
                       // еӨҮжіЁдҝЎжҒҜ     еҶ…йғЁи°ғз”Ё
                       //------------------------------------------------------------------------------------------------------
             --------------
                       static uint8 imu660ra_read_register(uint8 reg)
                       {
                               uint8 dat[2];
                               IMU660RA_CS(0);
                               spi_read_8bit_registers(IMU660RA_SPI, reg | IMU660RA_SPI_R, dat, 2);
                               IMU660RA_CS(1);
                               return dat[1];
                       }
               
                       //------------------------------------------------------------------------------------------------------
             --------------
                       // еҮҪж•°з®Җд»Ӣ     IMU660RA иҜ»ж•°жҚ®
                       // еҸӮж•°иҜҙжҳҺ     reg             еҜ„еӯҳеҷЁең°еқҖ
                       // еҸӮж•°иҜҙжҳҺ     dat            ж•°жҚ®зј“еҶІеҢә
                       // еҸӮж•°иҜҙжҳҺ     len             ж•°жҚ®й•ҝеәҰ
                       // иҝ”еӣһеҸӮж•°     void
                       // дҪҝз”ЁзӨәдҫӢ     imu660ra_read_registers(IMU660RA_ACC_ADDRESS, dat, 6);
                       // еӨҮжіЁдҝЎжҒҜ     еҶ…йғЁи°ғз”Ё
                       //------------------------------------------------------------------------------------------------------
             --------------
                       static void imu660ra_read_registers(uint8 reg, uint8 *dat, uint32 len)
                       {
                               uint16 i = 0;
                               uint8 temp_data[8];
                               IMU660RA_CS(0);
                               spi_read_8bit_registers(IMU660RA_SPI, reg | IMU660RA_SPI_R, temp_data, len + 1);
                               IMU660RA_CS(1);
                               
                               for(i = 0; i < len; i ++)
                               {
                                       *(dat ++) = temp_data[i + 1];
                               }
                       }
               
               
               #elif (IMU660RA_USE_INTERFACE==SOFT_SPI)
   91          
   92                  #define IMU660RA_SCK(x)                         IMU660RA_SPC_PIN  = x
   93                  #define IMU660RA_MOSI(x)                        IMU660RA_SDI_PIN = x
   94                  #define IMU660RA_MISO                           IMU660RA_SDO_PIN
   95                  #define IMU660RA_CS(x)                          IMU660RA_CS_PIN  = x
   96          
   97                  //------------------------------------------------------------------------------------------------------
             --------------
   98                  //  @brief      йҖҡиҝҮSPIеҶҷдёҖдёӘbyte,еҗҢж—¶иҜ»еҸ–дёҖдёӘbyte
   99                  //  @param      byte        еҸ‘йҖҒзҡ„ж•°жҚ®
  100                  //  @return     uint8 edata       return иҝ”еӣһstatusзҠ¶жҖҒ
  101                  //  @since      v1.0
  102                  //  Sample usage:
  103                  //------------------------------------------------------------------------------------------------------
             --------------
  104                  static uint8 imu660ra_simspi_wr_byte(uint8 byte)
  105                  {
  106   1                      uint8 i;
  107   1                      for(i=0; i<8; i++)
  108   1                      {
C251 COMPILER V5.60.0,  zf_device_imu660ra                                                 24/05/26  16:50:23  PAGE 3   

  109   2                              IMU660RA_SCK (0);
  110   2                              IMU660RA_MOSI(byte&0x80);
  111   2                              byte <<= 1;
  112   2                              IMU660RA_SCK (1);
  113   2                              byte |= IMU660RA_MISO;
  114   2                      }
  115   1                      IMU660RA_SCK (0);
  116   1                      return(byte);
  117   1              }
  118                  
  119                  //------------------------------------------------------------------------------------------------------
             --------------
  120                  //  @brief      е°ҶvalеҶҷе…ҘcmdеҜ№еә”зҡ„еҜ„еӯҳеҷЁең°еқҖ,еҗҢж—¶иҝ”еӣһstatusеӯ—иҠӮ
  121                  //  @param      cmd         е‘Ҫд»Өеӯ—
  122                  //  @param      val         еҫ…еҶҷе…ҘеҜ„еӯҳеҷЁзҡ„ж•°еҖј
  123                  //  @since      v1.0
  124                  //  Sample usage:
  125                  //------------------------------------------------------------------------------------------------------
             --------------
  126                  static void imu660ra_simspi_w_reg_byte(uint8 cmd, uint8 val)
  127                  {
  128   1                      cmd |= IMU660RA_SPI_W;
  129   1                      imu660ra_simspi_wr_byte(cmd);
  130   1                      imu660ra_simspi_wr_byte(val);
  131   1              }
  132          
  133          
  134                  //------------------------------------------------------------------------------------------------------
             --------------
  135                  //  @brief      е°ҶvalеҶҷе…ҘcmdеҜ№еә”зҡ„еҜ„еӯҳеҷЁең°еқҖ
  136                  //  @param      cmd         е‘Ҫд»Өеӯ—
  137                  //  @param      val         еҫ…еҶҷе…ҘеҜ„еӯҳеҷЁзҡ„ж•°еҖј
  138                  //  @since      v1.0
  139                  //  Sample usage:
  140                  //------------------------------------------------------------------------------------------------------
             --------------
  141                  static void imu660ra_simspi_w_reg_bytes(uint8 cmd, uint8 *dat_addr, uint32 len)
  142                  {
  143   1                      cmd |= IMU660RA_SPI_W;
  144   1                      imu660ra_simspi_wr_byte(cmd);
  145   1                      while(len--)
  146   1                      {
  147   2                              imu660ra_simspi_wr_byte(*dat_addr++);
  148   2                      }
  149   1              }
  150          
  151                  //------------------------------------------------------------------------------------------------------
             --------------
  152                  //  @brief      иҜ»еҸ–cmdжүҖеҜ№еә”зҡ„еҜ„еӯҳеҷЁең°еқҖ
  153                  //  @param      cmd         е‘Ҫд»Өеӯ—
  154                  //  @param      *val        еӯҳеӮЁиҜ»еҸ–зҡ„ж•°жҚ®ең°еқҖ
  155                  //  @param      num         иҜ»еҸ–зҡ„ж•°йҮҸ
  156                  //  @since      v1.0
  157                  //  Sample usage:
  158                  //------------------------------------------------------------------------------------------------------
             --------------
  159                  static void imu660ra_simspi_r_reg_bytes(uint8 cmd, uint8 *val, uint32 num)
  160                  {
  161   1                      cmd |= IMU660RA_SPI_R;
  162   1                      imu660ra_simspi_wr_byte(cmd);
  163   1                      while(num--)
  164   1                      {
  165   2                              *val++ = imu660ra_simspi_wr_byte(0);
  166   2                      }
  167   1              }
  168          
C251 COMPILER V5.60.0,  zf_device_imu660ra                                                 24/05/26  16:50:23  PAGE 4   

  169          
  170                  //------------------------------------------------------------------------------------------------------
             --------------
  171                  // еҮҪж•°з®Җд»Ӣ     IMU660RA еҶҷеҜ„еӯҳеҷЁ
  172                  // еҸӮж•°иҜҙжҳҺ     reg             еҜ„еӯҳеҷЁең°еқҖ
  173                  // еҸӮж•°иҜҙжҳҺ     dat            ж•°жҚ®
  174                  // иҝ”еӣһеҸӮж•°     void
  175                  // дҪҝз”ЁзӨәдҫӢ     imu660ra_write_register(IMU660RA_PWR_CONF, 0x00);                   // е…ій—ӯй«ҳзә§з
             -ңҒз”өжЁЎејҸ
  176                  // еӨҮжіЁдҝЎжҒҜ     еҶ…йғЁи°ғз”Ё
  177                  //------------------------------------------------------------------------------------------------------
             --------------
  178                  static void imu660ra_write_register(uint8 reg, uint8 dat)
  179                  {
  180   1                      IMU660RA_CS(0);
  181   1                      imu660ra_simspi_w_reg_byte(reg | IMU660RA_SPI_W, dat);
  182   1                      IMU660RA_CS(1);
  183   1              }
  184          
  185                  //------------------------------------------------------------------------------------------------------
             --------------
  186                  // еҮҪж•°з®Җд»Ӣ     IMU660RA еҶҷж•°жҚ®
  187                  // еҸӮж•°иҜҙжҳҺ     reg             еҜ„еӯҳеҷЁең°еқҖ
  188                  // еҸӮж•°иҜҙжҳҺ     dat            ж•°жҚ®
  189                  // иҝ”еӣһеҸӮж•°     void
  190                  // дҪҝз”ЁзӨәдҫӢ     imu660ra_write_registers(IMU660RA_INIT_dat, imu660ra_config_file, sizeof(imu660ra_co
             -nfig_file));
  191                  // еӨҮжіЁдҝЎжҒҜ     еҶ…йғЁи°ғз”Ё
  192                  //------------------------------------------------------------------------------------------------------
             --------------
  193                  static void imu660ra_write_registers(uint8 reg, const uint8 *dat, uint32 len)
  194                  {
  195   1                      IMU660RA_CS(0);
  196   1                      imu660ra_simspi_w_reg_bytes(reg | IMU660RA_SPI_W, dat, len);
  197   1                      IMU660RA_CS(1);
  198   1              }
  199          
  200                  //------------------------------------------------------------------------------------------------------
             --------------
  201                  // еҮҪж•°з®Җд»Ӣ     IMU660RA иҜ»еҜ„еӯҳеҷЁ
  202                  // еҸӮж•°иҜҙжҳҺ     reg             еҜ„еӯҳеҷЁең°еқҖ
  203                  // иҝ”еӣһеҸӮж•°     uint8 edata           ж•°жҚ®
  204                  // дҪҝз”ЁзӨәдҫӢ     imu660ra_read_register(IMU660RA_CHIP_ID);
  205                  // еӨҮжіЁдҝЎжҒҜ     еҶ…йғЁи°ғз”Ё
  206                  //------------------------------------------------------------------------------------------------------
             --------------
  207                  static uint8 imu660ra_read_register(uint8 reg)
  208                  {
  209   1                      uint8 dat[2];
  210   1                      IMU660RA_CS(0);
  211   1                      imu660ra_simspi_r_reg_bytes(reg | IMU660RA_SPI_R, dat, 2);
  212   1                      IMU660RA_CS(1);
  213   1                      return dat[1];
  214   1              }
  215          
  216                  //------------------------------------------------------------------------------------------------------
             --------------
  217                  // еҮҪж•°з®Җд»Ӣ     IMU660RA иҜ»ж•°жҚ®
  218                  // еҸӮж•°иҜҙжҳҺ     reg             еҜ„еӯҳеҷЁең°еқҖ
  219                  // еҸӮж•°иҜҙжҳҺ     dat            ж•°жҚ®зј“еҶІеҢә
  220                  // еҸӮж•°иҜҙжҳҺ     len             ж•°жҚ®й•ҝеәҰ
  221                  // иҝ”еӣһеҸӮж•°     void
  222                  // дҪҝз”ЁзӨәдҫӢ     imu660ra_read_registers(IMU660RA_ACC_ADDRESS, dat, 6);
  223                  // еӨҮжіЁдҝЎжҒҜ     еҶ…йғЁи°ғз”Ё
  224                  //------------------------------------------------------------------------------------------------------
             --------------
C251 COMPILER V5.60.0,  zf_device_imu660ra                                                 24/05/26  16:50:23  PAGE 5   

  225                  static void imu660ra_read_registers(uint8 reg, uint8 *dat, uint32 len)
  226                  {
  227   1                      uint16 i = 0;
  228   1                      uint8 temp_data[8];
  229   1                      IMU660RA_CS(0);
  230   1                      imu660ra_simspi_r_reg_bytes(reg | IMU660RA_SPI_R, temp_data, len + 1);
  231   1                      IMU660RA_CS(1);
  232   1                      
  233   1                      for(i = 0; i < len; i ++)
  234   1                      {
  235   2                              *(dat ++) = temp_data[i + 1];
  236   2                      }
  237   1              }
  238                  
  239          #elif (IMU660RA_USE_INTERFACE==SOFT_IIC)
               
                       static soft_iic_info_struct imu660ra_iic_struct;
                       #define imu660ra_write_register(reg, dat)        (soft_iic_write_8bit_register(&imu660ra_iic_struct, (re
             -g), (dat)))
                       #define imu660ra_write_registers(reg, dat, len)  (soft_iic_write_8bit_registers(&imu660ra_iic_struct, (r
             -eg), (dat), (len)))
                       #define imu660ra_read_register(reg)              (soft_iic_read_8bit_register(&imu660ra_iic_struct, (reg
             -)))
                       #define imu660ra_read_registers(reg, dat, len)   (soft_iic_read_8bit_registers(&imu660ra_iic_struct, (re
             -g), (dat), (len)))
               
               #endif
  248          
  249          //-------------------------------------------------------------------------------------------------------
             -------------
  250          // еҮҪж•°з®Җд»Ӣ     IMU660RA иҮӘжЈҖ
  251          // еҸӮж•°иҜҙжҳҺ     void
  252          // иҝ”еӣһеҸӮж•°     uint8           1-иҮӘжЈҖеӨұиҙҘ 0-иҮӘжЈҖжҲҗеҠҹ
  253          // дҪҝз”ЁзӨәдҫӢ     imu660ra_self_check();
  254          // еӨҮжіЁдҝЎжҒҜ     еҶ…йғЁи°ғз”Ё
  255          //-------------------------------------------------------------------------------------------------------
             -------------
  256          static uint8 imu660ra_self_check (void)
  257          {
  258   1          uint8 dat = 0, return_state = 0;
  259   1          uint16 timeout_count = 0;
  260   1          
  261   1          do
  262   1          {
  263   2              if(timeout_count ++ > IMU660RA_TIMEOUT_COUNT)
  264   2              {
  265   3                  return_state =  1;
  266   3                  break;
  267   3              }
  268   2              
  269   2              dat = imu660ra_read_register(IMU660RA_CHIP_ID);
  270   2              printf("imu660ra_read_register = 0x%X\r\n", dat);
  271   2              system_delay_ms(1);
  272   2          }
  273   1          while(0x24 != dat);                                                     // иҜ»еҸ–и®ҫеӨҮIDжҳҜеҗҰзӯүдәҺ
             -0X24пјҢеҰӮжһңдёҚжҳҜ0X24еҲҷи®ӨдёәжІЎжЈҖжөӢеҲ°и®ҫеӨҮ
  274   1          
  275   1          return return_state;
  276   1      }
  277          
  278          //-------------------------------------------------------------------------------------------------------
             -------------
  279          // еҮҪж•°з®Җд»Ӣ     иҺ·еҸ– IMU660RA еҠ йҖҹеәҰи®Ўж•°жҚ®
  280          // еҸӮж•°иҜҙжҳҺ     void
  281          // иҝ”еӣһеҸӮж•°     void
  282          // дҪҝз”ЁзӨәдҫӢ     imu660ra_get_acc();                                             // жү§иЎҢиҜҘеҮҪж•°еҗҺ
C251 COMPILER V5.60.0,  zf_device_imu660ra                                                 24/05/26  16:50:23  PAGE 6   

             -пјҢзӣҙжҺҘжҹҘзңӢеҜ№еә”зҡ„еҸҳйҮҸеҚіеҸҜ
  283          // еӨҮжіЁдҝЎжҒҜ     дҪҝз”Ё SPI зҡ„йҮҮйӣҶж—¶й—ҙдёә69us
  284          //            дҪҝз”Ё IIC зҡ„йҮҮйӣҶж—¶й—ҙдёә126us        йҮҮйӣҶеҠ йҖҹеәҰи®Ўзҡ„ж—¶й—ҙдёҺйҮҮйӣҶйҷҖиһәд»Әзҡ„ж
             -—¶й—ҙдёҖиҮҙзҡ„еҺҹеӣ жҳҜйғҪеҸӘжҳҜиҜ»еҸ–еҜ„еӯҳеҷЁж•°жҚ®
  285          //-------------------------------------------------------------------------------------------------------
             -------------
  286          void imu660ra_get_acc (void)
  287          {
  288   1          uint8 dat[6];
  289   1          
  290   1          imu660ra_read_registers(IMU660RA_ACC_ADDRESS, dat, 6);
  291   1          imu660ra_acc_x = (int16)(((uint16)dat[1] << 8 | dat[0]));
  292   1          imu660ra_acc_y = (int16)(((uint16)dat[3] << 8 | dat[2]));
  293   1          imu660ra_acc_z = (int16)(((uint16)dat[5] << 8 | dat[4]));
  294   1      }
  295          //-------------------------------------------------------------------------------------------------------
             -------------
  296          // еҮҪж•°з®Җд»Ӣ     иҺ·еҸ– IMU660RA йҷҖиһәд»Әж•°жҚ®
  297          // еҸӮж•°иҜҙжҳҺ     void
  298          // иҝ”еӣһеҸӮж•°     void
  299          // дҪҝз”ЁзӨәдҫӢ     imu660ra_get_gyro();                                            // жү§иЎҢиҜҘеҮҪж•°еҗҺ
             -пјҢзӣҙжҺҘжҹҘзңӢеҜ№еә”зҡ„еҸҳйҮҸеҚіеҸҜ
  300          // еӨҮжіЁдҝЎжҒҜ     дҪҝз”Ё SPI зҡ„йҮҮйӣҶж—¶й—ҙдёә69us
  301          //            дҪҝз”Ё IIC зҡ„йҮҮйӣҶж—¶й—ҙдёә126us
  302          //-------------------------------------------------------------------------------------------------------
             -------------
  303          void imu660ra_get_gyro (void)
  304          {
  305   1          uint8 dat[6];
  306   1          
  307   1          imu660ra_read_registers(IMU660RA_GYRO_ADDRESS, dat, 6);
  308   1          imu660ra_gyro_x = (int16)(((uint16)dat[1] << 8 | dat[0]));
  309   1          imu660ra_gyro_y = (int16)(((uint16)dat[3] << 8 | dat[2]));
  310   1          imu660ra_gyro_z = (int16)(((uint16)dat[5] << 8 | dat[4]));
  311   1      }
  312          
  313          //-------------------------------------------------------------------------------------------------------
             -------------
  314          // еҮҪж•°з®Җд»Ӣ     еҲқе§ӢеҢ– IMU660RA
  315          // еҸӮж•°иҜҙжҳҺ     void
  316          // иҝ”еӣһеҸӮж•°     uint8           1-еҲқе§ӢеҢ–еӨұиҙҘ 0-еҲқе§ӢеҢ–жҲҗеҠҹ
  317          // дҪҝз”ЁзӨәдҫӢ     imu660ra_init();
  318          // еӨҮжіЁдҝЎжҒҜ
  319          //-------------------------------------------------------------------------------------------------------
             -------------
  320          uint8 imu660ra_init (void)
  321          {
  322   1          uint8 return_state = 0;
  323   1          system_delay_ms(20);                                                        // зӯүеҫ…и®ҫеӨҮдёҠз”өжҲҗе
             -Ҡҹ
  324   1          
  325   1              
  326   1      #if (IMU660RA_USE_INTERFACE==HARDWARE_SPI)   
                       spi_init(IMU660RA_SPI, SPI_MODE0, IMU660RA_SPI_SPEED, IMU660RA_SPC_PIN, IMU660RA_SDI_PIN, IMU660RA_SDO_P
             -IN, SPI_CS_NULL);   // й…ҚзҪ® IMU660RA зҡ„ SPI з«ҜеҸЈ
                   gpio_init(IMU660RA_CS_PIN, GPO, GPIO_HIGH, GPO_PUSH_PULL);                  // й…ҚзҪ® IMU660RA зҡ„CSз«ҜеҸЈ
                       imu660ra_read_register(IMU660RA_CHIP_ID);                                   // иҜ»еҸ–дёҖдёӢи®ҫеӨҮID е°Ҷи
             -®ҫеӨҮи®ҫзҪ®дёәSPIжЁЎејҸ
               #elif (IMU660RA_USE_INTERFACE==SOFT_SPI)
  331   1              // й»ҳи®ӨдҪҝз”ЁеҸҢеҗ‘IOпјҢдёҚйңҖиҰҒеҲқе§ӢеҢ–гҖӮ
  332   1              // soft_spi_init (IMU660RA_SPI, SPI_MODE0, 0, IMU660RA_SPC_PIN, IMU660RA_SDI_PIN, IMU660RA_SDO_PIN, IMU6
             -60RA_CS_PIN);
  333   1          imu660ra_read_register(IMU660RA_CHIP_ID);                                                   // иҜ»еҸ–дёҖдёӢи®ҫеӨҮID е°Ҷи®ҫеӨҮи®ҫзҪ®дёәSP
             -IжЁЎејҸ
  334   1      #elif (IMU660RA_USE_INTERFACE==SOFT_IIC)
                       soft_iic_init(&imu660ra_iic_struct, IMU660RA_DEV_ADDR, IMU660RA_SOFT_IIC_DELAY, IMU660RA_SCL_PIN, IMU660
C251 COMPILER V5.60.0,  zf_device_imu660ra                                                 24/05/26  16:50:23  PAGE 7   

             -RA_SDA_PIN);        // й…ҚзҪ® IMU660RA зҡ„ IIC з«ҜеҸЈ
               #endif
  337   1      
  338   1          
  339   1          do
  340   1          {
  341   2              if(imu660ra_self_check())                                               // IMU660RA иҮӘжЈҖ
  342   2              {
  343   3                  // еҰӮжһңзЁӢеәҸеңЁиҫ“еҮәдәҶж–ӯиЁҖдҝЎжҒҜ е№¶дё”жҸҗзӨәеҮәй”ҷдҪҚзҪ®еңЁиҝҷйҮҢ
  344   3                  // йӮЈд№Ҳе°ұжҳҜ IMU660RA иҮӘжЈҖеҮәй”ҷе№¶и¶…ж—¶йҖҖеҮәдәҶ
  345   3                  // жЈҖжҹҘдёҖдёӢжҺҘзәҝжңүжІЎжңүй—®йўҳ еҰӮжһңжІЎй—®йўҳеҸҜиғҪе°ұжҳҜеқҸдәҶ
  346   3                  printf( "imu660ra self check error.\r\n");
  347   3                  return_state = 1;
  348   3                  break;
  349   3              }
  350   2              
  351   2              imu660ra_write_register(IMU660RA_PWR_CONF, 0x00);                       // е…ій—ӯй«ҳзә§зңҒз”өжЁЎе
             -јҸ
  352   2              system_delay_ms(1);
  353   2              imu660ra_write_register(IMU660RA_INIT_CTRL, 0x00);                      // ејҖе§ӢеҜ№жЁЎеқ—иҝӣиЎҢе
             -Ҳқе§ӢеҢ–й…ҚзҪ®
  354   2              imu660ra_write_registers(IMU660RA_INIT_DATA, imu660ra_config_file, sizeof(imu660ra_config_file));
             -   // иҫ“еҮәй…ҚзҪ®ж–Үд»¶
  355   2              imu660ra_write_register(IMU660RA_INIT_CTRL, 0x01);                      // еҲқе§ӢеҢ–й…ҚзҪ®з»“жқҹ
  356   2              system_delay_ms(20);
  357   2              
  358   2              if(1 != imu660ra_read_register(IMU660RA_INT_STA))                       // жЈҖжҹҘжҳҜеҗҰй…ҚзҪ®е®Ңж
             -Ҳҗ
  359   2              {
  360   3                  // еҰӮжһңзЁӢеәҸеңЁиҫ“еҮәдәҶж–ӯиЁҖдҝЎжҒҜ е№¶дё”жҸҗзӨәеҮәй”ҷдҪҚзҪ®еңЁиҝҷйҮҢ
  361   3                  // йӮЈд№Ҳе°ұжҳҜ IMU660RA й…ҚзҪ®еҲқе§ӢеҢ–ж–Үд»¶еҮәй”ҷдәҶ
  362   3                  // жЈҖжҹҘдёҖдёӢжҺҘзәҝжңүжІЎжңүй—®йўҳ еҰӮжһңжІЎй—®йўҳеҸҜиғҪе°ұжҳҜеқҸдәҶ
  363   3                  printf( "imu660ra init error.\r\n");
  364   3                  return_state = 1;
  365   3                  break;
  366   3              }
  367   2              
  368   2              imu660ra_write_register(IMU660RA_PWR_CTRL, 0x0E);                       // ејҖеҗҜжҖ§иғҪжЁЎејҸ  дҪ
             -ҝиғҪйҷҖиһәд»ӘгҖҒеҠ йҖҹеәҰгҖҒжё©еәҰдј ж„ҹеҷЁ
  369   2              imu660ra_write_register(IMU660RA_ACC_CONF, 0xA7);                       // еҠ йҖҹеәҰйҮҮйӣҶй…ҚзҪ® 
             -жҖ§иғҪжЁЎејҸ жӯЈеёёйҮҮйӣҶ 50Hz  йҮҮж ·йў‘зҺҮ
  370   2              imu660ra_write_register(IMU660RA_GYR_CONF, 0xA9);                       // йҷҖиһәд»ӘйҮҮйӣҶй…ҚзҪ® 
             -жҖ§иғҪжЁЎејҸ жӯЈеёёйҮҮйӣҶ 200Hz йҮҮж ·йў‘зҺҮ
  371   2              
  372   2              // IMU660RA_ACC_SAMPLE еҜ„еӯҳеҷЁ
  373   2              // и®ҫзҪ®дёә 0x00 еҠ йҖҹеәҰи®ЎйҮҸзЁӢдёә Вұ2  g   иҺ·еҸ–еҲ°зҡ„еҠ йҖҹеәҰи®Ўж•°жҚ®йҷӨд»Ҙ 16384  еҸҜд
             -»ҘиҪ¬еҢ–дёәеёҰзү©зҗҶеҚ•дҪҚзҡ„ж•°жҚ® еҚ•дҪҚ g(m/s^2)
  374   2              // и®ҫзҪ®дёә 0x01 еҠ йҖҹеәҰи®ЎйҮҸзЁӢдёә Вұ4  g   иҺ·еҸ–еҲ°зҡ„еҠ йҖҹеәҰи®Ўж•°жҚ®йҷӨд»Ҙ 8192   еҸҜд
             -»ҘиҪ¬еҢ–дёәеёҰзү©зҗҶеҚ•дҪҚзҡ„ж•°жҚ® еҚ•дҪҚ g(m/s^2)
  375   2              // и®ҫзҪ®дёә 0x02 еҠ йҖҹеәҰи®ЎйҮҸзЁӢдёә Вұ8  g   иҺ·еҸ–еҲ°зҡ„еҠ йҖҹеәҰи®Ўж•°жҚ®йҷӨд»Ҙ 4096   еҸҜд
             -»ҘиҪ¬еҢ–дёәеёҰзү©зҗҶеҚ•дҪҚзҡ„ж•°жҚ® еҚ•дҪҚ g(m/s^2)
  376   2              // и®ҫзҪ®дёә 0x03 еҠ йҖҹеәҰи®ЎйҮҸзЁӢдёә Вұ16 g   иҺ·еҸ–еҲ°зҡ„еҠ йҖҹеәҰи®Ўж•°жҚ®йҷӨд»Ҙ 2048   еҸҜд
             -»ҘиҪ¬еҢ–дёәеёҰзү©зҗҶеҚ•дҪҚзҡ„ж•°жҚ® еҚ•дҪҚ g(m/s^2)
  377   2              switch(IMU660RA_ACC_SAMPLE_DEFAULT)
  378   2              {
  379   3                  default:
  380   3                  {
  381   4                      printf( "IMU660RA_ACC_SAMPLE_DEFAULT set error.\r\n");
  382   4                      return_state = 1;
  383   4                  }
  384   3                  break;
  385   3                  
  386   3                  case IMU660RA_ACC_SAMPLE_SGN_2G:
  387   3                  {
  388   4                      imu660ra_write_register(IMU660RA_ACC_RANGE, 0x00);
  389   4                      imu660ra_transition_factor[0] = 16384;
C251 COMPILER V5.60.0,  zf_device_imu660ra                                                 24/05/26  16:50:23  PAGE 8   

  390   4                  }
  391   3                  break;
  392   3                  
  393   3                  case IMU660RA_ACC_SAMPLE_SGN_4G:
  394   3                  {
  395   4                      imu660ra_write_register(IMU660RA_ACC_RANGE, 0x01);
  396   4                      imu660ra_transition_factor[0] = 8192;
  397   4                  }
  398   3                  break;
  399   3                  
  400   3                  case IMU660RA_ACC_SAMPLE_SGN_8G:
  401   3                  {
  402   4                      imu660ra_write_register(IMU660RA_ACC_RANGE, 0x02);
  403   4                      imu660ra_transition_factor[0] = 4096;
  404   4                  }
  405   3                  break;
  406   3                  
  407   3                  case IMU660RA_ACC_SAMPLE_SGN_16G:
  408   3                  {
  409   4                      imu660ra_write_register(IMU660RA_ACC_RANGE, 0x03);
  410   4                      imu660ra_transition_factor[0] = 2048;
  411   4                  }
  412   3                  break;
  413   3              }
  414   2              
  415   2              if(1 == return_state)
  416   2              {
  417   3                  break;
  418   3              }
  419   2              
  420   2              // IMU660RA_GYR_RANGE еҜ„еӯҳеҷЁ
  421   2              // и®ҫзҪ®дёә 0x04 йҷҖиһәд»ӘйҮҸзЁӢдёә Вұ125  dps    иҺ·еҸ–еҲ°зҡ„йҷҖиһәд»Әж•°жҚ®йҷӨд»Ҙ 262.4   еҸҜд
             -»ҘиҪ¬еҢ–дёәеёҰзү©зҗҶеҚ•дҪҚзҡ„ж•°жҚ® еҚ•дҪҚдёә В°/s
  422   2              // и®ҫзҪ®дёә 0x03 йҷҖиһәд»ӘйҮҸзЁӢдёә Вұ250  dps    иҺ·еҸ–еҲ°зҡ„йҷҖиһәд»Әж•°жҚ®йҷӨд»Ҙ 131.2   еҸҜд
             -»ҘиҪ¬еҢ–дёәеёҰзү©зҗҶеҚ•дҪҚзҡ„ж•°жҚ® еҚ•дҪҚдёә В°/s
  423   2              // и®ҫзҪ®дёә 0x02 йҷҖиһәд»ӘйҮҸзЁӢдёә Вұ500  dps    иҺ·еҸ–еҲ°зҡ„йҷҖиһәд»Әж•°жҚ®йҷӨд»Ҙ 65.6    еҸҜд
             -»ҘиҪ¬еҢ–дёәеёҰзү©зҗҶеҚ•дҪҚзҡ„ж•°жҚ® еҚ•дҪҚдёә В°/s
  424   2              // и®ҫзҪ®дёә 0x01 йҷҖиһәд»ӘйҮҸзЁӢдёә Вұ1000 dps    иҺ·еҸ–еҲ°зҡ„йҷҖиһәд»Әж•°жҚ®йҷӨд»Ҙ 32.8    еҸҜд
             -»ҘиҪ¬еҢ–дёәеёҰзү©зҗҶеҚ•дҪҚзҡ„ж•°жҚ® еҚ•дҪҚдёә В°/s
  425   2              // и®ҫзҪ®дёә 0x00 йҷҖиһәд»ӘйҮҸзЁӢдёә Вұ2000 dps    иҺ·еҸ–еҲ°зҡ„йҷҖиһәд»Әж•°жҚ®йҷӨд»Ҙ 16.4    еҸҜд
             -»ҘиҪ¬еҢ–дёәеёҰзү©зҗҶеҚ•дҪҚзҡ„ж•°жҚ® еҚ•дҪҚдёә В°/s
  426   2              switch(IMU660RA_GYRO_SAMPLE_DEFAULT)
  427   2              {
  428   3                  default:
  429   3                  {
  430   4                      printf( "IMU660RA_GYRO_SAMPLE_DEFAULT set error.\r\n");
  431   4                      return_state = 1;
  432   4                  }
  433   3                  break;
  434   3                  
  435   3                  case IMU660RA_GYRO_SAMPLE_SGN_125DPS:
  436   3                  {
  437   4                      imu660ra_write_register(IMU660RA_GYR_RANGE, 0x04);
  438   4                      imu660ra_transition_factor[1] = 262.4;
  439   4                  }
  440   3                  break;
  441   3                  
  442   3                  case IMU660RA_GYRO_SAMPLE_SGN_250DPS:
  443   3                  {
  444   4                      imu660ra_write_register(IMU660RA_GYR_RANGE, 0x03);
  445   4                      imu660ra_transition_factor[1] = 131.2;
  446   4                  }
  447   3                  break;
  448   3                  
  449   3                  case IMU660RA_GYRO_SAMPLE_SGN_500DPS:
  450   3                  {
C251 COMPILER V5.60.0,  zf_device_imu660ra                                                 24/05/26  16:50:23  PAGE 9   

  451   4                      imu660ra_write_register(IMU660RA_GYR_RANGE, 0x02);
  452   4                      imu660ra_transition_factor[1] = 65.6;
  453   4                  }
  454   3                  break;
  455   3                  
  456   3                  case IMU660RA_GYRO_SAMPLE_SGN_1000DPS:
  457   3                  {
  458   4                      imu660ra_write_register(IMU660RA_GYR_RANGE, 0x01);
  459   4                      imu660ra_transition_factor[1] = 32.8;
  460   4                  }
  461   3                  break;
  462   3                  
  463   3                  case IMU660RA_GYRO_SAMPLE_SGN_2000DPS:
  464   3                  {
  465   4                      imu660ra_write_register(IMU660RA_GYR_RANGE, 0x00);
  466   4                      imu660ra_transition_factor[1] = 16.4;
  467   4                  }
  468   3                  break;
  469   3              }
  470   2              
  471   2              if(1 == return_state)
  472   2              {
  473   3                  break;
  474   3              }
  475   2          }
  476   1          while(0);
  477   1          
  478   1          return return_state;
  479   1      }
  480          
  481          


Module Information          Static   Overlayable
------------------------------------------------
  code size            =      1402     ------
  ecode size           =    ------     ------
  data size            =    ------     ------
  idata size           =    ------     ------
  pdata size           =    ------     ------
  xdata size           =        92     ------
  xdata-const size     =    ------     ------
  edata size           =    ------     ------
  bit size             =    ------     ------
  ebit size            =    ------     ------
  bitaddressable size  =    ------     ------
  ebitaddressable size =    ------     ------
  far data size        =    ------     ------
  huge data size       =    ------     ------
  const size           =    ------     ------
  hconst size          =       222     ------
End of Module Information.


C251 COMPILATION COMPLETE.  0 WARNING(S),  0 ERROR(S)
