C251 COMPILER V5.60.0,  zf_driver_soft_spi                                                 24/05/26  16:50:22  PAGE 1   


C251 COMPILER V5.60.0, COMPILATION OF MODULE zf_driver_soft_spi
OBJECT MODULE PLACED IN .\out_file\zf_driver_soft_spi.obj
COMPILER INVOKED BY: E:\keil_v5\C251\BIN\C251.EXE ..\..\libraries\zf_driver\zf_driver_soft_spi.c LARGE NOALIAS WARNINGLE
                    -VEL(0) OPTIMIZE(0,SIZE) BROWSE INCDIR(..\..\libraries\zf_common;..\..\libraries\zf_components;..\..\libraries\zf_device;
                    -..\..\libraries\zf_driver;..\user;..\code) DEBUG PRINT(.\out_file\zf_driver_soft_spi.lst) OBJECT(.\out_file\zf_driver_so
                    -ft_spi.obj) 

stmt  level    source

    1          #include "zf_common_debug.h"
    2          
    3          #include "zf_driver_soft_spi.h"
    4          
    5          //-------------------------------------------------------------------------------------------------------
             -------------
    6          // ÂáΩÊï∞ÁÆÄ‰ªã     ËΩØ‰ª∂ SPI Âª∂Êó∂
    7          // ÂèÇÊï∞ËØ¥Êòé     void
    8          // ËøîÂõûÂèÇÊï∞     void
    9          // ‰ΩøÁî®Á§∫‰æã     //soft_spi_delay(1);
   10          // Â§áÊ≥®‰ø°ÊÅØ     ÂÜÖÈÉ®Ë∞ÉÁî®
   11          //-------------------------------------------------------------------------------------------------------
             -------------
   12          void soft_spi_delay(uint32 x)  
   13          {
   14   1              vuint32 i = x;
   15   1              while(i--);
   16   1      }
   17          
   18          //-------------------------------------------------------------------------------------------------------
             -------------
   19          // ÂáΩÊï∞ÁÆÄ‰ªã     ËΩØ‰ª∂ SPI 8bit Êï∞ÊçÆËØªÂÜô
   20          // ÂèÇÊï∞ËØ¥Êòé     *soft_spi_obj   ËΩØ‰ª∂ SPI ÊåáÂÆö‰ø°ÊÅØÂ≠òÊîæÁªìÊûÑ‰ΩìÁöÑÊåáÈíà
   21          // ÂèÇÊï∞ËØ¥Êòé     dat            Êï∞ÊçÆ
   22          // ËøîÂõûÂèÇÊï∞     uint8           ËØªÂèñÁöÑÊï∞ÊçÆ
   23          // ‰ΩøÁî®Á§∫‰æã     soft_spi_8bit_data_handler(soft_spi_obj, 1);
   24          // Â§áÊ≥®‰ø°ÊÅØ     ÂÜÖÈÉ®Ë∞ÉÁî®
   25          //-------------------------------------------------------------------------------------------------------
             -------------
   26          static uint8 soft_spi_8bit_data_handler (soft_spi_info_struct *soft_spi_obj, const uint8 dat)
   27          {
   28   1          uint8 temp = 0;
   29   1          uint8 write_data = dat;
   30   1          uint8 read_data = 0;
   31   1      
   32   1      //    if(soft_spi_obj->config.use_cs)
   33   1      //    {
   34   1      //        gpio_low(soft_spi_obj->cs_pin);
   35   1      //    }
   36   1      
   37   1          if(0 == soft_spi_obj->config.mode || 1 == soft_spi_obj->config.mode)        // CPOL = 0 SCK Á©∫Èó≤‰Ωé
             -ÁîµÂπ≥
   38   1          {
   39   2              gpio_low(soft_spi_obj->sck_pin);
   40   2          }
   41   1          else                                                                        // CPOL = 1 SCK Á©∫Èó≤È´ò
             -ÁîµÂπ≥
   42   1          {
   43   2              gpio_high(soft_spi_obj->sck_pin);
   44   2          }
   45   1      
   46   1          if(!(soft_spi_obj->config.mode % 2))                                      // CPHA = 0 Á¨¨‰∏Ä‰∏™ËæπÊ≤ø
             -ÈááÊÝ∑
   47   1          {
   48   2              for(temp = 8; temp > 0; temp --)
   49   2              {
C251 COMPILER V5.60.0,  zf_driver_soft_spi                                                 24/05/26  16:50:22  PAGE 2   

   50   3                  if(0x80 & write_data)
   51   3                  {
   52   4                      gpio_high(soft_spi_obj->mosi_pin);
   53   4                  }
   54   3                  else
   55   3                  {
   56   4                      gpio_low(soft_spi_obj->mosi_pin);
   57   4                  }
   58   3                  //soft_spi_delay(soft_spi_obj->delay);
   59   3                  gpio_toggle_level(soft_spi_obj->sck_pin);
   60   3                  write_data = write_data << 1;
   61   3                  read_data = read_data << 1;
   62   3                  if(soft_spi_obj->config.use_miso)
   63   3                  {
   64   4                      read_data |= gpio_get_level(soft_spi_obj->miso_pin);
   65   4                  }
   66   3                  //soft_spi_delay(soft_spi_obj->delay);
   67   3                  gpio_toggle_level(soft_spi_obj->sck_pin);
   68   3              }
   69   2          }
   70   1          else                                                                        // CPHA = 1 Á¨¨‰∫å‰∏™ËæπÊ
             -≤øÈááÊÝ∑
   71   1          {
   72   2              for(temp = 8; 0 < temp; temp --)
   73   2              {
   74   3                  gpio_toggle_level(soft_spi_obj->sck_pin);
   75   3                  if(0x80 & write_data)
   76   3                  {
   77   4                      gpio_high(soft_spi_obj->mosi_pin);
   78   4                  }
   79   3                  else
   80   3                  {
   81   4                      gpio_low(soft_spi_obj->mosi_pin);
   82   4                  }
   83   3                  //soft_spi_delay(soft_spi_obj->delay);
   84   3                  gpio_toggle_level(soft_spi_obj->sck_pin);
   85   3                  write_data = write_data << 1;
   86   3                  read_data = read_data << 1;
   87   3                  if(soft_spi_obj->config.use_miso)
   88   3                  {
   89   4                      read_data |= gpio_get_level(soft_spi_obj->miso_pin);
   90   4                  }
   91   3                  //soft_spi_delay(soft_spi_obj->delay);
   92   3              }
   93   2          }
   94   1      
   95   1      //    if(soft_spi_obj->config.use_cs)
   96   1      //    {
   97   1      //        gpio_high(soft_spi_obj->cs_pin);
   98   1      //    }
   99   1          return read_data;
  100   1      }
  101          
  102          //-------------------------------------------------------------------------------------------------------
             -------------
  103          // ÂáΩÊï∞ÁÆÄ‰ªã     ËΩØ‰ª∂ SPI 16bit Êï∞ÊçÆËØªÂÜô
  104          // ÂèÇÊï∞ËØ¥Êòé     *soft_spi_obj   ËΩØ‰ª∂ SPI ÊåáÂÆö‰ø°ÊÅØÂ≠òÊîæÁªìÊûÑ‰ΩìÁöÑÊåáÈíà
  105          // ÂèÇÊï∞ËØ¥Êòé     dat            Êï∞ÊçÆ
  106          // ËøîÂõûÂèÇÊï∞     uint16          ËØªÂèñÁöÑÊï∞ÊçÆ
  107          // ‰ΩøÁî®Á§∫‰æã     soft_spi_16bit_data_handler(soft_spi_obj, 1);
  108          // Â§áÊ≥®‰ø°ÊÅØ     ÂÜÖÈÉ®Ë∞ÉÁî®
  109          //-------------------------------------------------------------------------------------------------------
             -------------
  110          static uint16 soft_spi_16bit_data_handler (soft_spi_info_struct *soft_spi_obj, const uint16 dat)
  111          {
  112   1          uint8 temp = 0;
C251 COMPILER V5.60.0,  zf_driver_soft_spi                                                 24/05/26  16:50:22  PAGE 3   

  113   1          uint16 write_data = dat;
  114   1          uint16 read_data = 0;
  115   1      
  116   1      //    if(soft_spi_obj->config.use_cs)
  117   1      //    {
  118   1      //        gpio_low(soft_spi_obj->cs_pin);
  119   1      //    }
  120   1      
  121   1          if(0 == soft_spi_obj->config.mode || 1 == soft_spi_obj->config.mode)        // CPOL = 0 SCK Á©∫Èó≤‰Ωé
             -ÁîµÂπ≥
  122   1          {
  123   2              gpio_low(soft_spi_obj->sck_pin);
  124   2          }
  125   1          else                                                                        // CPOL = 1 SCK Á©∫Èó≤È´ò
             -ÁîµÂπ≥
  126   1          {
  127   2              gpio_high(soft_spi_obj->sck_pin);
  128   2          }
  129   1      
  130   1          if(!(soft_spi_obj->config.mode % 2))                                      // CPHA = 0 Á¨¨‰∏Ä‰∏™ËæπÊ≤ø
             -ÈááÊÝ∑
  131   1          {
  132   2              for(temp = 16; 0 < temp; temp --)
  133   2              {
  134   3                  if(0x8000 & write_data)
  135   3                  {
  136   4                      gpio_high(soft_spi_obj->mosi_pin);
  137   4                  }
  138   3                  else
  139   3                  {
  140   4                      gpio_low(soft_spi_obj->mosi_pin);
  141   4                  }
  142   3                  //soft_spi_delay(soft_spi_obj->delay);
  143   3                  gpio_toggle_level(soft_spi_obj->sck_pin);
  144   3                  write_data = write_data << 1;
  145   3                  read_data = read_data << 1;
  146   3                  if(soft_spi_obj->config.use_miso)
  147   3                  {
  148   4                      read_data |= gpio_get_level(soft_spi_obj->miso_pin);
  149   4                  }
  150   3                  //soft_spi_delay(soft_spi_obj->delay);
  151   3                  gpio_toggle_level(soft_spi_obj->sck_pin);
  152   3              }
  153   2          }
  154   1          else                                                                        // CPHA = 1 Á¨¨‰∫å‰∏™ËæπÊ
             -≤øÈááÊÝ∑
  155   1          {
  156   2              for(temp = 16; 0 < temp; temp --)
  157   2              {
  158   3                  gpio_toggle_level(soft_spi_obj->sck_pin);
  159   3                  if(write_data & 0x8000)
  160   3                  {
  161   4                      gpio_high(soft_spi_obj->mosi_pin);
  162   4                  }
  163   3                  else
  164   3                  {
  165   4                      gpio_low(soft_spi_obj->mosi_pin);
  166   4                  }
  167   3                  //soft_spi_delay(soft_spi_obj->delay);
  168   3                  gpio_toggle_level(soft_spi_obj->sck_pin);
  169   3                  write_data = write_data << 1;
  170   3                  read_data = read_data << 1;
  171   3                  if(soft_spi_obj->config.use_miso)
  172   3                  {
  173   4                      read_data |= gpio_get_level(soft_spi_obj->miso_pin);
  174   4                  }
C251 COMPILER V5.60.0,  zf_driver_soft_spi                                                 24/05/26  16:50:22  PAGE 4   

  175   3                  //soft_spi_delay(soft_spi_obj->delay);
  176   3              }
  177   2          }
  178   1      
  179   1      //    if(soft_spi_obj->config.use_cs)
  180   1      //    {
  181   1      //        gpio_high(soft_spi_obj->cs_pin);
  182   1      //    }
  183   1          return read_data;
  184   1      }
  185          
  186          //-------------------------------------------------------------------------------------------------------
             -------------
  187          // ÂáΩÊï∞ÁÆÄ‰ªã     ËΩØ‰ª∂ SPI Êé•Âè£ÂÜô 8bit Êï∞ÊçÆ
  188          // ÂèÇÊï∞ËØ¥Êòé     *soft_spi_obj   ËΩØ‰ª∂ SPI ÊåáÂÆö‰ø°ÊÅØÂ≠òÊîæÁªìÊûÑ‰ΩìÁöÑÊåáÈíà
  189          // ÂèÇÊï∞ËØ¥Êòé     dat            ÂèëÈÄÅÁöÑÊï∞ÊçÆ
  190          // ËøîÂõûÂèÇÊï∞     void
  191          // ‰ΩøÁî®Á§∫‰æã     soft_spi_write_8bit(&soft_spi_obj, 1);
  192          // Â§áÊ≥®‰ø°ÊÅØ     
  193          //-------------------------------------------------------------------------------------------------------
             -------------
  194          void soft_spi_write_8bit (soft_spi_info_struct *soft_spi_obj, const uint8 dat)
  195          {
  196   1              zf_assert(soft_spi_obj != NULL);
  197   1              if(soft_spi_obj->config.use_cs)
  198   1          {
  199   2              gpio_low(soft_spi_obj->cs_pin);
  200   2          }
  201   1      
  202   1          soft_spi_8bit_data_handler(soft_spi_obj, dat);
  203   1              
  204   1              if(soft_spi_obj->config.use_cs)
  205   1          {
  206   2              gpio_high(soft_spi_obj->cs_pin);
  207   2          }
  208   1      }
  209          
  210          //-------------------------------------------------------------------------------------------------------
             -------------
  211          // ÂáΩÊï∞ÁÆÄ‰ªã     ËΩØ‰ª∂ SPI Êé•Âè£ÂÜô 8bit Êï∞ÁªÑ
  212          // ÂèÇÊï∞ËØ¥Êòé     *soft_spi_obj   ËΩØ‰ª∂ SPI ÊåáÂÆö‰ø°ÊÅØÂ≠òÊîæÁªìÊûÑ‰ΩìÁöÑÊåáÈíà
  213          // ÂèÇÊï∞ËØ¥Êòé     *dat           Êï∞ÊçÆÂ≠òÊîæÁºìÂÜ≤Âå∫
  214          // ÂèÇÊï∞ËØ¥Êòé     len             ÁºìÂÜ≤Âå∫ÈïøÂ∫¶
  215          // ËøîÂõûÂèÇÊï∞     void
  216          // ‰ΩøÁî®Á§∫‰æã     soft_spi_write_8bit_array(&soft_spi_obj, buf, 16);
  217          // Â§áÊ≥®‰ø°ÊÅØ     
  218          //-------------------------------------------------------------------------------------------------------
             -------------
  219          void soft_spi_write_8bit_array (soft_spi_info_struct *soft_spi_obj, const uint8 *dat, uint32 len)
  220          {
  221   1          zf_assert(soft_spi_obj != NULL);
  222   1          zf_assert(dat != NULL);
  223   1              if(soft_spi_obj->config.use_cs)
  224   1          {
  225   2              gpio_low(soft_spi_obj->cs_pin);
  226   2          }
  227   1              
  228   1          while(len --)
  229   1          {
  230   2              soft_spi_8bit_data_handler(soft_spi_obj, *dat ++);
  231   2          }
  232   1              
  233   1              if(soft_spi_obj->config.use_cs)
  234   1          {
  235   2              gpio_high(soft_spi_obj->cs_pin);
  236   2          }
C251 COMPILER V5.60.0,  zf_driver_soft_spi                                                 24/05/26  16:50:22  PAGE 5   

  237   1      }
  238          
  239          //-------------------------------------------------------------------------------------------------------
             -------------
  240          // ÂáΩÊï∞ÁÆÄ‰ªã     ËΩØ‰ª∂ SPI Êé•Âè£ÂÜô 16bit Êï∞ÊçÆ
  241          // ÂèÇÊï∞ËØ¥Êòé     *soft_spi_obj   ËΩØ‰ª∂ SPI ÊåáÂÆö‰ø°ÊÅØÂ≠òÊîæÁªìÊûÑ‰ΩìÁöÑÊåáÈíà
  242          // ÂèÇÊï∞ËØ¥Êòé     dat            ÂèëÈÄÅÁöÑÊï∞ÊçÆ
  243          // ËøîÂõûÂèÇÊï∞     void
  244          // ‰ΩøÁî®Á§∫‰æã     soft_spi_write_16bit(&soft_spi_obj, 1);
  245          // Â§áÊ≥®‰ø°ÊÅØ     
  246          //-------------------------------------------------------------------------------------------------------
             -------------
  247          void soft_spi_write_16bit (soft_spi_info_struct *soft_spi_obj, uint16 dat)
  248          {
  249   1          zf_assert(soft_spi_obj != NULL);
  250   1              if(soft_spi_obj->config.use_cs)
  251   1          {
  252   2              gpio_low(soft_spi_obj->cs_pin);
  253   2          }
  254   1              
  255   1          soft_spi_16bit_data_handler(soft_spi_obj, dat);
  256   1              
  257   1              if(soft_spi_obj->config.use_cs)
  258   1          {
  259   2              gpio_high(soft_spi_obj->cs_pin);
  260   2          }
  261   1      }
  262          
  263          //-------------------------------------------------------------------------------------------------------
             -------------
  264          // ÂáΩÊï∞ÁÆÄ‰ªã     ËΩØ‰ª∂ SPI Êé•Âè£ÂÜô 16bit Êï∞ÁªÑ
  265          // ÂèÇÊï∞ËØ¥Êòé     *soft_spi_obj   ËΩØ‰ª∂ SPI ÊåáÂÆö‰ø°ÊÅØÂ≠òÊîæÁªìÊûÑ‰ΩìÁöÑÊåáÈíà
  266          // ÂèÇÊï∞ËØ¥Êòé     *dat           Êï∞ÊçÆÂ≠òÊîæÁºìÂÜ≤Âå∫
  267          // ÂèÇÊï∞ËØ¥Êòé     len             ÁºìÂÜ≤Âå∫ÈïøÂ∫¶
  268          // ËøîÂõûÂèÇÊï∞     void
  269          // ‰ΩøÁî®Á§∫‰æã     soft_spi_write_16bit_array(&soft_spi_obj, buf, 16);
  270          // Â§áÊ≥®‰ø°ÊÅØ     
  271          //-------------------------------------------------------------------------------------------------------
             -------------
  272          void soft_spi_write_16bit_array (soft_spi_info_struct *soft_spi_obj, const uint16 *dat, uint32 len)
  273          {
  274   1          zf_assert(soft_spi_obj != NULL);
  275   1          zf_assert(dat != NULL);
  276   1              if(soft_spi_obj->config.use_cs)
  277   1          {
  278   2              gpio_low(soft_spi_obj->cs_pin);
  279   2          }
  280   1              
  281   1          while(len --)
  282   1          {
  283   2              soft_spi_16bit_data_handler(soft_spi_obj, *dat ++);
  284   2          }
  285   1              
  286   1              if(soft_spi_obj->config.use_cs)
  287   1          {
  288   2              gpio_high(soft_spi_obj->cs_pin);
  289   2          }
  290   1      }
  291          
  292          //-------------------------------------------------------------------------------------------------------
             -------------
  293          // ÂáΩÊï∞ÁÆÄ‰ªã     ËΩØ‰ª∂ SPI Êé•Âè£Âêë‰ºÝÊÑüÂô®ÁöÑÂØÑÂ≠òÂô®ÂÜô 8bit Êï∞ÊçÆ
  294          // ÂèÇÊï∞ËØ¥Êòé     *soft_spi_obj   ËΩØ‰ª∂ SPI ÊåáÂÆö‰ø°ÊÅØÂ≠òÊîæÁªìÊûÑ‰ΩìÁöÑÊåáÈíà
  295          // ÂèÇÊï∞ËØ¥Êòé     register_name   ÂØÑÂ≠òÂô®Âú∞ÂùÄ
  296          // ÂèÇÊï∞ËØ¥Êòé     dat            ÂèëÈÄÅÁöÑÊï∞ÊçÆ
  297          // ËøîÂõûÂèÇÊï∞     void
C251 COMPILER V5.60.0,  zf_driver_soft_spi                                                 24/05/26  16:50:22  PAGE 6   

  298          // ‰ΩøÁî®Á§∫‰æã     soft_spi_write_8bit_register(&soft_spi_obj, 1, 1);
  299          // Â§áÊ≥®‰ø°ÊÅØ     
  300          //-------------------------------------------------------------------------------------------------------
             -------------
  301          void soft_spi_write_8bit_register (soft_spi_info_struct *soft_spi_obj, const uint8 register_name, const u
             -int8 dat)
  302          {
  303   1          zf_assert(soft_spi_obj != NULL);
  304   1              if(soft_spi_obj->config.use_cs)
  305   1          {
  306   2              gpio_low(soft_spi_obj->cs_pin);
  307   2          }
  308   1              
  309   1          soft_spi_8bit_data_handler(soft_spi_obj, register_name);
  310   1          soft_spi_8bit_data_handler(soft_spi_obj, dat);
  311   1              
  312   1              if(soft_spi_obj->config.use_cs)
  313   1          {
  314   2              gpio_high(soft_spi_obj->cs_pin);
  315   2          }
  316   1      }
  317          
  318          //-------------------------------------------------------------------------------------------------------
             -------------
  319          // ÂáΩÊï∞ÁÆÄ‰ªã     ËΩØ‰ª∂ SPI Êé•Âè£Âêë‰ºÝÊÑüÂô®ÁöÑÂØÑÂ≠òÂô®ÂÜô 8bit Êï∞ÁªÑ
  320          // ÂèÇÊï∞ËØ¥Êòé     *soft_spi_obj   ËΩØ‰ª∂ SPI ÊåáÂÆö‰ø°ÊÅØÂ≠òÊîæÁªìÊûÑ‰ΩìÁöÑÊåáÈíà
  321          // ÂèÇÊï∞ËØ¥Êòé     register_name   ÂØÑÂ≠òÂô®Âú∞ÂùÄ
  322          // ÂèÇÊï∞ËØ¥Êòé     *dat           Êï∞ÊçÆÂ≠òÊîæÁºìÂÜ≤Âå∫
  323          // ÂèÇÊï∞ËØ¥Êòé     len             ÁºìÂÜ≤Âå∫ÈïøÂ∫¶
  324          // ËøîÂõûÂèÇÊï∞     void
  325          // ‰ΩøÁî®Á§∫‰æã     soft_spi_write_8bit_registers(&soft_spi_obj, 1, buf, 16);
  326          //-------------------------------------------------------------------------------------------------------
             -------------
  327          void soft_spi_write_8bit_registers (soft_spi_info_struct *soft_spi_obj, const uint8 register_name, const 
             -uint8 *dat, uint32 len)
  328          {
  329   1          zf_assert(soft_spi_obj != NULL);
  330   1          zf_assert(dat != NULL);
  331   1              if(soft_spi_obj->config.use_cs)
  332   1          {
  333   2              gpio_low(soft_spi_obj->cs_pin);
  334   2          }
  335   1              
  336   1          soft_spi_8bit_data_handler(soft_spi_obj, register_name);
  337   1          while(len --)
  338   1          {
  339   2              soft_spi_8bit_data_handler(soft_spi_obj, *dat ++);
  340   2          }
  341   1              
  342   1              if(soft_spi_obj->config.use_cs)
  343   1          {
  344   2              gpio_high(soft_spi_obj->cs_pin);
  345   2          }
  346   1      }
  347          
  348          //-------------------------------------------------------------------------------------------------------
             -------------
  349          // ÂáΩÊï∞ÁÆÄ‰ªã     ËΩØ‰ª∂ SPI Êé•Âè£Âêë‰ºÝÊÑüÂô®ÁöÑÂØÑÂ≠òÂô®ÂÜô 16bit Êï∞ÊçÆ
  350          // ÂèÇÊï∞ËØ¥Êòé     *soft_spi_obj   ËΩØ‰ª∂ SPI ÊåáÂÆö‰ø°ÊÅØÂ≠òÊîæÁªìÊûÑ‰ΩìÁöÑÊåáÈíà
  351          // ÂèÇÊï∞ËØ¥Êòé     register_name   ÂØÑÂ≠òÂô®Âú∞ÂùÄ
  352          // ÂèÇÊï∞ËØ¥Êòé     dat            ÂèëÈÄÅÁöÑÊï∞ÊçÆ
  353          // ËøîÂõûÂèÇÊï∞     void
  354          // ‰ΩøÁî®Á§∫‰æã     soft_spi_write_16bit_register(&soft_spi_obj, 1, 1);
  355          // Â§áÊ≥®‰ø°ÊÅØ     
  356          //-------------------------------------------------------------------------------------------------------
             -------------
C251 COMPILER V5.60.0,  zf_driver_soft_spi                                                 24/05/26  16:50:22  PAGE 7   

  357          void soft_spi_write_16bit_register (soft_spi_info_struct *soft_spi_obj, const uint16 register_name, uint1
             -6 dat)
  358          {
  359   1          zf_assert(soft_spi_obj != NULL);
  360   1              if(soft_spi_obj->config.use_cs)
  361   1          {
  362   2              gpio_low(soft_spi_obj->cs_pin);
  363   2          }
  364   1              
  365   1          soft_spi_16bit_data_handler(soft_spi_obj, register_name);
  366   1          soft_spi_16bit_data_handler(soft_spi_obj, dat);
  367   1              
  368   1              if(soft_spi_obj->config.use_cs)
  369   1          {
  370   2              gpio_high(soft_spi_obj->cs_pin);
  371   2          }
  372   1      }
  373          
  374          //-------------------------------------------------------------------------------------------------------
             -------------
  375          // ÂáΩÊï∞ÁÆÄ‰ªã     ËΩØ‰ª∂ SPI Êé•Âè£Âêë‰ºÝÊÑüÂô®ÁöÑÂØÑÂ≠òÂô®ÂÜô 16bit Êï∞ÁªÑ
  376          // ÂèÇÊï∞ËØ¥Êòé     *soft_spi_obj   ËΩØ‰ª∂ SPI ÊåáÂÆö‰ø°ÊÅØÂ≠òÊîæÁªìÊûÑ‰ΩìÁöÑÊåáÈíà
  377          // ÂèÇÊï∞ËØ¥Êòé     register_name   ÂØÑÂ≠òÂô®Âú∞ÂùÄ
  378          // ÂèÇÊï∞ËØ¥Êòé     *dat           Êï∞ÊçÆÂ≠òÊîæÁºìÂÜ≤Âå∫
  379          // ÂèÇÊï∞ËØ¥Êòé     len             ÁºìÂÜ≤Âå∫ÈïøÂ∫¶
  380          // ËøîÂõûÂèÇÊï∞     void
  381          // ‰ΩøÁî®Á§∫‰æã     soft_spi_write_16bit_registers(&soft_spi_obj, 1, buf, 16);
  382          // Â§áÊ≥®‰ø°ÊÅØ     
  383          //-------------------------------------------------------------------------------------------------------
             -------------
  384          void soft_spi_write_16bit_registers (soft_spi_info_struct *soft_spi_obj, const uint16 register_name, cons
             -t uint16 *dat, uint32 len)
  385          {
  386   1          zf_assert(soft_spi_obj != NULL);
  387   1          zf_assert(dat != NULL);
  388   1              if(soft_spi_obj->config.use_cs)
  389   1          {
  390   2              gpio_low(soft_spi_obj->cs_pin);
  391   2          }
  392   1              
  393   1          soft_spi_16bit_data_handler(soft_spi_obj, register_name);
  394   1          while(len --)
  395   1          {
  396   2              soft_spi_16bit_data_handler(soft_spi_obj, *dat ++);
  397   2          }
  398   1              
  399   1              if(soft_spi_obj->config.use_cs)
  400   1          {
  401   2              gpio_high(soft_spi_obj->cs_pin);
  402   2          }
  403   1      }
  404          
  405          //-------------------------------------------------------------------------------------------------------
             -------------
  406          // ÂáΩÊï∞ÁÆÄ‰ªã     ËΩØ‰ª∂ SPI Êé•Âè£ËØª 8bit Êï∞ÊçÆ
  407          // ÂèÇÊï∞ËØ¥Êòé     *soft_spi_obj   ËΩØ‰ª∂ SPI ÊåáÂÆö‰ø°ÊÅØÂ≠òÊîæÁªìÊûÑ‰ΩìÁöÑÊåáÈíà
  408          // ÂèÇÊï∞ËØ¥Êòé     dat            ÂèëÈÄÅÁöÑÊï∞ÊçÆ
  409          // ËøîÂõûÂèÇÊï∞     uint8           ËøîÂõûËØªÂèñÁöÑ 8bit Êï∞ÊçÆ
  410          // ‰ΩøÁî®Á§∫‰æã     soft_spi_read_8bit(&soft_spi_obj);
  411          // Â§áÊ≥®‰ø°ÊÅØ     
  412          //-------------------------------------------------------------------------------------------------------
             -------------
  413          uint8 soft_spi_read_8bit (soft_spi_info_struct *soft_spi_obj)
  414          {
  415   1              uint8 dat = 0;
  416   1          zf_assert(soft_spi_obj != NULL);
C251 COMPILER V5.60.0,  zf_driver_soft_spi                                                 24/05/26  16:50:22  PAGE 8   

  417   1              if(soft_spi_obj->config.use_cs)
  418   1          {
  419   2              gpio_low(soft_spi_obj->cs_pin);
  420   2          }
  421   1              
  422   1              dat = soft_spi_8bit_data_handler(soft_spi_obj, 0);
  423   1      
  424   1              if(soft_spi_obj->config.use_cs)
  425   1          {
  426   2              gpio_high(soft_spi_obj->cs_pin);
  427   2          }
  428   1          return dat;
  429   1      }
  430          
  431          //-------------------------------------------------------------------------------------------------------
             -------------
  432          // ÂáΩÊï∞ÁÆÄ‰ªã     ËΩØ‰ª∂ SPI Êé•Âè£ËØª 8bit Êï∞ÁªÑ
  433          // ÂèÇÊï∞ËØ¥Êòé     *soft_spi_obj   ËΩØ‰ª∂ SPI ÊåáÂÆö‰ø°ÊÅØÂ≠òÊîæÁªìÊûÑ‰ΩìÁöÑÊåáÈíà
  434          // ÂèÇÊï∞ËØ¥Êòé     *dat           Êï∞ÊçÆÂ≠òÊîæÁºìÂÜ≤Âå∫
  435          // ÂèÇÊï∞ËØ¥Êòé     len             ÁºìÂÜ≤Âå∫ÈïøÂ∫¶
  436          // ËøîÂõûÂèÇÊï∞     void
  437          // ‰ΩøÁî®Á§∫‰æã     soft_spi_read_8bit_array(&soft_spi_obj, buf, 16);
  438          // Â§áÊ≥®‰ø°ÊÅØ     
  439          //-------------------------------------------------------------------------------------------------------
             -------------
  440          void soft_spi_read_8bit_array (soft_spi_info_struct *soft_spi_obj, uint8 *dat, uint32 len)
  441          {
  442   1          zf_assert(soft_spi_obj != NULL);
  443   1          zf_assert(dat != NULL);
  444   1              if(soft_spi_obj->config.use_cs)
  445   1          {
  446   2              gpio_low(soft_spi_obj->cs_pin);
  447   2          }
  448   1              
  449   1          while(len --)
  450   1          {
  451   2              *dat ++ = soft_spi_8bit_data_handler(soft_spi_obj, 0);
  452   2          }
  453   1              
  454   1              if(soft_spi_obj->config.use_cs)
  455   1          {
  456   2              gpio_high(soft_spi_obj->cs_pin);
  457   2          }
  458   1      }
  459          
  460          //-------------------------------------------------------------------------------------------------------
             -------------
  461          // ÂáΩÊï∞ÁÆÄ‰ªã     ËΩØ‰ª∂ SPI Êé•Âè£ËØª 16bit Êï∞ÊçÆ
  462          // ÂèÇÊï∞ËØ¥Êòé     *soft_spi_obj   ËΩØ‰ª∂ SPI ÊåáÂÆö‰ø°ÊÅØÂ≠òÊîæÁªìÊûÑ‰ΩìÁöÑÊåáÈíà
  463          // ÂèÇÊï∞ËØ¥Êòé     dat            ÂèëÈÄÅÁöÑÊï∞ÊçÆ
  464          // ËøîÂõûÂèÇÊï∞     uint16          ËøîÂõûËØªÂèñÁöÑ 16bit Êï∞ÊçÆ
  465          // ‰ΩøÁî®Á§∫‰æã     soft_spi_read_16bit(&soft_spi_obj);
  466          // Â§áÊ≥®‰ø°ÊÅØ     
  467          //-------------------------------------------------------------------------------------------------------
             -------------
  468          uint16 soft_spi_read_16bit (soft_spi_info_struct *soft_spi_obj)
  469          {
  470   1              uint8 dat = 0;
  471   1              
  472   1              zf_assert(soft_spi_obj != NULL);
  473   1              
  474   1              if(soft_spi_obj->config.use_cs)
  475   1          {
  476   2              gpio_low(soft_spi_obj->cs_pin);
  477   2          }
  478   1              
C251 COMPILER V5.60.0,  zf_driver_soft_spi                                                 24/05/26  16:50:22  PAGE 9   

  479   1              dat = soft_spi_16bit_data_handler(soft_spi_obj, 0);
  480   1              
  481   1              if(soft_spi_obj->config.use_cs)
  482   1          {
  483   2              gpio_high(soft_spi_obj->cs_pin);
  484   2          }
  485   1              
  486   1          return dat;
  487   1      }
  488          
  489          //-------------------------------------------------------------------------------------------------------
             -------------
  490          // ÂáΩÊï∞ÁÆÄ‰ªã     ËΩØ‰ª∂ SPI Êé•Âè£ËØª 16bit Êï∞ÁªÑ
  491          // ÂèÇÊï∞ËØ¥Êòé     *soft_spi_obj   ËΩØ‰ª∂ SPI ÊåáÂÆö‰ø°ÊÅØÂ≠òÊîæÁªìÊûÑ‰ΩìÁöÑÊåáÈíà
  492          // ÂèÇÊï∞ËØ¥Êòé     *dat           Êï∞ÊçÆÂ≠òÊîæÁºìÂÜ≤Âå∫
  493          // ÂèÇÊï∞ËØ¥Êòé     len             ÁºìÂÜ≤Âå∫ÈïøÂ∫¶
  494          // ËøîÂõûÂèÇÊï∞     void
  495          // ‰ΩøÁî®Á§∫‰æã     soft_spi_read_16bit_array(&soft_spi_obj, buf, 16);
  496          // Â§áÊ≥®‰ø°ÊÅØ     
  497          //-------------------------------------------------------------------------------------------------------
             -------------
  498          void soft_spi_read_16bit_array (soft_spi_info_struct *soft_spi_obj, uint16 *dat, uint32 len)
  499          {
  500   1          zf_assert(soft_spi_obj != NULL);
  501   1          zf_assert(dat != NULL);
  502   1              if(soft_spi_obj->config.use_cs)
  503   1          {
  504   2              gpio_low(soft_spi_obj->cs_pin);
  505   2          }
  506   1              
  507   1          while(len --)
  508   1          {
  509   2              *dat ++ = soft_spi_16bit_data_handler(soft_spi_obj, 0);
  510   2          }
  511   1              
  512   1              if(soft_spi_obj->config.use_cs)
  513   1          {
  514   2              gpio_high(soft_spi_obj->cs_pin);
  515   2          }
  516   1      }
  517          
  518          //-------------------------------------------------------------------------------------------------------
             -------------
  519          // ÂáΩÊï∞ÁÆÄ‰ªã     ËΩØ‰ª∂ SPI Êé•Âè£‰ªé‰ºÝÊÑüÂô®ÁöÑÂØÑÂ≠òÂô®ËØª 8bit Êï∞ÊçÆ
  520          // ÂèÇÊï∞ËØ¥Êòé     *soft_spi_obj   ËΩØ‰ª∂ SPI ÊåáÂÆö‰ø°ÊÅØÂ≠òÊîæÁªìÊûÑ‰ΩìÁöÑÊåáÈíà
  521          // ÂèÇÊï∞ËØ¥Êòé     register_name   ÂØÑÂ≠òÂô®Âú∞ÂùÄ
  522          // ÂèÇÊï∞ËØ¥Êòé     dat            ÂèëÈÄÅÁöÑÊï∞ÊçÆ
  523          // ËøîÂõûÂèÇÊï∞     uint8           ËøîÂõûËØªÂèñÁöÑ 8bit Êï∞ÊçÆ
  524          // ‰ΩøÁî®Á§∫‰æã     soft_spi_read_8bit_register(&soft_spi_obj, 0x01, 0x01);
  525          // Â§áÊ≥®‰ø°ÊÅØ     
  526          //-------------------------------------------------------------------------------------------------------
             -------------
  527          uint8 soft_spi_read_8bit_register (soft_spi_info_struct *soft_spi_obj, const uint8 register_name)
  528          {
  529   1              uint8 dat = 0;
  530   1          zf_assert(soft_spi_obj != NULL);
  531   1              if(soft_spi_obj->config.use_cs)
  532   1          {
  533   2              gpio_low(soft_spi_obj->cs_pin);
  534   2          }
  535   1              
  536   1          soft_spi_8bit_data_handler(soft_spi_obj, register_name);
  537   1              dat = soft_spi_8bit_data_handler(soft_spi_obj, 0);
  538   1              
  539   1              if(soft_spi_obj->config.use_cs)
  540   1          {
C251 COMPILER V5.60.0,  zf_driver_soft_spi                                                 24/05/26  16:50:22  PAGE 10  

  541   2              gpio_high(soft_spi_obj->cs_pin);
  542   2          }
  543   1          return dat;
  544   1      }
  545          
  546          //-------------------------------------------------------------------------------------------------------
             -------------
  547          // ÂáΩÊï∞ÁÆÄ‰ªã     ËΩØ‰ª∂ SPI Êé•Âè£‰ªé‰ºÝÊÑüÂô®ÁöÑÂØÑÂ≠òÂô®ËØª 8bit Êï∞ÁªÑ
  548          // ÂèÇÊï∞ËØ¥Êòé     *soft_spi_obj   ËΩØ‰ª∂ SPI ÊåáÂÆö‰ø°ÊÅØÂ≠òÊîæÁªìÊûÑ‰ΩìÁöÑÊåáÈíà
  549          // ÂèÇÊï∞ËØ¥Êòé     register_name   ÂØÑÂ≠òÂô®Âú∞ÂùÄ
  550          // ÂèÇÊï∞ËØ¥Êòé     *dat           Êï∞ÊçÆÂ≠òÊîæÁºìÂÜ≤Âå∫
  551          // ÂèÇÊï∞ËØ¥Êòé     len             ÁºìÂÜ≤Âå∫ÈïøÂ∫¶
  552          // ËøîÂõûÂèÇÊï∞     void
  553          // ‰ΩøÁî®Á§∫‰æã     soft_spi_read_8bit_registers(&soft_spi_obj, 0x01, buf, 16);
  554          // Â§áÊ≥®‰ø°ÊÅØ     
  555          //-------------------------------------------------------------------------------------------------------
             -------------
  556          void soft_spi_read_8bit_registers (soft_spi_info_struct *soft_spi_obj, const uint8 register_name, uint8 *
             -dat, uint32 len)
  557          {
  558   1          zf_assert(soft_spi_obj != NULL);
  559   1          zf_assert(dat != NULL);
  560   1              if(soft_spi_obj->config.use_cs)
  561   1          {
  562   2              gpio_low(soft_spi_obj->cs_pin);
  563   2          }
  564   1              
  565   1          soft_spi_8bit_data_handler(soft_spi_obj, register_name);
  566   1          while(len --)
  567   1          {
  568   2              *dat ++ = soft_spi_8bit_data_handler(soft_spi_obj, 0);
  569   2          }
  570   1              
  571   1              if(soft_spi_obj->config.use_cs)
  572   1          {
  573   2              gpio_high(soft_spi_obj->cs_pin);
  574   2          }
  575   1      }
  576          
  577          //-------------------------------------------------------------------------------------------------------
             -------------
  578          // ÂáΩÊï∞ÁÆÄ‰ªã     ËΩØ‰ª∂ SPI Êé•Âè£‰ªé‰ºÝÊÑüÂô®ÁöÑÂØÑÂ≠òÂô®ËØª 16bit Êï∞ÊçÆ
  579          // ÂèÇÊï∞ËØ¥Êòé     *soft_spi_obj   ËΩØ‰ª∂ SPI ÊåáÂÆö‰ø°ÊÅØÂ≠òÊîæÁªìÊûÑ‰ΩìÁöÑÊåáÈíà
  580          // ÂèÇÊï∞ËØ¥Êòé     register_name   ÂØÑÂ≠òÂô®Âú∞ÂùÄ
  581          // ÂèÇÊï∞ËØ¥Êòé     dat            ÂèëÈÄÅÁöÑÊï∞ÊçÆ
  582          // ËøîÂõûÂèÇÊï∞     uint16          ËøîÂõûËØªÂèñÁöÑ 16bit Êï∞ÊçÆ
  583          // ‰ΩøÁî®Á§∫‰æã     soft_spi_read_16bit_register(&soft_spi_obj, 0x0101);
  584          // Â§áÊ≥®‰ø°ÊÅØ     
  585          //-------------------------------------------------------------------------------------------------------
             -------------
  586          uint16 soft_spi_read_16bit_register (soft_spi_info_struct *soft_spi_obj, const uint16 register_name)
  587          {
  588   1              uint16 dat = 0;
  589   1              
  590   1          zf_assert(soft_spi_obj != NULL);
  591   1              
  592   1              if(soft_spi_obj->config.use_cs)
  593   1          {
  594   2              gpio_low(soft_spi_obj->cs_pin);
  595   2          }
  596   1          soft_spi_16bit_data_handler(soft_spi_obj, register_name);
  597   1              dat = soft_spi_16bit_data_handler(soft_spi_obj, 0);
  598   1              
  599   1              if(soft_spi_obj->config.use_cs)
  600   1          {
  601   2              gpio_high(soft_spi_obj->cs_pin);
C251 COMPILER V5.60.0,  zf_driver_soft_spi                                                 24/05/26  16:50:22  PAGE 11  

  602   2          }
  603   1          return dat;
  604   1      }
  605          
  606          //-------------------------------------------------------------------------------------------------------
             -------------
  607          // ÂáΩÊï∞ÁÆÄ‰ªã     ËΩØ‰ª∂ SPI Êé•Âè£‰ªé‰ºÝÊÑüÂô®ÁöÑÂØÑÂ≠òÂô®ËØª 16bit Êï∞ÁªÑ
  608          // ÂèÇÊï∞ËØ¥Êòé     *soft_spi_obj   ËΩØ‰ª∂ SPI ÊåáÂÆö‰ø°ÊÅØÂ≠òÊîæÁªìÊûÑ‰ΩìÁöÑÊåáÈíà
  609          // ÂèÇÊï∞ËØ¥Êòé     register_name   ÂØÑÂ≠òÂô®Âú∞ÂùÄ
  610          // ÂèÇÊï∞ËØ¥Êòé     *dat           Êï∞ÊçÆÂ≠òÊîæÁºìÂÜ≤Âå∫
  611          // ÂèÇÊï∞ËØ¥Êòé     len             ÁºìÂÜ≤Âå∫ÈïøÂ∫¶
  612          // ËøîÂõûÂèÇÊï∞     void
  613          // ‰ΩøÁî®Á§∫‰æã     soft_spi_read_16bit_registers(&soft_spi_obj, 0x0101, buf, 16);
  614          // Â§áÊ≥®‰ø°ÊÅØ     
  615          //-------------------------------------------------------------------------------------------------------
             -------------
  616          void soft_spi_read_16bit_registers (soft_spi_info_struct *soft_spi_obj, const uint16 register_name, uint1
             -6 *dat, uint32 len)
  617          {
  618   1          zf_assert(soft_spi_obj != NULL);
  619   1          zf_assert(dat != NULL);
  620   1              if(soft_spi_obj->config.use_cs)
  621   1          {
  622   2              gpio_low(soft_spi_obj->cs_pin);
  623   2          }
  624   1          soft_spi_16bit_data_handler(soft_spi_obj, register_name);
  625   1          while(len --)
  626   1          {
  627   2              *dat ++ = soft_spi_16bit_data_handler(soft_spi_obj, 0);
  628   2          }
  629   1              
  630   1              if(soft_spi_obj->config.use_cs)
  631   1          {
  632   2              gpio_high(soft_spi_obj->cs_pin);
  633   2          }
  634   1      }
  635          
  636          //-------------------------------------------------------------------------------------------------------
             -------------
  637          // ÂáΩÊï∞ÁÆÄ‰ªã     ËΩØ‰ª∂ SPI 8bit Êï∞ÊçÆ‰ºÝËæì ÂèëÈÄÅ‰∏éÊé•Êî∂Êï∞ÊçÆÊòØÂêåÊó∂ËøõË°åÁöÑ
  638          // ÂèÇÊï∞ËØ¥Êòé     *soft_spi_obj   ËΩØ‰ª∂ SPI ÊåáÂÆö‰ø°ÊÅØÂ≠òÊîæÁªìÊûÑ‰ΩìÁöÑÊåáÈíà
  639          // ÂèÇÊï∞ËØ¥Êòé     write_buffer    ÂèëÈÄÅÁöÑÊï∞ÊçÆÁºìÂÜ≤Âå∫Âú∞ÂùÄ
  640          // ÂèÇÊï∞ËØ¥Êòé     read_buffer     ÂèëÈÄÅÊï∞ÊçÆÊó∂Êé•Êî∂Âà∞ÁöÑÊï∞ÊçÆÁöÑÂ≠òÂÇ®Âú∞ÂùÄ(‰∏çÈúÄË¶ÅÊé•Êî∂Âàô‰º
             -Ý NULL)
  641          // ÂèÇÊï∞ËØ¥Êòé     len             ÂèëÈÄÅÁöÑÂ≠óËäÇÊï∞
  642          // ËøîÂõûÂèÇÊï∞     void
  643          // ‰ΩøÁî®Á§∫‰æã     soft_spi_transfer_8bit(&soft_spi_obj, buf, buf, 1);
  644          // Â§áÊ≥®‰ø°ÊÅØ     
  645          //-------------------------------------------------------------------------------------------------------
             -------------
  646          void soft_spi_transfer_8bit (soft_spi_info_struct *soft_spi_obj, const uint8 *write_buffer, uint8 *read_b
             -uffer, uint32 len)
  647          {
  648   1          zf_assert(soft_spi_obj != NULL);
  649   1          zf_assert(write_buffer != NULL);
  650   1              if(soft_spi_obj->config.use_cs)
  651   1          {
  652   2              gpio_low(soft_spi_obj->cs_pin);
  653   2          }
  654   1              
  655   1          while(len --)
  656   1          {
  657   2              if(read_buffer != NULL)
  658   2              {
  659   3                  *read_buffer = soft_spi_8bit_data_handler(soft_spi_obj, *write_buffer);
  660   3                  write_buffer ++;
C251 COMPILER V5.60.0,  zf_driver_soft_spi                                                 24/05/26  16:50:22  PAGE 12  

  661   3                  read_buffer ++;
  662   3              }
  663   2              else
  664   2              {
  665   3                  soft_spi_8bit_data_handler(soft_spi_obj, *write_buffer);
  666   3                  write_buffer ++;
  667   3              }
  668   2          }
  669   1              
  670   1              if(soft_spi_obj->config.use_cs)
  671   1          {
  672   2              gpio_high(soft_spi_obj->cs_pin);
  673   2          }
  674   1      }
  675          
  676          //-------------------------------------------------------------------------------------------------------
             -------------
  677          // ÂáΩÊï∞ÁÆÄ‰ªã     ËΩØ‰ª∂ SPI 16bit Êï∞ÊçÆ‰ºÝËæì ÂèëÈÄÅ‰∏éÊé•Êî∂Êï∞ÊçÆÊòØÂêåÊó∂ËøõË°åÁöÑ
  678          // ÂèÇÊï∞ËØ¥Êòé     *soft_spi_obj   ËΩØ‰ª∂ SPI ÊåáÂÆö‰ø°ÊÅØÂ≠òÊîæÁªìÊûÑ‰ΩìÁöÑÊåáÈíà
  679          // ÂèÇÊï∞ËØ¥Êòé     write_buffer    ÂèëÈÄÅÁöÑÊï∞ÊçÆÁºìÂÜ≤Âå∫Âú∞ÂùÄ
  680          // ÂèÇÊï∞ËØ¥Êòé     read_buffer     ÂèëÈÄÅÊï∞ÊçÆÊó∂Êé•Êî∂Âà∞ÁöÑÊï∞ÊçÆÁöÑÂ≠òÂÇ®Âú∞ÂùÄ(‰∏çÈúÄË¶ÅÊé•Êî∂Âàô‰º
             -Ý NULL)
  681          // ÂèÇÊï∞ËØ¥Êòé     len             ÂèëÈÄÅÁöÑÂ≠óËäÇÊï∞
  682          // ËøîÂõûÂèÇÊï∞     void
  683          // ‰ΩøÁî®Á§∫‰æã     soft_spi_transfer_16bit(&soft_spi_obj, buf, buf, 1);
  684          // Â§áÊ≥®‰ø°ÊÅØ     
  685          //-------------------------------------------------------------------------------------------------------
             -------------
  686          void soft_spi_transfer_16bit (soft_spi_info_struct *soft_spi_obj, const uint16 *write_buffer, uint16 *rea
             -d_buffer, uint32 len)
  687          {
  688   1          zf_assert(soft_spi_obj != NULL);
  689   1          zf_assert(write_buffer != NULL);
  690   1              if(soft_spi_obj->config.use_cs)
  691   1          {
  692   2              gpio_low(soft_spi_obj->cs_pin);
  693   2          }
  694   1              
  695   1          while(len --)
  696   1          {
  697   2              if(read_buffer != NULL)
  698   2              {
  699   3                  *read_buffer = soft_spi_16bit_data_handler(soft_spi_obj, *write_buffer);
  700   3                  write_buffer ++;
  701   3                  read_buffer ++;
  702   3              }
  703   2              else
  704   2              {
  705   3                  soft_spi_16bit_data_handler(soft_spi_obj, *write_buffer);
  706   3                  write_buffer ++;
  707   3              }
  708   2          }
  709   1              
  710   1              if(soft_spi_obj->config.use_cs)
  711   1          {
  712   2              gpio_high(soft_spi_obj->cs_pin);
  713   2          }
  714   1      }
  715          
  716          //-------------------------------------------------------------------------------------------------------
             -------------
  717          // ÂáΩÊï∞ÁÆÄ‰ªã     ËΩØ‰ª∂ SPI Êé•Âè£ÂàùÂßãÂåñ
  718          // ÂèÇÊï∞ËØ¥Êòé     *soft_spi_obj   ËΩØ‰ª∂ SPI ÊåáÂÆö‰ø°ÊÅØÂ≠òÊîæÁªìÊûÑ‰ΩìÁöÑÊåáÈíà
  719          // ÂèÇÊï∞ËØ¥Êòé     mode            SPI Ê®°Âºè ÂèÇÁÖß zf_driver_spi.h ÂÜÖ spi_mode_enum Êûö‰∏æ‰ΩìÂÆö‰πâ
  720          // ÂèÇÊï∞ËØ¥Êòé     delay           ËΩØ‰ª∂ SPI Âª∂Êó∂ Â∞±ÊòØÊó∂ÈíüÈ´òÁîµÂπ≥Êó∂Èó¥ Ë∂äÁü≠ SPI ÈÄüÁéáË∂äÈ´ò
  721          // ÂèÇÊï∞ËØ¥Êòé     sck_pin         ÈÄâÊã© SCK ÂºïËÑö ÂèÇÁÖß zf_driver_gpio.h ÂÜÖ gpio_pin_enum Êûö‰∏æ‰Ωì
C251 COMPILER V5.60.0,  zf_driver_soft_spi                                                 24/05/26  16:50:22  PAGE 13  

             -ÂÆö‰πâ
  722          // ÂèÇÊï∞ËØ¥Êòé     mosi_pin        ÈÄâÊã© MOSI ÂºïËÑö ÂèÇÁÖß zf_driver_gpio.h ÂÜÖ gpio_pin_enum Êûö‰∏æ‰Ω
             -ìÂÆö‰πâ
  723          // ÂèÇÊï∞ËØ¥Êòé     miso_pin        ÈÄâÊã© MISO ÂºïËÑö Â¶ÇÊûú‰∏çÈúÄË¶ÅËøô‰∏™ÂºïËÑö Â∞±Â°´ SOFT_SPI_PIN_NU
             -LL
  724          // ÂèÇÊï∞ËØ¥Êòé     cs_pin          ÈÄâÊã© CS ÂºïËÑö Â¶ÇÊûú‰∏çÈúÄË¶ÅËøô‰∏™ÂºïËÑö Â∞±Â°´ SOFT_SPI_PIN_NULL
  725          // ËøîÂõûÂèÇÊï∞     void
  726          // ‰ΩøÁî®Á§∫‰æã     spi_init(SPI_1, 0, 1*1000*1000, A5, A7, A6, A4);
  727          // Â§áÊ≥®‰ø°ÊÅØ     
  728          //-------------------------------------------------------------------------------------------------------
             -------------
  729          void soft_spi_init (soft_spi_info_struct *soft_spi_obj, uint8 mode, uint32 delay, gpio_pin_enum sck_pin, 
             -gpio_pin_enum mosi_pin, uint32 miso_pin, uint32 cs_pin)
  730          {
  731   1          zf_assert(soft_spi_obj != NULL);
  732   1          zf_assert(sck_pin != mosi_pin);                                             // sck_pin  ‰∏é mosi_pin 
             -ÊÄé‰πàËÉΩÂ°´Âêå‰∏Ä‰∏™ÂºïËÑöÔºü
  733   1          zf_assert(sck_pin != miso_pin);                                             // sck_pin  ‰∏é miso_pin 
             -ÊÄé‰πàËÉΩÂ°´Âêå‰∏Ä‰∏™ÂºïËÑöÔºü
  734   1          zf_assert(sck_pin != cs_pin);                                               // sck_pin  ‰∏é cs_pin   
             -ÊÄé‰πàËÉΩÂ°´Âêå‰∏Ä‰∏™ÂºïËÑöÔºü
  735   1          zf_assert(mosi_pin != miso_pin);                                            // mosi_pin ‰∏é miso_pin 
             -ÊÄé‰πàËÉΩÂ°´Âêå‰∏Ä‰∏™ÂºïËÑöÔºü
  736   1          zf_assert(mosi_pin != cs_pin);                                              // mosi_pin ‰∏é cs_pin   
             -ÊÄé‰πàËÉΩÂ°´Âêå‰∏Ä‰∏™ÂºïËÑöÔºü
  737   1          zf_assert((miso_pin != cs_pin) || (cs_pin == SOFT_SPI_PIN_NULL));           // miso_pin ‰∏é cs_pin   
             -ÊÄé‰πàËÉΩÂ°´Âêå‰∏Ä‰∏™ÂºïËÑöÔºü
  738   1      
  739   1          zf_assert(4 > mode);                                                        // ÂèÇÁÖß zf_driver_spi.h
             - ÂÜÖ spi_mode_enum Êûö‰∏æ‰ΩìÂÆö‰πâ
  740   1      
  741   1          soft_spi_obj->config.mode = mode;
  742   1          soft_spi_obj->delay = delay;
  743   1      
  744   1          soft_spi_obj->sck_pin = sck_pin;
  745   1          soft_spi_obj->mosi_pin = mosi_pin;
  746   1          if(0 == mode || 1 == mode)
  747   1          {
  748   2              gpio_init(sck_pin, GPO, GPIO_LOW, GPO_PUSH_PULL);                       // IO ÂàùÂßãÂåñ
  749   2          }
  750   1          else
  751   1          {
  752   2              gpio_init(sck_pin, GPO, GPIO_HIGH, GPO_PUSH_PULL);                      // IO ÂàùÂßãÂåñ
  753   2          }
  754   1          gpio_init(mosi_pin, GPO, GPIO_HIGH, GPO_PUSH_PULL);                         // IO ÂàùÂßãÂåñ
  755   1      
  756   1          if(SOFT_SPI_PIN_NULL == miso_pin)
  757   1          {
  758   2              soft_spi_obj->config.use_miso = 0;
  759   2          }
  760   1          else
  761   1          {
  762   2              soft_spi_obj->config.use_miso = 1;
  763   2              soft_spi_obj->miso_pin = miso_pin;
  764   2              gpio_init(soft_spi_obj->miso_pin, GPI, GPIO_HIGH, GPI_PULL_UP);     // IO ÂàùÂßãÂåñ
  765   2          }
  766   1          if(SOFT_SPI_PIN_NULL == cs_pin)
  767   1          {
  768   2              soft_spi_obj->config.use_cs = 0;
  769   2          }
  770   1          else
  771   1          {
  772   2              soft_spi_obj->config.use_cs = 1;
  773   2              soft_spi_obj->cs_pin = cs_pin;
  774   2              gpio_init(soft_spi_obj->cs_pin, GPO, GPIO_HIGH, GPO_PUSH_PULL);         // IO ÂàùÂßãÂåñ
  775   2          }
C251 COMPILER V5.60.0,  zf_driver_soft_spi                                                 24/05/26  16:50:22  PAGE 14  

  776   1      }


Module Information          Static   Overlayable
------------------------------------------------
  code size            =      5998     ------
  ecode size           =    ------     ------
  data size            =    ------     ------
  idata size           =    ------     ------
  pdata size           =    ------     ------
  xdata size           =       231     ------
  xdata-const size     =    ------     ------
  edata size           =    ------     ------
  bit size             =    ------     ------
  ebit size            =    ------     ------
  bitaddressable size  =    ------     ------
  ebitaddressable size =    ------     ------
  far data size        =    ------     ------
  huge data size       =    ------     ------
  const size           =    ------     ------
  hconst size          =        47     ------
End of Module Information.


C251 COMPILATION COMPLETE.  0 WARNING(S),  0 ERROR(S)
