C251 COMPILER V5.60.0,  zf_driver_pwm                                                      17/05/26  17:31:00  PAGE 1   


C251 COMPILER V5.60.0, COMPILATION OF MODULE zf_driver_pwm
OBJECT MODULE PLACED IN .\out_file\zf_driver_pwm.obj
COMPILER INVOKED BY: D:\Keil_v5\C251\BIN\C251.EXE ..\..\libraries\zf_driver\zf_driver_pwm.c LARGE NOALIAS WARNINGLEVEL(0
                    -) OPTIMIZE(0,SIZE) BROWSE INCDIR(..\..\libraries\zf_common;..\..\libraries\zf_components;..\..\libraries\zf_device;..\..
                    -\libraries\zf_driver;..\user;..\code) DEBUG PRINT(.\out_file\zf_driver_pwm.lst) OBJECT(.\out_file\zf_driver_pwm.obj) 

stmt  level    source

    1          #include "zf_common_clock.h"
    2          #include "zf_common_debug.h"
    3          
    4          #include "zf_driver_pwm.h"
    5          #include "zf_driver_gpio.h"
    6          #include "zf_driver_uart.h"
    7          
    8          
    9          
   10          
   11          // ВЖЛёБШНЯФЃЪНМФДцЦї
   12          const uint32 PWM_CCMR_ADDR[] = {0x7efec8, 0x7efec9, 0x7efeca, 0x7efecb,
   13                                          0x7efee8, 0x7efee9, 0x7efeea, 0x7efeeb
   14                                         };
   15          
   16          // ВЖЛёБШНЯЪЙФмМФДцЦї
   17          const uint32 PWM_CCER_ADDR[] = {0x7efecc, 0x7efecd,             // PWMA_CCERX
   18                                          0x7efeec, 0x7efeed
   19                                         };       // PWMB_CCERX
   20          
   21          // ПижЦМФДцЦї,Ип8ЮЛЕижЗ  ЕЭ8ЮЛЕижЗ + 1МДПЩ
   22          const uint32 PWM_CCR_ADDR[] = {0x7efed5, 0x7efed7, 0x7efed9, 0x7efedb,
   23                                         0x7efef5, 0x7efef7, 0x7efef9, 0x7efefb
   24                                        };
   25          
   26          // ПижЦМФДцЦї,Ип8ЮЛЕижЗ  ЕЭ8ЮЛЕижЗ + 1МДПЩ
   27          const uint32 PWM_ARR_ADDR[] = {0x7efed2, 0x7efef2};
   28          
   29          // дЄЗжЦЕМФДцЦї,Ип8ЮЛЕижЗ  ЕЭ8ЮЛЕижЗ + 1МДПЩ
   30          const uint32 PWM_PSCR_ADDR[] = {0x7efed0, 0x7efef0};
   31          
   32          
   33          #define PWMX_CCERX(pin)         (*(unsigned char volatile far *)(PWM_CCER_ADDR[((pin >> 12 & 0x02) >> 1) + ((pin
             - >> 15 & 0x1) * 2)]))
   34          
   35          #define PWMX_CCRXH(pin)         (*(unsigned char volatile far *)(PWM_CCR_ADDR[((pin >> 15 & 0x1) * 4) + (pin >> 
             -12 & 0x7)]))
   36          #define PWMX_CCRXL(pin)         (*(unsigned char volatile far *)(PWM_CCR_ADDR[((pin >> 15 & 0x1) * 4) + (pin >> 
             -12 & 0x7)] + 1))
   37          
   38          #define PWMX_ARRH(pin)          (*(unsigned char volatile far *)(PWM_ARR_ADDR[(pin >> 15 & 0x1) * 1]))
   39          #define PWMX_ARRL(pin)          (*(unsigned char volatile far *)(PWM_ARR_ADDR[(pin >> 15 & 0x1) * 1] + 1))
   40          
   41          #define PWMX_PSCRH(pin)         (*(unsigned char volatile far *)(PWM_PSCR_ADDR[(pin >> 15 & 0x1) * 1]))
   42          #define PWMX_PSCRL(pin)         (*(unsigned char volatile far *)(PWM_PSCR_ADDR[(pin >> 15 & 0x1) * 1] + 1))
   43          
   44          #define PWMX_CCMRX(pin)         (*(unsigned char volatile far *)(PWM_CCMR_ADDR[((pin >> 15 & 0x1) * 4) + (pin >>
             - 12 & 0x7)]))
   45          
   46          
   47          //-------------------------------------------------------------------------------------------------------
             -------------
   48          // КЏЪ§МђНщ     PWMЦЕТЪКЭеМПеБШЩшжУ
   49          // ВЮЪ§ЫЕУї     pin             PWMЭЈЕРКХМАв§НХ
   50          // ВЮЪ§ЫЕУї     freq            PWMЦЕТЪ
   51          // ВЮЪ§ЫЕУї     duty                    PWMеМПеБШ
   52          // ЗЕЛиВЮЪ§     void
C251 COMPILER V5.60.0,  zf_driver_pwm                                                      17/05/26  17:31:00  PAGE 2   

   53          // ЪЙгУЪОР§     pwm_set_freq(PWMB_CH1_P01, 50, 1000);   //PWMB ЪЙгУв§НХP01 ЦЕТЪ50HZ еМПеБШЮЊАйЗжжЎ 1000/P
             -WM_DUTY_MAX*100
   54          //                                                                              PWM_DUTY_MAXдкzf_driver_pwm.hЮФМўжа ФЌШЯЮЊ10000
   55          //-------------------------------------------------------------------------------------------------------
             -------------
   56          void pwm_set_freq(pwm_channel_enum pin, uint32 freq, uint32 duty)
   57          {
   58   1          uint32 match_temp = 0;
   59   1          uint32 period_temp = 0;
   60   1          uint16 freq_div = 0;
   61   1              
   62   1              // ШчЙћЪЧетвЛааБЈДэ ФЧФуЕУШЅПДПДзюДѓеМПеБШЪЧЯоЖЈЕФЖрЩй еМПеБШаДШыДэЮѓ
   63   1          zf_assert(PWM_DUTY_MAX >= duty);
   64   1              
   65   1          //ЗжЦЕМЦЫуЃЌжмЦкМЦЫуЃЌеМПеБШМЦЫу
   66   1          freq_div = (system_clock / freq) >> 16;                                                             // ЖрЩйЗжЦЕ
   67   1          period_temp = system_clock / freq;
   68   1          period_temp = period_temp / (freq_div + 1) - 1;                                     // жмЦк
   69   1      
   70   1          if(duty != PWM_DUTY_MAX)
   71   1          {
   72   2              match_temp = period_temp * ((float)duty / PWM_DUTY_MAX);        // еМПеБШ
   73   2          }
   74   1          else
   75   1          {
   76   2              match_temp = period_temp + 1;                                                           // dutyЮЊ100%
   77   2              }
   78   1      
   79   1              PWMX_PSCRH(pin) = (uint8)(freq_div >> 8);           // ЩшжУдЄЗжЦЕжЕ
   80   1              PWMX_PSCRL(pin) = (uint8)freq_div;
   81   1              
   82   1              PWMX_ARRH(pin) = (uint8)(period_temp >> 8);             // жмЦкжЕ Ип8ЮЛ
   83   1              PWMX_ARRL(pin) = (uint8)period_temp;                    // жмЦкжЕ ЕЭ8ЮЛ
   84   1      
   85   1          PWMX_CCRXH(pin) = match_temp >> 8;                          // БШНЯжЕ Ип8ЮЛ
   86   1          PWMX_CCRXL(pin) = (uint8)match_temp;                        // БШНЯжЕ ЕЭ8ЮЛ
   87   1      }
   88          
   89          //-------------------------------------------------------------------------------------------------------
             -------------
   90          // КЏЪ§МђНщ     PWMеМПеБШЩшЖЈ
   91          // ВЮЪ§ЫЕУї     pwmch           PWMЭЈЕРКХМАв§НХ
   92          // ВЮЪ§ЫЕУї     duty            PWMеМПеБШ
   93          // ЗЕЛиВЮЪ§     void
   94          // ЪЙгУЪОР§     pwm_set_duty(PWMB_CH1_P01, 5000);   //PWMB ЪЙгУв§НХP01 еМПеБШЮЊАйЗжжЎ 5000/PWM_DUTY_MAX*1
             -00
   95          //                                                                      PWM_DUTY_MAXдкzf_driver_pwm.hЮФМўжа ФЌШЯЮЊ10000
   96          //-------------------------------------------------------------------------------------------------------
             -------------
   97          void pwm_set_duty(pwm_channel_enum pin, uint32 duty)
   98          {
   99   1          uint32 match_temp;
  100   1          uint32 arr = (PWMX_ARRH(pin) << 8) | PWMX_ARRL(pin);
  101   1              
  102   1              // ШчЙћЪЧетвЛааБЈДэ ФЧФуЕУШЅПДПДзюДѓеМПеБШЪЧЯоЖЈЕФЖрЩй еМПеБШаДШыДэЮѓ
  103   1          zf_assert(PWM_DUTY_MAX >= duty);
  104   1              
  105   1          if(duty != PWM_DUTY_MAX)
  106   1          {
  107   2              match_temp = arr * ((float)duty / PWM_DUTY_MAX);                                //еМПеБШ
  108   2          }
  109   1          else
  110   1          {
  111   2              match_temp = arr + 1;
  112   2          }
  113   1      
C251 COMPILER V5.60.0,  zf_driver_pwm                                                      17/05/26  17:31:00  PAGE 3   

  114   1          //ЩшжУВЖЛёжЕ|БШНЯжЕ
  115   1          PWMX_CCRXH(pin) = match_temp >> 8;                          // БШНЯжЕ Ип8ЮЛ
  116   1          PWMX_CCRXL(pin) = (uint8)match_temp;                        // БШНЯжЕ ЕЭ8ЮЛ
  117   1              
  118   1      }
  119          
  120          //-------------------------------------------------------------------------------------------------------
             -------------
  121          // КЏЪ§МђНщ     PWMГѕЪМЛЏ
  122          // ВЮЪ§ЫЕУї     pin                             PWMЭЈЕРКХМАв§НХ
  123          // ВЮЪ§ЫЕУї     freq            PWMЦЕТЪ
  124          // ВЮЪ§ЫЕУї     duty            PWMеМПеБШ
  125          // ЗЕЛиВЮЪ§     void
  126          // ЪЙгУЪОР§     pwm_init(PWMB_CH1_P01, 50, 5000);   //ГѕЪМЛЏPWMB ЪЙгУв§НХP01  ЪфГіPWMЦЕТЪ50HZ   еМПеБШЮЊА
             -йЗжжЎ 5000/PWM_DUTY_MAX*100
  127          //                                                                      PWM_DUTY_MAXдкzf_driver_pwm.hЮФМўжа ФЌШЯЮЊ10000
  128          //-------------------------------------------------------------------------------------------------------
             -------------
  129          void pwm_init(pwm_channel_enum pin, uint32 freq, uint32 duty)
  130          {
  131   1      
  132   1          uint16 match_temp = 0;                                              // еМПеБШжЕ
  133   1          uint32 period_temp = 0;                                             // жмЦкжЕ
  134   1          uint16 freq_div = 0;                                                // ЗжЦЕжЕ
  135   1          
  136   1              // ШчЙћЪЧетвЛааБЈДэ ФЧФуЕУШЅПДПДзюДѓеМПеБШЪЧЯоЖЈЕФЖрЩй еМПеБШаДШыДэЮѓ
  137   1          zf_assert(PWM_DUTY_MAX >= duty);
  138   1              
  139   1          gpio_init(pin  & 0xFF, GPO, 1, GPO_PUSH_PULL);                                                      // GPIOашвЊЩшжУЮЊЭЦЭьЪфГі
  140   1          
  141   1          
  142   1          //ЗжЦЕМЦЫуЃЌжмЦкМЦЫуЃЌеМПеБШМЦЫу
  143   1          freq_div = (system_clock / freq) >> 16;                                                             // ЗжЦЕжЕ
  144   1          period_temp = system_clock / freq;
  145   1          period_temp = period_temp / (freq_div + 1) - 1;                                             // жмЦкжЕ
  146   1              
  147   1          if(duty != PWM_DUTY_MAX)
  148   1          {           
  149   2              match_temp = period_temp * ((float)duty / PWM_DUTY_MAX);                // еМПеБШ
  150   2          }
  151   1          else
  152   1          {
  153   2              match_temp = period_temp + 1;                                                                   // dutyЮЊ100%
  154   2          }
  155   1      
  156   1              PWMX_PSCRH(pin) = (uint8)(freq_div >> 8);           // ЩшжУдЄЗжЦЕжЕ
  157   1              PWMX_PSCRL(pin) = (uint8)freq_div;
  158   1              
  159   1              PWMX_ARRH(pin) = (uint8)(period_temp >> 8);             // жмЦкжЕ Ип8ЮЛ
  160   1              PWMX_ARRL(pin) = (uint8)period_temp;                    // жмЦкжЕ ЕЭ8ЮЛ
  161   1      
  162   1          PWMX_CCRXH(pin) = (uint8)(match_temp >> 8);         // БШНЯжЕ Ип8ЮЛ
  163   1          PWMX_CCRXL(pin) = (uint8)match_temp;                        // БШНЯжЕ ЕЭ8ЮЛ
  164   1              
  165   1          if(((pin >> 15) & 0x01) == 0)                                       // PWMA
  166   1          {
  167   2              PWMA_ENO |= 1 << ((((pin >> 12) & 0x07) * 2) + ((pin >> 11) & 0x01));           // ЪЙФмЭЈЕР
  168   2              PWMA_PS  |= ((pin >> 9) & 0x03) << (((pin >> 12) & 0x07) * 2);                          // бЁдёв§НХ
  169   2              PWMX_CCERX(pin) |= 1 << ((pin >> 12 & 0x01) * 4 + (pin >> 11 & 0x01) * 2);      // ЩшжУЪфГіМЋад
  170   2      
  171   2              PWMA_BKR = 0x80;                                                        // жїЪфГіЪЙФм ЯрЕБгкзмПЊЙи
  172   2              PWMA_CR1 = 0x01;                                                        // PWMПЊЪММЦЪ§
  173   2          }
  174   1          else if(((pin >> 15) & 0x01) == 1)                          // PWMB
  175   1          {
  176   2              PWMB_ENO |= 1 << ((((pin >> 12) & 0x07) * 2) + ((pin >> 11) & 0x01));           // ЪЙФмЭЈЕР
C251 COMPILER V5.60.0,  zf_driver_pwm                                                      17/05/26  17:31:00  PAGE 4   

  177   2              PWMB_PS  |= ((pin >> 9) & 0x03) << (((pin >> 12) & 0x07) * 2);                          // бЁдёв§НХ
  178   2              PWMX_CCERX(pin) |= 1 << ((pin >> 12 & 0x01) * 4);                                                       // ЩшжУЪфГіМЋад
  179   2      
  180   2              PWMB_BKR = 0x80;                                                        // жїЪфГіЪЙФм ЯрЕБгкзмПЊЙи
  181   2              PWMB_CR1 = 0x01;                                                        // PWMПЊЪММЦЪ§
  182   2          }
  183   1      
  184   1              PWMX_CCMRX(pin) |= 0x06 << 4;                                   // ЩшжУЮЊPWMФЃЪН1
  185   1              PWMX_CCMRX(pin) |= 1 << 3;                                              // ПЊЦєPWMМФДцЦїЕФдЄзАдиЙІ
  186   1      }


Module Information          Static   Overlayable
------------------------------------------------
  code size            =      2796     ------
  ecode size           =    ------     ------
  data size            =    ------     ------
  idata size           =    ------     ------
  pdata size           =    ------     ------
  xdata size           =        52     ------
  xdata-const size     =    ------     ------
  edata size           =    ------     ------
  bit size             =    ------     ------
  ebit size            =    ------     ------
  bitaddressable size  =    ------     ------
  ebitaddressable size =    ------     ------
  far data size        =    ------     ------
  huge data size       =    ------     ------
  const size           =    ------     ------
  hconst size          =       138     ------
End of Module Information.


C251 COMPILATION COMPLETE.  0 WARNING(S),  0 ERROR(S)
